spk_ver/v00/v0000	SES146	0.860983	15.2387	14.3777
spk_ver/v00/v0001	SES002	-7.04699	6.95893	14.0059
spk_ver/v00/v0002	SES002	-3.9402	10.092	14.0322
spk_ver/v00/v0003	SES002	-8.60556	5.31595	13.9215
spk_ver/v00/v0004	SES002	-3.44575	10.5653	14.0111
spk_ver/v00/v0005	SES002	-3.68729	9.45607	13.1434
spk_ver/v00/v0006	SES002	-5.63285	10.2585	15.8913
spk_ver/v00/v0007	SES002	-4.0233	8.74423	12.7675
spk_ver/v00/v0008	SES146	0.486898	14.0184	13.5315
spk_ver/v00/v0009	SES002	-2.06309	13.9924	16.0555
spk_ver/v00/v0010	SES002	-5.702	7.07856	12.7806
spk_ver/v00/v0011	SES002	-2.38036	10.0939	12.4742
spk_ver/v00/v0012	SES002	-4.37139	12.3789	16.7503
spk_ver/v00/v0013	SES002	-4.13876	11.8562	15.9949
spk_ver/v00/v0014	SES002	-1.51223	13.6236	15.1358
spk_ver/v00/v0015	SES002	-3.15614	12.0463	15.2025
spk_ver/v00/v0016	SES275	0.770022	14.3369	13.5669
spk_ver/v00/v0017	SES002	-2.19006	13.1701	15.3602
spk_ver/v00/v0018	SES002	-7.137	6.64116	13.7782
spk_ver/v00/v0019	SES002	-2.64724	11.8871	14.5343
spk_ver/v00/v0020	SES002	-7.01136	6.68888	13.7002
spk_ver/v00/v0021	SES002	-4.93266	9.03581	13.9685
spk_ver/v00/v0022	SES002	-3.08046	11.916	14.9964
spk_ver/v00/v0023	SES002	-6.3684	10.3947	16.7631
spk_ver/v00/v0024	SES002	-7.31145	6.64574	13.9572
spk_ver/v00/v0025	SES002	-4.58751	10.0948	14.6823
spk_ver/v00/v0026	SES002	-5.3819	9.69051	15.0724
spk_ver/v00/v0027	SES129	1.78757	16.0591	14.2715
spk_ver/v00/v0028	SES007	-2.45262	12.8333	15.2859
spk_ver/v00/v0029	SES083	0.0246487	16.2531	16.2284
spk_ver/v00/v0030	SES019	2.49764	16.4765	13.9788
spk_ver/v00/v0031	SES007	-1.76704	12.7215	14.4886
spk_ver/v00/v0032	SES270	1.17822	15.4129	14.2347
spk_ver/v00/v0033	SES007	-2.8605	11.6265	14.487
spk_ver/v00/v0034	SES007	-2.28283	11.5389	13.8217
spk_ver/v00/v0035	SES007	-1.41957	14.4071	15.8267
spk_ver/v00/v0036	SES007	-2.3122	9.94393	12.2561
spk_ver/v00/v0037	SES007	-3.57858	11.7283	15.3069
spk_ver/v00/v0038	SES259	3.18022	18.6653	15.4851
spk_ver/v00/v0039	SES007	-3.35252	8.66879	12.0213
spk_ver/v00/v0040	SES007	-4.37502	12.5281	16.9031
spk_ver/v00/v0041	SES007	-2.07739	12.3056	14.383
spk_ver/v00/v0042	SES007	-1.54951	10.1793	11.7288
spk_ver/v00/v0043	SES007	-1.82515	12.4273	14.2524
spk_ver/v00/v0044	SES007	-3.12947	14.1564	17.2859
spk_ver/v00/v0045	SES007	-2.00455	14.0163	16.0209
spk_ver/v00/v0046	SES007	-1.86166	13.1541	15.0157
spk_ver/v00/v0047	SES172	0.275048	15.5178	15.2427
spk_ver/v00/v0048	SES105	1.32569	15.2804	13.9547
spk_ver/v00/v0049	SES007	-1.65332	14.582	16.2353
spk_ver/v00/v0050	SES292	-0.453045	14.7891	15.2421
spk_ver/v00/v0051	SES007	-1.81913	12.9869	14.8061
spk_ver/v00/v0052	SES068	0.769545	17.0239	16.2543
spk_ver/v00/v0053	SES008	-1.79369	14.621	16.4147
spk_ver/v00/v0054	SES008	-2.46016	11.4897	13.9498
spk_ver/v00/v0055	SES008	-2.2307	12.9521	15.1828
spk_ver/v00/v0056	SES008	-5.78038	8.73934	14.5197
spk_ver/v00/v0057	SES008	-4.24721	10.9851	15.2323
spk_ver/v00/v0058	SES083	0.642367	16.2093	15.5669
spk_ver/v00/v0059	SES158	2.02797	16.3756	14.3476
spk_ver/v00/v0060	SES008	-2.99687	11.3544	14.3513
spk_ver/v00/v0061	SES101	0.288954	15.8389	15.55
spk_ver/v00/v0062	SES008	-3.2119	11.2183	14.4302
spk_ver/v00/v0063	SES008	-2.99368	12.0742	15.0679
spk_ver/v00/v0064	SES117	1.38219	15.3308	13.9486
spk_ver/v00/v0065	SES149	1.55317	17.7782	16.225
spk_ver/v00/v0066	SES008	0.170923	15.5879	15.417
spk_ver/v00/v0067	SES008	-2.37646	11.0371	13.4135
spk_ver/v00/v0068	SES162	1.75848	15.2531	13.4946
spk_ver/v00/v0069	SES008	-6.90849	8.01851	14.927
spk_ver/v00/v0070	SES008	-0.700985	14.8489	15.5499
spk_ver/v00/v0071	SES008	-3.35841	12.2862	15.6446
spk_ver/v00/v0072	SES008	-1.58128	15.5405	17.1217
spk_ver/v00/v0073	SES008	-2.76919	13.2403	16.0095
spk_ver/v00/v0074	SES008	-3.92642	10.1386	14.065
spk_ver/v00/v0075	SES008	-7.03643	6.51733	13.5538
spk_ver/v00/v0076	SES167	1.72581	16.8298	15.104
spk_ver/v00/v0077	SES008	-2.33681	13.8775	16.2143
spk_ver/v00/v0078	SES177	1.07454	16.7029	15.6284
spk_ver/v00/v0079	SES008	-1.69013	12.7268	14.417
spk_ver/v00/v0080	SES008	-3.22553	11.4636	14.6892
spk_ver/v00/v0081	SES008	-5.83755	6.98409	12.8216
spk_ver/v00/v0082	SES008	-3.23301	12.0389	15.2719
spk_ver/v00/v0083	SES008	-6.05342	6.61997	12.6734
spk_ver/v00/v0084	SES144	1.30369	16.5233	15.2196
spk_ver/v00/v0085	SES008	-2.50979	12.4792	14.989
spk_ver/v00/v0086	SES008	-2.84244	14.0285	16.871
spk_ver/v00/v0087	SES008	-5.4408	9.22315	14.664
spk_ver/v00/v0088	SES008	-1.59381	15.277	16.8708
spk_ver/v00/v0089	SES008	-2.16237	11.1734	13.3358
spk_ver/v00/v0090	SES142	2.69722	15.6058	12.9086
spk_ver/v00/v0091	SES008	-4.68537	10.5058	15.1911
spk_ver/v00/v0092	SES158	0.675605	14.3143	13.6387
spk_ver/v00/v0093	SES014	-2.88549	13.2222	16.1077
spk_ver/v00/v0094	SES014	-4.95242	7.36589	12.3183
spk_ver/v00/v0095	SES014	-0.872755	15.7379	16.6107
spk_ver/v00/v0096	SES014	-10.3134	3.27757	13.5909
spk_ver/v00/v0097	SES014	-1.82214	11.492	13.3142
spk_ver/v00/v0098	SES014	-2.24348	13.8752	16.1187
spk_ver/v00/v0099	SES014	-3.54616	10.1815	13.7276
spk_ver/v01/v0100	SES127	0.348409	15.8232	15.4748
spk_ver/v01/v0101	SES014	-6.808	6.42031	13.2283
spk_ver/v01/v0102	SES014	-5.46106	8.35661	13.8177
spk_ver/v01/v0103	SES014	-6.44163	7.22333	13.665
spk_ver/v01/v0104	SES014	-7.37884	7.07939	14.4582
spk_ver/v01/v0105	SES014	-4.63122	7.71757	12.3488
spk_ver/v01/v0106	SES014	-3.64232	10.2918	13.9341
spk_ver/v01/v0107	SES014	-6.74746	9.43645	16.1839
spk_ver/v01/v0108	SES014	-7.7923	6.1551	13.9474
spk_ver/v01/v0109	SES014	-3.78386	9.09788	12.8817
spk_ver/v01/v0110	SES014	-4.12411	9.1703	13.2944
spk_ver/v01/v0111	SES014	-2.10699	14.1028	16.2098
spk_ver/v01/v0112	SES014	-4.73558	10.9375	15.673
spk_ver/v01/v0113	SES104	-0.204478	14.9967	15.2011
spk_ver/v01/v0114	SES082	0.892929	16.9437	16.0508
spk_ver/v01/v0115	SES087	1.35323	15.9671	14.6139
spk_ver/v01/v0116	SES014	-2.06594	12.3874	14.4534
spk_ver/v01/v0117	SES177	0.374055	15.2781	14.904
spk_ver/v01/v0118	SES014	-3.8174	9.09635	12.9137
spk_ver/v01/v0119	SES014	-1.57974	13.6735	15.2532
spk_ver/v01/v0120	SES014	-7.11708	7.45624	14.5733
spk_ver/v01/v0121	SES146	0.0842848	15.0231	14.9388
spk_ver/v01/v0122	SES014	2.39773	19.0842	16.6865
spk_ver/v01/v0123	SES014	-3.21001	12.474	15.684
spk_ver/v01/v0124	SES014	-10.4647	4.33174	14.7964
spk_ver/v01/v0125	SES014	-5.37314	9.21166	14.5848
spk_ver/v01/v0126	SES016	-2.72529	11.9668	14.6921
spk_ver/v01/v0127	SES016	-2.71817	10.2406	12.9588
spk_ver/v01/v0128	SES106	2.53203	16.992	14.4599
spk_ver/v01/v0129	SES016	-3.44715	12.0815	15.5286
spk_ver/v01/v0130	SES016	-2.92821	11.8111	14.7393
spk_ver/v01/v0131	SES016	-4.5031	9.5213	14.0244
spk_ver/v01/v0132	SES016	-3.17745	11.9295	15.107
spk_ver/v01/v0133	SES016	-2.77613	13.088	15.8641
spk_ver/v01/v0134	SES016	-2.30989	13.2841	15.594
spk_ver/v01/v0135	SES016	-4.73357	10.3046	15.0382
spk_ver/v01/v0136	SES016	-4.63297	9.83088	14.4638
spk_ver/v01/v0137	SES007	0.990164	14.6832	13.6931
spk_ver/v01/v0138	SES016	-0.827018	14.5652	15.3922
spk_ver/v01/v0139	SES016	-1.90093	13.6849	15.5858
spk_ver/v01/v0140	SES016	2.0464	17.559	15.5126
spk_ver/v01/v0141	SES016	-7.35505	4.14597	11.501
spk_ver/v01/v0142	SES016	-5.87858	9.14806	15.0266
spk_ver/v01/v0143	SES016	-4.96503	7.71987	12.6849
spk_ver/v01/v0144	SES016	-4.80889	11.0943	15.9032
spk_ver/v01/v0145	SES016	-7.12049	5.82551	12.946
spk_ver/v01/v0146	SES016	-1.60113	13.9057	15.5069
spk_ver/v01/v0147	SES016	-1.42348	13.972	15.3955
spk_ver/v01/v0148	SES127	0.724538	15.4637	14.7391
spk_ver/v01/v0149	SES016	-3.40907	11.0571	14.4662
spk_ver/v01/v0150	SES016	-2.43998	12.8044	15.2444
spk_ver/v01/v0151	SES147	0.788319	14.1527	13.3644
spk_ver/v01/v0152	SES016	-1.80536	12.7122	14.5176
spk_ver/v01/v0153	SES104	1.83172	18.3424	16.5107
spk_ver/v01/v0154	SES016	-4.80931	9.20382	14.0131
spk_ver/v01/v0155	SES016	-2.69859	10.8549	13.5534
spk_ver/v01/v0156	SES019	-0.729398	12.4077	13.1371
spk_ver/v01/v0157	SES019	-3.50572	13.2072	16.7129
spk_ver/v01/v0158	SES019	-0.691594	14.0155	14.7071
spk_ver/v01/v0159	SES007	0.375068	15.0088	14.6337
spk_ver/v01/v0160	SES019	-2.6882	13.1011	15.7893
spk_ver/v01/v0161	SES019	-3.95594	9.53167	13.4876
spk_ver/v01/v0162	SES019	-4.15029	12.4359	16.5862
spk_ver/v01/v0163	SES189	1.18615	15.5411	14.355
spk_ver/v01/v0164	SES019	-2.79696	12.5813	15.3782
spk_ver/v01/v0165	SES019	-0.773557	11.611	12.3846
spk_ver/v01/v0166	SES019	-5.1384	11.134	16.2724
spk_ver/v01/v0167	SES019	-4.90903	9.18285	14.0919
spk_ver/v01/v0168	SES019	-2.2629	8.61504	10.8779
spk_ver/v01/v0169	SES019	-4.88337	8.90872	13.7921
spk_ver/v01/v0170	SES270	1.0982	15.502	14.4038
spk_ver/v01/v0171	SES019	-2.5449	11.9912	14.5361
spk_ver/v01/v0172	SES019	-5.38241	8.78857	14.171
spk_ver/v01/v0173	SES206	1.28669	16.3222	15.0355
spk_ver/v01/v0174	SES019	-2.42768	10.9152	13.3429
spk_ver/v01/v0175	SES014	2.36198	18.8092	16.4472
spk_ver/v01/v0176	SES019	-4.94148	10.7358	15.6772
spk_ver/v01/v0177	SES120	1.21048	15.0792	13.8687
spk_ver/v01/v0178	SES019	-2.21667	10.7496	12.9662
spk_ver/v01/v0179	SES019	-6.01259	11.2463	17.2589
spk_ver/v01/v0180	SES175	0.876552	15.2888	14.4123
spk_ver/v01/v0181	SES019	-4.59295	9.19927	13.7922
spk_ver/v01/v0182	SES019	-4.59175	11.618	16.2098
spk_ver/v01/v0183	SES029	-2.77963	12.3036	15.0832
spk_ver/v01/v0184	SES029	-8.13853	6.89028	15.0288
spk_ver/v01/v0185	SES029	-2.58379	13.3005	15.8843
spk_ver/v01/v0186	SES068	1.37805	17.5595	16.1815
spk_ver/v01/v0187	SES029	-4.3098	10.5244	14.8342
spk_ver/v01/v0188	SES029	-3.09314	13.0156	16.1088
spk_ver/v01/v0189	SES149	2.64014	18.6065	15.9664
spk_ver/v01/v0190	SES029	-3.98247	12.1825	16.1649
spk_ver/v01/v0191	SES029	-3.82825	10.5786	14.4068
spk_ver/v01/v0192	SES183	1.2626	16.7822	15.5196
spk_ver/v01/v0193	SES029	-2.6468	12.1684	14.8152
spk_ver/v01/v0194	SES016	2.29167	17.5629	15.2713
spk_ver/v01/v0195	SES029	-3.53465	11.7037	15.2384
spk_ver/v01/v0196	SES029	-1.68981	12.6131	14.303
spk_ver/v01/v0197	SES029	-4.50516	11.6112	16.1164
spk_ver/v01/v0198	SES146	0.989161	14.7727	13.7835
spk_ver/v01/v0199	SES029	-4.96529	8.32967	13.295
spk_ver/v02/v0200	SES029	-2.62234	12.3687	14.9911
spk_ver/v02/v0201	SES068	1.13525	17.5478	16.4125
spk_ver/v02/v0202	SES148	2.3273	15.9966	13.6693
spk_ver/v02/v0203	SES029	-3.35693	11.4422	14.7991
spk_ver/v02/v0204	SES029	-1.49908	13.2869	14.7859
spk_ver/v02/v0205	SES060	1.03214	17.9382	16.906
spk_ver/v02/v0206	SES127	2.74419	18.9629	16.2188
spk_ver/v02/v0207	SES029	-3.8719	10.7527	14.6246
spk_ver/v02/v0208	SES048	2.11105	15.5694	13.4583
spk_ver/v02/v0209	SES029	-1.79227	13.3729	15.1652
spk_ver/v02/v0210	SES029	-3.24544	11.1305	14.3759
spk_ver/v02/v0211	SES029	-3.67197	11.9334	15.6053
spk_ver/v02/v0212	SES042	-6.7267	6.71074	13.4374
spk_ver/v02/v0213	SES085	1.7345	16.2042	14.4697
spk_ver/v02/v0214	SES206	1.94406	17.6554	15.7113
spk_ver/v02/v0215	SES144	0.380129	14.9624	14.5823
spk_ver/v02/v0216	SES042	-3.21449	11.7786	14.9931
spk_ver/v02/v0217	SES042	-3.41353	6.13144	9.54497
spk_ver/v02/v0218	SES042	-2.9631	12.9068	15.8699
spk_ver/v02/v0219	SES206	1.25601	18.0267	16.7707
spk_ver/v02/v0220	SES019	4.16179	17.8768	13.715
spk_ver/v02/v0221	SES007	0.506583	15.4786	14.9721
spk_ver/v02/v0222	SES042	-7.37406	6.63392	14.008
spk_ver/v02/v0223	SES147	1.30963	14.3383	13.0287
spk_ver/v02/v0224	SES105	1.40416	15.1975	13.7933
spk_ver/v02/v0225	SES042	-2.12681	12.7257	14.8525
spk_ver/v02/v0226	SES275	1.46204	15.5945	14.1325
spk_ver/v02/v0227	SES042	-4.77646	9.05786	13.8343
spk_ver/v02/v0228	SES042	-5.66544	10.0068	15.6723
spk_ver/v02/v0229	SES042	-4.98279	11.0638	16.0466
spk_ver/v02/v0230	SES085	0.675798	17.8855	17.2097
spk_ver/v02/v0231	SES014	2.58354	19.6127	17.0292
spk_ver/v02/v0232	SES042	-2.15963	13.5803	15.74
spk_ver/v02/v0233	SES048	-4.60616	10.8633	15.4695
spk_ver/v02/v0234	SES048	-4.02421	11.0999	15.1241
spk_ver/v02/v0235	SES029	0.555083	16.4067	15.8516
spk_ver/v02/v0236	SES048	-2.70796	13.4013	16.1092
spk_ver/v02/v0237	SES048	-5.09932	9.28668	14.386
spk_ver/v02/v0238	SES048	-2.61121	12.7677	15.3789
spk_ver/v02/v0239	SES060	1.7892	17.6604	15.8712
spk_ver/v02/v0240	SES048	-4.45361	9.69454	14.1481
spk_ver/v02/v0241	SES048	-3.2765	12.3088	15.5853
spk_ver/v02/v0242	SES189	2.24087	15.7872	13.5464
spk_ver/v02/v0243	SES162	1.11661	15.3941	14.2775
spk_ver/v02/v0244	SES048	-5.99926	10.217	16.2162
spk_ver/v02/v0245	SES048	-4.5615	9.86757	14.4291
spk_ver/v02/v0246	SES048	-4.18637	11.1788	15.3652
spk_ver/v02/v0247	SES048	-5.42994	7.33892	12.7689
spk_ver/v02/v0248	SES226	2.60873	17.3462	14.7375
spk_ver/v02/v0249	SES048	-2.09628	12.0837	14.18
spk_ver/v02/v0250	SES048	-3.09555	11.1128	14.2084
spk_ver/v02/v0251	SES048	-5.61843	7.7674	13.3858
spk_ver/v02/v0252	SES060	-4.36994	8.9992	13.3691
spk_ver/v02/v0253	SES060	-6.16588	8.36211	14.528
spk_ver/v02/v0254	SES259	2.89209	18.4141	15.522
spk_ver/v02/v0255	SES060	-5.2166	8.44018	13.6568
spk_ver/v02/v0256	SES202	1.05566	14.9603	13.9046
spk_ver/v02/v0257	SES148	1.03843	16.2306	15.1921
spk_ver/v02/v0258	SES060	-5.3487	6.09841	11.4471
spk_ver/v02/v0259	SES060	-2.26055	13.6733	15.9339
spk_ver/v02/v0260	SES060	-3.55605	11.9923	15.5483
spk_ver/v02/v0261	SES099	2.35503	17.1336	14.7786
spk_ver/v02/v0262	SES060	-3.19327	11.8494	15.0427
spk_ver/v02/v0263	SES060	-3.08561	13.6025	16.6882
spk_ver/v02/v0264	SES292	0.491945	15.4768	14.9848
spk_ver/v02/v0265	SES060	-1.5744	13.098	14.6724
spk_ver/v02/v0266	SES060	-6.37012	7.01861	13.3887
spk_ver/v02/v0267	SES060	-6.18924	7.22074	13.41
spk_ver/v02/v0268	SES060	-6.55395	5.05548	11.6094
spk_ver/v02/v0269	SES127	1.68349	17.2062	15.5227
spk_ver/v02/v0270	SES060	-4.22417	10.3681	14.5923
spk_ver/v02/v0271	SES060	-1.41562	14.8201	16.2357
spk_ver/v02/v0272	SES060	-5.0307	7.58409	12.6148
spk_ver/v02/v0273	SES087	1.64643	16.6329	14.9865
spk_ver/v02/v0274	SES146	0.730094	14.3571	13.627
spk_ver/v02/v0275	SES060	-4.49474	9.33845	13.8332
spk_ver/v02/v0276	SES002	1.8781	16.8438	14.9657
spk_ver/v02/v0277	SES060	-1.77608	14.126	15.902
spk_ver/v02/v0278	SES060	-4.84516	8.94674	13.7919
spk_ver/v02/v0279	SES060	-5.88101	9.51872	15.3997
spk_ver/v02/v0280	SES129	2.60543	17.0655	14.4601
spk_ver/v02/v0281	SES162	1.48065	15.8265	14.3459
spk_ver/v02/v0282	SES060	-3.98628	10.7078	14.694
spk_ver/v02/v0283	SES060	-3.85438	12.324	16.1784
spk_ver/v02/v0284	SES062	-4.18567	8.22855	12.4142
spk_ver/v02/v0285	SES062	-6.12993	8.4289	14.5588
spk_ver/v02/v0286	SES120	0.201002	13.569	13.368
spk_ver/v02/v0287	SES062	-4.27955	10.1297	14.4092
spk_ver/v02/v0288	SES062	-4.67148	9.70973	14.3812
spk_ver/v02/v0289	SES062	-3.50837	12.4171	15.9255
spk_ver/v02/v0290	SES062	-2.55478	12.9745	15.5293
spk_ver/v02/v0291	SES275	0.558297	14.901	14.3427
spk_ver/v02/v0292	SES062	-2.61254	12.1404	14.753
spk_ver/v02/v0293	SES062	-3.77367	11.3013	15.075
spk_ver/v02/v0294	SES062	-4.70069	10.4498	15.1505
spk_ver/v02/v0295	SES062	-2.67517	11.6244	14.2996
spk_ver/v02/v0296	SES062	-3.41825	11.4248	14.843
spk_ver/v02/v0297	SES062	-5.05802	9.41769	14.4757
spk_ver/v02/v0298	SES062	-3.31054	10.5396	13.8501
spk_ver/v02/v0299	SES062	-2.45863	12.755	15.2136
spk_ver/v03/v0300	SES062	-3.17315	11.4773	14.6505
spk_ver/v03/v0301	SES062	-1.90063	13.6459	15.5465
spk_ver/v03/v0302	SES172	0.618795	17.1405	16.5217
spk_ver/v03/v0303	SES062	-2.568	12.5896	15.1576
spk_ver/v03/v0304	SES062	-3.85968	10.0596	13.9193
spk_ver/v03/v0305	SES062	-3.12453	11.671	14.7956
spk_ver/v03/v0306	SES062	-4.21272	8.83927	13.052
spk_ver/v03/v0307	SES062	-3.77132	11.7913	15.5626
spk_ver/v03/v0308	SES062	-2.8334	11.3642	14.1976
spk_ver/v03/v0309	SES062	-3.40449	8.43259	11.8371
spk_ver/v03/v0310	SES125	1.52839	18.087	16.5586
spk_ver/v03/v0311	SES062	-2.20319	13.0837	15.2869
spk_ver/v03/v0312	SES062	-5.56922	8.17865	13.7479
spk_ver/v03/v0313	SES062	-2.96781	11.4843	14.4521
spk_ver/v03/v0314	SES068	-3.20957	11.7412	14.9507
spk_ver/v03/v0315	SES068	-2.70839	12.7353	15.4437
spk_ver/v03/v0316	SES068	-1.91887	12.0673	13.9862
spk_ver/v03/v0317	SES068	-1.61522	12.0272	13.6424
spk_ver/v03/v0318	SES068	-3.37494	13.0445	16.4194
spk_ver/v03/v0319	SES068	-6.4113	6.7424	13.1537
spk_ver/v03/v0320	SES068	-1.41153	13.7229	15.1344
spk_ver/v03/v0321	SES068	-1.59013	12.8067	14.3968
spk_ver/v03/v0322	SES068	-1.4176	12.5425	13.9601
spk_ver/v03/v0323	SES068	-1.90324	13.6537	15.5569
spk_ver/v03/v0324	SES144	0.670712	13.7822	13.1115
spk_ver/v03/v0325	SES068	-2.22987	13.7149	15.9447
spk_ver/v03/v0326	SES068	-0.989193	14.8984	15.8876
spk_ver/v03/v0327	SES068	-2.25655	13.204	15.4606
spk_ver/v03/v0328	SES068	-5.38414	8.43591	13.82
spk_ver/v03/v0329	SES068	-2.77889	12.5678	15.3467
spk_ver/v03/v0330	SES180	0.164491	14.949	14.7846
spk_ver/v03/v0331	SES068	-0.730437	14.3049	15.0354
spk_ver/v03/v0332	SES275	1.63691	16.1721	14.5352
spk_ver/v03/v0333	SES062	1.63437	18.9629	17.3285
spk_ver/v03/v0334	SES270	1.13098	14.788	13.657
spk_ver/v03/v0335	SES068	-6.76564	5.93561	12.7012
spk_ver/v03/v0336	SES068	-1.24902	15.8017	17.0507
spk_ver/v03/v0337	SES068	-2.20537	11.9474	14.1527
spk_ver/v03/v0338	SES068	-2.82902	10.8076	13.6367
spk_ver/v03/v0339	SES068	-1.37211	13.451	14.8231
spk_ver/v03/v0340	SES068	-2.00056	11.7919	13.7924
spk_ver/v03/v0341	SES016	1.24641	18.0415	16.7951
spk_ver/v03/v0342	SES068	-2.39305	11.6071	14.0002
spk_ver/v03/v0343	SES068	-2.28837	11.7769	14.0653
spk_ver/v03/v0344	SES125	1.32871	16.6255	15.2968
spk_ver/v03/v0345	SES187	0.654881	16.1219	15.467
spk_ver/v03/v0346	SES068	-3.07216	12.3518	15.424
spk_ver/v03/v0347	SES143	1.07776	15.0439	13.9661
spk_ver/v03/v0348	SES292	1.03211	15.9851	14.9529
spk_ver/v03/v0349	SES082	-5.12284	10.4487	15.5715
spk_ver/v03/v0350	SES101	0.537922	16.4497	15.9118
spk_ver/v03/v0351	SES082	-0.632688	13.4147	14.0474
spk_ver/v03/v0352	SES082	-2.00827	10.9966	13.0049
spk_ver/v03/v0353	SES082	-3.49511	11.3664	14.8615
spk_ver/v03/v0354	SES082	-7.46335	5.83557	13.2989
spk_ver/v03/v0355	SES083	0.858299	17.2579	16.3996
spk_ver/v03/v0356	SES082	-3.11545	10.6438	13.7593
spk_ver/v03/v0357	SES082	-5.03294	9.22096	14.2539
spk_ver/v03/v0358	SES082	-1.86363	12.6533	14.5169
spk_ver/v03/v0359	SES117	0.768242	13.5202	12.752
spk_ver/v03/v0360	SES082	-5.82888	10.1712	16.0001
spk_ver/v03/v0361	SES082	-1.86172	12.2104	14.0721
spk_ver/v03/v0362	SES007	0.919409	15.3405	14.4211
spk_ver/v03/v0363	SES082	-2.83262	12.0881	14.9207
spk_ver/v03/v0364	SES019	2.64359	16.969	14.3254
spk_ver/v03/v0365	SES082	-1.35216	12.7837	14.1358
spk_ver/v03/v0366	SES226	2.28108	17.1564	14.8753
spk_ver/v03/v0367	SES167	1.84301	17.7366	15.8935
spk_ver/v03/v0368	SES082	-3.68766	12.5902	16.2779
spk_ver/v03/v0369	SES042	3.33155	19.8774	16.5459
spk_ver/v03/v0370	SES042	2.65721	18.8112	16.154
spk_ver/v03/v0371	SES082	-5.71718	9.2368	14.954
spk_ver/v03/v0372	SES082	-1.23801	14.5166	15.7546
spk_ver/v03/v0373	SES082	-5.21562	10.2036	15.4192
spk_ver/v03/v0374	SES083	-2.30128	14.6257	16.927
spk_ver/v03/v0375	SES292	0.201974	15.6177	15.4157
spk_ver/v03/v0376	SES083	-3.57869	11.9771	15.5558
spk_ver/v03/v0377	SES083	-4.1207	9.93997	14.0607
spk_ver/v03/v0378	SES083	-0.847309	13.2654	14.1127
spk_ver/v03/v0379	SES083	-1.5612	13.0014	14.5626
spk_ver/v03/v0380	SES083	-2.853	11.8829	14.7359
spk_ver/v03/v0381	SES083	-3.6023	11.1228	14.7251
spk_ver/v03/v0382	SES148	0.0543671	15.9408	15.8864
spk_ver/v03/v0383	SES083	-1.71149	14.1332	15.8447
spk_ver/v03/v0384	SES226	2.01536	16.9421	14.9267
spk_ver/v03/v0385	SES226	2.40884	17.8755	15.4667
spk_ver/v03/v0386	SES087	1.84606	16.6815	14.8354
spk_ver/v03/v0387	SES029	1.48489	16.6766	15.1917
spk_ver/v03/v0388	SES147	1.4144	15.5462	14.1318
spk_ver/v03/v0389	SES083	-4.28647	9.01082	13.2973
spk_ver/v03/v0390	SES189	1.61163	15.9591	14.3474
spk_ver/v03/v0391	SES083	-1.50122	13.9141	15.4154
spk_ver/v03/v0392	SES083	-0.824327	15.3488	16.1732
spk_ver/v03/v0393	SES083	-3.59278	11.3186	14.9114
spk_ver/v03/v0394	SES083	-3.35325	10.5572	13.9105
spk_ver/v03/v0395	SES083	-1.73917	14.2663	16.0055
spk_ver/v03/v0396	SES014	3.36023	20.6708	17.3106
spk_ver/v03/v0397	SES085	-0.536106	17.0114	17.5475
spk_ver/v03/v0398	SES085	-2.03066	14.4139	16.4445
spk_ver/v03/v0399	SES085	-2.64706	12.4172	15.0642
spk_ver/v04/v0400	SES106	1.8249	17.273	15.4481
spk_ver/v04/v0401	SES085	-4.28737	10.5452	14.8326
spk_ver/v04/v0402	SES085	-7.77568	4.23882	12.0145
spk_ver/v04/v0403	SES085	-0.248693	15.4618	15.7105
spk_ver/v04/v0404	SES180	1.17163	16.2927	15.121
spk_ver/v04/v0405	SES129	1.86111	17.3063	15.4452
spk_ver/v04/v0406	SES085	-5.07202	9.86177	14.9338
spk_ver/v04/v0407	SES146	0.0593061	13.5928	13.5335
spk_ver/v04/v0408	SES085	-1.21561	14.7212	15.9368
spk_ver/v04/v0409	SES085	-3.45631	10.8077	14.264
spk_ver/v04/v0410	SES085	-3.30937	12.8432	16.1526
spk_ver/v04/v0411	SES292	0.76046	15.3683	14.6078
spk_ver/v04/v0412	SES085	-1.29512	15.1258	16.4209
spk_ver/v04/v0413	SES125	1.88209	17.8306	15.9485
spk_ver/v04/v0414	SES085	-2.33778	11.6743	14.0121
spk_ver/v04/v0415	SES085	-2.40359	13.6578	16.0614
spk_ver/v04/v0416	SES085	-0.931841	14.2775	15.2093
spk_ver/v04/v0417	SES062	1.43875	18.6794	17.2406
spk_ver/v04/v0418	SES060	1.78805	17.1495	15.3614
spk_ver/v04/v0419	SES085	-1.11103	14.3071	15.4181
spk_ver/v04/v0420	SES085	-5.4747	9.63426	15.109
spk_ver/v04/v0421	SES085	-5.46086	7.29305	12.7539
spk_ver/v04/v0422	SES085	-1.53596	12.0108	13.5468
spk_ver/v04/v0423	SES085	-4.79309	9.50829	14.3014
spk_ver/v04/v0424	SES085	-4.29546	8.14704	12.4425
spk_ver/v04/v0425	SES183	0.305957	14.6266	14.3207
spk_ver/v04/v0426	SES085	-4.21195	10.0058	14.2177
spk_ver/v04/v0427	SES087	-2.81959	10.891	13.7106
spk_ver/v04/v0428	SES162	0.871859	15.8592	14.9874
spk_ver/v04/v0429	SES087	-1.75735	13.5723	15.3297
spk_ver/v04/v0430	SES087	-4.65413	10.9206	15.5747
spk_ver/v04/v0431	SES087	-4.12244	9.77556	13.898
spk_ver/v04/v0432	SES087	-4.09737	9.80271	13.9001
spk_ver/v04/v0433	SES087	-3.87173	12.3643	16.236
spk_ver/v04/v0434	SES142	2.70959	16.6801	13.9705
spk_ver/v04/v0435	SES087	-4.35686	9.62707	13.9839
spk_ver/v04/v0436	SES099	1.75474	17.3563	15.6016
spk_ver/v04/v0437	SES087	-1.24179	14.7661	16.0079
spk_ver/v04/v0438	SES087	-4.65688	10.4177	15.0746
spk_ver/v04/v0439	SES087	-2.01046	13.9999	16.0103
spk_ver/v04/v0440	SES087	-3.15686	12.7621	15.9189
spk_ver/v04/v0441	SES087	-5.39995	9.28181	14.6818
spk_ver/v04/v0442	SES187	1.64437	16.109	14.4646
spk_ver/v04/v0443	SES172	1.33381	17.0413	15.7075
spk_ver/v04/v0444	SES087	-2.44291	11.7782	14.2211
spk_ver/v04/v0445	SES087	-2.63574	12.5713	15.207
spk_ver/v04/v0446	SES087	-0.65386	14.7526	15.4065
spk_ver/v04/v0447	SES087	-1.98809	13.8679	15.8559
spk_ver/v04/v0448	SES106	2.38625	15.4596	13.0733
spk_ver/v04/v0449	SES146	1.02433	15.0232	13.9989
spk_ver/v04/v0450	SES087	-4.94288	9.47836	14.4212
spk_ver/v04/v0451	SES087	-2.28102	12.7373	15.0183
spk_ver/v04/v0452	SES007	1.34098	15.4127	14.0717
spk_ver/v04/v0453	SES087	-2.87594	11.0783	13.9542
spk_ver/v04/v0454	SES087	-5.68185	9.00939	14.6912
spk_ver/v04/v0455	SES180	0.778256	15.4519	14.6736
spk_ver/v04/v0456	SES099	-4.81847	9.92698	14.7455
spk_ver/v04/v0457	SES042	1.98098	17.853	15.872
spk_ver/v04/v0458	SES099	-1.20597	13.3507	14.5566
spk_ver/v04/v0459	SES099	-5.14015	10.1845	15.3246
spk_ver/v04/v0460	SES099	-4.76321	8.91163	13.6748
spk_ver/v04/v0461	SES099	-2.95884	13.1309	16.0897
spk_ver/v04/v0462	SES082	2.59374	18.2002	15.6065
spk_ver/v04/v0463	SES099	-0.810491	14.3678	15.1783
spk_ver/v04/v0464	SES099	0.151183	15.4826	15.3314
spk_ver/v04/v0465	SES099	-5.77338	9.2569	15.0303
spk_ver/v04/v0466	SES099	-1.39335	13.7612	15.1545
spk_ver/v04/v0467	SES099	-0.515106	13.827	14.3421
spk_ver/v04/v0468	SES129	2.27146	17.5949	15.3235
spk_ver/v04/v0469	SES101	0.650195	15.403	14.7528
spk_ver/v04/v0470	SES099	-4.73105	9.3525	14.0835
spk_ver/v04/v0471	SES172	1.48877	16.5608	15.072
spk_ver/v04/v0472	SES099	-0.505863	13.5558	14.0617
spk_ver/v04/v0473	SES270	3.6345	17.5589	13.9244
spk_ver/v04/v0474	SES099	-4.40264	11.3132	15.7159
spk_ver/v04/v0475	SES099	-2.80235	13.2324	16.0348
spk_ver/v04/v0476	SES099	-3.71961	8.8782	12.5978
spk_ver/v04/v0477	SES002	1.91789	17.6802	15.7623
spk_ver/v04/v0478	SES099	-0.641315	14.2637	14.905
spk_ver/v04/v0479	SES007	-0.263342	14.1835	14.4468
spk_ver/v04/v0480	SES101	-5.26506	10.5144	15.7795
spk_ver/v04/v0481	SES101	-3.06726	10.6884	13.7557
spk_ver/v04/v0482	SES175	0.340405	14.8624	14.522
spk_ver/v04/v0483	SES101	-3.42819	11.2839	14.7121
spk_ver/v04/v0484	SES101	-5.35895	12.4086	17.7675
spk_ver/v04/v0485	SES101	-1.40501	12.901	14.306
spk_ver/v04/v0486	SES101	-1.75848	11.5692	13.3276
spk_ver/v04/v0487	SES101	-1.1093	14.517	15.6263
spk_ver/v04/v0488	SES101	-5.80421	7.92595	13.7302
spk_ver/v04/v0489	SES147	1.3901	13.4835	12.0934
spk_ver/v04/v0490	SES085	-0.88948	13.6384	14.5279
spk_ver/v04/v0491	SES101	-2.40703	11.3971	13.8042
spk_ver/v04/v0492	SES101	-4.98805	7.65167	12.6397
spk_ver/v04/v0493	SES101	-3.43908	12.8174	16.2565
spk_ver/v04/v0494	SES101	-2.53672	12.2002	14.7369
spk_ver/v04/v0495	SES101	-1.64695	15.1344	16.7813
spk_ver/v04/v0496	SES101	-2.47089	13.2815	15.7524
spk_ver/v04/v0497	SES014	3.04005	20.5	17.4599
spk_ver/v04/v0498	SES101	-3.58401	11.1485	14.7325
spk_ver/v04/v0499	SES101	-2.73886	13.0284	15.7672
spk_ver/v05/v0500	SES085	0.868042	17.712	16.844
spk_ver/v05/v0501	SES101	-5.5593	9.89727	15.4566
spk_ver/v05/v0502	SES275	0.92938	15.0208	14.0915
spk_ver/v05/v0503	SES117	1.11389	15.1122	13.9983
spk_ver/v05/v0504	SES101	-4.87183	9.92857	14.8004
spk_ver/v05/v0505	SES101	-2.69204	12.1459	14.8379
spk_ver/v05/v0506	SES101	-2.2457	12.3153	14.561
spk_ver/v05/v0507	SES048	1.48564	17.7893	16.3036
spk_ver/v05/v0508	SES117	0.503231	13.8633	13.3601
spk_ver/v05/v0509	SES202	2.22834	15.9701	13.7417
spk_ver/v05/v0510	SES104	-3.00688	9.80548	12.8124
spk_ver/v05/v0511	SES008	1.34318	15.2507	13.9075
spk_ver/v05/v0512	SES104	-1.59372	11.6574	13.2512
spk_ver/v05/v0513	SES104	-2.83653	12.7156	15.5522
spk_ver/v05/v0514	SES104	-4.83956	11.0309	15.8704
spk_ver/v05/v0515	SES104	-6.68784	9.28099	15.9688
spk_ver/v05/v0516	SES104	-3.38997	8.53004	11.92
spk_ver/v05/v0517	SES060	1.14826	18.5819	17.4337
spk_ver/v05/v0518	SES104	-5.49752	8.66432	14.1618
spk_ver/v05/v0519	SES104	-6.3297	7.18566	13.5154
spk_ver/v05/v0520	SES104	-1.06489	15.5981	16.663
spk_ver/v05/v0521	SES008	1.30898	17.7695	16.4606
spk_ver/v05/v0522	SES068	1.28209	16.8604	15.5783
spk_ver/v05/v0523	SES087	1.87932	17.7165	15.8371
spk_ver/v05/v0524	SES104	-1.38864	12.9963	14.3849
spk_ver/v05/v0525	SES104	-0.650249	14.0321	14.6824
spk_ver/v05/v0526	SES104	-1.91604	13.4927	15.4088
spk_ver/v05/v0527	SES083	0.839061	16.2739	15.4348
spk_ver/v05/v0528	SES148	1.59209	15.5339	13.9418
spk_ver/v05/v0529	SES104	-3.29838	10.8333	14.1317
spk_ver/v05/v0530	SES104	-5.75079	9.17948	14.9303
spk_ver/v05/v0531	SES125	1.72084	16.8784	15.1576
spk_ver/v05/v0532	SES104	-7.27169	7.21843	14.4901
spk_ver/v05/v0533	SES149	2.65942	19.621	16.9615
spk_ver/v05/v0534	SES104	-4.58534	10.7881	15.3735
spk_ver/v05/v0535	SES187	0.882414	14.9755	14.0931
spk_ver/v05/v0536	SES104	-2.40228	12.8075	15.2097
spk_ver/v05/v0537	SES104	-2.34022	11.6672	14.0074
spk_ver/v05/v0538	SES167	1.4968	16.8384	15.3416
spk_ver/v05/v0539	SES104	-1.8637	10.2982	12.1619
spk_ver/v05/v0540	SES104	-7.00073	10.5046	17.5053
spk_ver/v05/v0541	SES183	1.5231	14.6073	13.0842
spk_ver/v05/v0542	SES104	-1.84021	12.3988	14.239
spk_ver/v05/v0543	SES104	-6.40251	9.35779	15.7603
spk_ver/v05/v0544	SES105	-4.62442	11.0752	15.6997
spk_ver/v05/v0545	SES105	-2.8495	11.7421	14.5916
spk_ver/v05/v0546	SES105	-3.58697	11.0513	14.6382
spk_ver/v05/v0547	SES105	-3.64127	10.2778	13.9191
spk_ver/v05/v0548	SES019	3.38594	17.0931	13.7071
spk_ver/v05/v0549	SES105	-2.32693	12.6291	14.9561
spk_ver/v05/v0550	SES105	-2.99252	10.6734	13.6659
spk_ver/v05/v0551	SES202	2.35145	14.6866	12.3351
spk_ver/v05/v0552	SES105	-4.47682	10.5888	15.0656
spk_ver/v05/v0553	SES105	-1.67504	13.8152	15.4902
spk_ver/v05/v0554	SES105	-1.92803	13.9259	15.854
spk_ver/v05/v0555	SES105	-3.41131	10.3586	13.7699
spk_ver/v05/v0556	SES082	0.815819	16.389	15.5731
spk_ver/v05/v0557	SES105	-4.45564	11.2706	15.7263
spk_ver/v05/v0558	SES014	1.58666	17.7175	16.1308
spk_ver/v05/v0559	SES105	-2.68903	12.8942	15.5832
spk_ver/v05/v0560	SES177	0.209753	15.6823	15.4726
spk_ver/v05/v0561	SES189	3.44498	11.9452	8.50019
spk_ver/v05/v0562	SES105	-3.11968	10.2781	13.3978
spk_ver/v05/v0563	SES099	1.95106	15.3012	13.3502
spk_ver/v05/v0564	SES105	-2.09384	13.7619	15.8557
spk_ver/v05/v0565	SES105	-3.51958	10.8165	14.3361
spk_ver/v05/v0566	SES105	-3.92093	10.289	14.2099
spk_ver/v05/v0567	SES142	2.1483	15.683	13.5347
spk_ver/v05/v0568	SES048	0.538865	14.9241	14.3852
spk_ver/v05/v0569	SES105	-4.22378	11.7707	15.9944
spk_ver/v05/v0570	SES105	-1.74401	13.4389	15.1829
spk_ver/v05/v0571	SES105	-3.26663	11.1586	14.4252
spk_ver/v05/v0572	SES105	-4.632	8.37294	13.0049
spk_ver/v05/v0573	SES105	-5.09315	8.70175	13.7949
spk_ver/v05/v0574	SES105	-0.959305	14.1199	15.0792
spk_ver/v05/v0575	SES105	-0.893349	13.7689	14.6623
spk_ver/v05/v0576	SES106	-4.20643	9.82043	14.0269
spk_ver/v05/v0577	SES106	-5.26519	9.08526	14.3505
spk_ver/v05/v0578	SES106	-4.14059	11.4244	15.565
spk_ver/v05/v0579	SES106	-4.88079	10.0468	14.9276
spk_ver/v05/v0580	SES106	-2.19777	14.1902	16.388
spk_ver/v05/v0581	SES106	-7.11575	7.81516	14.9309
spk_ver/v05/v0582	SES106	-1.80279	11.5254	13.3281
spk_ver/v05/v0583	SES106	-1.53008	14.3767	15.9068
spk_ver/v05/v0584	SES106	-4.35829	9.11329	13.4716
spk_ver/v05/v0585	SES106	0.104994	11.9174	11.8124
spk_ver/v05/v0586	SES106	-4.05562	10.255	14.3106
spk_ver/v05/v0587	SES106	-2.76964	10.1688	12.9385
spk_ver/v05/v0588	SES106	-5.02483	10.7477	15.7726
spk_ver/v05/v0589	SES106	-5.55465	10.5263	16.081
spk_ver/v05/v0590	SES082	0.873372	15.3039	14.4306
spk_ver/v05/v0591	SES180	0.988771	16.0342	15.0454
spk_ver/v05/v0592	SES106	-2.20981	12.0446	14.2544
spk_ver/v05/v0593	SES106	-5.83688	8.1974	14.0343
spk_ver/v05/v0594	SES292	0.764151	16.2566	15.4924
spk_ver/v05/v0595	SES106	-1.68491	13.1001	14.785
spk_ver/v05/v0596	SES106	-5.44776	9.71518	15.1629
spk_ver/v05/v0597	SES106	-6.08604	8.60003	14.6861
spk_ver/v05/v0598	SES042	2.07565	17.8053	15.7297
spk_ver/v05/v0599	SES106	-5.10259	8.53288	13.6355
spk_ver/v06/v0600	SES106	-0.38647	12.0059	12.3924
spk_ver/v06/v0601	SES106	-1.94438	11.7669	13.7112
spk_ver/v06/v0602	SES106	-3.39662	11.344	14.7406
spk_ver/v06/v0603	SES106	-4.52086	9.82181	14.3427
spk_ver/v06/v0604	SES106	-4.33285	10.2339	14.5668
spk_ver/v06/v0605	SES106	-5.73554	8.19042	13.926
spk_ver/v06/v0606	SES048	2.20531	17.8959	15.6905
spk_ver/v06/v0607	SES167	2.72158	18.7785	16.0569
spk_ver/v06/v0608	SES106	-4.44986	10.0392	14.489
spk_ver/v06/v0609	SES143	1.44788	15.8697	14.4218
spk_ver/v06/v0610	SES106	-8.54557	4.95926	13.5048
spk_ver/v06/v0611	SES106	-3.46931	11.1415	14.6108
spk_ver/v06/v0612	SES106	-5.76252	8.26121	14.0237
spk_ver/v06/v0613	SES117	-1.78942	14.1801	15.9695
spk_ver/v06/v0614	SES117	-3.76215	11.3459	15.108
spk_ver/v06/v0615	SES117	-2.32861	12.1903	14.5189
spk_ver/v06/v0616	SES106	2.40727	18.838	16.4307
spk_ver/v06/v0617	SES142	2.52495	14.7241	12.1992
spk_ver/v06/v0618	SES048	2.09327	17.8437	15.7504
spk_ver/v06/v0619	SES175	0.722384	14.9505	14.2281
spk_ver/v06/v0620	SES180	0.698811	16.6607	15.9619
spk_ver/v06/v0621	SES117	-1.20045	11.6496	12.85
spk_ver/v06/v0622	SES029	1.03386	16.0939	15.0601
spk_ver/v06/v0623	SES117	-1.8839	13.3882	15.2721
spk_ver/v06/v0624	SES117	-3.89372	10.3157	14.2095
spk_ver/v06/v0625	SES117	-1.42089	11.8791	13.3
spk_ver/v06/v0626	SES106	1.81966	16.7834	14.9637
spk_ver/v06/v0627	SES226	2.5568	18.0798	15.523
spk_ver/v06/v0628	SES117	-0.870699	14.3888	15.2595
spk_ver/v06/v0629	SES117	-3.6971	12.7701	16.4672
spk_ver/v06/v0630	SES117	-4.19554	10.4758	14.6714
spk_ver/v06/v0631	SES117	-4.38649	7.99722	12.3837
spk_ver/v06/v0632	SES117	-1.79629	14.162	15.9583
spk_ver/v06/v0633	SES099	2.60541	17.0293	14.4238
spk_ver/v06/v0634	SES105	1.98104	16.0269	14.0459
spk_ver/v06/v0635	SES167	0.374761	15.9821	15.6073
spk_ver/v06/v0636	SES117	-1.34876	13.511	14.8597
spk_ver/v06/v0637	SES202	1.70532	15.3222	13.6169
spk_ver/v06/v0638	SES117	-2.88562	12.2339	15.1196
spk_ver/v06/v0639	SES167	1.57433	15.3434	13.769
spk_ver/v06/v0640	SES117	-1.7751	13.1402	14.9153
spk_ver/v06/v0641	SES117	-3.65695	11.3183	14.9753
spk_ver/v06/v0642	SES101	1.05396	16.7756	15.7216
spk_ver/v06/v0643	SES068	1.1555	17.0288	15.8733
spk_ver/v06/v0644	SES120	-3.41402	9.87372	13.2877
spk_ver/v06/v0645	SES120	-1.30917	12.6949	14.0041
spk_ver/v06/v0646	SES172	0.554141	15.2713	14.7171
spk_ver/v06/v0647	SES120	-3.4367	12.6173	16.054
spk_ver/v06/v0648	SES120	-0.763482	15.0859	15.8494
spk_ver/v06/v0649	SES120	-2.89307	9.38521	12.2783
spk_ver/v06/v0650	SES087	2.07057	17.0118	14.9412
spk_ver/v06/v0651	SES120	-1.74647	12.5664	14.3129
spk_ver/v06/v0652	SES104	0.55126	13.9695	13.4182
spk_ver/v06/v0653	SES129	1.8255	17.6456	15.8201
spk_ver/v06/v0654	SES120	-3.54709	10.718	14.2651
spk_ver/v06/v0655	SES120	-1.12058	11.7569	12.8774
spk_ver/v06/v0656	SES120	-1.79359	13.6013	15.3949
spk_ver/v06/v0657	SES147	0.429088	13.708	13.2789
spk_ver/v06/v0658	SES120	-2.83681	11.4424	14.2792
spk_ver/v06/v0659	SES120	-2.46158	13.028	15.4896
spk_ver/v06/v0660	SES120	-1.29361	13.8431	15.1367
spk_ver/v06/v0661	SES120	-2.09671	10.9178	13.0145
spk_ver/v06/v0662	SES120	-1.82361	14.3207	16.1444
spk_ver/v06/v0663	SES120	-1.64853	11.5083	13.1568
spk_ver/v06/v0664	SES147	1.11343	15.6406	14.5272
spk_ver/v06/v0665	SES162	1.52878	15.9105	14.3817
spk_ver/v06/v0666	SES120	-1.91732	13.6434	15.5607
spk_ver/v06/v0667	SES120	-1.36723	14.3765	15.7438
spk_ver/v06/v0668	SES120	0.971006	16.0635	15.0925
spk_ver/v06/v0669	SES142	2.01858	16.0713	14.0527
spk_ver/v06/v0670	SES106	2.69328	18.0147	15.3215
spk_ver/v06/v0671	SES183	1.8979	15.0425	13.1446
spk_ver/v06/v0672	SES120	-1.71278	11.7741	13.4868
spk_ver/v06/v0673	SES029	0.0437355	15.2192	15.1755
spk_ver/v06/v0674	SES120	-1.50692	12.8465	14.3534
spk_ver/v06/v0675	SES008	2.13224	17.8013	15.669
spk_ver/v06/v0676	SES125	-4.2596	8.33433	12.5939
spk_ver/v06/v0677	SES143	1.27258	14.8187	13.5461
spk_ver/v06/v0678	SES125	-5.3727	8.12271	13.4954
spk_ver/v06/v0679	SES162	1.08927	15.2401	14.1508
spk_ver/v06/v0680	SES125	-3.08369	11.8216	14.9053
spk_ver/v06/v0681	SES125	-2.33668	12.0934	14.4301
spk_ver/v06/v0682	SES125	-5.46889	11.137	16.6059
spk_ver/v06/v0683	SES226	1.68427	16.8914	15.2071
spk_ver/v06/v0684	SES125	-3.61379	10.1743	13.788
spk_ver/v06/v0685	SES125	-5.75805	8.1039	13.8619
spk_ver/v06/v0686	SES120	1.27614	16.8139	15.5378
spk_ver/v06/v0687	SES125	-4.49034	8.37722	12.8676
spk_ver/v06/v0688	SES158	2.29842	16.0658	13.7673
spk_ver/v06/v0689	SES125	-6.67971	8.24583	14.9255
spk_ver/v06/v0690	SES105	1.76753	15.9029	14.1354
spk_ver/v06/v0691	SES125	-1.38382	12.8441	14.2279
spk_ver/v06/v0692	SES125	-2.84994	12.3986	15.2485
spk_ver/v06/v0693	SES180	1.79298	16.7645	14.9716
spk_ver/v06/v0694	SES125	-6.68352	8.39969	15.0832
spk_ver/v06/v0695	SES125	-3.4881	12.1415	15.6296
spk_ver/v06/v0696	SES125	-6.83294	9.85463	16.6876
spk_ver/v06/v0697	SES125	-6.14321	7.68514	13.8284
spk_ver/v06/v0698	SES083	0.590803	17.1773	16.5865
spk_ver/v06/v0699	SES125	-4.41828	10.696	15.1143
spk_ver/v07/v0700	SES014	2.36877	19.2668	16.898
spk_ver/v07/v0701	SES125	-5.11565	11.7876	16.9033
spk_ver/v07/v0702	SES127	-1.83209	13.9273	15.7593
spk_ver/v07/v0703	SES127	-0.803922	12.3552	13.1591
spk_ver/v07/v0704	SES206	1.94257	17.9676	16.025
spk_ver/v07/v0705	SES127	-2.74719	12.0563	14.8035
spk_ver/v07/v0706	SES127	-1.96961	14.6096	16.5792
spk_ver/v07/v0707	SES127	-4.70084	10.5724	15.2733
spk_ver/v07/v0708	SES275	0.894953	16.1056	15.2107
spk_ver/v07/v0709	SES127	-2.84232	12.318	15.1603
spk_ver/v07/v0710	SES105	0.995817	14.8329	13.8371
spk_ver/v07/v0711	SES127	-2.25878	11.2395	13.4983
spk_ver/v07/v0712	SES127	-2.66829	11.9019	14.5702
spk_ver/v07/v0713	SES127	-2.46521	10.8252	13.2904
spk_ver/v07/v0714	SES019	4.75185	17.6004	12.8486
spk_ver/v07/v0715	SES127	-4.48062	8.32533	12.8059
spk_ver/v07/v0716	SES148	1.11647	15.1161	13.9997
spk_ver/v07/v0717	SES162	1.28648	16.6709	15.3844
spk_ver/v07/v0718	SES189	0.853048	14.6907	13.8376
spk_ver/v07/v0719	SES149	0.733027	17.2958	16.5627
spk_ver/v07/v0720	SES175	1.41976	16.4284	15.0087
spk_ver/v07/v0721	SES127	-3.47681	11.5086	14.9855
spk_ver/v07/v0722	SES127	-1.15364	13.5877	14.7414
spk_ver/v07/v0723	SES127	-2.83204	12.4424	15.2745
spk_ver/v07/v0724	SES127	-2.20619	13.8573	16.0635
spk_ver/v07/v0725	SES127	-2.17692	12.1377	14.3147
spk_ver/v07/v0726	SES259	2.7841	18.3165	15.5324
spk_ver/v07/v0727	SES127	-2.032	12.8442	14.8762
spk_ver/v07/v0728	SES127	-0.947577	15.6458	16.5934
spk_ver/v07/v0729	SES127	-4.88276	8.77895	13.6617
spk_ver/v07/v0730	SES127	-2.32261	11.0765	13.3991
spk_ver/v07/v0731	SES129	-2.32995	14.1845	16.5144
spk_ver/v07/v0732	SES129	-2.34898	12.2853	14.6343
spk_ver/v07/v0733	SES129	-4.62565	8.54067	13.1663
spk_ver/v07/v0734	SES129	-7.11559	6.54943	13.665
spk_ver/v07/v0735	SES183	0.865809	15.2691	14.4033
spk_ver/v07/v0736	SES129	-3.26907	10.9701	14.2391
spk_ver/v07/v0737	SES129	-2.87731	11.6759	14.5532
spk_ver/v07/v0738	SES129	-5.66007	8.43667	14.0967
spk_ver/v07/v0739	SES129	-3.6152	10.5238	14.139
spk_ver/v07/v0740	SES167	-0.305618	15.6315	15.9371
spk_ver/v07/v0741	SES129	-2.63514	11.1968	13.8319
spk_ver/v07/v0742	SES129	-4.02825	13.4865	17.5147
spk_ver/v07/v0743	SES129	-2.67941	12.7219	15.4013
spk_ver/v07/v0744	SES129	-4.58159	8.51309	13.0947
spk_ver/v07/v0745	SES180	1.88509	16.8681	14.983
spk_ver/v07/v0746	SES129	-2.41668	13.8947	16.3114
spk_ver/v07/v0747	SES292	0.189944	15.9746	15.7847
spk_ver/v07/v0748	SES202	1.59802	14.6024	13.0044
spk_ver/v07/v0749	SES270	1.00071	15.819	14.8183
spk_ver/v07/v0750	SES129	-4.32763	13.0673	17.3949
spk_ver/v07/v0751	SES129	-5.14897	11.1309	16.2799
spk_ver/v07/v0752	SES060	0.458506	15.5513	15.0928
spk_ver/v07/v0753	SES129	-3.37814	11.2419	14.62
spk_ver/v07/v0754	SES129	-5.73304	6.46913	12.2022
spk_ver/v07/v0755	SES129	-4.5908	10.2492	14.84
spk_ver/v07/v0756	SES175	1.00621	14.9623	13.9561
spk_ver/v07/v0757	SES129	-4.03807	8.86447	12.9025
spk_ver/v07/v0758	SES129	-4.73903	7.96874	12.7078
spk_ver/v07/v0759	SES129	-4.59777	11.2485	15.8462
spk_ver/v07/v0760	SES129	-3.58494	12.355	15.94
spk_ver/v07/v0761	SES129	-3.89951	12.7481	16.6476
spk_ver/v07/v0762	SES172	0.932102	16.1191	15.187
spk_ver/v07/v0763	SES129	-4.39723	8.4052	12.8024
spk_ver/v07/v0764	SES129	-3.58606	12.3604	15.9465
spk_ver/v07/v0765	SES175	1.08161	15.9676	14.886
spk_ver/v07/v0766	SES129	-3.93523	12.5582	16.4935
spk_ver/v07/v0767	SES129	-2.92801	11.0696	13.9976
spk_ver/v07/v0768	SES042	2.41341	18.4506	16.0372
spk_ver/v07/v0769	SES099	1.76853	15.8143	14.0457
spk_ver/v07/v0770	SES142	-3.47217	10.5389	14.0111
spk_ver/v07/v0771	SES142	-2.05411	13.7915	15.8456
spk_ver/v07/v0772	SES101	1.12132	17.4951	16.3737
spk_ver/v07/v0773	SES142	-7.35298	5.73739	13.0904
spk_ver/v07/v0774	SES142	-5.1641	7.90458	13.0687
spk_ver/v07/v0775	SES142	-1.99989	12.9256	14.9255
spk_ver/v07/v0776	SES142	-3.3809	13.1436	16.5245
spk_ver/v07/v0777	SES142	-4.66431	9.50761	14.1719
spk_ver/v07/v0778	SES142	-1.71323	11.5132	13.2264
spk_ver/v07/v0779	SES142	-9.65729	5.10853	14.7658
spk_ver/v07/v0780	SES142	-4.56389	6.75053	11.3144
spk_ver/v07/v0781	SES142	-8.84056	5.77516	14.6157
spk_ver/v07/v0782	SES101	0.789394	15.3996	14.6102
spk_ver/v07/v0783	SES142	-4.64142	9.30606	13.9475
spk_ver/v07/v0784	SES187	1.80338	16.2834	14.48
spk_ver/v07/v0785	SES143	1.0735	13.1008	12.0273
spk_ver/v07/v0786	SES142	-4.67235	11.4635	16.1359
spk_ver/v07/v0787	SES144	0.911963	15.7927	14.8807
spk_ver/v07/v0788	SES275	0.891206	15.1062	14.215
spk_ver/v07/v0789	SES142	-3.45606	11.5291	14.9852
spk_ver/v07/v0790	SES099	2.23897	17.9395	15.7005
spk_ver/v07/v0791	SES142	-6.40074	7.41285	13.8136
spk_ver/v07/v0792	SES142	-4.7246	13.0356	17.7602
spk_ver/v07/v0793	SES142	-6.01847	8.24835	14.2668
spk_ver/v07/v0794	SES014	1.85782	18.3038	16.4459
spk_ver/v07/v0795	SES142	-7.04571	8.29969	15.3454
spk_ver/v07/v0796	SES142	-3.26367	12.3898	15.6534
spk_ver/v07/v0797	SES143	-1.01817	14.3288	15.347
spk_ver/v07/v0798	SES206	1.54677	17.9719	16.4251
spk_ver/v07/v0799	SES143	-3.27689	8.72537	12.0023
spk_ver/v08/v0800	SES143	-1.18345	12.7566	13.94
spk_ver/v08/v0801	SES143	-1.77639	14.6395	16.4159
spk_ver/v08/v0802	SES143	-2.35815	10.5308	12.889
spk_ver/v08/v0803	SES143	-2.06319	11.8382	13.9014
spk_ver/v08/v0804	SES143	-2.31843	10.0768	12.3953
spk_ver/v08/v0805	SES143	-2.36365	11.3332	13.6968
spk_ver/v08/v0806	SES143	-2.89457	10.4128	13.3074
spk_ver/v08/v0807	SES177	-0.0511923	14.2652	14.3164
spk_ver/v08/v0808	SES149	1.14977	17.4292	16.2794
spk_ver/v08/v0809	SES143	-4.23969	11.2904	15.5301
spk_ver/v08/v0810	SES158	1.84302	15.5573	13.7143
spk_ver/v08/v0811	SES143	-2.51844	10.4932	13.0117
spk_ver/v08/v0812	SES062	1.84189	19.3645	17.5227
spk_ver/v08/v0813	SES259	2.4877	18.2714	15.7837
spk_ver/v08/v0814	SES143	-4.80698	11.5899	16.3969
spk_ver/v08/v0815	SES143	-2.7589	11.6715	14.4304
spk_ver/v08/v0816	SES143	-1.39678	13.8779	15.2747
spk_ver/v08/v0817	SES144	0.548734	15.882	15.3333
spk_ver/v08/v0818	SES143	-1.98903	12.7882	14.7772
spk_ver/v08/v0819	SES143	-2.73965	12.5159	15.2556
spk_ver/v08/v0820	SES143	-1.79531	14.1184	15.9137
spk_ver/v08/v0821	SES143	-1.76444	13.1487	14.9132
spk_ver/v08/v0822	SES143	-3.42289	11.3288	14.7516
spk_ver/v08/v0823	SES104	2.16355	17.9072	15.7436
spk_ver/v08/v0824	SES143	-3.82232	11.3779	15.2002
spk_ver/v08/v0825	SES143	-2.49262	11.8904	14.383
spk_ver/v08/v0826	SES144	-4.12923	10.6984	14.8276
spk_ver/v08/v0827	SES144	-1.98141	13.3585	15.3399
spk_ver/v08/v0828	SES144	-0.711427	15.2903	16.0017
spk_ver/v08/v0829	SES172	0.895096	15.5457	14.6506
spk_ver/v08/v0830	SES144	-0.425149	13.9781	14.4033
spk_ver/v08/v0831	SES183	1.41258	15.8901	14.4775
spk_ver/v08/v0832	SES144	-5.11759	8.74717	13.8648
spk_ver/v08/v0833	SES144	-4.50788	10.8844	15.3923
spk_ver/v08/v0834	SES144	-1.24997	13.1795	14.4295
spk_ver/v08/v0835	SES144	-2.98302	11.291	14.274
spk_ver/v08/v0836	SES144	-1.93785	12.8692	14.807
spk_ver/v08/v0837	SES144	-2.40488	14.2031	16.6079
spk_ver/v08/v0838	SES144	-3.44495	10.851	14.296
spk_ver/v08/v0839	SES085	0.591671	16.4801	15.8884
spk_ver/v08/v0840	SES144	-0.522429	14.3448	14.8672
spk_ver/v08/v0841	SES144	-4.35445	7.70909	12.0635
spk_ver/v08/v0842	SES144	-3.9785	11.317	15.2955
spk_ver/v08/v0843	SES144	-0.962849	14.4563	15.4191
spk_ver/v08/v0844	SES144	-2.83535	12.3821	15.2175
spk_ver/v08/v0845	SES144	-4.01093	13.3026	17.3135
spk_ver/v08/v0846	SES104	1.2572	16.3998	15.1426
spk_ver/v08/v0847	SES144	-4.20887	10.4774	14.6863
spk_ver/v08/v0848	SES144	-2.6218	11.1351	13.7569
spk_ver/v08/v0849	SES144	-5.73569	9.28092	15.0166
spk_ver/v08/v0850	SES144	-3.21309	12.1549	15.368
spk_ver/v08/v0851	SES144	-2.24193	12.7222	14.9642
spk_ver/v08/v0852	SES144	-1.02804	15.1138	16.1418
spk_ver/v08/v0853	SES144	-5.17432	9.2889	14.4632
spk_ver/v08/v0854	SES144	-1.90002	13.5538	15.4539
spk_ver/v08/v0855	SES144	-0.116909	16.3261	16.443
spk_ver/v08/v0856	SES082	0.0445356	12.7082	12.6636
spk_ver/v08/v0857	SES142	2.57721	16.9264	14.3492
spk_ver/v08/v0858	SES144	-0.858189	12.6669	13.5251
spk_ver/v08/v0859	SES144	-1.58132	12.9528	14.5342
spk_ver/v08/v0860	SES146	-4.92567	9.22987	14.1555
spk_ver/v08/v0861	SES146	-4.10395	9.9014	14.0053
spk_ver/v08/v0862	SES146	-5.50845	8.28786	13.7963
spk_ver/v08/v0863	SES146	-2.24662	11.2404	13.487
spk_ver/v08/v0864	SES146	-3.5277	12.3838	15.9115
spk_ver/v08/v0865	SES008	2.24003	16.7381	14.4981
spk_ver/v08/v0866	SES142	1.38291	15.9499	14.567
spk_ver/v08/v0867	SES146	-4.34378	10.8582	15.2019
spk_ver/v08/v0868	SES082	2.37103	18.7125	16.3415
spk_ver/v08/v0869	SES146	-1.94691	13.1692	15.1161
spk_ver/v08/v0870	SES146	-4.54516	7.68093	12.2261
spk_ver/v08/v0871	SES146	-5.18949	9.13053	14.32
spk_ver/v08/v0872	SES146	-4.47596	7.88747	12.3634
spk_ver/v08/v0873	SES082	1.66767	18.4178	16.7501
spk_ver/v08/v0874	SES146	-3.84665	11.1606	15.0072
spk_ver/v08/v0875	SES144	0.591468	14.843	14.2515
spk_ver/v08/v0876	SES146	-2.63311	14.6917	17.3248
spk_ver/v08/v0877	SES146	-3.89832	10.2825	14.1808
spk_ver/v08/v0878	SES146	-2.87816	12.0326	14.9108
spk_ver/v08/v0879	SES146	-2.41332	12.4542	14.8676
spk_ver/v08/v0880	SES146	-3.09144	10.7592	13.8506
spk_ver/v08/v0881	SES143	1.04374	14.47	13.4263
spk_ver/v08/v0882	SES146	-1.27935	14.7997	16.079
spk_ver/v08/v0883	SES147	-1.55225	14.1792	15.7314
spk_ver/v08/v0884	SES147	-0.950794	14.0728	15.0236
spk_ver/v08/v0885	SES016	1.65095	17.5285	15.8776
spk_ver/v08/v0886	SES147	-1.49421	12.9477	14.4419
spk_ver/v08/v0887	SES147	-2.4982	12.2333	14.7315
spk_ver/v08/v0888	SES147	-2.84575	10.5493	13.3951
spk_ver/v08/v0889	SES019	1.81052	15.8124	14.0019
spk_ver/v08/v0890	SES147	-2.02514	11.8336	13.8588
spk_ver/v08/v0891	SES147	-2.25862	13.1312	15.3899
spk_ver/v08/v0892	SES147	-1.77806	11.8544	13.6325
spk_ver/v08/v0893	SES270	2.35845	14.7366	12.3781
spk_ver/v08/v0894	SES029	0.737023	15.6331	14.8961
spk_ver/v08/v0895	SES147	-2.65895	10.9992	13.6582
spk_ver/v08/v0896	SES117	0.838311	14.1694	13.3311
spk_ver/v08/v0897	SES183	2.11596	13.5931	11.4771
spk_ver/v08/v0898	SES147	-4.73167	11.1007	15.8324
spk_ver/v08/v0899	SES147	-2.76574	9.92437	12.6901
spk_ver/v09/v0900	SES087	1.19746	16.3626	15.1651
spk_ver/v09/v0901	SES147	-5.89226	8.12419	14.0165
spk_ver/v09/v0902	SES147	-3.50799	10.3768	13.8848
spk_ver/v09/v0903	SES147	-1.51962	12.9294	14.449
spk_ver/v09/v0904	SES147	-2.58572	12.8964	15.4822
spk_ver/v09/v0905	SES143	0.971109	14.8274	13.8563
spk_ver/v09/v0906	SES149	0.377144	16.9269	16.5498
spk_ver/v09/v0907	SES148	-1.6334	13.4772	15.1106
spk_ver/v09/v0908	SES148	-1.28203	14.2849	15.5669
spk_ver/v09/v0909	SES106	3.23179	16.0505	12.8187
spk_ver/v09/v0910	SES148	-0.785134	12.2915	13.0767
spk_ver/v09/v0911	SES148	-3.46433	11.4886	14.9529
spk_ver/v09/v0912	SES142	0.607029	15.717	15.11
spk_ver/v09/v0913	SES148	-3.00474	10.4092	13.414
spk_ver/v09/v0914	SES148	-3.79067	11.2672	15.0579
spk_ver/v09/v0915	SES148	-3.12602	9.98931	13.1153
spk_ver/v09/v0916	SES148	-2.43555	10.8097	13.2453
spk_ver/v09/v0917	SES148	1.14227	15.7276	14.5853
spk_ver/v09/v0918	SES148	-1.25729	13.686	14.9433
spk_ver/v09/v0919	SES270	1.79741	15.5333	13.7359
spk_ver/v09/v0920	SES148	-2.2381	13.1204	15.3585
spk_ver/v09/v0921	SES148	-3.54734	11.592	15.1394
spk_ver/v09/v0922	SES129	1.37267	17.5933	16.2206
spk_ver/v09/v0923	SES117	1.29431	16.426	15.1317
spk_ver/v09/v0924	SES042	3.40552	19.2124	15.8069
spk_ver/v09/v0925	SES148	-4.80928	8.81484	13.6241
spk_ver/v09/v0926	SES148	-5.67996	7.03428	12.7142
spk_ver/v09/v0927	SES144	0.699794	15.9058	15.206
spk_ver/v09/v0928	SES007	1.96221	16.4425	14.4803
spk_ver/v09/v0929	SES148	-2.32181	14.7527	17.0745
spk_ver/v09/v0930	SES148	-1.36152	14.6277	15.9892
spk_ver/v09/v0931	SES148	-2.55898	11.2401	13.7991
spk_ver/v09/v0932	SES202	1.66778	16.8803	15.2125
spk_ver/v09/v0933	SES148	-0.525595	15.6329	16.1585
spk_ver/v09/v0934	SES148	-3.48792	11.5584	15.0463
spk_ver/v09/v0935	SES060	1.30496	17.5541	16.2492
spk_ver/v09/v0936	SES060	1.46178	16.7181	15.2563
spk_ver/v09/v0937	SES148	-2.07318	13.7632	15.8364
spk_ver/v09/v0938	SES148	-1.57094	14.3177	15.8887
spk_ver/v09/v0939	SES148	-3.37237	12.3065	15.6789
spk_ver/v09/v0940	SES148	-2.95453	12.7387	15.6932
spk_ver/v09/v0941	SES149	-3.41761	10.1176	13.5353
spk_ver/v09/v0942	SES149	-3.3212	13.0269	16.3481
spk_ver/v09/v0943	SES149	-1.56625	13.336	14.9022
spk_ver/v09/v0944	SES149	-2.40338	11.3982	13.8016
spk_ver/v09/v0945	SES105	1.02871	15.8179	14.7892
spk_ver/v09/v0946	SES149	-3.48097	12.5315	16.0125
spk_ver/v09/v0947	SES149	-2.69228	11.1445	13.8368
spk_ver/v09/v0948	SES149	-4.21186	11.5575	15.7694
spk_ver/v09/v0949	SES149	-1.83391	15.0433	16.8772
spk_ver/v09/v0950	SES226	1.23842	17.4801	16.2417
spk_ver/v09/v0951	SES149	-2.4268	11.3371	13.7639
spk_ver/v09/v0952	SES149	-3.92921	9.22047	13.1497
spk_ver/v09/v0953	SES062	1.86019	17.8741	16.014
spk_ver/v09/v0954	SES149	-3.07602	11.587	14.663
spk_ver/v09/v0955	SES048	0.235565	16.3678	16.1322
spk_ver/v09/v0956	SES158	-2.15995	13.2205	15.3805
spk_ver/v09/v0957	SES158	-5.58603	8.56001	14.146
spk_ver/v09/v0958	SES158	-1.40298	14.9462	16.3491
spk_ver/v09/v0959	SES158	-3.10677	11.5938	14.7006
spk_ver/v09/v0960	SES158	-4.16259	9.72216	13.8848
spk_ver/v09/v0961	SES147	1.47718	15.2992	13.822
spk_ver/v09/v0962	SES158	-6.92644	7.46598	14.3924
spk_ver/v09/v0963	SES292	0.610892	16.2888	15.678
spk_ver/v09/v0964	SES060	1.80246	18.3029	16.5005
spk_ver/v09/v0965	SES002	1.41464	16.4362	15.0216
spk_ver/v09/v0966	SES149	1.64294	18.5762	16.9333
spk_ver/v09/v0967	SES158	-6.20345	8.67801	14.8815
spk_ver/v09/v0968	SES158	-3.63776	9.9869	13.6247
spk_ver/v09/v0969	SES275	0.170929	13.7608	13.5899
spk_ver/v09/v0970	SES158	-5.08784	10.8593	15.9471
spk_ver/v09/v0971	SES158	-3.83273	10.9641	14.7969
spk_ver/v09/v0972	SES002	1.75745	17.395	15.6375
spk_ver/v09/v0973	SES158	-4.5885	10.3126	14.9012
spk_ver/v09/v0974	SES202	1.30128	15.6848	14.3835
spk_ver/v09/v0975	SES158	-6.08184	7.32238	13.4042
spk_ver/v09/v0976	SES158	-0.839378	15.0603	15.8997
spk_ver/v09/v0977	SES162	-1.98631	13.7402	15.7265
spk_ver/v09/v0978	SES162	-5.51265	7.5263	13.0389
spk_ver/v09/v0979	SES162	-6.06979	8.57441	14.6442
spk_ver/v09/v0980	SES162	-1.7555	12.0753	13.8308
spk_ver/v09/v0981	SES162	-2.88747	9.72974	12.6172
spk_ver/v09/v0982	SES259	2.8522	18.2363	15.3841
spk_ver/v09/v0983	SES162	-4.41674	6.28598	10.7027
spk_ver/v09/v0984	SES162	-1.66536	14.5846	16.2499
spk_ver/v09/v0985	SES162	-1.30452	13.7381	15.0426
spk_ver/v09/v0986	SES062	1.49366	18.2962	16.8026
spk_ver/v09/v0987	SES162	-1.58812	13.2439	14.832
spk_ver/v09/v0988	SES162	-4.26428	10.8012	15.0655
spk_ver/v09/v0989	SES162	-5.31031	7.08766	12.398
spk_ver/v09/v0990	SES162	-4.17599	11.8582	16.0342
spk_ver/v09/v0991	SES087	1.4506	16.7274	15.2768
spk_ver/v09/v0992	SES120	0.321646	14.1993	13.8776
spk_ver/v09/v0993	SES162	-4.35887	11.4049	15.7638
spk_ver/v09/v0994	SES162	-2.05586	13.5361	15.592
spk_ver/v09/v0995	SES162	-5.06772	11.7689	16.8366
spk_ver/v09/v0996	SES162	-3.0449	14.5434	17.5883
spk_ver/v09/v0997	SES162	-4.93763	9.88972	14.8273
spk_ver/v09/v0998	SES162	-2.98748	10.0159	13.0034
spk_ver/v09/v0999	SES162	-2.38676	15.6668	18.0536
spk_ver/v10/v1000	SES162	-5.43886	9.50986	14.9487
spk_ver/v10/v1001	SES148	1.67679	15.0068	13.33
spk_ver/v10/v1002	SES162	-1.5812	12.1908	13.772
spk_ver/v10/v1003	SES162	-2.1253	14.1492	16.2745
spk_ver/v10/v1004	SES162	-2.2833	11.5136	13.7969
spk_ver/v10/v1005	SES162	-5.13968	8.93756	14.0772
spk_ver/v10/v1006	SES162	-4.40865	10.6835	15.0922
spk_ver/v10/v1007	SES162	-2.00482	11.9602	13.965
spk_ver/v10/v1008	SES162	-5.73995	6.6747	12.4146
spk_ver/v10/v1009	SES162	-6.01822	9.03871	15.0569
spk_ver/v10/v1010	SES167	-2.22579	10.7044	12.9302
spk_ver/v10/v1011	SES167	-0.759415	13.5314	14.2908
spk_ver/v10/v1012	SES167	-2.35115	10.7238	13.0749
spk_ver/v10/v1013	SES167	-5.6622	8.92783	14.59
spk_ver/v10/v1014	SES167	-1.22645	14.9549	16.1814
spk_ver/v10/v1015	SES167	-2.04193	13.1633	15.2052
spk_ver/v10/v1016	SES167	-2.31715	13.8406	16.1578
spk_ver/v10/v1017	SES167	-1.9748	12.8707	14.8455
spk_ver/v10/v1018	SES167	-3.05789	12.2915	15.3494
spk_ver/v10/v1019	SES167	-2.82828	11.7391	14.5673
spk_ver/v10/v1020	SES167	-6.27708	7.14967	13.4267
spk_ver/v10/v1021	SES167	-1.94118	10.7892	12.7304
spk_ver/v10/v1022	SES167	-4.81393	9.59054	14.4045
spk_ver/v10/v1023	SES167	-3.85286	10.2469	14.0998
spk_ver/v10/v1024	SES167	-5.44501	7.77255	13.2176
spk_ver/v10/v1025	SES167	-1.65601	14.3305	15.9865
spk_ver/v10/v1026	SES167	-3.4241	11.6458	15.0699
spk_ver/v10/v1027	SES167	-2.1238	14.2471	16.3709
spk_ver/v10/v1028	SES167	-5.29393	8.71244	14.0064
spk_ver/v10/v1029	SES167	-4.6215	9.98756	14.6091
spk_ver/v10/v1030	SES167	-3.23077	12.1461	15.3769
spk_ver/v10/v1031	SES167	-4.993	8.94382	13.9368
spk_ver/v10/v1032	SES167	-4.75482	11.9081	16.663
spk_ver/v10/v1033	SES167	-5.17122	11.2148	16.386
spk_ver/v10/v1034	SES002	1.3539	17.7017	16.3478
spk_ver/v10/v1035	SES167	-1.1926	14.8691	16.0617
spk_ver/v10/v1036	SES083	0.944738	17.2391	16.2944
spk_ver/v10/v1037	SES167	-3.21957	10.9385	14.158
spk_ver/v10/v1038	SES167	-2.83494	10.8803	13.7152
spk_ver/v10/v1039	SES167	-2.67448	12.1396	14.8141
spk_ver/v10/v1040	SES167	-5.34726	7.64218	12.9894
spk_ver/v10/v1041	SES167	-0.945442	13.279	14.2244
spk_ver/v10/v1042	SES087	1.40408	16.0656	14.6615
spk_ver/v10/v1043	SES029	1.71894	17.0484	15.3295
spk_ver/v10/v1044	SES206	1.08669	17.3228	16.2361
spk_ver/v10/v1045	SES172	-2.12749	11.8853	14.0128
spk_ver/v10/v1046	SES172	1.40982	16.9601	15.5503
spk_ver/v10/v1047	SES172	-0.897065	14.2671	15.1642
spk_ver/v10/v1048	SES259	3.55609	19.1355	15.5794
spk_ver/v10/v1049	SES172	-4.43969	11.4324	15.8721
spk_ver/v10/v1050	SES120	1.20334	15.227	14.0236
spk_ver/v10/v1051	SES172	-2.63714	13.0661	15.7033
spk_ver/v10/v1052	SES172	-1.86706	13.0307	14.8977
spk_ver/v10/v1053	SES172	-3.25521	12.0592	15.3144
spk_ver/v10/v1054	SES172	-2.64114	12.0875	14.7286
spk_ver/v10/v1055	SES189	1.92375	14.1875	12.2638
spk_ver/v10/v1056	SES172	-3.1701	11.4017	14.5718
spk_ver/v10/v1057	SES172	-2.12751	12.4567	14.5842
spk_ver/v10/v1058	SES172	-1.00868	14.3973	15.4059
spk_ver/v10/v1059	SES172	-2.92624	12.4492	15.3755
spk_ver/v10/v1060	SES029	0.854063	17.2928	16.4388
spk_ver/v10/v1061	SES175	-5.76839	8.61654	14.3849
spk_ver/v10/v1062	SES187	0.512276	17.0987	16.5864
spk_ver/v10/v1063	SES019	3.46595	16.4926	13.0266
spk_ver/v10/v1064	SES175	-3.54894	11.0349	14.5839
spk_ver/v10/v1065	SES175	-4.45709	10.2915	14.7486
spk_ver/v10/v1066	SES175	-6.24128	6.03634	12.2776
spk_ver/v10/v1067	SES175	-2.25748	11.8649	14.1224
spk_ver/v10/v1068	SES175	-3.19327	10.0288	13.222
spk_ver/v10/v1069	SES016	2.9442	18.637	15.6928
spk_ver/v10/v1070	SES175	-2.81515	12.3935	15.2086
spk_ver/v10/v1071	SES175	-1.74473	14.6709	16.4156
spk_ver/v10/v1072	SES175	-4.67579	9.998	14.6738
spk_ver/v10/v1073	SES029	0.495804	16.166	15.6702
spk_ver/v10/v1074	SES175	-2.57913	12.459	15.0381
spk_ver/v10/v1075	SES175	-0.935685	15.3653	16.301
spk_ver/v10/v1076	SES175	-0.582603	16.3935	16.9761
spk_ver/v10/v1077	SES175	-2.63485	13.7558	16.3906
spk_ver/v10/v1078	SES127	1.15083	18.0024	16.8516
spk_ver/v10/v1079	SES175	-3.58932	13.2663	16.8556
spk_ver/v10/v1080	SES175	-3.07443	10.3816	13.456
spk_ver/v10/v1081	SES175	-4.05131	10.1337	14.185
spk_ver/v10/v1082	SES175	-3.05939	13.3037	16.3631
spk_ver/v10/v1083	SES007	1.50359	15.0774	13.5738
spk_ver/v10/v1084	SES068	1.11804	17.9749	16.8569
spk_ver/v10/v1085	SES008	0.958117	17.7235	16.7653
spk_ver/v10/v1086	SES175	-1.31047	14.6892	15.9997
spk_ver/v10/v1087	SES175	-2.82099	12.6281	15.4491
spk_ver/v10/v1088	SES008	1.9063	17.6923	15.786
spk_ver/v10/v1089	SES177	-2.40192	14.1119	16.5138
spk_ver/v10/v1090	SES177	-4.3197	10.4346	14.7543
spk_ver/v10/v1091	SES177	-3.92753	9.81971	13.7472
spk_ver/v10/v1092	SES177	-0.823318	13.4547	14.278
spk_ver/v10/v1093	SES177	-4.28321	10.8387	15.1219
spk_ver/v10/v1094	SES002	1.37996	17.5404	16.1604
spk_ver/v10/v1095	SES104	1.80265	17.654	15.8514
spk_ver/v10/v1096	SES177	-1.13235	13.8157	14.9481
spk_ver/v10/v1097	SES177	-2.28464	10.0064	12.291
spk_ver/v10/v1098	SES177	-2.57572	13.8426	16.4183
spk_ver/v10/v1099	SES177	-0.889566	14.054	14.9436
spk_ver/v11/v1100	SES177	-3.691	10.4602	14.1512
spk_ver/v11/v1101	SES085	0.861004	16.9254	16.0644
spk_ver/v11/v1102	SES187	1.38532	16.8409	15.4556
spk_ver/v11/v1103	SES177	-1.04489	13.3997	14.4446
spk_ver/v11/v1104	SES177	0.699327	16.689	15.9896
spk_ver/v11/v1105	SES177	-0.98666	14.0963	15.0829
spk_ver/v11/v1106	SES177	-2.85449	12.2652	15.1197
spk_ver/v11/v1107	SES177	-1.11839	14.4795	15.5978
spk_ver/v11/v1108	SES177	-0.824533	15.5982	16.4227
spk_ver/v11/v1109	SES125	1.47565	16.351	14.8753
spk_ver/v11/v1110	SES177	-2.83429	12.28	15.1142
spk_ver/v11/v1111	SES177	-1.75339	14.4046	16.158
spk_ver/v11/v1112	SES177	-3.4878	11.6279	15.1157
spk_ver/v11/v1113	SES177	-4.91003	10.7307	15.6408
spk_ver/v11/v1114	SES177	-1.2788	12.9627	14.2415
spk_ver/v11/v1115	SES177	-1.66889	11.1951	12.864
spk_ver/v11/v1116	SES085	1.12989	18.3279	17.198
spk_ver/v11/v1117	SES147	1.19816	15.422	14.2238
spk_ver/v11/v1118	SES177	-1.34629	12.6899	14.0362
spk_ver/v11/v1119	SES177	-3.21947	10.642	13.8615
spk_ver/v11/v1120	SES180	-6.51115	8.31345	14.8246
spk_ver/v11/v1121	SES189	0.741231	14.3106	13.5694
spk_ver/v11/v1122	SES117	1.31369	13.3681	12.0544
spk_ver/v11/v1123	SES129	2.18902	17.8172	15.6282
spk_ver/v11/v1124	SES180	-1.63372	13.6599	15.2936
spk_ver/v11/v1125	SES180	-0.880296	15.2171	16.0974
spk_ver/v11/v1126	SES180	-1.5992	14.6038	16.203
spk_ver/v11/v1127	SES180	-3.27192	11.7275	14.9994
spk_ver/v11/v1128	SES016	1.26982	15.8543	14.5844
spk_ver/v11/v1129	SES158	0.973021	15.5293	14.5563
spk_ver/v11/v1130	SES180	-2.98172	12.08	15.0617
spk_ver/v11/v1131	SES180	-3.75937	14.0646	17.824
spk_ver/v11/v1132	SES180	-1.95246	12.6872	14.6397
spk_ver/v11/v1133	SES180	-4.33502	12.0153	16.3504
spk_ver/v11/v1134	SES180	-2.40456	11.2303	13.6348
spk_ver/v11/v1135	SES180	-2.4988	13.4369	15.9357
spk_ver/v11/v1136	SES180	-6.05289	5.41072	11.4636
spk_ver/v11/v1137	SES148	0.13034	15.39	15.2596
spk_ver/v11/v1138	SES104	1.85611	19.9879	18.1318
spk_ver/v11/v1139	SES180	-4.65116	7.99139	12.6425
spk_ver/v11/v1140	SES083	1.06511	16.1988	15.1337
spk_ver/v11/v1141	SES180	-4.72528	10.16	14.8853
spk_ver/v11/v1142	SES180	-3.19568	10.9132	14.1088
spk_ver/v11/v1143	SES180	-2.84339	11.1618	14.0052
spk_ver/v11/v1144	SES099	1.96109	16.097	14.1359
spk_ver/v11/v1145	SES180	-2.20377	13.1307	15.3345
spk_ver/v11/v1146	SES183	-3.45329	12.0539	15.5072
spk_ver/v11/v1147	SES183	-1.66094	14.3946	16.0555
spk_ver/v11/v1148	SES183	-4.93612	8.30375	13.2399
spk_ver/v11/v1149	SES183	-6.68237	9.67922	16.3616
spk_ver/v11/v1150	SES183	-5.796	8.80919	14.6052
spk_ver/v11/v1151	SES082	1.30909	16.0746	14.7655
spk_ver/v11/v1152	SES183	-2.73078	10.2438	12.9746
spk_ver/v11/v1153	SES183	-1.7324	12.813	14.5454
spk_ver/v11/v1154	SES002	1.74577	18.3094	16.5636
spk_ver/v11/v1155	SES183	-2.2769	12.1582	14.4351
spk_ver/v11/v1156	SES183	-4.1286	8.87756	13.0062
spk_ver/v11/v1157	SES183	-3.12827	13.0063	16.1346
spk_ver/v11/v1158	SES183	-1.25479	14.2176	15.4724
spk_ver/v11/v1159	SES183	-1.71256	13.3497	15.0622
spk_ver/v11/v1160	SES183	-5.75625	8.11744	13.8737
spk_ver/v11/v1161	SES183	-3.36968	8.14889	11.5186
spk_ver/v11/v1162	SES105	1.58388	16.1075	14.5236
spk_ver/v11/v1163	SES183	-4.63986	10.8337	15.4735
spk_ver/v11/v1164	SES259	3.23716	17.8401	14.6029
spk_ver/v11/v1165	SES183	-2.06859	12.8945	14.9631
spk_ver/v11/v1166	SES183	-5.71892	9.46223	15.1811
spk_ver/v11/v1167	SES183	-1.84264	11.7791	13.6218
spk_ver/v11/v1168	SES183	-2.333	14.08	16.413
spk_ver/v11/v1169	SES183	-5.68738	9.90318	15.5906
spk_ver/v11/v1170	SES183	-3.35258	12.7815	16.1341
spk_ver/v11/v1171	SES183	-7.8159	5.73568	13.5516
spk_ver/v11/v1172	SES187	-3.01686	11.554	14.5709
spk_ver/v11/v1173	SES019	3.99319	16.1605	12.1674
spk_ver/v11/v1174	SES187	-3.46812	8.95235	12.4205
spk_ver/v11/v1175	SES187	-2.84624	10.6047	13.451
spk_ver/v11/v1176	SES083	0.784618	17.5324	16.7478
spk_ver/v11/v1177	SES187	-5.54574	7.95381	13.4996
spk_ver/v11/v1178	SES187	-4.64192	9.55927	14.2012
spk_ver/v11/v1179	SES187	-2.14273	12.3828	14.5255
spk_ver/v11/v1180	SES187	-1.21515	12.7878	14.003
spk_ver/v11/v1181	SES187	-5.48007	11.1585	16.6386
spk_ver/v11/v1182	SES187	-1.28693	15.1584	16.4454
spk_ver/v11/v1183	SES187	-2.77997	10.3393	13.1193
spk_ver/v11/v1184	SES187	-0.111403	14.5643	14.6757
spk_ver/v11/v1185	SES127	1.61099	17.3808	15.7698
spk_ver/v11/v1186	SES187	-1.49413	13.4511	14.9453
spk_ver/v11/v1187	SES187	-1.91797	14.4577	16.3757
spk_ver/v11/v1188	SES187	-2.00557	11.9633	13.9689
spk_ver/v11/v1189	SES042	2.0486	18.4243	16.3757
spk_ver/v11/v1190	SES187	-1.57268	13.0506	14.6233
spk_ver/v11/v1191	SES187	-4.39513	8.66272	13.0578
spk_ver/v11/v1192	SES187	-3.84346	9.28189	13.1254
spk_ver/v11/v1193	SES183	1.09103	15.3025	14.2115
spk_ver/v11/v1194	SES187	-2.90651	11.0914	13.9979
spk_ver/v11/v1195	SES187	-3.102	10.9804	14.0824
spk_ver/v11/v1196	SES146	1.48112	14.6266	13.1455
spk_ver/v11/v1197	SES189	-4.94757	11.2928	16.2403
spk_ver/v11/v1198	SES175	1.94536	16.5575	14.6121
spk_ver/v11/v1199	SES189	-4.36541	8.70524	13.0707
spk_ver/v12/v1200	SES189	-2.33088	15.137	17.4679
spk_ver/v12/v1201	SES177	1.32371	17.1249	15.8011
spk_ver/v12/v1202	SES189	-2.47075	11.5015	13.9722
spk_ver/v12/v1203	SES143	0.717737	15.1162	14.3984
spk_ver/v12/v1204	SES189	-2.67652	12.5008	15.1773
spk_ver/v12/v1205	SES189	-2.07028	14.63	16.7002
spk_ver/v12/v1206	SES189	-4.18798	8.19102	12.379
spk_ver/v12/v1207	SES189	-3.82865	10.8959	14.7245
spk_ver/v12/v1208	SES189	-4.02325	13.9347	17.958
spk_ver/v12/v1209	SES189	-5.37734	7.81915	13.1965
spk_ver/v12/v1210	SES189	-0.856188	13.5405	14.3967
spk_ver/v12/v1211	SES062	1.98946	18.3453	16.3558
spk_ver/v12/v1212	SES189	-3.09842	12.2703	15.3688
spk_ver/v12/v1213	SES048	1.82289	17.6577	15.8348
spk_ver/v12/v1214	SES042	4.01134	20.187	16.1757
spk_ver/v12/v1215	SES008	2.04097	17.7619	15.7209
spk_ver/v12/v1216	SES202	-5.55854	11.2536	16.8122
spk_ver/v12/v1217	SES202	-3.776	10.0605	13.8365
spk_ver/v12/v1218	SES085	1.07386	18.6192	17.5454
spk_ver/v12/v1219	SES202	-2.4979	13.4216	15.9195
spk_ver/v12/v1220	SES202	-1.71591	14.3256	16.0416
spk_ver/v12/v1221	SES202	-1.99675	12.6257	14.6225
spk_ver/v12/v1222	SES202	-6.76824	7.14989	13.9181
spk_ver/v12/v1223	SES158	0.826936	15.682	14.8551
spk_ver/v12/v1224	SES202	-2.11551	11.7155	13.8311
spk_ver/v12/v1225	SES202	-3.4776	11.3612	14.8388
spk_ver/v12/v1226	SES202	-4.05811	11.9331	15.9912
spk_ver/v12/v1227	SES202	-3.06085	11.9906	15.0514
spk_ver/v12/v1228	SES177	0.823527	16.0499	15.2264
spk_ver/v12/v1229	SES202	-3.57884	12.1701	15.7489
spk_ver/v12/v1230	SES202	-2.79478	12.217	15.0118
spk_ver/v12/v1231	SES202	-3.62899	11.7481	15.3771
spk_ver/v12/v1232	SES202	-3.31605	9.88694	13.203
spk_ver/v12/v1233	SES206	1.48244	18.0115	16.5291
spk_ver/v12/v1234	SES202	-5.8275	7.38918	13.2167
spk_ver/v12/v1235	SES202	-2.65075	13.2753	15.9261
spk_ver/v12/v1236	SES125	2.13081	16.5965	14.4657
spk_ver/v12/v1237	SES127	0.966329	16.3639	15.3975
spk_ver/v12/v1238	SES202	2.72868	16.8543	14.1256
spk_ver/v12/v1239	SES167	1.72715	17.6749	15.9478
spk_ver/v12/v1240	SES206	-4.31297	10.0372	14.3502
spk_ver/v12/v1241	SES206	-5.44911	9.1923	14.6414
spk_ver/v12/v1242	SES206	-1.12963	15.2334	16.363
spk_ver/v12/v1243	SES206	-2.93754	11.4045	14.3421
spk_ver/v12/v1244	SES259	2.6878	17.0298	14.342
spk_ver/v12/v1245	SES206	-3.3117	12.5147	15.8264
spk_ver/v12/v1246	SES206	-3.16849	12.9592	16.1277
spk_ver/v12/v1247	SES206	-1.34337	13.8162	15.1595
spk_ver/v12/v1248	SES206	-5.82568	7.59879	13.4245
spk_ver/v12/v1249	SES270	2.64183	15.552	12.9102
spk_ver/v12/v1250	SES206	-3.78384	10.3064	14.0903
spk_ver/v12/v1251	SES206	-3.07681	13.2348	16.3116
spk_ver/v12/v1252	SES206	-2.44098	12.6405	15.0815
spk_ver/v12/v1253	SES206	-1.65138	13.6714	15.3227
spk_ver/v12/v1254	SES206	-1.91328	11.4662	13.3795
spk_ver/v12/v1255	SES125	1.87426	17.1286	15.2543
spk_ver/v12/v1256	SES206	-5.89534	9.96098	15.8563
spk_ver/v12/v1257	SES206	-4.81837	10.8924	15.7108
spk_ver/v12/v1258	SES206	-2.06647	12.6599	14.7264
spk_ver/v12/v1259	SES206	-5.33704	9.66198	14.999
spk_ver/v12/v1260	SES206	-5.62338	8.57922	14.2026
spk_ver/v12/v1261	SES206	-5.91019	10.0641	15.9743
spk_ver/v12/v1262	SES206	-6.02934	8.99929	15.0286
spk_ver/v12/v1263	SES206	-3.66738	11.9883	15.6557
spk_ver/v12/v1264	SES149	1.11218	17.3909	16.2788
spk_ver/v12/v1265	SES206	-1.24209	11.3945	12.6366
spk_ver/v12/v1266	SES206	-4.70199	10.0846	14.7866
spk_ver/v12/v1267	SES206	-1.68754	9.94854	11.6361
spk_ver/v12/v1268	SES206	-3.07674	10.5347	13.6114
spk_ver/v12/v1269	SES206	-6.09745	7.45014	13.5476
spk_ver/v12/v1270	SES206	-7.6727	4.12905	11.8018
spk_ver/v12/v1271	SES226	-5.05487	8.28498	13.3398
spk_ver/v12/v1272	SES226	-0.68931	16.3548	17.0442
spk_ver/v12/v1273	SES226	-4.84392	11.5141	16.358
spk_ver/v12/v1274	SES226	-4.9882	9.31765	14.3059
spk_ver/v12/v1275	SES226	-0.885737	12.0672	12.9529
spk_ver/v12/v1276	SES226	-5.62782	8.89534	14.5232
spk_ver/v12/v1277	SES226	-1.14058	14.7579	15.8985
spk_ver/v12/v1278	SES226	-0.842267	13.4639	14.3062
spk_ver/v12/v1279	SES226	-5.13593	11.3067	16.4427
spk_ver/v12/v1280	SES226	-3.59144	11.9926	15.5841
spk_ver/v12/v1281	SES226	-1.51272	13.1413	14.654
spk_ver/v12/v1282	SES226	-2.37073	11.9289	14.2996
spk_ver/v12/v1283	SES143	2.02679	16.2229	14.1961
spk_ver/v12/v1284	SES226	-4.636	12.1868	16.8228
spk_ver/v12/v1285	SES226	-2.58105	12.9845	15.5655
spk_ver/v12/v1286	SES226	-2.43013	11.0479	13.4781
spk_ver/v12/v1287	SES226	-2.94602	12.1787	15.1248
spk_ver/v12/v1288	SES226	-5.48216	9.86787	15.35
spk_ver/v12/v1289	SES104	1.93156	17.0576	15.126
spk_ver/v12/v1290	SES008	3.21408	17.1404	13.9264
spk_ver/v12/v1291	SES226	-1.24251	13.5786	14.8211
spk_ver/v12/v1292	SES259	-4.69839	9.55273	14.2511
spk_ver/v12/v1293	SES062	1.29714	17.6513	16.3541
spk_ver/v12/v1294	SES099	1.65063	15.0527	13.4021
spk_ver/v12/v1295	SES158	1.0048	14.1945	13.1897
spk_ver/v12/v1296	SES259	-4.22901	12.3407	16.5697
spk_ver/v12/v1297	SES259	-5.94884	9.11641	15.0652
spk_ver/v12/v1298	SES259	-4.33573	11.5704	15.9061
spk_ver/v12/v1299	SES259	-4.44947	10.0529	14.5024
spk_ver/v13/v1300	SES120	1.52466	15.0479	13.5232
spk_ver/v13/v1301	SES259	-6.51528	8.3395	14.8548
spk_ver/v13/v1302	SES259	-5.53938	8.45988	13.9993
spk_ver/v13/v1303	SES129	1.72792	16.931	15.2031
spk_ver/v13/v1304	SES259	-3.13299	10.797	13.93
spk_ver/v13/v1305	SES259	-6.19649	7.82557	14.0221
spk_ver/v13/v1306	SES106	1.25445	16.0493	14.7948
spk_ver/v13/v1307	SES259	-4.31325	10.3141	14.6273
spk_ver/v13/v1308	SES259	-1.99139	12.2845	14.2759
spk_ver/v13/v1309	SES259	-5.37778	10.5735	15.9513
spk_ver/v13/v1310	SES259	-4.95095	11.4891	16.4401
spk_ver/v13/v1311	SES259	-3.49962	11.8409	15.3405
spk_ver/v13/v1312	SES259	-4.6244	11.3222	15.9466
spk_ver/v13/v1313	SES144	0.917831	16.2899	15.3721
spk_ver/v13/v1314	SES259	-5.58763	9.30879	14.8964
spk_ver/v13/v1315	SES162	1.7919	16.6615	14.8696
spk_ver/v13/v1316	SES206	0.994803	16.9871	15.9922
spk_ver/v13/v1317	SES175	1.1689	15.381	14.2121
spk_ver/v13/v1318	SES259	-5.47537	8.69427	14.1696
spk_ver/v13/v1319	SES259	-4.9981	9.89641	14.8945
spk_ver/v13/v1320	SES270	-0.175036	14.7133	14.8883
spk_ver/v13/v1321	SES101	0.549792	16.217	15.6672
spk_ver/v13/v1322	SES177	0.873068	17.5217	16.6486
spk_ver/v13/v1323	SES127	0.963537	17.6507	16.6872
spk_ver/v13/v1324	SES270	-4.81054	9.48504	14.2956
spk_ver/v13/v1325	SES062	1.1979	17.4941	16.2962
spk_ver/v13/v1326	SES270	0.355686	14.1396	13.7839
spk_ver/v13/v1327	SES120	0.422688	13.1888	12.7661
spk_ver/v13/v1328	SES270	-4.46476	9.32071	13.7855
spk_ver/v13/v1329	SES270	-4.92643	12.0499	16.9763
spk_ver/v13/v1330	SES270	-0.0840578	13.7512	13.8352
spk_ver/v13/v1331	SES270	-4.54472	12.6098	17.1545
spk_ver/v13/v1332	SES270	-1.24414	15.2077	16.4519
spk_ver/v13/v1333	SES270	-3.3182	11.2793	14.5975
spk_ver/v13/v1334	SES270	-3.61083	12.0436	15.6544
spk_ver/v13/v1335	SES270	-0.30407	15.0407	15.3448
spk_ver/v13/v1336	SES270	-1.79607	12.5727	14.3687
spk_ver/v13/v1337	SES016	2.24088	17.6682	15.4274
spk_ver/v13/v1338	SES270	-5.39543	11.2854	16.6808
spk_ver/v13/v1339	SES002	1.28344	17.256	15.9726
spk_ver/v13/v1340	SES105	2.29351	15.9525	13.659
spk_ver/v13/v1341	SES275	-2.98626	11.7414	14.7276
spk_ver/v13/v1342	SES187	0.904743	15.9132	15.0085
spk_ver/v13/v1343	SES275	-2.61985	11.8957	14.5156
spk_ver/v13/v1344	SES275	-3.8031	9.96978	13.7729
spk_ver/v13/v1345	SES275	-2.67873	11.5295	14.2083
spk_ver/v13/v1346	SES275	-5.52793	9.37609	14.904
spk_ver/v13/v1347	SES275	-2.99116	11.1225	14.1137
spk_ver/v13/v1348	SES180	0.79609	16.4768	15.6808
spk_ver/v13/v1349	SES275	-2.34847	10.7176	13.066
spk_ver/v13/v1350	SES275	-1.62491	14.4725	16.0974
spk_ver/v13/v1351	SES275	-3.77104	7.16658	10.9376
spk_ver/v13/v1352	SES275	-2.23995	13.5217	15.7617
spk_ver/v13/v1353	SES275	-2.04913	9.56631	11.6154
spk_ver/v13/v1354	SES189	1.45308	13.7671	12.314
spk_ver/v13/v1355	SES068	1.39769	17.9594	16.5617
spk_ver/v13/v1356	SES275	-3.11095	9.45627	12.5672
spk_ver/v13/v1357	SES048	0.178861	15.7622	15.5834
spk_ver/v13/v1358	SES226	2.25169	19.0652	16.8135
spk_ver/v13/v1359	SES016	1.65334	17.9405	16.2871
spk_ver/v13/v1360	SES275	-2.66332	11.6294	14.2928
spk_ver/v13/v1361	SES068	1.18876	17.8259	16.6371
spk_ver/v13/v1362	SES275	-3.32009	10.8557	14.1758
spk_ver/v13/v1363	SES275	-3.19059	11.2953	14.4859
spk_ver/v13/v1364	SES275	-3.39335	10.5575	13.9509
spk_ver/v13/v1365	SES275	-1.36657	14.6023	15.9689
spk_ver/v13/v1366	SES187	0.86119	16.6507	15.7895
spk_ver/v13/v1367	SES275	-3.87072	9.35417	13.2249
spk_ver/v13/v1368	SES125	1.57002	16.4575	14.8875
spk_ver/v13/v1369	SES275	-2.32841	9.35304	11.6815
spk_ver/v13/v1370	SES292	-2.36461	12.3932	14.7578
spk_ver/v13/v1371	SES292	-1.53589	13.6802	15.2161
spk_ver/v13/v1372	SES292	-1.95907	11.062	13.0211
spk_ver/v13/v1373	SES292	-2.13305	12.4864	14.6194
spk_ver/v13/v1374	SES101	1.28412	15.7801	14.496
spk_ver/v13/v1375	SES292	-2.34687	12.9604	15.3072
spk_ver/v13/v1376	SES292	-1.78903	13.5971	15.3861
spk_ver/v13/v1377	SES292	-4.09392	8.83173	12.9256
spk_ver/v13/v1378	SES292	-1.30894	14.0044	15.3133
spk_ver/v13/v1379	SES292	-1.70139	12.4327	14.1341
spk_ver/v13/v1380	SES292	-2.22196	13.4316	15.6536
spk_ver/v13/v1381	SES292	-1.3902	16.6992	18.0894
spk_ver/v13/v1382	SES292	-2.03346	11.9967	14.0302
spk_ver/v13/v1383	SES292	-1.33361	12.5726	13.9062
spk_ver/v13/v1384	SES292	-1.60349	13.3695	14.973
spk_ver/v13/v1385	SES292	-1.34472	13.8789	15.2236
spk_ver/v13/v1386	SES292	-1.58359	12.8096	14.3932
spk_ver/v13/v1387	SES158	1.68894	13.3707	11.6818
spk_ver/v13/v1388	SES292	-1.11413	15.9276	17.0418
spk_ver/v13/v1389	SES292	-1.42543	17.0654	18.4909
spk_ver/v13/v1390	SES292	-1.85594	14.6362	16.4922
spk_ver/v13/v1391	SES292	-2.13392	13.2953	15.4293
spk_ver/v13/v1392	SES292	-2.72413	11.9908	14.7149
spk_ver/v13/v1393	SES292	-1.81572	13.4862	15.3019
spk_ver/v13/v1394	SES292	-1.70687	13.8843	15.5912
spk_ver/v13/v1395	SES292	-1.69455	13.3231	15.0177
spk_ver/v13/v1396	SES117	1.33138	14.2605	12.9292
spk_ver/v13/v1397	SES292	-2.67654	12.8676	15.5441
spk_ver/v13/v1398	SES292	-2.72027	10.894	13.6143
spk_ver/v13/v1399	SES292	-0.524863	14.884	15.4089
