BLOCK00/SES002/SA002S12	SES002	2.27715	-67.4772	-69.7544
BLOCK00/SES002/SA002S13	SES002	1.56973	-69.0837	-70.6535
BLOCK00/SES002/SA002S23	SES002	1.96208	-67.9663	-69.9284
BLOCK00/SES002/SA002S26	SES002	2.29929	-66.8715	-69.1708
BLOCK00/SES002/SA002S28	SES002	1.36237	-68.9408	-70.3032
BLOCK00/SES007/SA007S14	SES007	2.00546	-69.615	-71.6205
BLOCK00/SES007/SA007S15	SES007	1.51349	-70.9973	-72.5108
BLOCK00/SES007/SA007S24	SES007	1.61926	-70.5234	-72.1426
BLOCK00/SES007/SA007S27	SES007	1.31065	-70.567	-71.8776
BLOCK00/SES007/SA007S29	SES007	1.5368	-69.6675	-71.2043
BLOCK00/SES008/SA008S11	SES008	1.86334	-70.3506	-72.2139
BLOCK00/SES008/SA008S12	SES008	0.704315	-71.1749	-71.8793
BLOCK00/SES008/SA008S19	SES008	1.97266	-69.8355	-71.8082
BLOCK00/SES008/SA008S22	SES008	1.67185	-71.4296	-73.1014
BLOCK00/SES008/SA008S29	SES008	1.74027	-69.922	-71.6623
BLOCK01/SES014/SA014S10	SES014	1.9295	-68.8979	-70.8274
BLOCK01/SES014/SA014S12	SES014	2.94069	-66.6253	-69.566
BLOCK01/SES014/SA014S24	SES014	2.06322	-68.0493	-70.1125
BLOCK01/SES014/SA014S26	SES014	2.75716	-65.6964	-68.4536
BLOCK01/SES014/SA014S28	SES014	2.47559	-67.3704	-69.846
BLOCK01/SES016/SA016S12	SES016	1.0603	-74.205	-75.2653
BLOCK01/SES016/SA016S13	SES016	1.40883	-73.1727	-74.5815
BLOCK01/SES016/SA016S22	SES016	0.94648	-73.6501	-74.5966
BLOCK01/SES016/SA016S25	SES016	1.33932	-70.6596	-71.9989
BLOCK01/SES016/SA016S27	SES016	2.38834	-70.0209	-72.4092
BLOCK01/SES019/SA019S13	SES019	2.53783	-69.2168	-71.7546
BLOCK01/SES019/SA019S14	SES019	2.26643	-69.0499	-71.3164
BLOCK01/SES019/SA019S22	SES019	2.37124	-69.2198	-71.5911
BLOCK01/SES019/SA019S25	SES019	1.97059	-69.7781	-71.7486
BLOCK01/SES019/SA019S29	SES019	3.01212	-69.3032	-72.3153
BLOCK02/SES029/SA029S11	SES029	1.44876	-71.1895	-72.6383
BLOCK02/SES029/SA029S12	SES029	0.859467	-70.8538	-71.7133
BLOCK02/SES029/SA029S20	SES029	0.694992	-72.3842	-73.0792
BLOCK02/SES029/SA029S25	SES029	1.47614	-71.2581	-72.7342
BLOCK02/SES029/SA029S28	SES029	1.06926	-71.2778	-72.3471
BLOCK04/SES042/SA042S12	SES042	3.23669	-67.1674	-70.404
BLOCK04/SES042/SA042S15	SES042	2.09851	-68.339	-70.4375
BLOCK04/SES042/SA042S22	SES042	4.3014	-65.2274	-69.5288
BLOCK04/SES042/SA042S25	SES042	2.54458	-67.8963	-70.4409
BLOCK04/SES042/SA042S27	SES042	3.53828	-66.4437	-69.9819
BLOCK04/SES048/SA048S11	SES048	1.74847	-68.9738	-70.7223
BLOCK04/SES048/SA048S12	SES048	1.66199	-69.35	-71.012
BLOCK04/SES048/SA048S20	SES048	1.58522	-69.0896	-70.6749
BLOCK04/SES048/SA048S23	SES048	2.26409	-69.1839	-71.448
BLOCK04/SES048/SA048S27	SES048	1.69144	-68.8569	-70.5483
BLOCK06/SES060/SA060S11	SES060	1.69198	-71.5851	-73.277
BLOCK06/SES060/SA060S12	SES060	0.512222	-74.5848	-75.0971
BLOCK06/SES060/SA060S22	SES060	0.564316	-72.4147	-72.979
BLOCK06/SES060/SA060S24	SES060	1.13185	-70.5105	-71.6423
BLOCK06/SES060/SA060S28	SES060	1.77695	-69.3552	-71.1322
BLOCK06/SES062/SA062S10	SES062	1.9995	-69.9217	-71.9212
BLOCK06/SES062/SA062S11	SES062	2.25381	-71.3299	-73.5837
BLOCK06/SES062/SA062S21	SES062	2.49998	-68.0123	-70.5123
BLOCK06/SES062/SA062S26	SES062	1.85953	-69.9953	-71.8548
BLOCK06/SES062/SA062S29	SES062	1.73505	-69.7116	-71.4466
BLOCK06/SES068/SA068S14	SES068	1.52197	-71.3072	-72.8292
BLOCK06/SES068/SA068S15	SES068	2.17057	-69.5173	-71.6879
BLOCK06/SES068/SA068S23	SES068	1.45681	-71.0917	-72.5485
BLOCK06/SES068/SA068S27	SES068	2.77053	-70.4548	-73.2253
BLOCK06/SES068/SA068S29	SES068	1.68153	-70.17	-71.8515
BLOCK08/SES082/SA082S12	SES082	1.68578	-69.2054	-70.8912
BLOCK08/SES082/SA082S14	SES082	0.863716	-70.8188	-71.6825
BLOCK08/SES082/SA082S21	SES082	1.55664	-70.1854	-71.742
BLOCK08/SES082/SA082S24	SES082	2.04401	-69.7309	-71.7749
BLOCK08/SES082/SA082S28	SES082	1.00579	-70.6015	-71.6073
BLOCK08/SES083/SA083S14	SES083	0.906143	-71.9238	-72.8299
BLOCK08/SES083/SA083S15	SES083	1.44553	-71.3871	-72.8326
BLOCK08/SES083/SA083S24	SES083	0.99762	-71.8347	-72.8323
BLOCK08/SES083/SA083S26	SES083	0.785858	-71.011	-71.7968
BLOCK08/SES083/SA083S29	SES083	1.11894	-70.6572	-71.7761
BLOCK08/SES085/SA085S10	SES085	1.23398	-70.985	-72.219
BLOCK08/SES085/SA085S13	SES085	1.4161	-72.8615	-74.2776
BLOCK08/SES085/SA085S22	SES085	0.392838	-74.2143	-74.6071
BLOCK08/SES085/SA085S26	SES085	1.48879	-72.9707	-74.4595
BLOCK08/SES085/SA085S28	SES085	1.34022	-70.7093	-72.0495
BLOCK08/SES087/SA087S15	SES087	1.93662	-68.5091	-70.4457
BLOCK08/SES087/SA087S16	SES087	1.50178	-69.4405	-70.9423
BLOCK08/SES087/SA087S24	SES087	1.63528	-68.7448	-70.3801
BLOCK08/SES087/SA087S26	SES087	1.83192	-67.8478	-69.6798
BLOCK08/SES087/SA087S29	SES087	1.35669	-69.3361	-70.6928
BLOCK09/SES099/SA099S15	SES099	1.6227	-69.4084	-71.0311
BLOCK09/SES099/SA099S16	SES099	1.63331	-68.9324	-70.5657
BLOCK09/SES099/SA099S24	SES099	1.70315	-68.5752	-70.2784
BLOCK09/SES099/SA099S26	SES099	2.05405	-68.3053	-70.3593
BLOCK09/SES099/SA099S29	SES099	1.68503	-68.7152	-70.4002
BLOCK10/SES101/SA101S11	SES101	1.4958	-70.0852	-71.581
BLOCK10/SES101/SA101S13	SES101	1.58672	-70.224	-71.8107
BLOCK10/SES101/SA101S22	SES101	1.2319	-72.1265	-73.3585
BLOCK10/SES101/SA101S24	SES101	1.61327	-70.5868	-72.2001
BLOCK10/SES101/SA101S28	SES101	0.406319	-73.3912	-73.7975
BLOCK10/SES104/SA104S11	SES104	1.28712	-68.5412	-69.8283
BLOCK10/SES104/SA104S12	SES104	1.746	-68.7645	-70.5105
BLOCK10/SES104/SA104S21	SES104	1.63474	-69.2876	-70.9224
BLOCK10/SES104/SA104S24	SES104	1.9614	-68.701	-70.6624
BLOCK10/SES104/SA104S28	SES104	2.26547	-68.7796	-71.045
BLOCK10/SES105/SA105S12	SES105	1.31822	-71.011	-72.3292
BLOCK10/SES105/SA105S13	SES105	1.08987	-70.4965	-71.5863
BLOCK10/SES105/SA105S22	SES105	0.839722	-71.0874	-71.9272
BLOCK10/SES105/SA105S26	SES105	1.45595	-71.2497	-72.7056
BLOCK10/SES105/SA105S29	SES105	0.741631	-71.4871	-72.2288
BLOCK10/SES106/SA106S09	SES106	0.80349	-70.3056	-71.1091
BLOCK10/SES106/SA106S11	SES106	1.6016	-68.8073	-70.4089
BLOCK10/SES106/SA106S22	SES106	2.08459	-69.54	-71.6246
BLOCK10/SES106/SA106S27	SES106	1.66563	-69.6181	-71.2838
BLOCK10/SES106/SA106S29	SES106	1.38166	-68.6691	-70.0508
BLOCK11/SES117/SA117S12	SES117	1.08806	-72.2101	-73.2981
BLOCK11/SES117/SA117S13	SES117	0.666458	-72.2333	-72.8997
BLOCK11/SES117/SA117S23	SES117	2.49948	-73.4822	-75.9817
BLOCK11/SES117/SA117S25	SES117	1.84686	-72.2368	-74.0836
BLOCK11/SES117/SA117S28	SES117	2.11681	-72.7777	-74.8945
BLOCK12/SES120/SA120S08	SES120	1.13778	-72.2787	-73.4165
BLOCK12/SES120/SA120S11	SES120	0.720268	-73.3173	-74.0376
BLOCK12/SES120/SA120S22	SES120	1.79209	-70.2824	-72.0745
BLOCK12/SES120/SA120S24	SES120	1.89426	-71.0192	-72.9134
BLOCK12/SES120/SA120S28	SES120	1.11029	-72.7057	-73.816
BLOCK12/SES125/SA125S13	SES125	2.08743	-68.3377	-70.4252
BLOCK12/SES125/SA125S14	SES125	1.57109	-68.9509	-70.5219
BLOCK12/SES125/SA125S25	SES125	2.79948	-67.6152	-70.4147
BLOCK12/SES125/SA125S27	SES125	2.8087	-67.081	-69.8897
BLOCK12/SES125/SA125S29	SES125	2.29539	-68.3565	-70.6519
BLOCK12/SES127/SA127S11	SES127	1.84116	-71.2583	-73.0995
BLOCK12/SES127/SA127S12	SES127	1.36473	-70.6006	-71.9654
BLOCK12/SES127/SA127S23	SES127	1.59685	-71.2603	-72.8572
BLOCK12/SES127/SA127S25	SES127	1.0894	-71.5262	-72.6156
BLOCK12/SES127/SA127S27	SES127	2.22146	-71.3463	-73.5677
BLOCK12/SES129/SA129S11	SES129	1.74451	-69.8404	-71.5849
BLOCK12/SES129/SA129S12	SES129	2.37304	-68.9663	-71.3394
BLOCK12/SES129/SA129S22	SES129	2.10981	-69.4346	-71.5444
BLOCK12/SES129/SA129S27	SES129	2.35554	-68.7558	-71.1113
BLOCK12/SES129/SA129S29	SES129	2.57355	-68.5028	-71.0764
BLOCK14/SES142/SA142S11	SES142	3.58885	-71.7352	-75.3241
BLOCK14/SES142/SA142S12	SES142	3.31638	-72.2754	-75.5918
BLOCK14/SES142/SA142S24	SES142	4.6316	-71.6428	-76.2744
BLOCK14/SES142/SA142S27	SES142	3.55628	-70.8804	-74.4367
BLOCK14/SES142/SA142S29	SES142	3.88268	-70.7578	-74.6404
BLOCK14/SES143/SA143S12	SES143	1.63799	-71.772	-73.41
BLOCK14/SES143/SA143S13	SES143	1.42078	-71.5003	-72.9211
BLOCK14/SES143/SA143S23	SES143	2.31844	-72.0301	-74.3485
BLOCK14/SES143/SA143S25	SES143	2.16558	-72.468	-74.6336
BLOCK14/SES143/SA143S28	SES143	1.89974	-71.2235	-73.1232
BLOCK14/SES144/SA144S09	SES144	1.0601	-70.8949	-71.955
BLOCK14/SES144/SA144S11	SES144	1.28683	-71.4381	-72.7249
BLOCK14/SES144/SA144S21	SES144	0.947029	-71.6273	-72.5743
BLOCK14/SES144/SA144S25	SES144	0.669472	-71.6825	-72.3519
BLOCK14/SES144/SA144S29	SES144	1.06796	-71.5675	-72.6355
BLOCK14/SES146/SA146S14	SES146	1.00392	-70.8125	-71.8164
BLOCK14/SES146/SA146S15	SES146	0.624626	-71.6322	-72.2568
BLOCK14/SES146/SA146S24	SES146	0.793098	-71.5522	-72.3453
BLOCK14/SES146/SA146S26	SES146	1.26025	-71.6282	-72.8885
BLOCK14/SES146/SA146S29	SES146	1.1638	-71.6774	-72.8412
BLOCK14/SES147/SA147S11	SES147	1.7738	-72.0934	-73.8672
BLOCK14/SES147/SA147S13	SES147	2.22789	-70.7985	-73.0264
BLOCK14/SES147/SA147S23	SES147	2.16181	-72.8497	-75.0115
BLOCK14/SES147/SA147S26	SES147	1.99709	-71.3413	-73.3384
BLOCK14/SES147/SA147S28	SES147	2.26205	-70.8271	-73.0891
BLOCK14/SES148/SA148S10	SES148	1.52158	-70.1557	-71.6772
BLOCK14/SES148/SA148S12	SES148	1.34846	-71.3175	-72.6659
BLOCK14/SES148/SA148S22	SES148	1.70059	-69.688	-71.3886
BLOCK14/SES148/SA148S26	SES148	1.68987	-70.4341	-72.1239
BLOCK14/SES148/SA148S29	SES148	1.48408	-70.713	-72.197
BLOCK14/SES149/SA149S13	SES149	1.33229	-69.1654	-70.4977
BLOCK14/SES149/SA149S14	SES149	0.931854	-69.3306	-70.2624
BLOCK14/SES149/SA149S24	SES149	1.61873	-69.3475	-70.9662
BLOCK14/SES149/SA149S26	SES149	1.91251	-69.0282	-70.9407
BLOCK14/SES149/SA149S28	SES149	2.55205	-68.2836	-70.8356
BLOCK15/SES158/SA158S13	SES158	1.73012	-69.6763	-71.4065
BLOCK15/SES158/SA158S14	SES158	2.28859	-69.8219	-72.1105
BLOCK15/SES158/SA158S23	SES158	1.63876	-69.4705	-71.1093
BLOCK15/SES158/SA158S26	SES158	2.66764	-69.3303	-71.9979
BLOCK15/SES158/SA158S28	SES158	1.30624	-70.0029	-71.3091
BLOCK16/SES162/SA162S10	SES162	1.36524	-71.7687	-73.1339
BLOCK16/SES162/SA162S11	SES162	1.96844	-71.14	-73.1084
BLOCK16/SES162/SA162S21	SES162	2.36048	-71.1167	-73.4772
BLOCK16/SES162/SA162S24	SES162	2.29886	-71.1524	-73.4513
BLOCK16/SES162/SA162S27	SES162	2.33123	-72.0482	-74.3794
BLOCK16/SES167/SA167S14	SES167	2.18601	-70.5245	-72.7105
BLOCK16/SES167/SA167S15	SES167	2.54774	-71.511	-74.0588
BLOCK16/SES167/SA167S21	SES167	2.04266	-70.5292	-72.5718
BLOCK16/SES167/SA167S25	SES167	2.33884	-71.3516	-73.6905
BLOCK16/SES167/SA167S29	SES167	2.9863	-69.8291	-72.8154
BLOCK17/SES172/SA172S12	SES172	2.24017	-71.369	-73.6092
BLOCK17/SES172/SA172S13	SES172	2.09473	-72.2247	-74.3194
BLOCK17/SES172/SA172S23	SES172	2.09772	-70.8254	-72.9231
BLOCK17/SES172/SA172S27	SES172	1.66096	-71.6835	-73.3445
BLOCK17/SES172/SA172S29	SES172	2.11305	-71.291	-73.404
BLOCK17/SES175/SA175S11	SES175	2.36887	-71.9392	-74.3081
BLOCK17/SES175/SA175S13	SES175	2.09392	-69.8784	-71.9724
BLOCK17/SES175/SA175S23	SES175	3.01743	-70.7658	-73.7833
BLOCK17/SES175/SA175S25	SES175	1.61868	-72.575	-74.1936
BLOCK17/SES175/SA175S28	SES175	2.80747	-71.3083	-74.1158
BLOCK17/SES177/SA177S15	SES177	1.4957	-71.0959	-72.5916
BLOCK17/SES177/SA177S17	SES177	1.65926	-70.9175	-72.5767
BLOCK17/SES177/SA177S23	SES177	1.89433	-71.5898	-73.4841
BLOCK17/SES177/SA177S26	SES177	1.94823	-69.7536	-71.7018
BLOCK17/SES177/SA177S28	SES177	2.26112	-70.585	-72.8461
BLOCK18/SES180/SA180S13	SES180	1.60079	-72.1199	-73.7207
BLOCK18/SES180/SA180S15	SES180	1.54448	-71.4047	-72.9492
BLOCK18/SES180/SA180S24	SES180	1.80415	-70.7032	-72.5074
BLOCK18/SES180/SA180S26	SES180	1.56477	-71.2914	-72.8562
BLOCK18/SES180/SA180S29	SES180	2.21315	-71.7444	-73.9575
BLOCK18/SES183/SA183S13	SES183	1.59325	-71.2037	-72.7969
BLOCK18/SES183/SA183S14	SES183	1.3648	-71.1212	-72.486
BLOCK18/SES183/SA183S24	SES183	2.1815	-71.3179	-73.4994
BLOCK18/SES183/SA183S27	SES183	1.79386	-70.606	-72.3999
BLOCK18/SES183/SA183S29	SES183	2.01926	-69.9549	-71.9742
BLOCK18/SES187/SA187S13	SES187	1.84348	-73.2383	-75.0817
BLOCK18/SES187/SA187S14	SES187	1.89186	-72.7319	-74.6237
BLOCK18/SES187/SA187S24	SES187	2.71211	-72.8616	-75.5737
BLOCK18/SES187/SA187S27	SES187	1.23389	-72.4109	-73.6448
BLOCK18/SES187/SA187S29	SES187	1.9453	-72.8162	-74.7615
BLOCK18/SES189/SA189S10	SES189	3.86787	-74.1409	-78.0087
BLOCK18/SES189/SA189S13	SES189	4.71482	-74.6023	-79.3171
BLOCK18/SES189/SA189S24	SES189	4.96852	-74.0421	-79.0106
BLOCK18/SES189/SA189S26	SES189	3.0223	-73.5557	-76.578
BLOCK18/SES189/SA189S29	SES189	4.00028	-73.6908	-77.6911
BLOCK20/SES202/SA202S12	SES202	3.17522	-72.1421	-75.3173
BLOCK20/SES202/SA202S14	SES202	3.87981	-70.8642	-74.744
BLOCK20/SES202/SA202S24	SES202	3.22376	-71.4068	-74.6305
BLOCK20/SES202/SA202S27	SES202	3.76872	-70.4699	-74.2386
BLOCK20/SES202/SA202S29	SES202	4.46262	-70.806	-75.2686
BLOCK20/SES206/SA206S15	SES206	1.8597	-68.385	-70.2447
BLOCK20/SES206/SA206S17	SES206	1.94971	-68.0323	-69.982
BLOCK20/SES206/SA206S24	SES206	2.3183	-67.6303	-69.9486
BLOCK20/SES206/SA206S27	SES206	1.83392	-68.3081	-70.142
BLOCK20/SES206/SA206S29	SES206	2.14877	-66.6867	-68.8355
BLOCK22/SES226/SA226S12	SES226	2.14216	-69.7681	-71.9103
BLOCK22/SES226/SA226S13	SES226	1.0052	-69.75	-70.7552
BLOCK22/SES226/SA226S20	SES226	2.02045	-69.7136	-71.7341
BLOCK22/SES226/SA226S23	SES226	1.92105	-69.1001	-71.0211
BLOCK22/SES226/SA226S28	SES226	2.4907	-68.6709	-71.1616
BLOCK25/SES259/SA259S13	SES259	2.04711	-68.1979	-70.245
BLOCK25/SES259/SA259S14	SES259	1.35594	-68.2047	-69.5606
BLOCK25/SES259/SA259S22	SES259	1.71155	-67.8988	-69.6103
BLOCK25/SES259/SA259S24	SES259	1.88999	-66.9152	-68.8052
BLOCK25/SES259/SA259S28	SES259	2.1527	-67.6041	-69.7568
BLOCK27/SES270/SA270S14	SES270	1.85217	-69.4715	-71.3236
BLOCK27/SES270/SA270S16	SES270	1.32964	-69.2073	-70.5369
BLOCK27/SES270/SA270S22	SES270	1.5938	-69.3567	-70.9505
BLOCK27/SES270/SA270S26	SES270	1.4703	-69.8991	-71.3694
BLOCK27/SES270/SA270S28	SES270	1.33706	-69.3177	-70.6547
BLOCK27/SES275/SA275S17	SES275	2.01462	-70.8596	-72.8742
BLOCK27/SES275/SA275S18	SES275	1.34927	-72.1341	-73.4833
BLOCK27/SES275/SA275S24	SES275	1.67512	-71.4394	-73.1145
BLOCK27/SES275/SA275S26	SES275	1.77128	-70.5602	-72.3314
BLOCK27/SES275/SA275S28	SES275	1.28217	-69.9493	-71.2315
BLOCK29/SES292/SA292S10	SES292	0.753731	-71.7095	-72.4632
BLOCK29/SES292/SA292S12	SES292	0.606079	-73.2071	-73.8132
BLOCK29/SES292/SA292S22	SES292	1.49429	-70.9272	-72.4215
BLOCK29/SES292/SA292S24	SES292	0.954308	-71.2192	-72.1735
BLOCK29/SES292/SA292S27	SES292	1.12199	-70.9733	-72.0953
BLOCK00/SES001/SA001S14	SES062	-0.0195312	-71.9687	-71.9491
BLOCK00/SES001/SA001S14	SES082	-0.938042	-72.8872	-71.9491
BLOCK00/SES001/SA001S14	SES106	-1.21349	-73.1626	-71.9491
BLOCK00/SES001/SA001S14	SES206	-1.62412	-73.5733	-71.9491
BLOCK00/SES001/SA001S15	SES062	0.132057	-70.8618	-70.9939
BLOCK00/SES001/SA001S15	SES104	-0.827911	-71.8218	-70.9939
BLOCK00/SES001/SA001S15	SES106	-0.876945	-71.8708	-70.9939
BLOCK00/SES001/SA001S15	SES206	-0.892479	-71.8864	-70.9939
BLOCK00/SES001/SA001S24	SES062	-0.426872	-73.196	-72.7691
BLOCK00/SES001/SA001S24	SES082	-0.257172	-73.0263	-72.7691
BLOCK00/SES001/SA001S24	SES087	-1.50564	-74.2748	-72.7691
BLOCK00/SES001/SA001S24	SES206	-0.0776215	-72.8467	-72.7691
BLOCK00/SES001/SA001S27	SES062	-0.0648804	-70.8081	-70.7432
BLOCK00/SES001/SA001S27	SES082	-0.416313	-71.1595	-70.7432
BLOCK00/SES001/SA001S27	SES087	-1.27713	-72.0203	-70.7432
BLOCK00/SES001/SA001S27	SES206	-0.702484	-71.4457	-70.7432
BLOCK00/SES001/SA001S29	SES062	-0.178322	-72.431	-72.2526
BLOCK00/SES001/SA001S29	SES082	-0.576469	-72.8291	-72.2526
BLOCK00/SES001/SA001S29	SES158	0.247765	-72.0049	-72.2526
BLOCK00/SES001/SA001S29	SES206	-1.11726	-73.3699	-72.2526
BLOCK00/SES003/SA003S11	SES002	0.560081	-70.9016	-71.4617
BLOCK00/SES003/SA003S11	SES019	-0.029541	-71.4912	-71.4617
BLOCK00/SES003/SA003S11	SES082	1.11401	-70.3476	-71.4617
BLOCK00/SES003/SA003S11	SES125	0.231956	-71.2297	-71.4617
BLOCK00/SES003/SA003S15	SES016	-1.69214	-72.4546	-70.7625
BLOCK00/SES003/SA003S15	SES019	0.120491	-70.642	-70.7625
BLOCK00/SES003/SA003S15	SES062	-0.743042	-71.5055	-70.7625
BLOCK00/SES003/SA003S15	SES206	0.861557	-69.9009	-70.7625
BLOCK00/SES003/SA003S22	SES002	-0.0170288	-71.0508	-71.0338
BLOCK00/SES003/SA003S22	SES062	-0.148827	-71.1826	-71.0338
BLOCK00/SES003/SA003S22	SES082	0.62693	-70.4068	-71.0338
BLOCK00/SES003/SA003S22	SES087	-0.281349	-71.3151	-71.0338
BLOCK00/SES003/SA003S25	SES062	-0.973145	-73.1257	-72.1525
BLOCK00/SES003/SA003S25	SES082	0.696236	-71.4563	-72.1525
BLOCK00/SES003/SA003S25	SES087	-0.784744	-72.9373	-72.1525
BLOCK00/SES003/SA003S25	SES206	0.0664597	-72.0861	-72.1525
BLOCK00/SES003/SA003S29	SES002	-0.468758	-71.2749	-70.8061
BLOCK00/SES003/SA003S29	SES062	-0.355789	-71.1619	-70.8061
BLOCK00/SES003/SA003S29	SES082	0.611984	-70.1941	-70.8061
BLOCK00/SES003/SA003S29	SES087	0.137779	-70.6683	-70.8061
BLOCK00/SES004/SA004S12	SES083	0.357819	-73.6235	-73.9813
BLOCK00/SES004/SA004S12	SES148	-0.210503	-74.1918	-73.9813
BLOCK00/SES004/SA004S12	SES172	-0.00564575	-73.9869	-73.9813
BLOCK00/SES004/SA004S12	SES292	0.211197	-73.7701	-73.9813
BLOCK00/SES004/SA004S17	SES083	0.411987	-73.1973	-73.6093
BLOCK00/SES004/SA004S17	SES162	0.634262	-72.975	-73.6093
BLOCK00/SES004/SA004S17	SES172	-0.181068	-73.7903	-73.6093
BLOCK00/SES004/SA004S17	SES292	0.115128	-73.4941	-73.6093
BLOCK00/SES004/SA004S24	SES083	0.49015	-73.1635	-73.6536
BLOCK00/SES004/SA004S24	SES148	0.359352	-73.2943	-73.6536
BLOCK00/SES004/SA004S24	SES172	0.512337	-73.1413	-73.6536
BLOCK00/SES004/SA004S24	SES292	0.487511	-73.1661	-73.6536
BLOCK00/SES004/SA004S26	SES083	0.799561	-72.589	-73.3886
BLOCK00/SES004/SA004S26	SES127	0.934196	-72.4544	-73.3886
BLOCK00/SES004/SA004S26	SES148	-0.0663376	-73.4549	-73.3886
BLOCK00/SES004/SA004S26	SES292	0.677635	-72.7109	-73.3886
BLOCK00/SES004/SA004S28	SES083	0.777092	-72.9997	-73.7768
BLOCK00/SES004/SA004S28	SES127	-0.532921	-74.3097	-73.7768
BLOCK00/SES004/SA004S28	SES187	0.607185	-73.1696	-73.7768
BLOCK00/SES004/SA004S28	SES292	0.0720978	-73.7047	-73.7768
BLOCK00/SES006/SA006S10	SES014	-1.01826	-73.0763	-72.058
BLOCK00/SES006/SA006S10	SES158	0.299446	-71.7586	-72.058
BLOCK00/SES006/SA006S10	SES226	-1.43826	-73.4963	-72.058
BLOCK00/SES006/SA006S10	SES270	0.113052	-71.945	-72.058
BLOCK00/SES006/SA006S11	SES158	0.247581	-71.7949	-72.0424
BLOCK00/SES006/SA006S11	SES226	-1.12405	-73.1665	-72.0424
BLOCK00/SES006/SA006S11	SES270	0.193504	-71.8489	-72.0424
BLOCK00/SES006/SA006S11	SES275	-1.58931	-73.6317	-72.0424
BLOCK00/SES006/SA006S23	SES062	-1.2347	-71.641	-70.4063
BLOCK00/SES006/SA006S23	SES105	-1.06254	-71.4689	-70.4063
BLOCK00/SES006/SA006S23	SES158	0.0218887	-70.3844	-70.4063
BLOCK00/SES006/SA006S23	SES275	-0.921165	-71.3275	-70.4063
BLOCK00/SES006/SA006S26	SES104	0.0323334	-70.9567	-70.989
BLOCK00/SES006/SA006S26	SES158	1.09408	-69.8949	-70.989
BLOCK00/SES006/SA006S26	SES270	0.770828	-70.2182	-70.989
BLOCK00/SES006/SA006S26	SES275	-1.30273	-72.2917	-70.989
BLOCK00/SES006/SA006S28	SES007	-0.756485	-72.5121	-71.7556
BLOCK00/SES006/SA006S28	SES105	-1.08309	-72.8387	-71.7556
BLOCK00/SES006/SA006S28	SES158	-0.0199661	-71.7756	-71.7556
BLOCK00/SES006/SA006S28	SES275	-1.2728	-73.0284	-71.7556
BLOCK00/SES009/SA009S12	SES083	0.579483	-71.606	-72.1855
BLOCK00/SES009/SA009S12	SES148	0.383171	-71.8024	-72.1855
BLOCK00/SES009/SA009S12	SES177	-1.38678	-73.5723	-72.1855
BLOCK00/SES009/SA009S12	SES292	1.27612	-70.9094	-72.1855
BLOCK00/SES009/SA009S15	SES007	2.26736	-69.3909	-71.6582
BLOCK00/SES009/SA009S15	SES099	-2.00534	-73.6636	-71.6582
BLOCK00/SES009/SA009S15	SES148	0.126968	-71.5313	-71.6582
BLOCK00/SES009/SA009S15	SES172	-0.214478	-71.8727	-71.6582
BLOCK00/SES009/SA009S24	SES146	0.715683	-71.2144	-71.9301
BLOCK00/SES009/SA009S24	SES148	0.087471	-71.8426	-71.9301
BLOCK00/SES009/SA009S24	SES177	-1.22473	-73.1548	-71.9301
BLOCK00/SES009/SA009S24	SES292	1.06446	-70.8656	-71.9301
BLOCK00/SES009/SA009S26	SES083	0.390945	-71.8384	-72.2293
BLOCK00/SES009/SA009S26	SES101	0.595413	-71.6339	-72.2293
BLOCK00/SES009/SA009S26	SES120	1.10564	-71.1237	-72.2293
BLOCK00/SES009/SA009S26	SES177	-1.29007	-73.5194	-72.2293
BLOCK00/SES009/SA009S29	SES083	0.852531	-70.7506	-71.6031
BLOCK00/SES009/SA009S29	SES101	0.606712	-70.9964	-71.6031
BLOCK00/SES009/SA009S29	SES177	-1.29195	-72.8951	-71.6031
BLOCK00/SES009/SA009S29	SES292	1.40046	-70.2027	-71.6031
BLOCK01/SES011/SA011S10	SES019	1.34102	-70.1017	-71.4428
BLOCK01/SES011/SA011S10	SES042	1.6264	-69.8164	-71.4428
BLOCK01/SES011/SA011S10	SES082	0.78154	-70.6612	-71.4428
BLOCK01/SES011/SA011S10	SES206	1.86038	-69.5824	-71.4428
BLOCK01/SES011/SA011S11	SES019	0.351089	-71.6901	-72.0412
BLOCK01/SES011/SA011S11	SES042	0.758736	-71.2825	-72.0412
BLOCK01/SES011/SA011S11	SES082	0.329971	-71.7112	-72.0412
BLOCK01/SES011/SA011S11	SES206	1.09135	-70.9498	-72.0412
BLOCK01/SES011/SA011S22	SES019	1.24689	-70.5851	-71.832
BLOCK01/SES011/SA011S22	SES042	1.34404	-70.4879	-71.832
BLOCK01/SES011/SA011S22	SES082	1.30125	-70.5307	-71.832
BLOCK01/SES011/SA011S22	SES206	1.35375	-70.4782	-71.832
BLOCK01/SES011/SA011S24	SES019	0.920792	-70.0482	-70.969
BLOCK01/SES011/SA011S24	SES042	1.85416	-69.1149	-70.969
BLOCK01/SES011/SA011S24	SES104	1.43549	-69.5335	-70.969
BLOCK01/SES011/SA011S24	SES206	1.96925	-68.9998	-70.969
BLOCK01/SES011/SA011S27	SES082	1.39408	-69.8658	-71.2599
BLOCK01/SES011/SA011S27	SES087	0.0792694	-71.1806	-71.2599
BLOCK01/SES011/SA011S27	SES125	1.22439	-70.0355	-71.2599
BLOCK01/SES011/SA011S27	SES206	1.40672	-69.8532	-71.2599
BLOCK01/SES012/SA012S11	SES007	-0.713097	-70.1657	-69.4526
BLOCK01/SES012/SA012S11	SES082	0.586441	-68.8662	-69.4526
BLOCK01/SES012/SA012S11	SES083	-1.0191	-70.4717	-69.4526
BLOCK01/SES012/SA012S11	SES206	1.10065	-68.352	-69.4526
BLOCK01/SES012/SA012S14	SES082	0.836563	-69.2	-70.0366
BLOCK01/SES012/SA012S14	SES087	0.0230637	-70.0135	-70.0366
BLOCK01/SES012/SA012S14	SES206	0.862091	-69.1745	-70.0366
BLOCK01/SES012/SA012S14	SES292	-1.08497	-71.1216	-70.0366
BLOCK01/SES012/SA012S24	SES082	1.07887	-69.4942	-70.5731
BLOCK01/SES012/SA012S24	SES087	0.205742	-70.3673	-70.5731
BLOCK01/SES012/SA012S24	SES120	-1.71163	-72.2847	-70.5731
BLOCK01/SES012/SA012S24	SES206	0.891335	-69.6817	-70.5731
BLOCK01/SES012/SA012S26	SES019	0.123505	-69.903	-70.0265
BLOCK01/SES012/SA012S26	SES082	1.01431	-69.0122	-70.0265
BLOCK01/SES012/SA012S26	SES206	1.79163	-68.2349	-70.0265
BLOCK01/SES012/SA012S26	SES292	-1.14619	-71.1727	-70.0265
BLOCK01/SES012/SA012S29	SES062	-0.323418	-70.0513	-69.7279
BLOCK01/SES012/SA012S29	SES082	0.30854	-69.4193	-69.7279
BLOCK01/SES012/SA012S29	SES083	-0.860992	-70.5889	-69.7279
BLOCK01/SES012/SA012S29	SES206	0.630371	-69.0975	-69.7279
BLOCK01/SES013/SA013S16	SES062	-1.495	-72.0801	-70.5851
BLOCK01/SES013/SA013S16	SES106	0.746361	-69.8388	-70.5851
BLOCK01/SES013/SA013S16	SES206	0.921646	-69.6635	-70.5851
BLOCK01/SES013/SA013S16	SES226	0.882202	-69.7029	-70.5851
BLOCK01/SES013/SA013S17	SES062	-0.993629	-71.0562	-70.0625
BLOCK01/SES013/SA013S17	SES106	1.14462	-68.9179	-70.0625
BLOCK01/SES013/SA013S17	SES206	1.75288	-68.3096	-70.0625
BLOCK01/SES013/SA013S17	SES226	0.800064	-69.2625	-70.0625
BLOCK01/SES013/SA013S23	SES104	0.388069	-70.5738	-70.9619
BLOCK01/SES013/SA013S23	SES106	0.946266	-70.0156	-70.9619
BLOCK01/SES013/SA013S23	SES206	0.860443	-70.1015	-70.9619
BLOCK01/SES013/SA013S23	SES270	1.2328	-69.7291	-70.9619
BLOCK01/SES013/SA013S25	SES042	0.800117	-69.1318	-69.9319
BLOCK01/SES013/SA013S25	SES104	0.831947	-69.1	-69.9319
BLOCK01/SES013/SA013S25	SES106	1.1971	-68.7348	-69.9319
BLOCK01/SES013/SA013S25	SES206	1.40469	-68.5272	-69.9319
BLOCK01/SES013/SA013S29	SES062	-1.61417	-72.3388	-70.7247
BLOCK01/SES013/SA013S29	SES104	0.529007	-70.1957	-70.7247
BLOCK01/SES013/SA013S29	SES106	1.26388	-69.4608	-70.7247
BLOCK01/SES013/SA013S29	SES206	0.956345	-69.7683	-70.7247
BLOCK02/SES021/SA021S13	SES016	-1.80413	-72.2992	-70.4951
BLOCK02/SES021/SA021S13	SES029	-1.60879	-72.1039	-70.4951
BLOCK02/SES021/SA021S13	SES087	-0.326736	-70.8218	-70.4951
BLOCK02/SES021/SA021S13	SES206	0.414902	-70.0802	-70.4951
BLOCK02/SES021/SA021S15	SES087	0.625511	-68.8662	-69.4918
BLOCK02/SES021/SA021S15	SES125	1.552	-67.9398	-69.4918
BLOCK02/SES021/SA021S15	SES206	1.64178	-67.85	-69.4918
BLOCK02/SES021/SA021S15	SES226	1.24063	-68.2511	-69.4918
BLOCK02/SES021/SA021S23	SES062	-1.0631	-72.6777	-71.6146
BLOCK02/SES021/SA021S23	SES087	-0.135895	-71.7505	-71.6146
BLOCK02/SES021/SA021S23	SES206	0.188751	-71.4258	-71.6146
BLOCK02/SES021/SA021S23	SES226	0.2715	-71.3431	-71.6146
BLOCK02/SES021/SA021S27	SES002	-0.328033	-70.837	-70.509
BLOCK02/SES021/SA021S27	SES016	-2.01982	-72.5288	-70.509
BLOCK02/SES021/SA021S27	SES019	-0.235909	-70.7449	-70.509
BLOCK02/SES021/SA021S27	SES062	-0.354385	-70.8634	-70.509
BLOCK02/SES021/SA021S29	SES087	0.327705	-70.0495	-70.3772
BLOCK02/SES021/SA021S29	SES125	1.29852	-69.0787	-70.3772
BLOCK02/SES021/SA021S29	SES206	0.98008	-69.3971	-70.3772
BLOCK02/SES021/SA021S29	SES226	0.44059	-69.9366	-70.3772
BLOCK04/SES043/SA043S09	SES083	0.0818405	-73.6179	-73.6997
BLOCK04/SES043/SA043S09	SES101	-0.93499	-74.6347	-73.6997
BLOCK04/SES043/SA043S09	SES144	0.891541	-72.8082	-73.6997
BLOCK04/SES043/SA043S09	SES172	-1.37041	-75.0701	-73.6997
BLOCK04/SES043/SA043S11	SES083	0.386749	-71.3787	-71.7654
BLOCK04/SES043/SA043S11	SES101	-0.0565338	-71.822	-71.7654
BLOCK04/SES043/SA043S11	SES144	0.573601	-71.1918	-71.7654
BLOCK04/SES043/SA043S11	SES172	-0.220581	-71.986	-71.7654
BLOCK04/SES043/SA043S23	SES083	0.889427	-72.0576	-72.947
BLOCK04/SES043/SA043S23	SES144	1.28323	-71.6638	-72.947
BLOCK04/SES043/SA043S23	SES177	-0.615196	-73.5622	-72.947
BLOCK04/SES043/SA043S23	SES275	0.394073	-72.5529	-72.947
BLOCK04/SES043/SA043S26	SES083	0.75106	-71.366	-72.117
BLOCK04/SES043/SA043S26	SES101	-0.0163956	-72.1334	-72.117
BLOCK04/SES043/SA043S26	SES144	0.759987	-71.3571	-72.117
BLOCK04/SES043/SA043S26	SES177	-0.302246	-72.4193	-72.117
BLOCK04/SES043/SA043S28	SES016	0.0535812	-71.6943	-71.7479
BLOCK04/SES043/SA043S28	SES083	0.844543	-70.9033	-71.7479
BLOCK04/SES043/SA043S28	SES101	0.278954	-71.4689	-71.7479
BLOCK04/SES043/SA043S28	SES144	0.557014	-71.1908	-71.7479
BLOCK04/SES044/SA044S10	SES127	-0.31987	-75.394	-75.0741
BLOCK04/SES044/SA044S10	SES144	0.994614	-74.0795	-75.0741
BLOCK04/SES044/SA044S10	SES147	-0.0579224	-75.1321	-75.0741
BLOCK04/SES044/SA044S10	SES148	0.265022	-74.8091	-75.0741
BLOCK04/SES044/SA044S11	SES101	-0.205597	-74.4531	-74.2475
BLOCK04/SES044/SA044S11	SES144	1.01898	-73.2285	-74.2475
BLOCK04/SES044/SA044S11	SES147	0.568123	-73.6794	-74.2475
BLOCK04/SES044/SA044S11	SES177	0.0690613	-74.1784	-74.2475
BLOCK04/SES044/SA044S24	SES007	-0.0408936	-73.5143	-73.4734
BLOCK04/SES044/SA044S24	SES101	-0.0117569	-73.4852	-73.4734
BLOCK04/SES044/SA044S24	SES147	-0.553833	-74.0273	-73.4734
BLOCK04/SES044/SA044S24	SES177	-0.84668	-74.3201	-73.4734
BLOCK04/SES044/SA044S26	SES007	0.13752	-73.0949	-73.2325
BLOCK04/SES044/SA044S26	SES016	0.905891	-72.3266	-73.2325
BLOCK04/SES044/SA044S26	SES101	0.438057	-72.7944	-73.2325
BLOCK04/SES044/SA044S26	SES147	0.592781	-72.6397	-73.2325
BLOCK04/SES044/SA044S29	SES007	-0.19886	-73.0422	-72.8433
BLOCK04/SES044/SA044S29	SES101	0.671562	-72.1718	-72.8433
BLOCK04/SES044/SA044S29	SES147	0.775146	-72.0682	-72.8433
BLOCK04/SES044/SA044S29	SES177	0.518173	-72.3251	-72.8433
BLOCK04/SES046/SA046S13	SES101	-0.0305786	-75.2748	-75.2442
BLOCK04/SES046/SA046S13	SES144	1.16941	-74.0748	-75.2442
BLOCK04/SES046/SA046S13	SES147	1.09196	-74.1523	-75.2442
BLOCK04/SES046/SA046S13	SES177	1.34112	-73.9031	-75.2442
BLOCK04/SES046/SA046S15	SES048	-1.34197	-73.1179	-71.776
BLOCK04/SES046/SA046S15	SES083	0.365707	-71.4103	-71.776
BLOCK04/SES046/SA046S15	SES120	-0.481171	-72.2571	-71.776
BLOCK04/SES046/SA046S15	SES148	0.341148	-71.4348	-71.776
BLOCK04/SES046/SA046S22	SES101	0.190407	-73.8405	-74.0309
BLOCK04/SES046/SA046S22	SES144	0.810593	-73.2203	-74.0309
BLOCK04/SES046/SA046S22	SES147	1.42691	-72.604	-74.0309
BLOCK04/SES046/SA046S22	SES172	0.891121	-73.1398	-74.0309
BLOCK04/SES046/SA046S25	SES083	0.452393	-72.5581	-73.0104
BLOCK04/SES046/SA046S25	SES127	0.629059	-72.3814	-73.0104
BLOCK04/SES046/SA046S25	SES144	0.483429	-72.527	-73.0104
BLOCK04/SES046/SA046S25	SES148	0.266518	-72.7439	-73.0104
BLOCK04/SES046/SA046S28	SES007	-1.03748	-74.7525	-73.715
BLOCK04/SES046/SA046S28	SES105	-1.1608	-74.8758	-73.715
BLOCK04/SES046/SA046S28	SES147	0.483879	-73.2311	-73.715
BLOCK04/SES046/SA046S28	SES148	0.497437	-73.2175	-73.715
BLOCK04/SES049/SA049S16	SES104	0.669525	-71.0724	-71.7419
BLOCK04/SES049/SA049S16	SES106	0.186211	-71.5557	-71.7419
BLOCK04/SES049/SA049S16	SES120	-1.94386	-73.6858	-71.7419
BLOCK04/SES049/SA049S16	SES206	0.655365	-71.0865	-71.7419
BLOCK04/SES049/SA049S18	SES099	-0.185394	-72.7439	-72.5585
BLOCK04/SES049/SA049S18	SES104	-0.264946	-72.8235	-72.5585
BLOCK04/SES049/SA049S18	SES125	-0.534904	-73.0934	-72.5585
BLOCK04/SES049/SA049S18	SES206	0.531799	-72.0267	-72.5585
BLOCK04/SES049/SA049S25	SES087	0.670731	-71.19	-71.8607
BLOCK04/SES049/SA049S25	SES104	0.724068	-71.1366	-71.8607
BLOCK04/SES049/SA049S25	SES125	0.45816	-71.4025	-71.8607
BLOCK04/SES049/SA049S25	SES206	1.26243	-70.5983	-71.8607
BLOCK04/SES049/SA049S27	SES099	0.429672	-70.6726	-71.1023
BLOCK04/SES049/SA049S27	SES104	0.723465	-70.3788	-71.1023
BLOCK04/SES049/SA049S27	SES125	0.458366	-70.6439	-71.1023
BLOCK04/SES049/SA049S27	SES206	0.66861	-70.4337	-71.1023
BLOCK04/SES049/SA049S29	SES099	0.578827	-69.9553	-70.5341
BLOCK04/SES049/SA049S29	SES104	0.950302	-69.5838	-70.5341
BLOCK04/SES049/SA049S29	SES125	0.918182	-69.616	-70.5341
BLOCK04/SES049/SA049S29	SES206	1.09309	-69.441	-70.5341
BLOCK06/SES063/SA063S09	SES068	-0.0836868	-72.982	-72.8984
BLOCK06/SES063/SA063S09	SES083	0.686012	-72.2123	-72.8984
BLOCK06/SES063/SA063S09	SES177	0.716728	-72.1816	-72.8984
BLOCK06/SES063/SA063S09	SES187	1.38268	-71.5157	-72.8984
BLOCK06/SES063/SA063S10	SES068	0.511871	-72.8154	-73.3272
BLOCK06/SES063/SA063S10	SES083	1.39387	-71.9334	-73.3272
BLOCK06/SES063/SA063S10	SES172	1.94965	-71.3776	-73.3272
BLOCK06/SES063/SA063S10	SES187	1.22917	-72.0981	-73.3272
BLOCK06/SES063/SA063S20	SES068	0.195976	-74.0134	-74.2094
BLOCK06/SES063/SA063S20	SES083	1.00866	-73.2007	-74.2094
BLOCK06/SES063/SA063S20	SES172	1.42218	-72.7872	-74.2094
BLOCK06/SES063/SA063S20	SES187	2.49899	-71.7104	-74.2094
BLOCK06/SES063/SA063S24	SES029	0.891876	-72.0134	-72.9052
BLOCK06/SES063/SA063S24	SES083	1.77448	-71.1308	-72.9052
BLOCK06/SES063/SA063S24	SES177	1.6636	-71.2416	-72.9052
BLOCK06/SES063/SA063S24	SES189	0.367561	-72.5377	-72.9052
BLOCK06/SES063/SA063S27	SES083	1.26103	-73.0868	-74.3479
BLOCK06/SES063/SA063S27	SES172	1.72896	-72.6189	-74.3479
BLOCK06/SES063/SA063S27	SES187	0.534714	-73.8132	-74.3479
BLOCK06/SES063/SA063S27	SES292	0.495422	-73.8524	-74.3479
BLOCK06/SES067/SA067S12	SES083	0.497597	-72.2723	-72.7699
BLOCK06/SES067/SA067S12	SES172	-0.399811	-73.1697	-72.7699
BLOCK06/SES067/SA067S12	SES202	2.0696	-70.7003	-72.7699
BLOCK06/SES067/SA067S12	SES292	-0.358688	-73.1286	-72.7699
BLOCK06/SES067/SA067S14	SES085	0.0725861	-71.3964	-71.469
BLOCK06/SES067/SA067S14	SES177	0.390198	-71.0788	-71.469
BLOCK06/SES067/SA067S14	SES183	0.775215	-70.6938	-71.469
BLOCK06/SES067/SA067S14	SES202	1.21863	-70.2504	-71.469
BLOCK06/SES067/SA067S21	SES144	0.525406	-73.2096	-73.735
BLOCK06/SES067/SA067S21	SES177	0.389526	-73.3455	-73.735
BLOCK06/SES067/SA067S21	SES183	-0.75544	-74.4905	-73.735
BLOCK06/SES067/SA067S21	SES189	0.616753	-73.1183	-73.735
BLOCK06/SES067/SA067S25	SES085	0.898308	-72.0387	-72.937
BLOCK06/SES067/SA067S25	SES177	1.10525	-71.8317	-72.937
BLOCK06/SES067/SA067S25	SES183	0.600204	-72.3368	-72.937
BLOCK06/SES067/SA067S25	SES202	1.83344	-71.1035	-72.937
BLOCK06/SES067/SA067S29	SES085	0.942589	-72.865	-73.8076
BLOCK06/SES067/SA067S29	SES177	1.0192	-72.7884	-73.8076
BLOCK06/SES067/SA067S29	SES183	0.507462	-73.3001	-73.8076
BLOCK06/SES067/SA067S29	SES202	2.05	-71.7576	-73.8076
BLOCK06/SES069/SA069S12	SES029	-0.809196	-71.6623	-70.8531
BLOCK06/SES069/SA069S12	SES082	0.564529	-70.2886	-70.8531
BLOCK06/SES069/SA069S12	SES087	-0.447899	-71.301	-70.8531
BLOCK06/SES069/SA069S12	SES206	0.681885	-70.1712	-70.8531
BLOCK06/SES069/SA069S13	SES029	-1.35192	-72.2018	-70.8498
BLOCK06/SES069/SA069S13	SES087	0.0663757	-70.7835	-70.8498
BLOCK06/SES069/SA069S13	SES206	0.372429	-70.4774	-70.8498
BLOCK06/SES069/SA069S13	SES226	-0.197662	-71.0475	-70.8498
BLOCK06/SES069/SA069S23	SES029	-0.337662	-70.0861	-69.7485
BLOCK06/SES069/SA069S23	SES087	0.15963	-69.5889	-69.7485
BLOCK06/SES069/SA069S23	SES206	1.16514	-68.5833	-69.7485
BLOCK06/SES069/SA069S23	SES226	0.970428	-68.7781	-69.7485
BLOCK06/SES069/SA069S25	SES087	0.430489	-69.2321	-69.6626
BLOCK06/SES069/SA069S25	SES206	0.749977	-68.9127	-69.6626
BLOCK06/SES069/SA069S25	SES226	0.48774	-69.1749	-69.6626
BLOCK06/SES069/SA069S25	SES270	0.24263	-69.42	-69.6626
BLOCK06/SES069/SA069S27	SES087	0.205276	-69.8819	-70.0872
BLOCK06/SES069/SA069S27	SES206	1.61013	-68.4771	-70.0872
BLOCK06/SES069/SA069S27	SES226	1.49549	-68.5917	-70.0872
BLOCK06/SES069/SA069S27	SES270	0.973007	-69.1142	-70.0872
BLOCK08/SES081/SA081S11	SES060	0.448959	-73.4224	-73.8714
BLOCK08/SES081/SA081S11	SES062	-2.04561	-75.917	-73.8714
BLOCK08/SES081/SA081S11	SES117	0.729218	-73.1422	-73.8714
BLOCK08/SES081/SA081S11	SES162	1.30309	-72.5683	-73.8714
BLOCK08/SES081/SA081S13	SES016	1.08654	-71.3044	-72.3909
BLOCK08/SES081/SA081S13	SES060	1.33929	-71.0516	-72.3909
BLOCK08/SES081/SA081S13	SES068	1.46655	-70.9243	-72.3909
BLOCK08/SES081/SA081S13	SES129	0.201881	-72.189	-72.3909
BLOCK08/SES081/SA081S24	SES060	1.22344	-71.8439	-73.0674
BLOCK08/SES081/SA081S24	SES068	0.704941	-72.3624	-73.0674
BLOCK08/SES081/SA081S24	SES117	0.592171	-72.4752	-73.0674
BLOCK08/SES081/SA081S24	SES275	-0.488937	-73.5563	-73.0674
BLOCK08/SES081/SA081S27	SES007	0.282402	-73.5082	-73.7906
BLOCK08/SES081/SA081S27	SES060	0.735771	-73.0548	-73.7906
BLOCK08/SES081/SA081S27	SES117	1.27025	-72.5204	-73.7906
BLOCK08/SES081/SA081S27	SES275	-0.0395203	-73.8301	-73.7906
BLOCK08/SES081/SA081S29	SES007	0.247246	-73.1261	-73.3733
BLOCK08/SES081/SA081S29	SES060	1.19652	-72.1768	-73.3733
BLOCK08/SES081/SA081S29	SES117	1.50612	-71.8672	-73.3733
BLOCK08/SES081/SA081S29	SES275	-0.27639	-73.6497	-73.3733
BLOCK08/SES086/SA086S11	SES029	-1.89417	-73.8329	-71.9388
BLOCK08/SES086/SA086S11	SES082	-0.460358	-72.3991	-71.9388
BLOCK08/SES086/SA086S11	SES087	-0.128914	-72.0677	-71.9388
BLOCK08/SES086/SA086S11	SES206	0.116142	-71.8226	-71.9388
BLOCK08/SES086/SA086S12	SES029	-1.34538	-72.3293	-70.9839
BLOCK08/SES086/SA086S12	SES082	0.537849	-70.446	-70.9839
BLOCK08/SES086/SA086S12	SES087	0.906898	-70.077	-70.9839
BLOCK08/SES086/SA086S12	SES206	0.824516	-70.1594	-70.9839
BLOCK08/SES086/SA086S20	SES029	-2.06828	-72.575	-70.5067
BLOCK08/SES086/SA086S20	SES082	0.703499	-69.8032	-70.5067
BLOCK08/SES086/SA086S20	SES087	1.21533	-69.2913	-70.5067
BLOCK08/SES086/SA086S20	SES206	1.94209	-68.5646	-70.5067
BLOCK08/SES086/SA086S24	SES087	1.10191	-69.9732	-71.0751
BLOCK08/SES086/SA086S24	SES104	0.534157	-70.541	-71.0751
BLOCK08/SES086/SA086S24	SES120	-1.71142	-72.7865	-71.0751
BLOCK08/SES086/SA086S24	SES206	1.42253	-69.6526	-71.0751
BLOCK08/SES086/SA086S28	SES029	-1.28336	-71.6365	-70.3531
BLOCK08/SES086/SA086S28	SES082	0.506378	-69.8467	-70.3531
BLOCK08/SES086/SA086S28	SES087	0.999725	-69.3534	-70.3531
BLOCK08/SES086/SA086S28	SES206	1.3166	-69.0365	-70.3531
BLOCK08/SES089/SA089S13	SES087	-0.444801	-72.0334	-71.5886
BLOCK08/SES089/SA089S13	SES206	0.0645752	-71.5241	-71.5886
BLOCK08/SES089/SA089S13	SES226	0.327217	-71.2614	-71.5886
BLOCK08/SES089/SA089S13	SES270	-0.401848	-71.9905	-71.5886
BLOCK08/SES089/SA089S14	SES062	-1.09691	-71.6893	-70.5924
BLOCK08/SES089/SA089S14	SES087	0.243828	-70.3485	-70.5924
BLOCK08/SES089/SA089S14	SES206	0.805443	-69.7869	-70.5924
BLOCK08/SES089/SA089S14	SES226	0.774773	-69.8176	-70.5924
BLOCK08/SES089/SA089S23	SES087	-0.331154	-72.5956	-72.2645
BLOCK08/SES089/SA089S23	SES206	-0.41983	-72.6843	-72.2645
BLOCK08/SES089/SA089S23	SES226	0.170341	-72.0941	-72.2645
BLOCK08/SES089/SA089S23	SES270	-0.501511	-72.766	-72.2645
BLOCK08/SES089/SA089S25	SES062	-0.983795	-72.3753	-71.3915
BLOCK08/SES089/SA089S25	SES087	0.223557	-71.1679	-71.3915
BLOCK08/SES089/SA089S25	SES206	0.489021	-70.9025	-71.3915
BLOCK08/SES089/SA089S25	SES226	1.31152	-70.08	-71.3915
BLOCK08/SES089/SA089S28	SES062	-1.05236	-72.5992	-71.5468
BLOCK08/SES089/SA089S28	SES087	-0.226059	-71.7729	-71.5468
BLOCK08/SES089/SA089S28	SES206	0.416512	-71.1303	-71.5468
BLOCK08/SES089/SA089S28	SES226	0.839615	-70.7072	-71.5468
BLOCK09/SES097/SA097S11	SES099	0.619461	-70.9482	-71.5677
BLOCK09/SES097/SA097S11	SES125	0.0734711	-71.4942	-71.5677
BLOCK09/SES097/SA097S11	SES206	0.00600433	-71.5617	-71.5677
BLOCK09/SES097/SA097S11	SES226	0.0659485	-71.5017	-71.5677
BLOCK09/SES097/SA097S14	SES062	-0.746765	-71.7636	-71.0169
BLOCK09/SES097/SA097S14	SES099	-0.0549393	-71.0718	-71.0169
BLOCK09/SES097/SA097S14	SES104	0.217819	-70.799	-71.0169
BLOCK09/SES097/SA097S14	SES206	0.413307	-70.6036	-71.0169
BLOCK09/SES097/SA097S22	SES099	1.00734	-70.5765	-71.5839
BLOCK09/SES097/SA097S22	SES206	0.778534	-70.8053	-71.5839
BLOCK09/SES097/SA097S22	SES226	0.250832	-71.333	-71.5839
BLOCK09/SES097/SA097S22	SES270	1.11383	-70.47	-71.5839
BLOCK09/SES097/SA097S26	SES099	0.779755	-70.0395	-70.8192
BLOCK09/SES097/SA097S26	SES120	-1.1902	-72.0094	-70.8192
BLOCK09/SES097/SA097S26	SES206	0.499359	-70.3199	-70.8192
BLOCK09/SES097/SA097S26	SES226	-0.173309	-70.9925	-70.8192
BLOCK09/SES097/SA097S28	SES099	0.778152	-70.2149	-70.9931
BLOCK09/SES097/SA097S28	SES120	-0.634872	-71.6279	-70.9931
BLOCK09/SES097/SA097S28	SES206	0.102287	-70.8908	-70.9931
BLOCK09/SES097/SA097S28	SES226	0.012764	-70.9803	-70.9931
BLOCK09/SES098/SA098S11	SES127	-0.499069	-75.9299	-75.4308
BLOCK09/SES098/SA098S11	SES144	0.667274	-74.7636	-75.4308
BLOCK09/SES098/SA098S11	SES147	1.18803	-74.2428	-75.4308
BLOCK09/SES098/SA098S11	SES148	-0.39917	-75.83	-75.4308
BLOCK09/SES098/SA098S12	SES127	-0.981995	-78.7225	-77.7405
BLOCK09/SES098/SA098S12	SES144	1.28453	-76.456	-77.7405
BLOCK09/SES098/SA098S12	SES147	1.6179	-76.1227	-77.7405
BLOCK09/SES098/SA098S12	SES189	1.58497	-76.1556	-77.7405
BLOCK09/SES098/SA098S20	SES127	-0.287094	-76.6844	-76.3973
BLOCK09/SES098/SA098S20	SES147	1.83095	-74.5664	-76.3973
BLOCK09/SES098/SA098S20	SES148	-0.789764	-77.1871	-76.3973
BLOCK09/SES098/SA098S20	SES292	-0.872581	-77.2699	-76.3973
BLOCK09/SES098/SA098S23	SES127	0.467369	-74.9885	-75.4559
BLOCK09/SES098/SA098S23	SES147	1.6284	-73.8275	-75.4559
BLOCK09/SES098/SA098S23	SES187	1.47054	-73.9853	-75.4559
BLOCK09/SES098/SA098S23	SES292	-0.615547	-76.0714	-75.4559
BLOCK09/SES098/SA098S27	SES127	-0.281174	-76.1344	-75.8532
BLOCK09/SES098/SA098S27	SES147	1.04874	-74.8045	-75.8532
BLOCK09/SES098/SA098S27	SES148	-0.767097	-76.6203	-75.8532
BLOCK09/SES098/SA098S27	SES292	-0.98851	-76.8418	-75.8532
BLOCK10/SES102/SA102S13	SES101	0.604897	-72.7877	-73.3926
BLOCK10/SES102/SA102S13	SES105	-0.510269	-73.9028	-73.3926
BLOCK10/SES102/SA102S13	SES120	-0.364372	-73.7569	-73.3926
BLOCK10/SES102/SA102S13	SES158	-4.23714	-77.6297	-73.3926
BLOCK10/SES102/SA102S14	SES007	1.36735	-70.6022	-71.9695
BLOCK10/SES102/SA102S14	SES101	1.06564	-70.9039	-71.9695
BLOCK10/SES102/SA102S14	SES105	0.646469	-71.323	-71.9695
BLOCK10/SES102/SA102S14	SES147	0.0946121	-71.8749	-71.9695
BLOCK10/SES102/SA102S22	SES007	0.721626	-70.8417	-71.5633
BLOCK10/SES102/SA102S22	SES101	1.20847	-70.3548	-71.5633
BLOCK10/SES102/SA102S22	SES105	0.494438	-71.0689	-71.5633
BLOCK10/SES102/SA102S22	SES158	-1.71791	-73.2812	-71.5633
BLOCK10/SES102/SA102S25	SES007	0.798119	-71.1882	-71.9863
BLOCK10/SES102/SA102S25	SES101	0.659439	-71.3269	-71.9863
BLOCK10/SES102/SA102S25	SES105	0.244392	-71.7419	-71.9863
BLOCK10/SES102/SA102S25	SES147	-1.1664	-73.1527	-71.9863
BLOCK10/SES102/SA102S27	SES007	0.568199	-72.2264	-72.7946
BLOCK10/SES102/SA102S27	SES101	0.611786	-72.1828	-72.7946
BLOCK10/SES102/SA102S27	SES105	0.210114	-72.5845	-72.7946
BLOCK10/SES102/SA102S27	SES147	-0.297638	-73.0923	-72.7946
BLOCK10/SES103/SA103S14	SES105	-1.47308	-72.6622	-71.1891
BLOCK10/SES103/SA103S14	SES106	0.145752	-71.0434	-71.1891
BLOCK10/SES103/SA103S14	SES120	-1.76883	-72.9579	-71.1891
BLOCK10/SES103/SA103S14	SES206	-0.0214615	-71.2106	-71.1891
BLOCK10/SES103/SA103S15	SES099	0.105888	-72.1668	-72.2727
BLOCK10/SES103/SA103S15	SES101	-2.30706	-74.5798	-72.2727
BLOCK10/SES103/SA103S15	SES104	-0.124542	-72.3973	-72.2727
BLOCK10/SES103/SA103S15	SES125	-0.116364	-72.3891	-72.2727
BLOCK10/SES103/SA103S24	SES104	0.0906906	-70.7479	-70.8386
BLOCK10/SES103/SA103S24	SES125	0.285736	-70.5529	-70.8386
BLOCK10/SES103/SA103S24	SES148	-1.66009	-72.4987	-70.8386
BLOCK10/SES103/SA103S24	SES158	0.908653	-69.93	-70.8386
BLOCK10/SES103/SA103S26	SES104	-0.481491	-72.2895	-71.808
BLOCK10/SES103/SA103S26	SES106	0.543167	-71.2648	-71.808
BLOCK10/SES103/SA103S26	SES125	-0.236931	-72.0449	-71.808
BLOCK10/SES103/SA103S26	SES148	-1.51093	-73.3189	-71.808
BLOCK10/SES103/SA103S28	SES104	-0.405998	-73.2623	-72.8563
BLOCK10/SES103/SA103S28	SES106	0.121895	-72.7344	-72.8563
BLOCK10/SES103/SA103S28	SES125	-0.460739	-73.317	-72.8563
BLOCK10/SES103/SA103S28	SES206	-0.514687	-73.3709	-72.8563
BLOCK12/SES121/SA121S12	SES042	-1.05753	-73.5506	-72.4931
BLOCK12/SES121/SA121S12	SES087	-0.636398	-73.1295	-72.4931
BLOCK12/SES121/SA121S12	SES105	-0.538681	-73.0318	-72.4931
BLOCK12/SES121/SA121S12	SES206	0.2295	-72.2636	-72.4931
BLOCK12/SES121/SA121S14	SES007	-1.9662	-74.8095	-72.8433
BLOCK12/SES121/SA121S14	SES105	-1.34327	-74.1865	-72.8433
BLOCK12/SES121/SA121S14	SES106	0.0500946	-72.7932	-72.8433
BLOCK12/SES121/SA121S14	SES206	0.121445	-72.7218	-72.8433
BLOCK12/SES121/SA121S23	SES105	-0.950966	-74.0001	-73.0491
BLOCK12/SES121/SA121S23	SES106	0.418793	-72.6303	-73.0491
BLOCK12/SES121/SA121S23	SES120	-1.46801	-74.5172	-73.0491
BLOCK12/SES121/SA121S23	SES206	-0.0544281	-73.1036	-73.0491
BLOCK12/SES121/SA121S25	SES007	-1.49844	-74.6624	-73.164
BLOCK12/SES121/SA121S25	SES105	-1.59039	-74.7544	-73.164
BLOCK12/SES121/SA121S25	SES106	0.254562	-72.9094	-73.164
BLOCK12/SES121/SA121S25	SES206	0.100342	-73.0637	-73.164
BLOCK12/SES121/SA121S27	SES087	-0.104668	-72.6517	-72.547
BLOCK12/SES121/SA121S27	SES105	-1.89642	-74.4435	-72.547
BLOCK12/SES121/SA121S27	SES120	-1.63639	-74.1834	-72.547
BLOCK12/SES121/SA121S27	SES206	0.63176	-71.9153	-72.547
BLOCK12/SES124/SA124S16	SES042	0.702133	-70.2793	-70.9815
BLOCK12/SES124/SA124S16	SES082	0.717751	-70.2637	-70.9815
BLOCK12/SES124/SA124S16	SES183	-2.28735	-73.2688	-70.9815
BLOCK12/SES124/SA124S16	SES206	0.755089	-70.2264	-70.9815
BLOCK12/SES124/SA124S17	SES105	-0.678383	-72.5802	-71.9018
BLOCK12/SES124/SA124S17	SES149	0.371628	-71.5302	-71.9018
BLOCK12/SES124/SA124S17	SES158	-0.161507	-72.0633	-71.9018
BLOCK12/SES124/SA124S17	SES275	-1.56854	-73.4704	-71.9018
BLOCK12/SES124/SA124S23	SES105	-1.00175	-70.7959	-69.7942
BLOCK12/SES124/SA124S23	SES125	1.67229	-68.1219	-69.7942
BLOCK12/SES124/SA124S23	SES129	-1.72384	-71.518	-69.7942
BLOCK12/SES124/SA124S23	SES158	0.937485	-68.8567	-69.7942
BLOCK12/SES124/SA124S26	SES105	-1.5434	-72.5356	-70.9922
BLOCK12/SES124/SA124S26	SES125	1.29832	-69.6939	-70.9922
BLOCK12/SES124/SA124S26	SES129	-2.23378	-73.226	-70.9922
BLOCK12/SES124/SA124S26	SES158	1.29831	-69.6939	-70.9922
BLOCK12/SES124/SA124S28	SES104	1.07886	-69.4147	-70.4936
BLOCK12/SES124/SA124S28	SES106	1.02679	-69.4668	-70.4936
BLOCK12/SES124/SA124S28	SES125	0.986015	-69.5076	-70.4936
BLOCK12/SES124/SA124S28	SES275	-1.57585	-72.0694	-70.4936
BLOCK12/SES126/SA126S13	SES007	-0.443268	-75.5368	-75.0935
BLOCK12/SES126/SA126S13	SES162	1.11251	-73.981	-75.0935
BLOCK12/SES126/SA126S13	SES177	0.832558	-74.2609	-75.0935
BLOCK12/SES126/SA126S13	SES180	1.25587	-73.8376	-75.0935
BLOCK12/SES126/SA126S14	SES144	0.743591	-72.9285	-73.6721
BLOCK12/SES126/SA126S14	SES148	0.669334	-73.0027	-73.6721
BLOCK12/SES126/SA126S14	SES177	2.00094	-71.6711	-73.6721
BLOCK12/SES126/SA126S14	SES180	2.09053	-71.5815	-73.6721
BLOCK12/SES126/SA126S20	SES007	-0.251266	-73.8109	-73.5596
BLOCK12/SES126/SA126S20	SES162	0.61145	-72.9482	-73.5596
BLOCK12/SES126/SA126S20	SES172	-1.24597	-74.8056	-73.5596
BLOCK12/SES126/SA126S20	SES180	0.485062	-73.0745	-73.5596
BLOCK12/SES126/SA126S24	SES120	-0.636467	-74.2678	-73.6314
BLOCK12/SES126/SA126S24	SES162	1.39613	-72.2353	-73.6314
BLOCK12/SES126/SA126S24	SES177	1.13708	-72.4943	-73.6314
BLOCK12/SES126/SA126S24	SES180	1.75493	-71.8764	-73.6314
BLOCK12/SES126/SA126S26	SES120	0.0029068	-73.8142	-73.8171
BLOCK12/SES126/SA126S26	SES177	0.5914	-73.2257	-73.8171
BLOCK12/SES126/SA126S26	SES180	0.740715	-73.0764	-73.8171
BLOCK12/SES126/SA126S26	SES202	-1.30167	-75.1188	-73.8171
BLOCK12/SES128/SA128S10	SES087	-0.477058	-71.3162	-70.8392
BLOCK12/SES128/SA128S10	SES206	0.216484	-70.6227	-70.8392
BLOCK12/SES128/SA128S10	SES226	0.597504	-70.2417	-70.8392
BLOCK12/SES128/SA128S10	SES270	0.0417557	-70.7974	-70.8392
BLOCK12/SES128/SA128S12	SES120	-0.98632	-72.1976	-71.2113
BLOCK12/SES128/SA128S12	SES158	0.457748	-70.7536	-71.2113
BLOCK12/SES128/SA128S12	SES206	0.694252	-70.5171	-71.2113
BLOCK12/SES128/SA128S12	SES226	0.454819	-70.7565	-71.2113
BLOCK12/SES128/SA128S21	SES106	0.0992508	-72.988	-73.0872
BLOCK12/SES128/SA128S21	SES120	-0.285675	-73.3729	-73.0872
BLOCK12/SES128/SA128S21	SES206	0.252411	-72.8348	-73.0872
BLOCK12/SES128/SA128S21	SES226	0.546638	-72.5406	-73.0872
BLOCK12/SES128/SA128S24	SES087	-1.66229	-74.1779	-72.5156
BLOCK12/SES128/SA128S24	SES120	-0.695946	-73.2116	-72.5156
BLOCK12/SES128/SA128S24	SES206	-0.734016	-73.2496	-72.5156
BLOCK12/SES128/SA128S24	SES226	-0.17762	-72.6932	-72.5156
BLOCK12/SES128/SA128S27	SES099	-0.734657	-71.6327	-70.898
BLOCK12/SES128/SA128S27	SES120	-0.778725	-71.6768	-70.898
BLOCK12/SES128/SA128S27	SES206	-0.0882645	-70.9863	-70.898
BLOCK12/SES128/SA128S27	SES226	0.0730133	-70.825	-70.898
BLOCK13/SES130/SA130S13	SES143	-0.932426	-74.9965	-74.064
BLOCK13/SES130/SA130S13	SES144	0.934814	-73.1292	-74.064
BLOCK13/SES130/SA130S13	SES146	0.555679	-73.5084	-74.064
BLOCK13/SES130/SA130S13	SES275	-0.759117	-74.8232	-74.064
BLOCK13/SES130/SA130S15	SES143	-0.563446	-73.5663	-73.0028
BLOCK13/SES130/SA130S15	SES144	0.640129	-72.3627	-73.0028
BLOCK13/SES130/SA130S15	SES146	0.819176	-72.1837	-73.0028
BLOCK13/SES130/SA130S15	SES275	0.322159	-72.6807	-73.0028
BLOCK13/SES130/SA130S23	SES127	-0.706017	-74.8485	-74.1424
BLOCK13/SES130/SA130S23	SES144	0.730186	-73.4123	-74.1424
BLOCK13/SES130/SA130S23	SES146	1.09684	-73.0456	-74.1424
BLOCK13/SES130/SA130S23	SES162	-0.373589	-74.516	-74.1424
BLOCK13/SES130/SA130S25	SES127	-0.865936	-73.0767	-72.2108
BLOCK13/SES130/SA130S25	SES144	1.01737	-71.1934	-72.2108
BLOCK13/SES130/SA130S25	SES146	0.698265	-71.5125	-72.2108
BLOCK13/SES130/SA130S25	SES275	0.607742	-71.603	-72.2108
BLOCK13/SES130/SA130S28	SES127	0.413826	-72.7504	-73.1642
BLOCK13/SES130/SA130S28	SES144	0.800461	-72.3638	-73.1642
BLOCK13/SES130/SA130S28	SES146	0.491188	-72.673	-73.1642
BLOCK13/SES130/SA130S28	SES275	0.994812	-72.1694	-73.1642
BLOCK13/SES131/SA131S13	SES002	-0.186584	-73.0976	-72.911
BLOCK13/SES131/SA131S13	SES007	-1.6109	-74.5219	-72.911
BLOCK13/SES131/SA131S13	SES099	-0.680374	-73.5914	-72.911
BLOCK13/SES131/SA131S13	SES105	-1.05523	-73.9663	-72.911
BLOCK13/SES131/SA131S14	SES104	0.0459137	-70.7411	-70.787
BLOCK13/SES131/SA131S14	SES106	0.624283	-70.1627	-70.787
BLOCK13/SES131/SA131S14	SES125	-0.000144958	-70.7872	-70.787
BLOCK13/SES131/SA131S14	SES148	-0.898735	-71.6858	-70.787
BLOCK13/SES131/SA131S20	SES104	-0.24472	-72.1521	-71.9074
BLOCK13/SES131/SA131S20	SES106	0.619507	-71.2879	-71.9074
BLOCK13/SES131/SA131S20	SES125	-0.507446	-72.4148	-71.9074
BLOCK13/SES131/SA131S20	SES148	-1.87285	-73.7803	-71.9074
BLOCK13/SES131/SA131S22	SES099	-0.102203	-71.2353	-71.1331
BLOCK13/SES131/SA131S22	SES104	0.484833	-70.6482	-71.1331
BLOCK13/SES131/SA131S22	SES125	-0.0423508	-71.1754	-71.1331
BLOCK13/SES131/SA131S22	SES206	0.219322	-70.9137	-71.1331
BLOCK13/SES131/SA131S29	SES087	-0.126038	-71.7216	-71.5956
BLOCK13/SES131/SA131S29	SES104	-0.324753	-71.9204	-71.5956
BLOCK13/SES131/SA131S29	SES125	-0.111504	-71.7071	-71.5956
BLOCK13/SES131/SA131S29	SES206	-0.0154724	-71.6111	-71.5956
BLOCK13/SES132/SA132S11	SES083	0.842796	-71.3112	-72.154
BLOCK13/SES132/SA132S11	SES120	1.32141	-70.8326	-72.154
BLOCK13/SES132/SA132S11	SES127	0.828751	-71.3252	-72.154
BLOCK13/SES132/SA132S11	SES275	0.340935	-71.8131	-72.154
BLOCK13/SES132/SA132S12	SES083	0.361214	-71.6466	-72.0078
BLOCK13/SES132/SA132S12	SES143	0.637543	-71.3703	-72.0078
BLOCK13/SES132/SA132S12	SES144	0.705376	-71.3025	-72.0078
BLOCK13/SES132/SA132S12	SES148	0.384544	-71.6233	-72.0078
BLOCK13/SES132/SA132S22	SES062	0.396873	-71.7555	-72.1523
BLOCK13/SES132/SA132S22	SES083	0.951736	-71.2006	-72.1523
BLOCK13/SES132/SA132S22	SES127	1.09239	-71.0599	-72.1523
BLOCK13/SES132/SA132S22	SES275	0.732956	-71.4194	-72.1523
BLOCK13/SES132/SA132S24	SES007	0.678642	-71.7759	-72.4545
BLOCK13/SES132/SA132S24	SES083	0.774437	-71.6801	-72.4545
BLOCK13/SES132/SA132S24	SES127	0.782669	-71.6718	-72.4545
BLOCK13/SES132/SA132S24	SES275	-0.252548	-72.707	-72.4545
BLOCK13/SES132/SA132S27	SES083	0.465881	-72.0689	-72.5348
BLOCK13/SES132/SA132S27	SES120	0.911438	-71.6234	-72.5348
BLOCK13/SES132/SA132S27	SES127	0.145866	-72.3889	-72.5348
BLOCK13/SES132/SA132S27	SES275	0.000762939	-72.534	-72.5348
BLOCK14/SES141/SA141S09	SES143	1.21117	-71.5551	-72.7663
BLOCK14/SES141/SA141S09	SES144	0.848579	-71.9177	-72.7663
BLOCK14/SES141/SA141S09	SES162	1.11333	-71.6529	-72.7663
BLOCK14/SES141/SA141S09	SES180	1.37373	-71.3925	-72.7663
BLOCK14/SES141/SA141S15	SES127	0.0916367	-73.0072	-73.0988
BLOCK14/SES141/SA141S15	SES144	0.367088	-72.7317	-73.0988
BLOCK14/SES141/SA141S15	SES162	0.968323	-72.1305	-73.0988
BLOCK14/SES141/SA141S15	SES180	1.04244	-72.0564	-73.0988
BLOCK14/SES141/SA141S24	SES127	0.931618	-72.3178	-73.2495
BLOCK14/SES141/SA141S24	SES144	0.388428	-72.861	-73.2495
BLOCK14/SES141/SA141S24	SES162	1.51367	-71.7358	-73.2495
BLOCK14/SES141/SA141S24	SES183	0.415977	-72.8335	-73.2495
BLOCK14/SES141/SA141S26	SES142	1.09532	-73.0135	-74.1088
BLOCK14/SES141/SA141S26	SES144	0.892403	-73.2164	-74.1088
BLOCK14/SES141/SA141S26	SES172	0.281746	-73.8271	-74.1088
BLOCK14/SES141/SA141S26	SES180	1.38081	-72.728	-74.1088
BLOCK14/SES141/SA141S29	SES127	1.24986	-71.867	-73.1168
BLOCK14/SES141/SA141S29	SES142	1.44156	-71.6753	-73.1168
BLOCK14/SES141/SA141S29	SES144	0.220612	-72.8962	-73.1168
BLOCK14/SES141/SA141S29	SES180	1.98612	-71.1307	-73.1168
BLOCK15/SES157/SA157S08	SES083	0.382179	-72.2514	-72.6335
BLOCK15/SES157/SA157S08	SES127	-0.245537	-72.8791	-72.6335
BLOCK15/SES157/SA157S08	SES148	0.925674	-71.7079	-72.6335
BLOCK15/SES157/SA157S08	SES292	0.391136	-72.2424	-72.6335
BLOCK15/SES157/SA157S11	SES083	0.292511	-72.325	-72.6175
BLOCK15/SES157/SA157S11	SES127	-1.40847	-74.0259	-72.6175
BLOCK15/SES157/SA157S11	SES148	0.0546722	-72.5628	-72.6175
BLOCK15/SES157/SA157S11	SES292	-0.237762	-72.8552	-72.6175
BLOCK15/SES157/SA157S21	SES127	-1.31032	-73.1589	-71.8486
BLOCK15/SES157/SA157S21	SES148	0.504684	-71.3439	-71.8486
BLOCK15/SES157/SA157S21	SES158	-2.47393	-74.3225	-71.8486
BLOCK15/SES157/SA157S21	SES292	0.887787	-70.9608	-71.8486
BLOCK15/SES157/SA157S24	SES127	-0.815216	-73.6641	-72.8489
BLOCK15/SES157/SA157S24	SES148	0.708527	-72.1403	-72.8489
BLOCK15/SES157/SA157S24	SES183	0.451988	-72.3969	-72.8489
BLOCK15/SES157/SA157S24	SES292	1.09496	-71.7539	-72.8489
BLOCK15/SES157/SA157S26	SES007	1.2878	-70.86	-72.1478
BLOCK15/SES157/SA157S26	SES127	0.475082	-71.6727	-72.1478
BLOCK15/SES157/SA157S26	SES147	-0.55378	-72.7015	-72.1478
BLOCK15/SES157/SA157S26	SES148	0.999763	-71.148	-72.1478
BLOCK16/SES161/SA161S10	SES007	-0.791199	-73.5402	-72.749
BLOCK16/SES161/SA161S10	SES105	-0.412689	-73.1617	-72.749
BLOCK16/SES161/SA161S10	SES158	-0.869469	-73.6185	-72.749
BLOCK16/SES161/SA161S10	SES275	-0.856857	-73.6059	-72.749
BLOCK16/SES161/SA161S12	SES007	-0.547424	-72.6051	-72.0577
BLOCK16/SES161/SA161S12	SES105	-0.694969	-72.7526	-72.0577
BLOCK16/SES161/SA161S12	SES158	-0.0762787	-72.134	-72.0577
BLOCK16/SES161/SA161S12	SES275	-0.767448	-72.8251	-72.0577
BLOCK16/SES161/SA161S20	SES007	-0.816742	-74.2217	-73.4049
BLOCK16/SES161/SA161S20	SES105	-0.914619	-74.3195	-73.4049
BLOCK16/SES161/SA161S20	SES158	-0.352005	-73.7569	-73.4049
BLOCK16/SES161/SA161S20	SES275	-1.12318	-74.5281	-73.4049
BLOCK16/SES161/SA161S23	SES007	-0.66423	-72.4368	-71.7725
BLOCK16/SES161/SA161S23	SES105	-0.425262	-72.1978	-71.7725
BLOCK16/SES161/SA161S23	SES148	-1.15682	-72.9294	-71.7725
BLOCK16/SES161/SA161S23	SES158	-0.1026	-71.8751	-71.7725
BLOCK16/SES161/SA161S28	SES007	-1.41817	-73.4058	-71.9876
BLOCK16/SES161/SA161S28	SES105	-1.1739	-73.1615	-71.9876
BLOCK16/SES161/SA161S28	SES158	-0.0229721	-72.0106	-71.9876
BLOCK16/SES161/SA161S28	SES206	-0.313164	-72.3008	-71.9876
BLOCK16/SES164/SA164S11	SES104	0.386932	-69.6261	-70.013
BLOCK16/SES164/SA164S11	SES125	0.660385	-69.3527	-70.013
BLOCK16/SES164/SA164S11	SES158	1.51957	-68.4935	-70.013
BLOCK16/SES164/SA164S11	SES206	0.406784	-69.6063	-70.013
BLOCK16/SES164/SA164S13	SES099	-0.19503	-71.3721	-71.177
BLOCK16/SES164/SA164S13	SES104	-0.460236	-71.6373	-71.177
BLOCK16/SES164/SA164S13	SES125	-0.469261	-71.6463	-71.177
BLOCK16/SES164/SA164S13	SES206	-0.0279083	-71.2049	-71.177
BLOCK16/SES164/SA164S24	SES002	0.713524	-70.129	-70.8425
BLOCK16/SES164/SA164S24	SES099	0.269882	-70.5726	-70.8425
BLOCK16/SES164/SA164S24	SES125	-0.357384	-71.1999	-70.8425
BLOCK16/SES164/SA164S24	SES226	0.362755	-70.4798	-70.8425
BLOCK16/SES164/SA164S27	SES087	-0.933228	-72.25	-71.3168
BLOCK16/SES164/SA164S27	SES125	-0.323349	-71.6401	-71.3168
BLOCK16/SES164/SA164S27	SES206	-0.242371	-71.5591	-71.3168
BLOCK16/SES164/SA164S27	SES226	-0.423668	-71.7404	-71.3168
BLOCK16/SES164/SA164S29	SES002	0.311378	-69.9333	-70.2446
BLOCK16/SES164/SA164S29	SES019	-0.175171	-70.4198	-70.2446
BLOCK16/SES164/SA164S29	SES125	0.142555	-70.1021	-70.2446
BLOCK16/SES164/SA164S29	SES226	-0.18026	-70.4249	-70.2446
BLOCK16/SES169/SA169S13	SES117	-0.457344	-73.2121	-72.7547
BLOCK16/SES169/SA169S13	SES144	0.666916	-72.0878	-72.7547
BLOCK16/SES169/SA169S13	SES146	0.597534	-72.1572	-72.7547
BLOCK16/SES169/SA169S13	SES162	-0.862572	-73.6173	-72.7547
BLOCK16/SES169/SA169S14	SES144	0.570351	-71.5009	-72.0713
BLOCK16/SES169/SA169S14	SES148	0.446434	-71.6248	-72.0713
BLOCK16/SES169/SA169S14	SES177	-0.710121	-72.7814	-72.0713
BLOCK16/SES169/SA169S14	SES180	-1.40004	-73.4713	-72.0713
BLOCK16/SES169/SA169S24	SES117	0.133499	-73.308	-73.4415
BLOCK16/SES169/SA169S24	SES144	0.625488	-72.816	-73.4415
BLOCK16/SES169/SA169S24	SES146	0.713722	-72.7278	-73.4415
BLOCK16/SES169/SA169S24	SES162	-0.375961	-73.8175	-73.4415
BLOCK16/SES169/SA169S27	SES127	0.196587	-72.027	-72.2236
BLOCK16/SES169/SA169S27	SES129	0.796371	-71.4273	-72.2236
BLOCK16/SES169/SA169S27	SES144	0.451782	-71.7719	-72.2236
BLOCK16/SES169/SA169S27	SES146	0.668915	-71.5547	-72.2236
BLOCK16/SES169/SA169S29	SES144	0.433014	-71.4972	-71.9302
BLOCK16/SES169/SA169S29	SES162	-0.498062	-72.4282	-71.9302
BLOCK16/SES169/SA169S29	SES177	-1.33878	-73.2689	-71.9302
BLOCK16/SES169/SA169S29	SES180	-1.03965	-72.9698	-71.9302
BLOCK17/SES171/SA171S12	SES083	-0.036293	-73.0606	-73.0243
BLOCK17/SES171/SA171S12	SES148	0.139725	-72.8846	-73.0243
BLOCK17/SES171/SA171S12	SES172	0.0600357	-72.9643	-73.0243
BLOCK17/SES171/SA171S12	SES292	-0.215553	-73.2399	-73.0243
BLOCK17/SES171/SA171S15	SES148	0.454926	-73.9443	-74.3992
BLOCK17/SES171/SA171S15	SES177	0.343224	-74.056	-74.3992
BLOCK17/SES171/SA171S15	SES180	-0.0742569	-74.4734	-74.3992
BLOCK17/SES171/SA171S15	SES292	-1.01731	-75.4165	-74.3992
BLOCK17/SES171/SA171S22	SES007	-0.698181	-72.2501	-71.5519
BLOCK17/SES171/SA171S22	SES148	0.462906	-71.089	-71.5519
BLOCK17/SES171/SA171S22	SES177	0.115646	-71.4362	-71.5519
BLOCK17/SES171/SA171S22	SES180	-0.240555	-71.7924	-71.5519
BLOCK17/SES171/SA171S25	SES101	-1.82143	-77.4917	-75.6702
BLOCK17/SES171/SA171S25	SES120	-1.88454	-77.5548	-75.6702
BLOCK17/SES171/SA171S25	SES177	-0.105385	-75.7756	-75.6702
BLOCK17/SES171/SA171S25	SES180	0.166115	-75.5041	-75.6702
BLOCK17/SES171/SA171S27	SES177	0.883789	-72.4089	-73.2926
BLOCK17/SES171/SA171S27	SES180	0.328781	-72.9639	-73.2926
BLOCK17/SES171/SA171S27	SES189	0.317459	-72.9752	-73.2926
BLOCK17/SES171/SA171S27	SES292	-0.366364	-73.659	-73.2926
BLOCK17/SES173/SA173S13	SES162	0.788223	-74.8308	-75.619
BLOCK17/SES173/SA173S13	SES177	0.46669	-75.1523	-75.619
BLOCK17/SES173/SA173S13	SES180	1.05027	-74.5687	-75.619
BLOCK17/SES173/SA173S13	SES292	-1.73316	-77.3522	-75.619
BLOCK17/SES173/SA173S14	SES007	-2.61614	-78.0839	-75.4677
BLOCK17/SES173/SA173S14	SES162	0.0722351	-75.3955	-75.4677
BLOCK17/SES173/SA173S14	SES177	0.20665	-75.2611	-75.4677
BLOCK17/SES173/SA173S14	SES180	0.852379	-74.6154	-75.4677
BLOCK17/SES173/SA173S24	SES144	1.68847	-74.9007	-76.5892
BLOCK17/SES173/SA173S24	SES162	0.324425	-76.2648	-76.5892
BLOCK17/SES173/SA173S24	SES177	0.074173	-76.515	-76.5892
BLOCK17/SES173/SA173S24	SES180	0.845238	-75.744	-76.5892
BLOCK17/SES173/SA173S27	SES162	0.338272	-75.1731	-75.5114
BLOCK17/SES173/SA173S27	SES177	0.498039	-75.0133	-75.5114
BLOCK17/SES173/SA173S27	SES180	0.59082	-74.9205	-75.5114
BLOCK17/SES173/SA173S27	SES292	-2.02052	-77.5319	-75.5114
BLOCK17/SES173/SA173S29	SES162	1.12224	-75.3006	-76.4229
BLOCK17/SES173/SA173S29	SES175	1.53807	-74.8848	-76.4229
BLOCK17/SES173/SA173S29	SES177	0.208885	-76.214	-76.4229
BLOCK17/SES173/SA173S29	SES292	-2.12417	-78.547	-76.4229
BLOCK18/SES182/SA182S10	SES144	0.783875	-71.5818	-72.3656
BLOCK18/SES182/SA182S10	SES177	-0.0719452	-72.4376	-72.3656
BLOCK18/SES182/SA182S10	SES180	0.0355911	-72.33	-72.3656
BLOCK18/SES182/SA182S10	SES275	-0.282799	-72.6484	-72.3656
BLOCK18/SES182/SA182S12	SES144	0.783684	-71.5699	-72.3536
BLOCK18/SES182/SA182S12	SES177	0.684654	-71.6689	-72.3536
BLOCK18/SES182/SA182S12	SES180	0.379349	-71.9742	-72.3536
BLOCK18/SES182/SA182S12	SES275	-0.137741	-72.4913	-72.3536
BLOCK18/SES182/SA182S21	SES117	0.854477	-73.5279	-74.3824
BLOCK18/SES182/SA182S21	SES144	0.540413	-73.842	-74.3824
BLOCK18/SES182/SA182S21	SES162	1.60864	-72.7738	-74.3824
BLOCK18/SES182/SA182S21	SES180	1.23101	-73.1514	-74.3824
BLOCK18/SES182/SA182S23	SES117	0.403389	-72.8131	-73.2165
BLOCK18/SES182/SA182S23	SES144	0.17247	-73.0441	-73.2165
BLOCK18/SES182/SA182S23	SES180	0.503136	-72.7134	-73.2165
BLOCK18/SES182/SA182S23	SES275	-0.545746	-73.7623	-73.2165
BLOCK18/SES182/SA182S25	SES007	0.383751	-73.6788	-74.0625
BLOCK18/SES182/SA182S25	SES162	1.53864	-72.5239	-74.0625
BLOCK18/SES182/SA182S25	SES177	1.229	-72.8335	-74.0625
BLOCK18/SES182/SA182S25	SES180	1.43865	-72.6239	-74.0625
BLOCK18/SES184/SA184S12	SES177	1.16046	-71.6953	-72.8558
BLOCK18/SES184/SA184S12	SES180	0.289413	-72.5663	-72.8558
BLOCK18/SES184/SA184S12	SES189	-0.990929	-73.8467	-72.8558
BLOCK18/SES184/SA184S12	SES292	0.875	-71.9808	-72.8558
BLOCK18/SES184/SA184S13	SES101	-0.000991821	-73.1659	-73.1649
BLOCK18/SES184/SA184S13	SES177	0.526527	-72.6384	-73.1649
BLOCK18/SES184/SA184S13	SES180	0.607758	-72.5571	-73.1649
BLOCK18/SES184/SA184S13	SES292	0.475952	-72.6889	-73.1649
BLOCK18/SES184/SA184S22	SES177	0.67659	-72.02	-72.6966
BLOCK18/SES184/SA184S22	SES180	0.956696	-71.7399	-72.6966
BLOCK18/SES184/SA184S22	SES189	-1.21018	-73.9067	-72.6966
BLOCK18/SES184/SA184S22	SES292	0.00177002	-72.6948	-72.6966
BLOCK18/SES184/SA184S25	SES101	0.806252	-71.8587	-72.6649
BLOCK18/SES184/SA184S25	SES177	0.525459	-72.1395	-72.6649
BLOCK18/SES184/SA184S25	SES180	0.266945	-72.398	-72.6649
BLOCK18/SES184/SA184S25	SES292	0.902443	-71.7625	-72.6649
BLOCK18/SES184/SA184S27	SES083	0.954361	-71.8843	-72.8387
BLOCK18/SES184/SA184S27	SES177	0.424774	-72.4139	-72.8387
BLOCK18/SES184/SA184S27	SES202	-1.1416	-73.9803	-72.8387
BLOCK18/SES184/SA184S27	SES292	0.434425	-72.4043	-72.8387
BLOCK20/SES204/SA204S12	SES062	-0.677872	-71.2652	-70.5873
BLOCK20/SES204/SA204S12	SES083	-1.36298	-71.9503	-70.5873
BLOCK20/SES204/SA204S12	SES206	0.825073	-69.7622	-70.5873
BLOCK20/SES204/SA204S12	SES226	0.388741	-70.1986	-70.5873
BLOCK20/SES204/SA204S14	SES068	-1.4277	-71.3032	-69.8755
BLOCK20/SES204/SA204S14	SES087	0.591911	-69.2836	-69.8755
BLOCK20/SES204/SA204S14	SES206	0.789688	-69.0858	-69.8755
BLOCK20/SES204/SA204S14	SES226	0.878418	-68.9971	-69.8755
BLOCK20/SES204/SA204S22	SES068	-1.86399	-72.4054	-70.5414
BLOCK20/SES204/SA204S22	SES082	-0.261391	-70.8028	-70.5414
BLOCK20/SES204/SA204S22	SES083	-1.29599	-71.8374	-70.5414
BLOCK20/SES204/SA204S22	SES206	1.03074	-69.5107	-70.5414
BLOCK20/SES204/SA204S25	SES062	-1.31891	-71.9458	-70.6269
BLOCK20/SES204/SA204S25	SES083	-1.50726	-72.1342	-70.6269
BLOCK20/SES204/SA204S25	SES206	0.989815	-69.6371	-70.6269
BLOCK20/SES204/SA204S25	SES226	0.40683	-70.2201	-70.6269
BLOCK20/SES204/SA204S27	SES068	-2.30026	-73.5038	-71.2035
BLOCK20/SES204/SA204S27	SES082	-0.262604	-71.4661	-71.2035
BLOCK20/SES204/SA204S27	SES087	0.254242	-70.9493	-71.2035
BLOCK20/SES204/SA204S27	SES206	0.747833	-70.4557	-71.2035
BLOCK20/SES207/SA207S10	SES127	0.357132	-72.7279	-73.0851
BLOCK20/SES207/SA207S10	SES183	0.544662	-72.5404	-73.0851
BLOCK20/SES207/SA207S10	SES189	0.054718	-73.0303	-73.0851
BLOCK20/SES207/SA207S10	SES292	-0.00471497	-73.0898	-73.0851
BLOCK20/SES207/SA207S11	SES127	-0.406906	-73.281	-72.874
BLOCK20/SES207/SA207S11	SES183	0.777313	-72.0967	-72.874
BLOCK20/SES207/SA207S11	SES187	0.493538	-72.3805	-72.874
BLOCK20/SES207/SA207S11	SES292	0.404106	-72.4699	-72.874
BLOCK20/SES207/SA207S25	SES068	0.37645	-73.8197	-74.1961
BLOCK20/SES207/SA207S25	SES083	0.619774	-73.5764	-74.1961
BLOCK20/SES207/SA207S25	SES127	0.76104	-73.4351	-74.1961
BLOCK20/SES207/SA207S25	SES187	1.11092	-73.0852	-74.1961
BLOCK20/SES207/SA207S27	SES127	0.399963	-73.4849	-73.8848
BLOCK20/SES207/SA207S27	SES183	1.0072	-72.8776	-73.8848
BLOCK20/SES207/SA207S27	SES187	0.913445	-72.9714	-73.8848
BLOCK20/SES207/SA207S27	SES292	0.163918	-73.7209	-73.8848
BLOCK20/SES207/SA207S29	SES083	0.422089	-73.6622	-74.0843
BLOCK20/SES207/SA207S29	SES085	1.07528	-73.009	-74.0843
BLOCK20/SES207/SA207S29	SES172	0.274338	-73.8099	-74.0843
BLOCK20/SES207/SA207S29	SES189	0.17025	-73.914	-74.0843
BLOCK22/SES221/SA221S12	SES068	-0.620087	-75.451	-74.8309
BLOCK22/SES221/SA221S12	SES143	1.30561	-73.5253	-74.8309
BLOCK22/SES221/SA221S12	SES175	1.99651	-72.8344	-74.8309
BLOCK22/SES221/SA221S12	SES202	2.20182	-72.6291	-74.8309
BLOCK22/SES221/SA221S15	SES085	0.191544	-76.0344	-76.2259
BLOCK22/SES221/SA221S15	SES143	1.68181	-74.5441	-76.2259
BLOCK22/SES221/SA221S15	SES175	1.44294	-74.783	-76.2259
BLOCK22/SES221/SA221S15	SES187	2.05219	-74.1737	-76.2259
BLOCK22/SES221/SA221S23	SES068	-0.975983	-76.3671	-75.3911
BLOCK22/SES221/SA221S23	SES143	1.43194	-73.9591	-75.3911
BLOCK22/SES221/SA221S23	SES175	1.88656	-73.5045	-75.3911
BLOCK22/SES221/SA221S23	SES189	2.36726	-73.0238	-75.3911
BLOCK22/SES221/SA221S27	SES085	0.360542	-76.4943	-76.8549
BLOCK22/SES221/SA221S27	SES143	1.96423	-74.8907	-76.8549
BLOCK22/SES221/SA221S27	SES175	1.69225	-75.1626	-76.8549
BLOCK22/SES221/SA221S27	SES189	3.46784	-73.387	-76.8549
BLOCK22/SES221/SA221S29	SES085	-0.869728	-79.3014	-78.4317
BLOCK22/SES221/SA221S29	SES143	1.26564	-77.1661	-78.4317
BLOCK22/SES221/SA221S29	SES175	1.32544	-77.1063	-78.4317
BLOCK22/SES221/SA221S29	SES187	2.43011	-76.0016	-78.4317
BLOCK22/SES223/SA223S11	SES143	1.31725	-73.705	-75.0223
BLOCK22/SES223/SA223S11	SES144	0.440529	-74.5818	-75.0223
BLOCK22/SES223/SA223S11	SES175	1.42223	-73.6001	-75.0223
BLOCK22/SES223/SA223S11	SES187	1.51971	-73.5026	-75.0223
BLOCK22/SES223/SA223S13	SES068	-1.57561	-77.1352	-75.5596
BLOCK22/SES223/SA223S13	SES143	0.456192	-75.1034	-75.5596
BLOCK22/SES223/SA223S13	SES146	-1.05207	-76.6117	-75.5596
BLOCK22/SES223/SA223S13	SES202	0.402504	-75.1571	-75.5596
BLOCK22/SES223/SA223S22	SES143	0.973625	-73.8472	-74.8208
BLOCK22/SES223/SA223S22	SES144	0.566513	-74.2543	-74.8208
BLOCK22/SES223/SA223S22	SES175	0.532059	-74.2887	-74.8208
BLOCK22/SES223/SA223S22	SES187	1.39067	-73.4301	-74.8208
BLOCK22/SES223/SA223S25	SES068	-1.66496	-77.1765	-75.5116
BLOCK22/SES223/SA223S25	SES143	1.51643	-73.9951	-75.5116
BLOCK22/SES223/SA223S25	SES175	1.69852	-73.813	-75.5116
BLOCK22/SES223/SA223S25	SES187	1.70158	-73.81	-75.5116
BLOCK22/SES223/SA223S27	SES143	0.70694	-75.1633	-75.8703
BLOCK22/SES223/SA223S27	SES146	-0.5578	-76.4281	-75.8703
BLOCK22/SES223/SA223S27	SES187	1.08215	-74.7881	-75.8703
BLOCK22/SES223/SA223S27	SES292	-1.30792	-77.1782	-75.8703
BLOCK27/SES273/SA273S12	SES099	0.964355	-68.4106	-69.375
BLOCK27/SES273/SA273S12	SES104	1.8839	-67.4911	-69.375
BLOCK27/SES273/SA273S12	SES125	1.49744	-67.8775	-69.375
BLOCK27/SES273/SA273S12	SES206	1.85892	-67.516	-69.375
BLOCK27/SES273/SA273S13	SES099	0.683594	-68.5485	-69.2321
BLOCK27/SES273/SA273S13	SES104	0.821869	-68.4103	-69.2321
BLOCK27/SES273/SA273S13	SES206	1.15058	-68.0816	-69.2321
BLOCK27/SES273/SA273S13	SES292	-1.08554	-70.3177	-69.2321
BLOCK27/SES273/SA273S21	SES099	1.11964	-67.7773	-68.897
BLOCK27/SES273/SA273S21	SES148	-1.74826	-70.6452	-68.897
BLOCK27/SES273/SA273S21	SES149	0.497742	-68.3992	-68.897
BLOCK27/SES273/SA273S21	SES177	-2.40007	-71.297	-68.897
BLOCK27/SES273/SA273S25	SES104	0.806519	-68.6145	-69.421
BLOCK27/SES273/SA273S25	SES125	1.20985	-68.2111	-69.421
BLOCK27/SES273/SA273S25	SES158	1.03171	-68.3893	-69.421
BLOCK27/SES273/SA273S25	SES206	1.42085	-68.0001	-69.421
BLOCK27/SES273/SA273S27	SES099	0.785339	-68.4927	-69.2781
BLOCK27/SES273/SA273S27	SES104	0.328804	-68.9493	-69.2781
BLOCK27/SES273/SA273S27	SES149	0.917305	-68.3608	-69.2781
BLOCK27/SES273/SA273S27	SES275	-0.158508	-69.4366	-69.2781
BLOCK27/SES274/SA274S10	SES105	-0.991127	-70.6528	-69.6616
BLOCK27/SES274/SA274S10	SES125	0.627106	-69.0345	-69.6616
BLOCK27/SES274/SA274S10	SES129	-0.653687	-70.3153	-69.6616
BLOCK27/SES274/SA274S10	SES158	0.47197	-69.1897	-69.6616
BLOCK27/SES274/SA274S11	SES105	-0.894104	-70.8014	-69.9073
BLOCK27/SES274/SA274S11	SES149	-0.024826	-69.9321	-69.9073
BLOCK27/SES274/SA274S11	SES158	-0.00165558	-69.9089	-69.9073
BLOCK27/SES274/SA274S11	SES275	-1.0105	-70.9178	-69.9073
BLOCK27/SES274/SA274S21	SES105	-1.26754	-71.462	-70.1945
BLOCK27/SES274/SA274S21	SES129	-1.66261	-71.8571	-70.1945
BLOCK27/SES274/SA274S21	SES149	0.0102768	-70.1842	-70.1945
BLOCK27/SES274/SA274S21	SES158	-0.553192	-70.7477	-70.1945
BLOCK27/SES274/SA274S24	SES105	-1.23161	-70.8411	-69.6095
BLOCK27/SES274/SA274S24	SES129	-1.56554	-71.175	-69.6095
BLOCK27/SES274/SA274S24	SES149	-0.103607	-69.7131	-69.6095
BLOCK27/SES274/SA274S24	SES158	-0.333321	-69.9428	-69.6095
BLOCK27/SES274/SA274S29	SES105	-1.1804	-71.1169	-69.9365
BLOCK27/SES274/SA274S29	SES106	-0.385338	-70.3218	-69.9365
BLOCK27/SES274/SA274S29	SES120	-1.12034	-71.0568	-69.9365
BLOCK27/SES274/SA274S29	SES275	-1.1075	-71.044	-69.9365
BLOCK27/SES276/SA276S16	SES148	0.430519	-73.2237	-73.6542
BLOCK27/SES276/SA276S16	SES172	-0.0684204	-73.7227	-73.6542
BLOCK27/SES276/SA276S16	SES180	-1.10417	-74.7584	-73.6542
BLOCK27/SES276/SA276S16	SES292	0.996338	-72.6579	-73.6542
BLOCK27/SES276/SA276S17	SES101	0.433655	-72.8752	-73.3088
BLOCK27/SES276/SA276S17	SES177	0.0188293	-73.29	-73.3088
BLOCK27/SES276/SA276S17	SES180	-0.281898	-73.5907	-73.3088
BLOCK27/SES276/SA276S17	SES292	0.735962	-72.5729	-73.3088
BLOCK27/SES276/SA276S24	SES101	0.731705	-71.9398	-72.6715
BLOCK27/SES276/SA276S24	SES177	-0.0402222	-72.7117	-72.6715
BLOCK27/SES276/SA276S24	SES180	-0.423088	-73.0946	-72.6715
BLOCK27/SES276/SA276S24	SES292	0.341248	-72.3303	-72.6715
BLOCK27/SES276/SA276S26	SES101	-0.322617	-73.1561	-72.8335
BLOCK27/SES276/SA276S26	SES177	0.0638733	-72.7696	-72.8335
BLOCK27/SES276/SA276S26	SES180	0.164207	-72.6693	-72.8335
BLOCK27/SES276/SA276S26	SES292	0.360466	-72.473	-72.8335
BLOCK27/SES276/SA276S28	SES101	0.810028	-72.4794	-73.2894
BLOCK27/SES276/SA276S28	SES177	0.618828	-72.6706	-73.2894
BLOCK27/SES276/SA276S28	SES180	0.555595	-72.7338	-73.2894
BLOCK27/SES276/SA276S28	SES292	0.691467	-72.598	-73.2894
BLOCK27/SES277/SA277S12	SES101	0.0944443	-74.1498	-74.2442
BLOCK27/SES277/SA277S12	SES177	0.414528	-73.8297	-74.2442
BLOCK27/SES277/SA277S12	SES180	1.19083	-73.0534	-74.2442
BLOCK27/SES277/SA277S12	SES292	0.203796	-74.0404	-74.2442
BLOCK27/SES277/SA277S14	SES177	0.547844	-73.7277	-74.2755
BLOCK27/SES277/SA277S14	SES180	0.480629	-73.7949	-74.2755
BLOCK27/SES277/SA277S14	SES189	0.749527	-73.526	-74.2755
BLOCK27/SES277/SA277S14	SES292	-0.864113	-75.1396	-74.2755
BLOCK27/SES277/SA277S21	SES177	0.308182	-72.7879	-73.0961
BLOCK27/SES277/SA277S21	SES180	0.0258102	-73.0703	-73.0961
BLOCK27/SES277/SA277S21	SES189	0.0762787	-73.0198	-73.0961
BLOCK27/SES277/SA277S21	SES292	-0.159668	-73.2558	-73.0961
BLOCK27/SES277/SA277S24	SES144	0.622414	-74.4697	-75.0921
BLOCK27/SES277/SA277S24	SES177	0.11483	-74.9773	-75.0921
BLOCK27/SES277/SA277S24	SES180	-0.400856	-75.493	-75.0921
BLOCK27/SES277/SA277S24	SES189	0.471428	-74.6207	-75.0921
BLOCK27/SES277/SA277S29	SES177	1.49015	-71.4036	-72.8938
BLOCK27/SES277/SA277S29	SES180	1.28297	-71.6108	-72.8938
BLOCK27/SES277/SA277S29	SES202	0.798431	-72.0954	-72.8938
BLOCK27/SES277/SA277S29	SES292	0.530304	-72.3635	-72.8938
BLOCK27/SES279/SA279S09	SES120	-0.481812	-71.2898	-70.808
BLOCK27/SES279/SA279S09	SES146	-0.153519	-70.9615	-70.808
BLOCK27/SES279/SA279S09	SES206	-0.323402	-71.1314	-70.808
BLOCK27/SES279/SA279S09	SES226	-0.660583	-71.4686	-70.808
BLOCK27/SES279/SA279S10	SES099	-0.249756	-70.8754	-70.6256
BLOCK27/SES279/SA279S10	SES206	-0.173584	-70.7992	-70.6256
BLOCK27/SES279/SA279S10	SES226	0.180061	-70.4456	-70.6256
BLOCK27/SES279/SA279S10	SES292	-0.514145	-71.1398	-70.6256
BLOCK27/SES279/SA279S20	SES099	-1.06256	-73.0232	-71.9607
BLOCK27/SES279/SA279S20	SES206	-0.500824	-72.4615	-71.9607
BLOCK27/SES279/SA279S20	SES226	-0.768723	-72.7294	-71.9607
BLOCK27/SES279/SA279S20	SES292	0.0102234	-71.9505	-71.9607
BLOCK27/SES279/SA279S26	SES099	-0.0642929	-71.5434	-71.4791
BLOCK27/SES279/SA279S26	SES206	0.0912857	-71.3878	-71.4791
BLOCK27/SES279/SA279S26	SES226	0.354233	-71.1249	-71.4791
BLOCK27/SES279/SA279S26	SES292	-0.0809097	-71.56	-71.4791
BLOCK27/SES279/SA279S28	SES099	-0.132744	-70.2433	-70.1105
BLOCK27/SES279/SA279S28	SES120	-0.200348	-70.3109	-70.1105
BLOCK27/SES279/SA279S28	SES177	-1.93443	-72.045	-70.1105
BLOCK27/SES279/SA279S28	SES206	-0.12104	-70.2316	-70.1105
BLOCK29/SES290/SA290S12	SES162	0.599808	-73.5741	-74.1739
BLOCK29/SES290/SA290S12	SES177	0.0177078	-74.1562	-74.1739
BLOCK29/SES290/SA290S12	SES180	0.152351	-74.0216	-74.1739
BLOCK29/SES290/SA290S12	SES292	-0.761101	-74.935	-74.1739
BLOCK29/SES290/SA290S13	SES007	-1.21619	-75.6265	-74.4103
BLOCK29/SES290/SA290S13	SES162	0.742661	-73.6676	-74.4103
BLOCK29/SES290/SA290S13	SES177	0.536438	-73.8738	-74.4103
BLOCK29/SES290/SA290S13	SES180	0.809532	-73.6008	-74.4103
BLOCK29/SES290/SA290S22	SES177	1.21322	-72.5015	-73.7148
BLOCK29/SES290/SA290S22	SES180	1.75848	-71.9563	-73.7148
BLOCK29/SES290/SA290S22	SES202	1.22125	-72.4935	-73.7148
BLOCK29/SES290/SA290S22	SES292	-0.150978	-73.8657	-73.7148
BLOCK29/SES290/SA290S25	SES162	0.888237	-72.833	-73.7213
BLOCK29/SES290/SA290S25	SES177	0.838348	-72.8829	-73.7213
BLOCK29/SES290/SA290S25	SES180	1.05292	-72.6684	-73.7213
BLOCK29/SES290/SA290S25	SES292	-0.0554733	-73.7768	-73.7213
BLOCK29/SES290/SA290S29	SES177	1.26685	-71.7886	-73.0554
BLOCK29/SES290/SA290S29	SES180	1.62676	-71.4286	-73.0554
BLOCK29/SES290/SA290S29	SES275	-0.395447	-73.4509	-73.0554
BLOCK29/SES290/SA290S29	SES292	0.00268555	-73.0527	-73.0554
BLOCK29/SES291/SA291S11	SES105	-1.49113	-72.2923	-70.8012
BLOCK29/SES291/SA291S11	SES125	0.384903	-70.4163	-70.8012
BLOCK29/SES291/SA291S11	SES158	0.374039	-70.4271	-70.8012
BLOCK29/SES291/SA291S11	SES275	-1.56608	-72.3672	-70.8012
BLOCK29/SES291/SA291S12	SES158	1.03104	-69.7183	-70.7493
BLOCK29/SES291/SA291S12	SES226	0.0888824	-70.6605	-70.7493
BLOCK29/SES291/SA291S12	SES270	1.5531	-69.1962	-70.7493
BLOCK29/SES291/SA291S12	SES275	-1.89398	-72.6433	-70.7493
BLOCK29/SES291/SA291S22	SES082	0.0826035	-70.5232	-70.6058
BLOCK29/SES291/SA291S22	SES158	0.464981	-70.1408	-70.6058
BLOCK29/SES291/SA291S22	SES259	0.287399	-70.3184	-70.6058
BLOCK29/SES291/SA291S22	SES275	-1.53988	-72.1457	-70.6058
BLOCK29/SES291/SA291S24	SES104	1.53901	-68.0801	-69.6191
BLOCK29/SES291/SA291S24	SES125	1.25143	-68.3677	-69.6191
BLOCK29/SES291/SA291S24	SES158	1.45764	-68.1614	-69.6191
BLOCK29/SES291/SA291S24	SES275	-1.44735	-71.0664	-69.6191
BLOCK29/SES291/SA291S27	SES158	1.54016	-69.0525	-70.5927
BLOCK29/SES291/SA291S27	SES172	-2.54574	-73.1384	-70.5927
BLOCK29/SES291/SA291S27	SES275	-1.39737	-71.99	-70.5927
BLOCK29/SES291/SA291S27	SES292	-1.16871	-71.7614	-70.5927
Threshold search:
THR	-4.23714920566	9	0(0)	1(1000)
THR	-4.1450925136034	8.991	0(0)	0.999(999)
THR	-4.0530358215468	8.991	0(0)	0.999(999)
THR	-3.9609791294902	8.991	0(0)	0.999(999)
THR	-3.8689224374336	8.991	0(0)	0.999(999)
THR	-3.776865745377	8.991	0(0)	0.999(999)
THR	-3.6848090533204	8.991	0(0)	0.999(999)
THR	-3.5927523612638	8.991	0(0)	0.999(999)
THR	-3.5006956692072	8.991	0(0)	0.999(999)
THR	-3.4086389771506	8.991	0(0)	0.999(999)
THR	-3.316582285094	8.991	0(0)	0.999(999)
THR	-3.2245255930374	8.991	0(0)	0.999(999)
THR	-3.1324689009808	8.991	0(0)	0.999(999)
THR	-3.0404122089242	8.991	0(0)	0.999(999)
THR	-2.9483555168676	8.991	0(0)	0.999(999)
THR	-2.856298824811	8.991	0(0)	0.999(999)
THR	-2.7642421327544	8.991	0(0)	0.999(999)
THR	-2.6721854406978	8.991	0(0)	0.999(999)
THR	-2.5801287486412	8.982	0(0)	0.998(998)
THR	-2.4880720565846	8.973	0(0)	0.997(997)
THR	-2.396015364528	8.955	0(0)	0.995(995)
THR	-2.3039586724714	8.946	0(0)	0.994(994)
THR	-2.2119019804148	8.919	0(0)	0.991(991)
THR	-2.1198452883582	8.91	0(0)	0.99(990)
THR	-2.0277885963016	8.892	0(0)	0.988(988)
THR	-1.935731904245	8.847	0(0)	0.983(983)
THR	-1.8436752121884	8.784	0(0)	0.976(976)
THR	-1.7516185201318	8.757	0(0)	0.973(973)
THR	-1.6595618280752	8.658	0(0)	0.962(962)
THR	-1.5675051360186	8.568	0(0)	0.952(952)
THR	-1.475448443962	8.478	0(0)	0.942(942)
THR	-1.3833917519054	8.388	0(0)	0.932(932)
THR	-1.2913350598488	8.262	0(0)	0.918(918)
THR	-1.1992783677922	8.154	0(0)	0.906(906)
THR	-1.1072216757356	8.028	0(0)	0.892(892)
THR	-1.015164983679	7.875	0(0)	0.875(875)
THR	-0.923108291622402	7.731	0(0)	0.859(859)
THR	-0.831051599565802	7.596	0(0)	0.844(844)
THR	-0.738994907509202	7.443	0(0)	0.827(827)
THR	-0.646938215452602	7.308	0(0)	0.812(812)
THR	-0.554881523396002	7.227	0(0)	0.803(803)
THR	-0.462824831339402	7.02	0(0)	0.78(780)
THR	-0.370768139282802	6.804	0(0)	0.756(756)
THR	-0.278711447226202	6.561	0(0)	0.729(729)
THR	-0.186654755169602	6.336	0(0)	0.704(704)
THR	-0.0945980631130021	6.075	0(0)	0.675(675)
THR	-0.00254137105640206	5.76	0(0)	0.64(640)
THR	0.0895153210001979	5.373	0(0)	0.597(597)
THR	0.181572013056798	5.049	0(0)	0.561(561)
THR	0.273628705113398	4.716	0(0)	0.524(524)
THR	0.365685397169998	4.41	0(0)	0.49(490)
THR	0.457742089226598	3.905	0.008(2)	0.433(433)
THR	0.549798781283198	3.432	0.012(3)	0.38(380)
THR	0.641855473339798	3.012	0.024(6)	0.332(332)
THR	0.733912165396398	2.663	0.044(11)	0.291(291)
THR	0.825968857452998	2.251	0.064(16)	0.243(243)
THR	0.918025549509598	1.943	0.08(20)	0.207(207)
THR	1.0100822415662	1.696	0.112(28)	0.176(176)
THR	1.1021389336228	1.463	0.14(35)	0.147(147)
THR	1.1941956256794	1.334	0.164(41)	0.13(130)
THR	1.286252317736	1.084	0.184(46)	0.1(100)
THR	1.3783090097926	0.985	0.256(64)	0.081(81)
THR	1.4703657018492	0.832	0.292(73)	0.06(60)
THR	1.5624223939058	0.749	0.344(86)	0.045(45)
THR	1.6544790859624	0.757	0.424(106)	0.037(37)
THR	1.746535778019	0.765	0.504(126)	0.029(29)
THR	1.8385924700756	0.738	0.54(135)	0.022(22)
THR	1.9306491621322	0.753	0.6(150)	0.017(17)
THR	2.0227058541888	0.75	0.66(165)	0.01(10)
THR	2.1147625462454	0.766	0.712(178)	0.006(6)
THR	2.206819238302	0.793	0.748(187)	0.005(5)
THR	2.2988759303586	0.84	0.804(201)	0.004(4)
THR	2.3909326224152	0.875	0.848(212)	0.003(3)
THR	2.4829893144718	0.87	0.852(213)	0.002(2)
THR	2.5750460065284	0.893	0.884(221)	0.001(1)
THR	2.667102698585	0.893	0.884(221)	0.001(1)
THR	2.7591593906416	0.905	0.896(224)	0.001(1)
THR	2.8512160826982	0.921	0.912(228)	0.001(1)
THR	2.9432727747548	0.925	0.916(229)	0.001(1)
THR	3.0353294668114	0.941	0.932(233)	0.001(1)
THR	3.127386158868	0.941	0.932(233)	0.001(1)
THR	3.2194428509246	0.945	0.936(234)	0.001(1)
THR	3.3114995429812	0.953	0.944(236)	0.001(1)
THR	3.4035562350378	0.957	0.948(237)	0.001(1)
THR	3.4956129270944	0.948	0.948(237)	0(0)
THR	3.587669619151	0.956	0.956(239)	0(0)
THR	3.6797263112076	0.96	0.96(240)	0(0)
THR	3.7717830032642	0.964	0.964(241)	0(0)
THR	3.8638396953208	0.964	0.964(241)	0(0)
THR	3.9558963873774	0.976	0.976(244)	0(0)
THR	4.047953079434	0.98	0.98(245)	0(0)
THR	4.1400097714906	0.98	0.98(245)	0(0)
THR	4.2320664635472	0.98	0.98(245)	0(0)
THR	4.3241231556038	0.984	0.984(246)	0(0)
THR	4.4161798476604	0.984	0.984(246)	0(0)
THR	4.508236539717	0.988	0.988(247)	0(0)
THR	4.6002932317736	0.988	0.988(247)	0(0)
THR	4.6923499238302	0.992	0.992(248)	0(0)
THR	4.7844066158868	0.996	0.996(249)	0(0)
THR	4.8764633079434	0.996	0.996(249)	0(0)
THR	4.96852	0.996	0.996(249)	0(0)
THR	5.0605766920566	1	1(250)	0(0)


==============================================
THR: 1.8385924700756
Missed:     135/250=0.5400
FalseAlarm: 22/1000=0.0220
----------------------------------------------
==> CostDetection: 73.8
==============================================
