BLOCK00/SES002/SA002S12	SES002	1.47268	16.7837	15.3111
BLOCK00/SES002/SA002S13	SES002	1.80476	16.531	14.7262
BLOCK00/SES002/SA002S23	SES002	1.32567	16.7723	15.4466
BLOCK00/SES002/SA002S26	SES002	1.76587	17.9454	16.1795
BLOCK00/SES002/SA002S28	SES002	1.01117	15.2986	14.2874
BLOCK00/SES007/SA007S14	SES007	2.07664	18.3847	16.3081
BLOCK00/SES007/SA007S15	SES007	0.658196	15.8838	15.2256
BLOCK00/SES007/SA007S24	SES007	1.46913	16.1828	14.7137
BLOCK00/SES007/SA007S27	SES007	1.21868	15.6132	14.3945
BLOCK00/SES007/SA007S29	SES007	0.466349	16.1876	15.7212
BLOCK00/SES008/SA008S11	SES008	1.80315	16.884	15.0808
BLOCK00/SES008/SA008S12	SES008	0.647192	15.6209	14.9737
BLOCK00/SES008/SA008S19	SES008	1.88428	17.8359	15.9516
BLOCK00/SES008/SA008S22	SES008	0.815826	15.3454	14.5295
BLOCK00/SES008/SA008S29	SES008	2.03382	17.8203	15.7865
BLOCK01/SES014/SA014S10	SES014	2.62102	17.705	15.084
BLOCK01/SES014/SA014S12	SES014	3.61563	20.4746	16.859
BLOCK01/SES014/SA014S24	SES014	1.75438	18.1412	16.3868
BLOCK01/SES014/SA014S26	SES014	2.86429	20.9848	18.1205
BLOCK01/SES014/SA014S28	SES014	4.05236	21.2545	17.2022
BLOCK01/SES016/SA016S12	SES016	1.97741	15.2145	13.2371
BLOCK01/SES016/SA016S13	SES016	1.97494	16.944	14.969
BLOCK01/SES016/SA016S22	SES016	1.6336	16.6828	15.0492
BLOCK01/SES016/SA016S25	SES016	2.11457	18.6083	16.4938
BLOCK01/SES016/SA016S27	SES016	2.32135	19.1829	16.8615
BLOCK01/SES019/SA019S13	SES019	3.21262	15.9442	12.7316
BLOCK01/SES019/SA019S14	SES019	2.46481	16.1645	13.6997
BLOCK01/SES019/SA019S22	SES019	2.98247	16.1502	13.1677
BLOCK01/SES019/SA019S25	SES019	2.9606	16.6981	13.7375
BLOCK01/SES019/SA019S29	SES019	3.86826	17.0645	13.1963
BLOCK02/SES029/SA029S11	SES029	1.93959	17.0881	15.1485
BLOCK02/SES029/SA029S12	SES029	0.768017	16.9421	16.1741
BLOCK02/SES029/SA029S20	SES029	1.65756	16.5986	14.9411
BLOCK02/SES029/SA029S25	SES029	1.55941	17.7162	16.1568
BLOCK02/SES029/SA029S28	SES029	0.599224	16.3043	15.7051
BLOCK04/SES042/SA042S12	SES042	2.18347	17.7305	15.5471
BLOCK04/SES042/SA042S15	SES042	2.69927	18.3077	15.6084
BLOCK04/SES042/SA042S22	SES042	3.32512	20.6851	17.36
BLOCK04/SES042/SA042S25	SES042	2.37196	17.0689	14.697
BLOCK04/SES042/SA042S27	SES042	1.93402	18.2585	16.3245
BLOCK04/SES048/SA048S11	SES048	1.81032	17.5058	15.6955
BLOCK04/SES048/SA048S12	SES048	1.00497	17.1722	16.1672
BLOCK04/SES048/SA048S20	SES048	0.56461	17.0373	16.4727
BLOCK04/SES048/SA048S23	SES048	1.75832	16.4429	14.6846
BLOCK04/SES048/SA048S27	SES048	1.07625	18.3126	17.2363
BLOCK06/SES060/SA060S11	SES060	2.08192	18.1418	16.0599
BLOCK06/SES060/SA060S12	SES060	0.381597	15.5977	15.2161
BLOCK06/SES060/SA060S22	SES060	0.507718	14.5373	14.0296
BLOCK06/SES060/SA060S24	SES060	1.62756	17.6074	15.9798
BLOCK06/SES060/SA060S28	SES060	1.39088	19.5946	18.2037
BLOCK06/SES062/SA062S10	SES062	0.857275	16.9315	16.0742
BLOCK06/SES062/SA062S11	SES062	1.94586	17.2651	15.3193
BLOCK06/SES062/SA062S21	SES062	2.17587	20.1794	18.0035
BLOCK06/SES062/SA062S26	SES062	1.33523	18.322	16.9868
BLOCK06/SES062/SA062S29	SES062	1.96161	19.4736	17.512
BLOCK06/SES068/SA068S14	SES068	0.652596	16.9853	16.3327
BLOCK06/SES068/SA068S15	SES068	1.4935	18.5177	17.0242
BLOCK06/SES068/SA068S23	SES068	1.47287	16.4504	14.9776
BLOCK06/SES068/SA068S27	SES068	2.17686	19.04	16.8632
BLOCK06/SES068/SA068S29	SES068	0.986189	16.9204	15.9342
BLOCK08/SES082/SA082S12	SES082	0.567402	14.881	14.3136
BLOCK08/SES082/SA082S14	SES082	0.944983	15.2551	14.3101
BLOCK08/SES082/SA082S21	SES082	0.525939	15.4201	14.8941
BLOCK08/SES082/SA082S24	SES082	1.04688	17.2727	16.2259
BLOCK08/SES082/SA082S28	SES082	0.718451	15.5212	14.8028
BLOCK08/SES083/SA083S14	SES083	0.375737	16.188	15.8122
BLOCK08/SES083/SA083S15	SES083	0.991455	17.3621	16.3707
BLOCK08/SES083/SA083S24	SES083	0.585119	16.4281	15.843
BLOCK08/SES083/SA083S26	SES083	0.937855	16.294	15.3561
BLOCK08/SES083/SA083S29	SES083	0.343227	17.0324	16.6891
BLOCK08/SES085/SA085S10	SES085	0.540045	16.6853	16.1452
BLOCK08/SES085/SA085S13	SES085	0.311345	15.6789	15.3676
BLOCK08/SES085/SA085S22	SES085	0.651878	17.9133	17.2614
BLOCK08/SES085/SA085S26	SES085	0.666315	17.1211	16.4548
BLOCK08/SES085/SA085S28	SES085	1.61191	17.3874	15.7755
BLOCK08/SES087/SA087S15	SES087	1.97509	16.736	14.7609
BLOCK08/SES087/SA087S16	SES087	1.98417	16.6711	14.687
BLOCK08/SES087/SA087S24	SES087	1.57394	16.889	15.315
BLOCK08/SES087/SA087S26	SES087	1.47124	17.7195	16.2482
BLOCK08/SES087/SA087S29	SES087	2.19842	16.6284	14.43
BLOCK09/SES099/SA099S15	SES099	1.95943	16.3192	14.3598
BLOCK09/SES099/SA099S16	SES099	1.64966	16.174	14.5244
BLOCK09/SES099/SA099S24	SES099	1.76269	16.6158	14.8531
BLOCK09/SES099/SA099S26	SES099	2.12123	16.7767	14.6555
BLOCK09/SES099/SA099S29	SES099	2.22806	17.3893	15.1612
BLOCK10/SES101/SA101S11	SES101	0.515244	16.3021	15.7868
BLOCK10/SES101/SA101S13	SES101	1.92894	18.5526	16.6236
BLOCK10/SES101/SA101S22	SES101	1.01411	16.1801	15.166
BLOCK10/SES101/SA101S24	SES101	1.07693	16.4329	15.3559
BLOCK10/SES101/SA101S28	SES101	0.695091	15.4544	14.7593
BLOCK10/SES104/SA104S11	SES104	2.34689	19.5846	17.2377
BLOCK10/SES104/SA104S12	SES104	2.17327	17.5758	15.4025
BLOCK10/SES104/SA104S21	SES104	1.82488	16.9915	15.1666
BLOCK10/SES104/SA104S24	SES104	1.12403	16.497	15.373
BLOCK10/SES104/SA104S28	SES104	1.67074	17.9371	16.2664
BLOCK10/SES105/SA105S12	SES105	1.20662	14.8958	13.6892
BLOCK10/SES105/SA105S13	SES105	1.08559	15.1417	14.0561
BLOCK10/SES105/SA105S22	SES105	0.754777	14.0617	13.307
BLOCK10/SES105/SA105S26	SES105	1.39463	15.1965	13.8019
BLOCK10/SES105/SA105S29	SES105	1.5128	16.1957	14.6829
BLOCK10/SES106/SA106S09	SES106	1.54036	15.052	13.5117
BLOCK10/SES106/SA106S11	SES106	1.93154	17.0075	15.076
BLOCK10/SES106/SA106S22	SES106	4.01211	17.8956	13.8835
BLOCK10/SES106/SA106S27	SES106	1.92361	16.0751	14.1515
BLOCK10/SES106/SA106S29	SES106	1.30478	15.5455	14.2408
BLOCK11/SES117/SA117S12	SES117	1.0457	15.8384	14.7927
BLOCK11/SES117/SA117S13	SES117	0.470192	16.2095	15.7393
BLOCK11/SES117/SA117S23	SES117	2.03998	15.0375	12.9975
BLOCK11/SES117/SA117S25	SES117	1.11241	14.9364	13.8239
BLOCK11/SES117/SA117S28	SES117	1.32212	14.8462	13.524
BLOCK12/SES120/SA120S08	SES120	1.10348	13.8445	12.741
BLOCK12/SES120/SA120S11	SES120	1.51205	12.6949	11.1828
BLOCK12/SES120/SA120S22	SES120	0.195165	15.5476	15.3525
BLOCK12/SES120/SA120S24	SES120	1.16003	15.0088	13.8488
BLOCK12/SES120/SA120S28	SES120	0.63974	12.6829	12.0432
BLOCK12/SES125/SA125S13	SES125	2.12886	16.9579	14.8291
BLOCK12/SES125/SA125S14	SES125	1.08545	15.581	14.4955
BLOCK12/SES125/SA125S25	SES125	2.15252	17.6939	15.5414
BLOCK12/SES125/SA125S27	SES125	2.29684	18.5339	16.2371
BLOCK12/SES125/SA125S29	SES125	2.49183	17.2927	14.8009
BLOCK12/SES127/SA127S11	SES127	1.35257	15.9247	14.5722
BLOCK12/SES127/SA127S12	SES127	0.309055	16.2951	15.986
BLOCK12/SES127/SA127S23	SES127	0.858312	16.3103	15.452
BLOCK12/SES127/SA127S25	SES127	0.124056	15.2228	15.0987
BLOCK12/SES127/SA127S27	SES127	1.43834	16.7685	15.3302
BLOCK12/SES129/SA129S11	SES129	2.11364	18.0424	15.9288
BLOCK12/SES129/SA129S12	SES129	1.66138	17.7166	16.0552
BLOCK12/SES129/SA129S22	SES129	1.56582	16.6168	15.051
BLOCK12/SES129/SA129S27	SES129	1.81512	17.4136	15.5985
BLOCK12/SES129/SA129S29	SES129	1.66694	17.6115	15.9446
BLOCK14/SES142/SA142S11	SES142	2.71208	16.288	13.5759
BLOCK14/SES142/SA142S12	SES142	1.18461	15.2214	14.0368
BLOCK14/SES142/SA142S24	SES142	1.96669	16.4272	14.4605
BLOCK14/SES142/SA142S27	SES142	2.39755	17.0236	14.6261
BLOCK14/SES142/SA142S29	SES142	2.92647	16.3966	13.4701
BLOCK14/SES143/SA143S12	SES143	1.28169	15.5617	14.28
BLOCK14/SES143/SA143S13	SES143	1.24821	15.3691	14.1209
BLOCK14/SES143/SA143S23	SES143	1.32693	15.2413	13.9144
BLOCK14/SES143/SA143S25	SES143	1.74985	16.4435	14.6937
BLOCK14/SES143/SA143S28	SES143	1.16217	15.4855	14.3233
BLOCK14/SES144/SA144S09	SES144	1.26113	16.6005	15.3394
BLOCK14/SES144/SA144S11	SES144	1.50169	15.9001	14.3985
BLOCK14/SES144/SA144S21	SES144	0.398159	15.1077	14.7095
BLOCK14/SES144/SA144S25	SES144	0.69088	14.6894	13.9986
BLOCK14/SES144/SA144S29	SES144	0.143452	15.8563	15.7129
BLOCK14/SES146/SA146S14	SES146	0.871181	14.6821	13.8109
BLOCK14/SES146/SA146S15	SES146	0.746211	14.7529	14.0067
BLOCK14/SES146/SA146S24	SES146	1.14232	15.3616	14.2193
BLOCK14/SES146/SA146S26	SES146	1.17773	15.2713	14.0935
BLOCK14/SES146/SA146S29	SES146	0.936172	14.5431	13.607
BLOCK14/SES147/SA147S11	SES147	2.08583	15.8998	13.814
BLOCK14/SES147/SA147S13	SES147	2.35695	16.5812	14.2242
BLOCK14/SES147/SA147S23	SES147	0.790307	15.4687	14.6784
BLOCK14/SES147/SA147S26	SES147	1.6267	15.7502	14.1235
BLOCK14/SES147/SA147S28	SES147	1.72097	15.8052	14.0843
BLOCK14/SES148/SA148S10	SES148	1.37797	15.318	13.94
BLOCK14/SES148/SA148S12	SES148	1.45588	14.6903	13.2344
BLOCK14/SES148/SA148S22	SES148	1.83377	17.0661	15.2324
BLOCK14/SES148/SA148S26	SES148	0.375869	15.9683	15.5924
BLOCK14/SES148/SA148S29	SES148	0.63786	15.1955	14.5577
BLOCK14/SES149/SA149S13	SES149	0.175084	15.5882	15.4131
BLOCK14/SES149/SA149S14	SES149	0.656263	16.7734	16.1171
BLOCK14/SES149/SA149S24	SES149	1.40528	17.4047	15.9994
BLOCK14/SES149/SA149S26	SES149	2.05542	18.4805	16.425
BLOCK14/SES149/SA149S28	SES149	2.32745	19.5303	17.2029
BLOCK15/SES158/SA158S13	SES158	1.81796	15.1142	13.2962
BLOCK15/SES158/SA158S14	SES158	3.24076	16.1045	12.8637
BLOCK15/SES158/SA158S23	SES158	1.93075	15.8893	13.9586
BLOCK15/SES158/SA158S26	SES158	2.66177	15.3858	12.724
BLOCK15/SES158/SA158S28	SES158	1.00164	14.743	13.7413
BLOCK16/SES162/SA162S10	SES162	1.14884	14.1975	13.0486
BLOCK16/SES162/SA162S11	SES162	1.13629	16.3417	15.2054
BLOCK16/SES162/SA162S21	SES162	2.08007	16.8069	14.7268
BLOCK16/SES162/SA162S24	SES162	1.49763	16.0134	14.5157
BLOCK16/SES162/SA162S27	SES162	2.00027	15.7401	13.7398
BLOCK16/SES167/SA167S14	SES167	1.13736	17.7198	16.5825
BLOCK16/SES167/SA167S15	SES167	1.27204	16.4716	15.1995
BLOCK16/SES167/SA167S21	SES167	2.14664	17.373	15.2264
BLOCK16/SES167/SA167S25	SES167	2.39398	16.353	13.959
BLOCK16/SES167/SA167S29	SES167	2.89054	18.7412	15.8507
BLOCK17/SES172/SA172S12	SES172	1.92214	17.417	15.4948
BLOCK17/SES172/SA172S13	SES172	1.66618	16.3089	14.6427
BLOCK17/SES172/SA172S23	SES172	1.29646	17.7162	16.4198
BLOCK17/SES172/SA172S27	SES172	1.47295	16.6114	15.1385
BLOCK17/SES172/SA172S29	SES172	2.23794	17.5644	15.3265
BLOCK17/SES175/SA175S11	SES175	0.963536	16.3197	15.3562
BLOCK17/SES175/SA175S13	SES175	1.11289	16.2404	15.1275
BLOCK17/SES175/SA175S23	SES175	1.60737	16.5036	14.8962
BLOCK17/SES175/SA175S25	SES175	0.800332	14.3543	13.554
BLOCK17/SES175/SA175S28	SES175	1.22939	17.0681	15.8387
BLOCK17/SES177/SA177S15	SES177	0.613713	16.0859	15.4722
BLOCK17/SES177/SA177S17	SES177	0.439924	16.0028	15.5629
BLOCK17/SES177/SA177S23	SES177	0.208876	15.184	14.9751
BLOCK17/SES177/SA177S26	SES177	1.0198	18.109	17.0892
BLOCK17/SES177/SA177S28	SES177	0.957564	16.7999	15.8423
BLOCK18/SES180/SA180S13	SES180	0.361663	15.3307	14.9691
BLOCK18/SES180/SA180S15	SES180	1.29144	15.9803	14.6889
BLOCK18/SES180/SA180S24	SES180	0.782799	17.1153	16.3325
BLOCK18/SES180/SA180S26	SES180	1.2525	16.869	15.6165
BLOCK18/SES180/SA180S29	SES180	1.4965	16.3548	14.8583
BLOCK18/SES183/SA183S13	SES183	1.43492	14.9366	13.5017
BLOCK18/SES183/SA183S14	SES183	-0.104478	13.8482	13.9526
BLOCK18/SES183/SA183S24	SES183	1.63953	14.2611	12.6216
BLOCK18/SES183/SA183S27	SES183	1.43294	14.9497	13.5168
BLOCK18/SES183/SA183S29	SES183	0.567128	15.5465	14.9793
BLOCK18/SES187/SA187S13	SES187	0.773563	15.9694	15.1958
BLOCK18/SES187/SA187S14	SES187	1.19893	15.6875	14.4886
BLOCK18/SES187/SA187S24	SES187	2.56906	15.7694	13.2004
BLOCK18/SES187/SA187S27	SES187	1.778	15.961	14.1831
BLOCK18/SES187/SA187S29	SES187	1.35812	16.536	15.1779
BLOCK18/SES189/SA189S10	SES189	1.94207	15.0271	13.085
BLOCK18/SES189/SA189S13	SES189	2.45564	14.8365	12.3809
BLOCK18/SES189/SA189S24	SES189	3.0003	15.0429	12.0426
BLOCK18/SES189/SA189S26	SES189	1.50906	15.6192	14.1101
BLOCK18/SES189/SA189S29	SES189	2.68977	15.639	12.9493
BLOCK20/SES202/SA202S12	SES202	1.3817	13.356	11.9743
BLOCK20/SES202/SA202S14	SES202	2.55911	15.844	13.2849
BLOCK20/SES202/SA202S24	SES202	1.66354	15.7353	14.0718
BLOCK20/SES202/SA202S27	SES202	1.83856	17.4645	15.6259
BLOCK20/SES202/SA202S29	SES202	2.20775	16.8246	14.6169
BLOCK20/SES206/SA206S15	SES206	-0.22532	15.7853	16.0106
BLOCK20/SES206/SA206S17	SES206	1.94445	18.2325	16.288
BLOCK20/SES206/SA206S24	SES206	2.12998	18.5107	16.3807
BLOCK20/SES206/SA206S27	SES206	2.21753	17.4107	15.1931
BLOCK20/SES206/SA206S29	SES206	1.54213	18.4686	16.9264
BLOCK22/SES226/SA226S12	SES226	1.3644	16.2295	14.8651
BLOCK22/SES226/SA226S13	SES226	-0.191546	14.1669	14.3584
BLOCK22/SES226/SA226S20	SES226	1.20535	15.7009	14.4956
BLOCK22/SES226/SA226S23	SES226	1.58049	16.5012	14.9208
BLOCK22/SES226/SA226S28	SES226	2.17071	17.0901	14.9194
BLOCK25/SES259/SA259S13	SES259	4.33115	18.6741	14.3429
BLOCK25/SES259/SA259S14	SES259	2.73951	17.3795	14.64
BLOCK25/SES259/SA259S22	SES259	2.48668	17.1069	14.6203
BLOCK25/SES259/SA259S24	SES259	2.58577	18.7222	16.1365
BLOCK25/SES259/SA259S28	SES259	2.33582	17.5472	15.2114
BLOCK27/SES270/SA270S14	SES270	2.64636	15.4835	12.8371
BLOCK27/SES270/SA270S16	SES270	0.640553	14.8019	14.1613
BLOCK27/SES270/SA270S22	SES270	2.83472	16.2902	13.4555
BLOCK27/SES270/SA270S26	SES270	1.2073	13.6958	12.4885
BLOCK27/SES270/SA270S28	SES270	1.83133	16.1995	14.3682
BLOCK27/SES275/SA275S17	SES275	1.60243	16.2378	14.6353
BLOCK27/SES275/SA275S18	SES275	1.05527	16.1566	15.1013
BLOCK27/SES275/SA275S24	SES275	0.890696	14.743	13.8523
BLOCK27/SES275/SA275S26	SES275	1.6282	16.2986	14.6704
BLOCK27/SES275/SA275S28	SES275	0.610067	15.7236	15.1135
BLOCK29/SES292/SA292S10	SES292	0.860906	15.6784	14.8175
BLOCK29/SES292/SA292S12	SES292	0.587116	15.8379	15.2508
BLOCK29/SES292/SA292S22	SES292	0.758134	16.621	15.8628
BLOCK29/SES292/SA292S24	SES292	0.535369	15.9842	15.4489
BLOCK29/SES292/SA292S27	SES292	0.581337	16.5061	15.9248
BLOCK00/SES001/SA001S14	SES062	-2.74061	10.81	13.5506
BLOCK00/SES001/SA001S14	SES082	-2.60381	10.9468	13.5506
BLOCK00/SES001/SA001S14	SES106	-2.27347	11.2771	13.5506
BLOCK00/SES001/SA001S14	SES206	-1.85407	11.6965	13.5506
BLOCK00/SES001/SA001S15	SES062	-2.94322	12.3332	15.2765
BLOCK00/SES001/SA001S15	SES104	-3.12264	12.1538	15.2765
BLOCK00/SES001/SA001S15	SES106	-2.1864	13.0901	15.2765
BLOCK00/SES001/SA001S15	SES206	-1.85267	13.4238	15.2765
BLOCK00/SES001/SA001S24	SES062	-3.5727	9.8971	13.4698
BLOCK00/SES001/SA001S24	SES082	-3.13366	10.3361	13.4698
BLOCK00/SES001/SA001S24	SES087	-1.82738	11.6424	13.4698
BLOCK00/SES001/SA001S24	SES206	-2.38421	11.0856	13.4698
BLOCK00/SES001/SA001S27	SES062	-2.53502	12.8524	15.3874
BLOCK00/SES001/SA001S27	SES082	-1.99066	13.3968	15.3874
BLOCK00/SES001/SA001S27	SES087	-1.59417	13.7932	15.3874
BLOCK00/SES001/SA001S27	SES206	-1.97296	13.4145	15.3874
BLOCK00/SES001/SA001S29	SES062	-3.83537	10.0257	13.8611
BLOCK00/SES001/SA001S29	SES082	-1.95582	11.9053	13.8611
BLOCK00/SES001/SA001S29	SES158	-1.43236	12.4287	13.8611
BLOCK00/SES001/SA001S29	SES206	-2.48889	11.3722	13.8611
BLOCK00/SES003/SA003S11	SES002	-1.05959	13.9577	15.0173
BLOCK00/SES003/SA003S11	SES019	-1.81248	13.2049	15.0173
BLOCK00/SES003/SA003S11	SES082	-0.693276	14.3241	15.0173
BLOCK00/SES003/SA003S11	SES125	-1.99648	13.0209	15.0173
BLOCK00/SES003/SA003S15	SES016	-1.63821	14.0583	15.6965
BLOCK00/SES003/SA003S15	SES019	-1.64819	14.0483	15.6965
BLOCK00/SES003/SA003S15	SES062	-2.12398	13.5725	15.6965
BLOCK00/SES003/SA003S15	SES206	-1.58363	14.1129	15.6965
BLOCK00/SES003/SA003S22	SES002	-1.99411	13.2768	15.2709
BLOCK00/SES003/SA003S22	SES062	-1.188	14.0829	15.2709
BLOCK00/SES003/SA003S22	SES082	-2.00316	13.2677	15.2709
BLOCK00/SES003/SA003S22	SES087	-1.61667	13.6542	15.2709
BLOCK00/SES003/SA003S25	SES062	-3.10273	11.5039	14.6066
BLOCK00/SES003/SA003S25	SES082	-1.68605	12.9205	14.6066
BLOCK00/SES003/SA003S25	SES087	-1.64842	12.9582	14.6066
BLOCK00/SES003/SA003S25	SES206	-2.1065	12.5001	14.6066
BLOCK00/SES003/SA003S29	SES002	-1.74883	12.7522	14.501
BLOCK00/SES003/SA003S29	SES062	-2.74686	11.7541	14.501
BLOCK00/SES003/SA003S29	SES082	-1.63168	12.8693	14.501
BLOCK00/SES003/SA003S29	SES087	-1.97057	12.5304	14.501
BLOCK00/SES004/SA004S12	SES083	-2.13016	11.9699	14.1001
BLOCK00/SES004/SA004S12	SES148	-2.09396	12.0061	14.1001
BLOCK00/SES004/SA004S12	SES172	-1.02929	13.0708	14.1001
BLOCK00/SES004/SA004S12	SES292	-1.47647	12.6236	14.1001
BLOCK00/SES004/SA004S17	SES083	-1.93677	12.0926	14.0293
BLOCK00/SES004/SA004S17	SES162	-1.13487	12.8945	14.0293
BLOCK00/SES004/SA004S17	SES172	-0.9539	13.0754	14.0293
BLOCK00/SES004/SA004S17	SES292	-1.75647	12.2729	14.0293
BLOCK00/SES004/SA004S24	SES083	-2.17104	12.344	14.515
BLOCK00/SES004/SA004S24	SES148	-2.54404	11.971	14.515
BLOCK00/SES004/SA004S24	SES172	-0.769117	13.7459	14.515
BLOCK00/SES004/SA004S24	SES292	-1.26554	13.2495	14.515
BLOCK00/SES004/SA004S26	SES083	-2.65981	11.7391	14.3989
BLOCK00/SES004/SA004S26	SES127	-1.70223	12.6967	14.3989
BLOCK00/SES004/SA004S26	SES148	-3.83865	10.5602	14.3989
BLOCK00/SES004/SA004S26	SES292	-2.76743	11.6315	14.3989
BLOCK00/SES004/SA004S28	SES083	-1.57158	14.2737	15.8452
BLOCK00/SES004/SA004S28	SES127	-1.12356	14.7217	15.8452
BLOCK00/SES004/SA004S28	SES187	-1.21688	14.6284	15.8452
BLOCK00/SES004/SA004S28	SES292	-2.11854	13.7267	15.8452
BLOCK00/SES006/SA006S10	SES014	-4.29036	7.54283	11.8332
BLOCK00/SES006/SA006S10	SES158	-2.50064	9.33254	11.8332
BLOCK00/SES006/SA006S10	SES226	-4.50758	7.3256	11.8332
BLOCK00/SES006/SA006S10	SES270	-1.4039	10.4293	11.8332
BLOCK00/SES006/SA006S11	SES158	-2.01771	10.089	12.1067
BLOCK00/SES006/SA006S11	SES226	-3.44564	8.66105	12.1067
BLOCK00/SES006/SA006S11	SES270	-1.48435	10.6223	12.1067
BLOCK00/SES006/SA006S11	SES275	-2.63169	9.475	12.1067
BLOCK00/SES006/SA006S23	SES062	-3.19298	10.7142	13.9072
BLOCK00/SES006/SA006S23	SES105	-3.56063	10.3465	13.9072
BLOCK00/SES006/SA006S23	SES158	-2.27094	11.6362	13.9072
BLOCK00/SES006/SA006S23	SES275	-2.42544	11.4817	13.9072
BLOCK00/SES006/SA006S26	SES104	-4.0149	9.38939	13.4043
BLOCK00/SES006/SA006S26	SES158	-1.7425	11.6618	13.4043
BLOCK00/SES006/SA006S26	SES270	-0.91167	12.4926	13.4043
BLOCK00/SES006/SA006S26	SES275	-2.58597	10.8183	13.4043
BLOCK00/SES006/SA006S28	SES007	-2.95166	9.16881	12.1205
BLOCK00/SES006/SA006S28	SES105	-3.36169	8.75878	12.1205
BLOCK00/SES006/SA006S28	SES158	-1.82578	10.2947	12.1205
BLOCK00/SES006/SA006S28	SES275	-2.89347	9.227	12.1205
BLOCK00/SES009/SA009S12	SES083	-3.16256	12.5954	15.7579
BLOCK00/SES009/SA009S12	SES148	-2.83639	12.9215	15.7579
BLOCK00/SES009/SA009S12	SES177	-1.18922	14.5687	15.7579
BLOCK00/SES009/SA009S12	SES292	-1.82533	13.9326	15.7579
BLOCK00/SES009/SA009S15	SES007	-0.351721	16.0025	16.3542
BLOCK00/SES009/SA009S15	SES099	-3.97997	12.3742	16.3542
BLOCK00/SES009/SA009S15	SES148	-2.43534	13.9189	16.3542
BLOCK00/SES009/SA009S15	SES172	-1.63957	14.7147	16.3542
BLOCK00/SES009/SA009S24	SES146	-1.33369	14.7754	16.1091
BLOCK00/SES009/SA009S24	SES148	-2.54594	13.5631	16.1091
BLOCK00/SES009/SA009S24	SES177	-0.435595	15.6735	16.1091
BLOCK00/SES009/SA009S24	SES292	-1.47229	14.6368	16.1091
BLOCK00/SES009/SA009S26	SES083	-3.0917	12.2573	15.349
BLOCK00/SES009/SA009S26	SES101	-2.53609	12.8129	15.349
BLOCK00/SES009/SA009S26	SES120	-1.80239	13.5466	15.349
BLOCK00/SES009/SA009S26	SES177	-1.0043	14.3447	15.349
BLOCK00/SES009/SA009S29	SES083	-2.55112	13.616	16.1671
BLOCK00/SES009/SA009S29	SES101	-2.04804	14.1191	16.1671
BLOCK00/SES009/SA009S29	SES177	-1.02246	15.1447	16.1671
BLOCK00/SES009/SA009S29	SES292	-1.51024	14.6569	16.1671
BLOCK01/SES011/SA011S10	SES019	-1.92689	13.526	15.4529
BLOCK01/SES011/SA011S10	SES042	-0.333444	15.1194	15.4529
BLOCK01/SES011/SA011S10	SES082	-2.68886	12.764	15.4529
BLOCK01/SES011/SA011S10	SES206	-1.8679	13.585	15.4529
BLOCK01/SES011/SA011S11	SES019	-1.66512	12.5343	14.1995
BLOCK01/SES011/SA011S11	SES042	-1.01831	13.1812	14.1995
BLOCK01/SES011/SA011S11	SES082	-2.2923	11.9072	14.1995
BLOCK01/SES011/SA011S11	SES206	-2.0742	12.1253	14.1995
BLOCK01/SES011/SA011S22	SES019	-1.32757	12.7108	14.0384
BLOCK01/SES011/SA011S22	SES042	0.198784	14.2372	14.0384
BLOCK01/SES011/SA011S22	SES082	-1.9676	12.0708	14.0384
BLOCK01/SES011/SA011S22	SES206	-2.13602	11.9024	14.0384
BLOCK01/SES011/SA011S24	SES019	-2.15616	12.7105	14.8667
BLOCK01/SES011/SA011S24	SES042	-0.107553	14.7591	14.8667
BLOCK01/SES011/SA011S24	SES104	-1.9186	12.9481	14.8667
BLOCK01/SES011/SA011S24	SES206	-1.59131	13.2754	14.8667
BLOCK01/SES011/SA011S27	SES082	-0.502743	13.9811	14.4838
BLOCK01/SES011/SA011S27	SES087	-1.88459	12.5992	14.4838
BLOCK01/SES011/SA011S27	SES125	-1.61406	12.8697	14.4838
BLOCK01/SES011/SA011S27	SES206	-1.33159	13.1522	14.4838
BLOCK01/SES012/SA012S11	SES007	-0.980255	15.8479	16.8281
BLOCK01/SES012/SA012S11	SES082	-1.96741	14.8607	16.8281
BLOCK01/SES012/SA012S11	SES083	-2.34204	14.4861	16.8281
BLOCK01/SES012/SA012S11	SES206	-1.7153	15.1128	16.8281
BLOCK01/SES012/SA012S14	SES082	-1.14908	15.142	16.2911
BLOCK01/SES012/SA012S14	SES087	-2.24203	14.0491	16.2911
BLOCK01/SES012/SA012S14	SES206	-1.54831	14.7428	16.2911
BLOCK01/SES012/SA012S14	SES292	-2.14064	14.1505	16.2911
BLOCK01/SES012/SA012S24	SES082	-0.732695	14.4403	15.173
BLOCK01/SES012/SA012S24	SES087	-1.85749	13.3155	15.173
BLOCK01/SES012/SA012S24	SES120	-2.25428	12.9187	15.173
BLOCK01/SES012/SA012S24	SES206	-1.13924	14.0338	15.173
BLOCK01/SES012/SA012S26	SES019	-4.35302	12.6246	16.9776
BLOCK01/SES012/SA012S26	SES082	-2.28578	14.6918	16.9776
BLOCK01/SES012/SA012S26	SES206	-1.04279	15.9348	16.9776
BLOCK01/SES012/SA012S26	SES292	-1.60833	15.3693	16.9776
BLOCK01/SES012/SA012S29	SES062	-1.98899	14.6798	16.6687
BLOCK01/SES012/SA012S29	SES082	-1.25862	15.4101	16.6687
BLOCK01/SES012/SA012S29	SES083	-3.07321	13.5955	16.6687
BLOCK01/SES012/SA012S29	SES206	-1.45811	15.2106	16.6687
BLOCK01/SES013/SA013S16	SES062	-3.30548	11.1409	14.4464
BLOCK01/SES013/SA013S16	SES106	-1.5443	12.9021	14.4464
BLOCK01/SES013/SA013S16	SES206	-1.54846	12.8979	14.4464
BLOCK01/SES013/SA013S16	SES226	-1.34078	13.1056	14.4464
BLOCK01/SES013/SA013S17	SES062	-2.97332	13.49	16.4634
BLOCK01/SES013/SA013S17	SES106	-2.87321	13.5902	16.4634
BLOCK01/SES013/SA013S17	SES206	-1.18246	15.2809	16.4634
BLOCK01/SES013/SA013S17	SES226	-1.3288	15.1346	16.4634
BLOCK01/SES013/SA013S23	SES104	-2.23857	12.8867	15.1253
BLOCK01/SES013/SA013S23	SES106	-1.67442	13.4509	15.1253
BLOCK01/SES013/SA013S23	SES206	-1.4543	13.671	15.1253
BLOCK01/SES013/SA013S23	SES270	-1.25364	13.8717	15.1253
BLOCK01/SES013/SA013S25	SES042	-2.09068	14.4621	16.5528
BLOCK01/SES013/SA013S25	SES104	-1.62218	14.9307	16.5528
BLOCK01/SES013/SA013S25	SES106	-2.11843	14.4344	16.5528
BLOCK01/SES013/SA013S25	SES206	-1.55893	14.9939	16.5528
BLOCK01/SES013/SA013S29	SES062	-4.19824	11.3771	15.5754
BLOCK01/SES013/SA013S29	SES104	-2.93264	12.6427	15.5754
BLOCK01/SES013/SA013S29	SES106	-2.29899	13.2764	15.5754
BLOCK01/SES013/SA013S29	SES206	-2.26771	13.3077	15.5754
BLOCK02/SES021/SA021S13	SES016	-3.39385	13.281	16.6748
BLOCK02/SES021/SA021S13	SES029	-1.72088	14.9539	16.6748
BLOCK02/SES021/SA021S13	SES087	-1.95046	14.7244	16.6748
BLOCK02/SES021/SA021S13	SES206	-1.68386	14.991	16.6748
BLOCK02/SES021/SA021S15	SES087	-1.45362	16.291	17.7447
BLOCK02/SES021/SA021S15	SES125	-1.25203	16.4926	17.7447
BLOCK02/SES021/SA021S15	SES206	-1.27817	16.4665	17.7447
BLOCK02/SES021/SA021S15	SES226	-2.55128	15.1934	17.7447
BLOCK02/SES021/SA021S23	SES062	-3.51012	11.1522	14.6623
BLOCK02/SES021/SA021S23	SES087	-1.23922	13.4231	14.6623
BLOCK02/SES021/SA021S23	SES206	-1.58375	13.0786	14.6623
BLOCK02/SES021/SA021S23	SES226	-1.44355	13.2188	14.6623
BLOCK02/SES021/SA021S27	SES002	-1.06946	15.5765	16.6459
BLOCK02/SES021/SA021S27	SES016	-4.61353	12.0324	16.6459
BLOCK02/SES021/SA021S27	SES019	-1.96315	14.6828	16.6459
BLOCK02/SES021/SA021S27	SES062	-2.20082	14.4451	16.6459
BLOCK02/SES021/SA021S29	SES087	-1.64459	15.0994	16.744
BLOCK02/SES021/SA021S29	SES125	-1.00515	15.7389	16.744
BLOCK02/SES021/SA021S29	SES206	-1.5049	15.2391	16.744
BLOCK02/SES021/SA021S29	SES226	-2.40602	14.338	16.744
BLOCK04/SES043/SA043S09	SES083	-1.39263	12.4913	13.8839
BLOCK04/SES043/SA043S09	SES101	-1.21891	12.665	13.8839
BLOCK04/SES043/SA043S09	SES144	-0.644854	13.239	13.8839
BLOCK04/SES043/SA043S09	SES172	-1.60303	12.2809	13.8839
BLOCK04/SES043/SA043S11	SES083	-1.14754	14.4972	15.6448
BLOCK04/SES043/SA043S11	SES101	-1.14322	14.5016	15.6448
BLOCK04/SES043/SA043S11	SES144	-0.515569	15.1292	15.6448
BLOCK04/SES043/SA043S11	SES172	-1.5244	14.1204	15.6448
BLOCK04/SES043/SA043S23	SES083	-1.27374	13.6162	14.8899
BLOCK04/SES043/SA043S23	SES144	-0.311273	14.5786	14.8899
BLOCK04/SES043/SA043S23	SES177	-1.27959	13.6103	14.8899
BLOCK04/SES043/SA043S23	SES275	-0.964678	13.9252	14.8899
BLOCK04/SES043/SA043S26	SES083	-1.73584	12.5012	14.237
BLOCK04/SES043/SA043S26	SES101	-1.42844	12.8086	14.237
BLOCK04/SES043/SA043S26	SES144	-0.276406	13.9606	14.237
BLOCK04/SES043/SA043S26	SES177	-1.60506	12.6319	14.237
BLOCK04/SES043/SA043S28	SES016	-1.95443	13.8274	15.7818
BLOCK04/SES043/SA043S28	SES083	-1.04894	14.7329	15.7818
BLOCK04/SES043/SA043S28	SES101	-0.631304	15.1505	15.7818
BLOCK04/SES043/SA043S28	SES144	-0.928538	14.8533	15.7818
BLOCK04/SES044/SA044S10	SES127	-2.9227	9.03264	11.9553
BLOCK04/SES044/SA044S10	SES144	-0.469983	11.4854	11.9553
BLOCK04/SES044/SA044S10	SES147	-2.89198	9.06336	11.9553
BLOCK04/SES044/SA044S10	SES148	-3.24727	8.70807	11.9553
BLOCK04/SES044/SA044S11	SES101	-0.771215	12.5017	13.2729
BLOCK04/SES044/SA044S11	SES144	-0.108001	13.1649	13.2729
BLOCK04/SES044/SA044S11	SES147	-2.27044	11.0024	13.2729
BLOCK04/SES044/SA044S11	SES177	-1.81844	11.4544	13.2729
BLOCK04/SES044/SA044S24	SES007	-2.62056	11.6834	14.304
BLOCK04/SES044/SA044S24	SES101	-1.25702	13.047	14.304
BLOCK04/SES044/SA044S24	SES147	-2.72415	11.5798	14.304
BLOCK04/SES044/SA044S24	SES177	-1.40956	12.8944	14.304
BLOCK04/SES044/SA044S26	SES007	-1.68818	12.754	14.4422
BLOCK04/SES044/SA044S26	SES016	-1.14713	13.2951	14.4422
BLOCK04/SES044/SA044S26	SES101	-1.32746	13.1147	14.4422
BLOCK04/SES044/SA044S26	SES147	-1.02579	13.4164	14.4422
BLOCK04/SES044/SA044S29	SES007	-2.5014	11.7269	14.2283
BLOCK04/SES044/SA044S29	SES101	-0.700082	13.5282	14.2283
BLOCK04/SES044/SA044S29	SES147	-1.53643	12.6919	14.2283
BLOCK04/SES044/SA044S29	SES177	-1.84741	12.3809	14.2283
BLOCK04/SES046/SA046S13	SES101	-1.00876	13.0136	14.0223
BLOCK04/SES046/SA046S13	SES144	-0.932554	13.0898	14.0223
BLOCK04/SES046/SA046S13	SES147	-2.07951	11.9428	14.0223
BLOCK04/SES046/SA046S13	SES177	-1.83055	12.1918	14.0223
BLOCK04/SES046/SA046S15	SES048	-0.68705	14.9543	15.6414
BLOCK04/SES046/SA046S15	SES083	-1.13872	14.5027	15.6414
BLOCK04/SES046/SA046S15	SES120	-2.73742	12.904	15.6414
BLOCK04/SES046/SA046S15	SES148	-1.89236	13.749	15.6414
BLOCK04/SES046/SA046S22	SES101	-0.874331	13.3793	14.2536
BLOCK04/SES046/SA046S22	SES144	-1.01694	13.2367	14.2536
BLOCK04/SES046/SA046S22	SES147	-2.39241	11.8612	14.2536
BLOCK04/SES046/SA046S22	SES172	-1.30669	12.9469	14.2536
BLOCK04/SES046/SA046S25	SES083	-1.52806	12.3541	13.8822
BLOCK04/SES046/SA046S25	SES127	-1.63435	12.2478	13.8822
BLOCK04/SES046/SA046S25	SES144	-1.92119	11.961	13.8822
BLOCK04/SES046/SA046S25	SES148	-1.94437	11.9378	13.8822
BLOCK04/SES046/SA046S28	SES007	-2.4082	11.6759	14.0841
BLOCK04/SES046/SA046S28	SES105	-3.02162	11.0625	14.0841
BLOCK04/SES046/SA046S28	SES147	-2.07395	12.0102	14.0841
BLOCK04/SES046/SA046S28	SES148	-1.48828	12.5959	14.0841
BLOCK04/SES049/SA049S16	SES104	-2.44196	11.1931	13.635
BLOCK04/SES049/SA049S16	SES106	-1.76644	11.8686	13.635
BLOCK04/SES049/SA049S16	SES120	-2.24183	11.3932	13.635
BLOCK04/SES049/SA049S16	SES206	-1.2826	12.3524	13.635
BLOCK04/SES049/SA049S18	SES099	-1.5787	11.8017	13.3804
BLOCK04/SES049/SA049S18	SES104	-2.67453	10.7058	13.3804
BLOCK04/SES049/SA049S18	SES125	-3.08841	10.292	13.3804
BLOCK04/SES049/SA049S18	SES206	-1.99711	11.3833	13.3804
BLOCK04/SES049/SA049S25	SES087	-1.1531	13.287	14.4401
BLOCK04/SES049/SA049S25	SES104	-0.611708	13.8283	14.4401
BLOCK04/SES049/SA049S25	SES125	-1.45302	12.987	14.4401
BLOCK04/SES049/SA049S25	SES206	-0.943095	13.497	14.4401
BLOCK04/SES049/SA049S27	SES099	-0.951208	13.1823	14.1335
BLOCK04/SES049/SA049S27	SES104	-0.996984	13.1365	14.1335
BLOCK04/SES049/SA049S27	SES125	-1.95961	12.1739	14.1335
BLOCK04/SES049/SA049S27	SES206	-1.8657	12.2678	14.1335
BLOCK04/SES049/SA049S29	SES099	-0.774056	14.957	15.7311
BLOCK04/SES049/SA049S29	SES104	-0.630586	15.1005	15.7311
BLOCK04/SES049/SA049S29	SES125	-1.41666	14.3144	15.7311
BLOCK04/SES049/SA049S29	SES206	-0.79322	14.9378	15.7311
BLOCK06/SES063/SA063S09	SES068	-1.86871	14.314	16.1828
BLOCK06/SES063/SA063S09	SES083	-1.42673	14.756	16.1828
BLOCK06/SES063/SA063S09	SES177	-1.34734	14.8354	16.1828
BLOCK06/SES063/SA063S09	SES187	-1.52169	14.6611	16.1828
BLOCK06/SES063/SA063S10	SES068	-2.17642	13.3994	15.5758
BLOCK06/SES063/SA063S10	SES083	-1.21389	14.3619	15.5758
BLOCK06/SES063/SA063S10	SES172	-1.81255	13.7632	15.5758
BLOCK06/SES063/SA063S10	SES187	-1.64181	13.934	15.5758
BLOCK06/SES063/SA063S20	SES068	-1.9276	13.0284	14.956
BLOCK06/SES063/SA063S20	SES083	-1.56638	13.3896	14.956
BLOCK06/SES063/SA063S20	SES172	-1.16073	13.7953	14.956
BLOCK06/SES063/SA063S20	SES187	-0.985519	13.9705	14.956
BLOCK06/SES063/SA063S24	SES029	-3.16345	12.5234	15.6868
BLOCK06/SES063/SA063S24	SES083	-0.964009	14.7228	15.6868
BLOCK06/SES063/SA063S24	SES177	-1.12848	14.5583	15.6868
BLOCK06/SES063/SA063S24	SES189	-1.04885	14.638	15.6868
BLOCK06/SES063/SA063S27	SES083	-1.19017	14.0335	15.2237
BLOCK06/SES063/SA063S27	SES172	-1.83438	13.3893	15.2237
BLOCK06/SES063/SA063S27	SES187	-1.85491	13.3688	15.2237
BLOCK06/SES063/SA063S27	SES292	-1.64811	13.5756	15.2237
BLOCK06/SES067/SA067S12	SES083	-2.04022	13.7898	15.83
BLOCK06/SES067/SA067S12	SES172	-1.79029	14.0397	15.83
BLOCK06/SES067/SA067S12	SES202	-0.926573	14.9034	15.83
BLOCK06/SES067/SA067S12	SES292	-1.89336	13.9367	15.83
BLOCK06/SES067/SA067S14	SES085	-1.86278	14.8758	16.7386
BLOCK06/SES067/SA067S14	SES177	-1.37769	15.3609	16.7386
BLOCK06/SES067/SA067S14	SES183	-0.758157	15.9804	16.7386
BLOCK06/SES067/SA067S14	SES202	-0.976685	15.7619	16.7386
BLOCK06/SES067/SA067S21	SES144	-0.983296	14.3625	15.3458
BLOCK06/SES067/SA067S21	SES177	-1.44089	13.9049	15.3458
BLOCK06/SES067/SA067S21	SES183	-0.7016	14.6442	15.3458
BLOCK06/SES067/SA067S21	SES189	-1.03926	14.3065	15.3458
BLOCK06/SES067/SA067S25	SES085	-1.01969	14.7266	15.7463
BLOCK06/SES067/SA067S25	SES177	-1.51966	14.2266	15.7463
BLOCK06/SES067/SA067S25	SES183	-1.28033	14.466	15.7463
BLOCK06/SES067/SA067S25	SES202	-1.30811	14.4382	15.7463
BLOCK06/SES067/SA067S29	SES085	-2.0899	13.9053	15.9952
BLOCK06/SES067/SA067S29	SES177	-1.77101	14.2242	15.9952
BLOCK06/SES067/SA067S29	SES183	-0.521163	15.474	15.9952
BLOCK06/SES067/SA067S29	SES202	-1.06845	14.9267	15.9952
BLOCK06/SES069/SA069S12	SES029	-2.74782	13.6048	16.3526
BLOCK06/SES069/SA069S12	SES082	-0.687943	15.6647	16.3526
BLOCK06/SES069/SA069S12	SES087	-1.63754	14.7151	16.3526
BLOCK06/SES069/SA069S12	SES206	-1.09637	15.2563	16.3526
BLOCK06/SES069/SA069S13	SES029	-3.37819	12.7981	16.1763
BLOCK06/SES069/SA069S13	SES087	-1.23609	14.9402	16.1763
BLOCK06/SES069/SA069S13	SES206	-1.45535	14.721	16.1763
BLOCK06/SES069/SA069S13	SES226	-0.743532	15.4328	16.1763
BLOCK06/SES069/SA069S23	SES029	-0.757811	16.9008	17.6586
BLOCK06/SES069/SA069S23	SES087	-0.974958	16.6836	17.6586
BLOCK06/SES069/SA069S23	SES206	-1.63413	16.0244	17.6586
BLOCK06/SES069/SA069S23	SES226	-0.619036	17.0395	17.6586
BLOCK06/SES069/SA069S25	SES087	-1.2047	15.583	16.7877
BLOCK06/SES069/SA069S25	SES206	-2.80064	13.9871	16.7877
BLOCK06/SES069/SA069S25	SES226	-1.00906	15.7787	16.7877
BLOCK06/SES069/SA069S25	SES270	-1.98983	14.7979	16.7877
BLOCK06/SES069/SA069S27	SES087	-2.47332	14.1559	16.6292
BLOCK06/SES069/SA069S27	SES206	-1.12063	15.5085	16.6292
BLOCK06/SES069/SA069S27	SES226	-0.689344	15.9398	16.6292
BLOCK06/SES069/SA069S27	SES270	-1.58466	15.0445	16.6292
BLOCK08/SES081/SA081S11	SES060	-2.34046	12.1761	14.5165
BLOCK08/SES081/SA081S11	SES062	-2.42985	12.0867	14.5165
BLOCK08/SES081/SA081S11	SES117	-3.0384	11.4781	14.5165
BLOCK08/SES081/SA081S11	SES162	-2.38284	12.1337	14.5165
BLOCK08/SES081/SA081S13	SES016	-1.44433	14.6857	16.1301
BLOCK08/SES081/SA081S13	SES060	-0.213367	15.9167	16.1301
BLOCK08/SES081/SA081S13	SES068	-0.838264	15.2918	16.1301
BLOCK08/SES081/SA081S13	SES129	-2.24591	13.8842	16.1301
BLOCK08/SES081/SA081S24	SES060	-0.645651	14.3922	15.0378
BLOCK08/SES081/SA081S24	SES068	-1.10147	13.9363	15.0378
BLOCK08/SES081/SA081S24	SES117	-2.25663	12.7812	15.0378
BLOCK08/SES081/SA081S24	SES275	-1.99587	13.0419	15.0378
BLOCK08/SES081/SA081S27	SES007	-1.06428	12.7804	13.8446
BLOCK08/SES081/SA081S27	SES060	-1.69059	12.154	13.8446
BLOCK08/SES081/SA081S27	SES117	-1.00076	12.8439	13.8446
BLOCK08/SES081/SA081S27	SES275	-1.38186	12.4628	13.8446
BLOCK08/SES081/SA081S29	SES007	-0.946955	14.5722	15.5192
BLOCK08/SES081/SA081S29	SES060	-0.928288	14.5909	15.5192
BLOCK08/SES081/SA081S29	SES117	-1.65057	13.8686	15.5192
BLOCK08/SES081/SA081S29	SES275	-1.76714	13.752	15.5192
BLOCK08/SES086/SA086S11	SES029	-4.55303	9.30393	13.857
BLOCK08/SES086/SA086S11	SES082	-2.4202	11.4368	13.857
BLOCK08/SES086/SA086S11	SES087	-0.830158	13.0268	13.857
BLOCK08/SES086/SA086S11	SES206	-2.46326	11.3937	13.857
BLOCK08/SES086/SA086S12	SES029	-3.17396	11.9668	15.1408
BLOCK08/SES086/SA086S12	SES082	-2.28993	12.8509	15.1408
BLOCK08/SES086/SA086S12	SES087	0.143905	15.2847	15.1408
BLOCK08/SES086/SA086S12	SES206	-1.88684	13.254	15.1408
BLOCK08/SES086/SA086S20	SES029	-3.80434	12.3056	16.1099
BLOCK08/SES086/SA086S20	SES082	-2.67832	13.4316	16.1099
BLOCK08/SES086/SA086S20	SES087	-0.447915	15.662	16.1099
BLOCK08/SES086/SA086S20	SES206	-1.07763	15.0323	16.1099
BLOCK08/SES086/SA086S24	SES087	-0.225214	14.6398	14.865
BLOCK08/SES086/SA086S24	SES104	-1.91973	12.9453	14.865
BLOCK08/SES086/SA086S24	SES120	-2.3821	12.4829	14.865
BLOCK08/SES086/SA086S24	SES206	-0.432004	14.433	14.865
BLOCK08/SES086/SA086S28	SES029	-2.59254	12.8591	15.4516
BLOCK08/SES086/SA086S28	SES082	-2.03314	13.4185	15.4516
BLOCK08/SES086/SA086S28	SES087	-0.385168	15.0664	15.4516
BLOCK08/SES086/SA086S28	SES206	-1.13634	14.3153	15.4516
BLOCK08/SES089/SA089S13	SES087	-1.48534	13.0591	14.5444
BLOCK08/SES089/SA089S13	SES206	-1.93116	12.6132	14.5444
BLOCK08/SES089/SA089S13	SES226	-1.37359	13.1708	14.5444
BLOCK08/SES089/SA089S13	SES270	-2.63617	11.9082	14.5444
BLOCK08/SES089/SA089S14	SES062	-2.1268	12.8344	14.9612
BLOCK08/SES089/SA089S14	SES087	-0.4025	14.5587	14.9612
BLOCK08/SES089/SA089S14	SES206	-1.47852	13.4827	14.9612
BLOCK08/SES089/SA089S14	SES226	-1.52446	13.4367	14.9612
BLOCK08/SES089/SA089S23	SES087	-1.11103	12.4252	13.5362
BLOCK08/SES089/SA089S23	SES206	-1.83074	11.7055	13.5362
BLOCK08/SES089/SA089S23	SES226	-1.75154	11.7847	13.5362
BLOCK08/SES089/SA089S23	SES270	-2.37722	11.159	13.5362
BLOCK08/SES089/SA089S25	SES062	-2.56171	12.5108	15.0726
BLOCK08/SES089/SA089S25	SES087	-1.2382	13.8344	15.0726
BLOCK08/SES089/SA089S25	SES206	-2.3226	12.75	15.0726
BLOCK08/SES089/SA089S25	SES226	-1.06303	14.0095	15.0726
BLOCK08/SES089/SA089S28	SES062	-1.49235	13.3403	14.8326
BLOCK08/SES089/SA089S28	SES087	-0.163112	14.6695	14.8326
BLOCK08/SES089/SA089S28	SES206	-1.06701	13.7656	14.8326
BLOCK08/SES089/SA089S28	SES226	-0.718634	14.114	14.8326
BLOCK09/SES097/SA097S11	SES099	0.0665894	14.314	14.2474
BLOCK09/SES097/SA097S11	SES125	-2.05546	12.1919	14.2474
BLOCK09/SES097/SA097S11	SES206	-1.19008	13.0573	14.2474
BLOCK09/SES097/SA097S11	SES226	-0.450463	13.7969	14.2474
BLOCK09/SES097/SA097S14	SES062	-2.11247	11.6699	13.7823
BLOCK09/SES097/SA097S14	SES099	-0.625443	13.1569	13.7823
BLOCK09/SES097/SA097S14	SES104	-1.43823	12.3441	13.7823
BLOCK09/SES097/SA097S14	SES206	-1.81014	11.9722	13.7823
BLOCK09/SES097/SA097S22	SES099	0.685884	15.3319	14.646
BLOCK09/SES097/SA097S22	SES206	-1.55282	13.0932	14.646
BLOCK09/SES097/SA097S22	SES226	-1.99547	12.6506	14.646
BLOCK09/SES097/SA097S22	SES270	-0.895575	13.7505	14.646
BLOCK09/SES097/SA097S26	SES099	-0.720028	14.5979	15.3179
BLOCK09/SES097/SA097S26	SES120	-2.68389	12.634	15.3179
BLOCK09/SES097/SA097S26	SES206	-1.72272	13.5952	15.3179
BLOCK09/SES097/SA097S26	SES226	-2.72708	12.5908	15.3179
BLOCK09/SES097/SA097S28	SES099	-0.499998	14.0391	14.5391
BLOCK09/SES097/SA097S28	SES120	-1.89052	12.6485	14.5391
BLOCK09/SES097/SA097S28	SES206	-2.22582	12.3133	14.5391
BLOCK09/SES097/SA097S28	SES226	-2.84171	11.6974	14.5391
BLOCK09/SES098/SA098S11	SES127	-2.40779	11.4123	13.8201
BLOCK09/SES098/SA098S11	SES144	-2.50917	11.3109	13.8201
BLOCK09/SES098/SA098S11	SES147	-1.51153	12.3086	13.8201
BLOCK09/SES098/SA098S11	SES148	-3.16057	10.6595	13.8201
BLOCK09/SES098/SA098S12	SES127	-3.23229	9.43699	12.6693
BLOCK09/SES098/SA098S12	SES144	-2.92166	9.74762	12.6693
BLOCK09/SES098/SA098S12	SES147	-1.36457	11.3047	12.6693
BLOCK09/SES098/SA098S12	SES189	-1.37315	11.2961	12.6693
BLOCK09/SES098/SA098S20	SES127	-3.40693	10.7524	14.1593
BLOCK09/SES098/SA098S20	SES147	-1.81492	12.3444	14.1593
BLOCK09/SES098/SA098S20	SES148	-3.06146	11.0979	14.1593
BLOCK09/SES098/SA098S20	SES292	-1.82232	12.337	14.1593
BLOCK09/SES098/SA098S23	SES127	-2.16808	12.4865	14.6546
BLOCK09/SES098/SA098S23	SES147	-1.38757	13.267	14.6546
BLOCK09/SES098/SA098S23	SES187	-1.39443	13.2601	14.6546
BLOCK09/SES098/SA098S23	SES292	-1.39681	13.2578	14.6546
BLOCK09/SES098/SA098S27	SES127	-3.52297	9.92539	13.4484
BLOCK09/SES098/SA098S27	SES147	-2.93323	10.5151	13.4484
BLOCK09/SES098/SA098S27	SES148	-3.3104	10.138	13.4484
BLOCK09/SES098/SA098S27	SES292	-2.02988	11.4185	13.4484
BLOCK10/SES102/SA102S13	SES101	-0.936456	12.2945	13.2309
BLOCK10/SES102/SA102S13	SES105	-1.21003	12.0209	13.2309
BLOCK10/SES102/SA102S13	SES120	-2.46451	10.7664	13.2309
BLOCK10/SES102/SA102S13	SES158	-3.48741	9.74351	13.2309
BLOCK10/SES102/SA102S14	SES007	-0.706442	14.882	15.5884
BLOCK10/SES102/SA102S14	SES101	-0.0162287	15.5722	15.5884
BLOCK10/SES102/SA102S14	SES105	-0.362027	15.2264	15.5884
BLOCK10/SES102/SA102S14	SES147	-3.57961	12.0088	15.5884
BLOCK10/SES102/SA102S22	SES007	-1.66111	13.4617	15.1229
BLOCK10/SES102/SA102S22	SES101	-0.551895	14.571	15.1229
BLOCK10/SES102/SA102S22	SES105	-0.801616	14.3212	15.1229
BLOCK10/SES102/SA102S22	SES158	-2.87005	12.2528	15.1229
BLOCK10/SES102/SA102S25	SES007	-0.989412	14.5977	15.5871
BLOCK10/SES102/SA102S25	SES101	-0.525481	15.0616	15.5871
BLOCK10/SES102/SA102S25	SES105	-1.17584	14.4113	15.5871
BLOCK10/SES102/SA102S25	SES147	-3.15951	12.4276	15.5871
BLOCK10/SES102/SA102S27	SES007	-1.29697	13.6672	14.9642
BLOCK10/SES102/SA102S27	SES101	-0.228169	14.736	14.9642
BLOCK10/SES102/SA102S27	SES105	-1.3938	13.5704	14.9642
BLOCK10/SES102/SA102S27	SES147	-2.69674	12.2675	14.9642
BLOCK10/SES103/SA103S14	SES105	-2.85096	10.1765	13.0274
BLOCK10/SES103/SA103S14	SES106	-1.43559	11.5918	13.0274
BLOCK10/SES103/SA103S14	SES120	-3.05436	9.97306	13.0274
BLOCK10/SES103/SA103S14	SES206	-2.82847	10.1989	13.0274
BLOCK10/SES103/SA103S15	SES099	-1.74556	10.4018	12.1473
BLOCK10/SES103/SA103S15	SES101	-3.91631	8.23104	12.1473
BLOCK10/SES103/SA103S15	SES104	-2.81499	9.33236	12.1473
BLOCK10/SES103/SA103S15	SES125	-1.86085	10.2865	12.1473
BLOCK10/SES103/SA103S24	SES104	-2.07494	12.6151	14.69
BLOCK10/SES103/SA103S24	SES125	-2.08319	12.6068	14.69
BLOCK10/SES103/SA103S24	SES148	-3.52934	11.1607	14.69
BLOCK10/SES103/SA103S24	SES158	-1.7076	12.9824	14.69
BLOCK10/SES103/SA103S26	SES104	-2.59407	9.8932	12.4873
BLOCK10/SES103/SA103S26	SES106	-1.26868	11.2186	12.4873
BLOCK10/SES103/SA103S26	SES125	-1.85046	10.6368	12.4873
BLOCK10/SES103/SA103S26	SES148	-4.62177	7.86551	12.4873
BLOCK10/SES103/SA103S28	SES104	-3.677	8.50831	12.1853
BLOCK10/SES103/SA103S28	SES106	-1.51711	10.6682	12.1853
BLOCK10/SES103/SA103S28	SES125	-2.89834	9.28697	12.1853
BLOCK10/SES103/SA103S28	SES206	-3.67282	8.51249	12.1853
BLOCK12/SES121/SA121S12	SES042	-2.98549	7.89098	10.8765
BLOCK12/SES121/SA121S12	SES087	-1.8869	8.98957	10.8765
BLOCK12/SES121/SA121S12	SES105	-1.85463	9.02184	10.8765
BLOCK12/SES121/SA121S12	SES206	-2.35383	8.52264	10.8765
BLOCK12/SES121/SA121S14	SES007	-2.77332	8.47236	11.2457
BLOCK12/SES121/SA121S14	SES105	-2.04074	9.20493	11.2457
BLOCK12/SES121/SA121S14	SES106	-1.90543	9.34025	11.2457
BLOCK12/SES121/SA121S14	SES206	-2.65579	8.58988	11.2457
BLOCK12/SES121/SA121S23	SES105	-2.02805	9.61031	11.6384
BLOCK12/SES121/SA121S23	SES106	-1.09857	10.5398	11.6384
BLOCK12/SES121/SA121S23	SES120	-2.38798	9.25037	11.6384
BLOCK12/SES121/SA121S23	SES206	-2.00614	9.63222	11.6384
BLOCK12/SES121/SA121S25	SES007	-1.76345	7.66199	9.42543
BLOCK12/SES121/SA121S25	SES105	-1.96711	7.45833	9.42543
BLOCK12/SES121/SA121S25	SES106	-1.52013	7.9053	9.42543
BLOCK12/SES121/SA121S25	SES206	-3.36822	6.05721	9.42543
BLOCK12/SES121/SA121S27	SES087	-1.27609	10.5253	11.8014
BLOCK12/SES121/SA121S27	SES105	-3.65351	8.14791	11.8014
BLOCK12/SES121/SA121S27	SES120	-1.05821	10.7432	11.8014
BLOCK12/SES121/SA121S27	SES206	-2.24618	9.55524	11.8014
BLOCK12/SES124/SA124S16	SES042	-0.540788	13.2779	13.8187
BLOCK12/SES124/SA124S16	SES082	-2.18523	11.6335	13.8187
BLOCK12/SES124/SA124S16	SES183	-2.62255	11.1962	13.8187
BLOCK12/SES124/SA124S16	SES206	-2.14273	11.676	13.8187
BLOCK12/SES124/SA124S17	SES105	-2.54186	9.44403	11.9859
BLOCK12/SES124/SA124S17	SES149	-3.21977	8.76612	11.9859
BLOCK12/SES124/SA124S17	SES158	-3.12461	8.86128	11.9859
BLOCK12/SES124/SA124S17	SES275	-1.72991	10.256	11.9859
BLOCK12/SES124/SA124S23	SES105	-3.11443	12.6599	15.7743
BLOCK12/SES124/SA124S23	SES125	-0.919149	14.8552	15.7743
BLOCK12/SES124/SA124S23	SES129	-2.90181	12.8725	15.7743
BLOCK12/SES124/SA124S23	SES158	-1.13132	14.643	15.7743
BLOCK12/SES124/SA124S26	SES105	-3.68401	11.0742	14.7582
BLOCK12/SES124/SA124S26	SES125	-1.92133	12.8369	14.7582
BLOCK12/SES124/SA124S26	SES129	-3.06503	11.6932	14.7582
BLOCK12/SES124/SA124S26	SES158	-1.81275	12.9455	14.7582
BLOCK12/SES124/SA124S28	SES104	-2.17137	12.3189	14.4903
BLOCK12/SES124/SA124S28	SES106	-1.32933	13.161	14.4903
BLOCK12/SES124/SA124S28	SES125	-0.573526	13.9168	14.4903
BLOCK12/SES124/SA124S28	SES275	-2.51779	11.9725	14.4903
BLOCK12/SES126/SA126S13	SES007	-1.35709	12.6848	14.0419
BLOCK12/SES126/SA126S13	SES162	-2.01168	12.0302	14.0419
BLOCK12/SES126/SA126S13	SES177	-0.983413	13.0585	14.0419
BLOCK12/SES126/SA126S13	SES180	-1.83922	12.2027	14.0419
BLOCK12/SES126/SA126S14	SES144	-1.37863	14.1235	15.5021
BLOCK12/SES126/SA126S14	SES148	-1.83788	13.6642	15.5021
BLOCK12/SES126/SA126S14	SES177	-0.911647	14.5905	15.5021
BLOCK12/SES126/SA126S14	SES180	-1.98793	13.5142	15.5021
BLOCK12/SES126/SA126S20	SES007	-1.36355	13.1494	14.513
BLOCK12/SES126/SA126S20	SES162	-1.75232	12.7606	14.513
BLOCK12/SES126/SA126S20	SES172	-2.10953	12.4034	14.513
BLOCK12/SES126/SA126S20	SES180	-1.6282	12.8848	14.513
BLOCK12/SES126/SA126S24	SES120	-0.740186	14.988	15.7282
BLOCK12/SES126/SA126S24	SES162	-1.66229	14.0659	15.7282
BLOCK12/SES126/SA126S24	SES177	-1.12768	14.6005	15.7282
BLOCK12/SES126/SA126S24	SES180	-0.920372	14.8078	15.7282
BLOCK12/SES126/SA126S26	SES120	-0.576952	14.323	14.9
BLOCK12/SES126/SA126S26	SES177	-1.34982	13.5501	14.9
BLOCK12/SES126/SA126S26	SES180	-1.68629	13.2137	14.9
BLOCK12/SES126/SA126S26	SES202	-2.2295	12.6705	14.9
BLOCK12/SES128/SA128S10	SES087	-2.60135	12.4686	15.0699
BLOCK12/SES128/SA128S10	SES206	-1.77525	13.2947	15.0699
BLOCK12/SES128/SA128S10	SES226	-0.793731	14.2762	15.0699
BLOCK12/SES128/SA128S10	SES270	-1.21929	13.8506	15.0699
BLOCK12/SES128/SA128S12	SES120	-1.61952	12.7747	14.3943
BLOCK12/SES128/SA128S12	SES158	-2.25311	12.1411	14.3943
BLOCK12/SES128/SA128S12	SES206	-1.53679	12.8575	14.3943
BLOCK12/SES128/SA128S12	SES226	-1.75357	12.6407	14.3943
BLOCK12/SES128/SA128S21	SES106	-2.8423	10.7807	13.623
BLOCK12/SES128/SA128S21	SES120	-3.10571	10.5173	13.623
BLOCK12/SES128/SA128S21	SES206	-2.44232	11.1807	13.623
BLOCK12/SES128/SA128S21	SES226	-1.37317	12.2498	13.623
BLOCK12/SES128/SA128S24	SES087	-2.03279	12.3358	14.3686
BLOCK12/SES128/SA128S24	SES120	-1.70797	12.6606	14.3686
BLOCK12/SES128/SA128S24	SES206	-1.53856	12.83	14.3686
BLOCK12/SES128/SA128S24	SES226	-2.21817	12.1504	14.3686
BLOCK12/SES128/SA128S27	SES099	-1.36549	14.1835	15.5489
BLOCK12/SES128/SA128S27	SES120	-1.29129	14.2577	15.5489
BLOCK12/SES128/SA128S27	SES206	-1.22357	14.3254	15.5489
BLOCK12/SES128/SA128S27	SES226	-1.47041	14.0785	15.5489
BLOCK13/SES130/SA130S13	SES143	-1.56577	12.7212	14.287
BLOCK13/SES130/SA130S13	SES144	-0.453826	13.8331	14.287
BLOCK13/SES130/SA130S13	SES146	-1.86561	12.4214	14.287
BLOCK13/SES130/SA130S13	SES275	-2.39701	11.89	14.287
BLOCK13/SES130/SA130S15	SES143	-1.91005	13.7524	15.6625
BLOCK13/SES130/SA130S15	SES144	-0.888289	14.7742	15.6625
BLOCK13/SES130/SA130S15	SES146	-1.04361	14.6189	15.6625
BLOCK13/SES130/SA130S15	SES275	-1.71068	13.9518	15.6625
BLOCK13/SES130/SA130S23	SES127	-2.25869	11.741	13.9996
BLOCK13/SES130/SA130S23	SES144	-1.79572	12.2039	13.9996
BLOCK13/SES130/SA130S23	SES146	-1.11876	12.8809	13.9996
BLOCK13/SES130/SA130S23	SES162	-1.35115	12.6485	13.9996
BLOCK13/SES130/SA130S25	SES127	-1.04291	14.6049	15.6479
BLOCK13/SES130/SA130S25	SES144	-0.96591	14.6819	15.6479
BLOCK13/SES130/SA130S25	SES146	-0.823621	14.8242	15.6479
BLOCK13/SES130/SA130S25	SES275	-0.903319	14.7445	15.6479
BLOCK13/SES130/SA130S28	SES127	-1.42645	13.2741	14.7006
BLOCK13/SES130/SA130S28	SES144	-1.39954	13.301	14.7006
BLOCK13/SES130/SA130S28	SES146	-1.03384	13.6667	14.7006
BLOCK13/SES130/SA130S28	SES275	-0.855838	13.8447	14.7006
BLOCK13/SES131/SA131S13	SES002	-2.16131	9.78249	11.9438
BLOCK13/SES131/SA131S13	SES007	-3.16782	8.77598	11.9438
BLOCK13/SES131/SA131S13	SES099	-2.3291	9.6147	11.9438
BLOCK13/SES131/SA131S13	SES105	-2.13	9.8138	11.9438
BLOCK13/SES131/SA131S14	SES104	-1.09716	12.7714	13.8685
BLOCK13/SES131/SA131S14	SES106	-1.91532	11.9532	13.8685
BLOCK13/SES131/SA131S14	SES125	-2.09459	11.7739	13.8685
BLOCK13/SES131/SA131S14	SES148	-2.50461	11.3639	13.8685
BLOCK13/SES131/SA131S20	SES104	-2.82821	8.7961	11.6243
BLOCK13/SES131/SA131S20	SES106	-1.9581	9.6662	11.6243
BLOCK13/SES131/SA131S20	SES125	-3.36425	8.26005	11.6243
BLOCK13/SES131/SA131S20	SES148	-2.33102	9.29328	11.6243
BLOCK13/SES131/SA131S22	SES099	-2.23927	11.3263	13.5656
BLOCK13/SES131/SA131S22	SES104	-2.49544	11.0701	13.5656
BLOCK13/SES131/SA131S22	SES125	-2.74127	10.8243	13.5656
BLOCK13/SES131/SA131S22	SES206	-2.91534	10.6502	13.5656
BLOCK13/SES131/SA131S29	SES087	-2.05705	10.2769	12.3339
BLOCK13/SES131/SA131S29	SES104	-3.24937	9.08455	12.3339
BLOCK13/SES131/SA131S29	SES125	-3.42435	8.90958	12.3339
BLOCK13/SES131/SA131S29	SES206	-2.70422	9.6297	12.3339
BLOCK13/SES132/SA132S11	SES083	-2.6778	12.9266	15.6044
BLOCK13/SES132/SA132S11	SES120	-0.558756	15.0457	15.6044
BLOCK13/SES132/SA132S11	SES127	-2.00277	13.6017	15.6044
BLOCK13/SES132/SA132S11	SES275	-1.5858	14.0186	15.6044
BLOCK13/SES132/SA132S12	SES083	-2.44241	13.0342	15.4766
BLOCK13/SES132/SA132S12	SES143	-1.62368	13.8529	15.4766
BLOCK13/SES132/SA132S12	SES144	-1.48676	13.9899	15.4766
BLOCK13/SES132/SA132S12	SES148	-1.24738	14.2292	15.4766
BLOCK13/SES132/SA132S22	SES062	-1.15826	14.4387	15.5969
BLOCK13/SES132/SA132S22	SES083	-1.78118	13.8158	15.5969
BLOCK13/SES132/SA132S22	SES127	-1.41769	14.1793	15.5969
BLOCK13/SES132/SA132S22	SES275	-1.00465	14.5923	15.5969
BLOCK13/SES132/SA132S24	SES007	-1.00327	15.2212	16.2244
BLOCK13/SES132/SA132S24	SES083	-2.35908	13.8654	16.2244
BLOCK13/SES132/SA132S24	SES127	-2.02149	14.203	16.2244
BLOCK13/SES132/SA132S24	SES275	-1.01126	15.2132	16.2244
BLOCK13/SES132/SA132S27	SES083	-2.32108	12.5127	14.8338
BLOCK13/SES132/SA132S27	SES120	-0.080039	14.7537	14.8338
BLOCK13/SES132/SA132S27	SES127	-2.18225	12.6515	14.8338
BLOCK13/SES132/SA132S27	SES275	-1.91079	12.923	14.8338
BLOCK14/SES141/SA141S09	SES143	-1.35403	13.5667	14.9207
BLOCK14/SES141/SA141S09	SES144	-0.697306	14.2234	14.9207
BLOCK14/SES141/SA141S09	SES162	-1.61474	13.306	14.9207
BLOCK14/SES141/SA141S09	SES180	-1.25526	13.6654	14.9207
BLOCK14/SES141/SA141S15	SES127	-1.21349	13.169	14.3824
BLOCK14/SES141/SA141S15	SES144	-1.32172	13.0607	14.3824
BLOCK14/SES141/SA141S15	SES162	-1.94169	12.4408	14.3824
BLOCK14/SES141/SA141S15	SES180	-1.38174	13.0007	14.3824
BLOCK14/SES141/SA141S24	SES127	-0.977717	14.0339	15.0116
BLOCK14/SES141/SA141S24	SES144	-1.56984	13.4418	15.0116
BLOCK14/SES141/SA141S24	SES162	-1.3742	13.6374	15.0116
BLOCK14/SES141/SA141S24	SES183	-1.81615	13.1955	15.0116
BLOCK14/SES141/SA141S26	SES142	-0.649395	14.0943	14.7437
BLOCK14/SES141/SA141S26	SES144	-1.22499	13.5187	14.7437
BLOCK14/SES141/SA141S26	SES172	-0.906799	13.8369	14.7437
BLOCK14/SES141/SA141S26	SES180	-1.35569	13.388	14.7437
BLOCK14/SES141/SA141S29	SES127	-0.457727	14.6713	15.129
BLOCK14/SES141/SA141S29	SES142	-0.568235	14.5607	15.129
BLOCK14/SES141/SA141S29	SES144	-1.3316	13.7974	15.129
BLOCK14/SES141/SA141S29	SES180	-1.17654	13.9524	15.129
BLOCK15/SES157/SA157S08	SES083	-2.57189	12.3404	14.9123
BLOCK15/SES157/SA157S08	SES127	-1.3313	13.581	14.9123
BLOCK15/SES157/SA157S08	SES148	-2.08017	12.8321	14.9123
BLOCK15/SES157/SA157S08	SES292	-2.356	12.5563	14.9123
BLOCK15/SES157/SA157S11	SES083	-2.56433	12.5762	15.1405
BLOCK15/SES157/SA157S11	SES127	-1.46052	13.68	15.1405
BLOCK15/SES157/SA157S11	SES148	-2.31059	12.8299	15.1405
BLOCK15/SES157/SA157S11	SES292	-2.24193	12.8986	15.1405
BLOCK15/SES157/SA157S21	SES127	-1.20553	14.3839	15.5894
BLOCK15/SES157/SA157S21	SES148	-0.664933	14.9245	15.5894
BLOCK15/SES157/SA157S21	SES158	-4.88006	10.7093	15.5894
BLOCK15/SES157/SA157S21	SES292	-1.34856	14.2408	15.5894
BLOCK15/SES157/SA157S24	SES127	-0.914414	14.5502	15.4646
BLOCK15/SES157/SA157S24	SES148	-1.79603	13.6686	15.4646
BLOCK15/SES157/SA157S24	SES183	-2.12834	13.3363	15.4646
BLOCK15/SES157/SA157S24	SES292	-2.11715	13.3475	15.4646
BLOCK15/SES157/SA157S26	SES007	-1.13725	14.381	15.5183
BLOCK15/SES157/SA157S26	SES127	-1.21186	14.3064	15.5183
BLOCK15/SES157/SA157S26	SES147	-2.39092	13.1274	15.5183
BLOCK15/SES157/SA157S26	SES148	-1.72591	13.7924	15.5183
BLOCK16/SES161/SA161S10	SES007	-1.89363	10.9278	12.8215
BLOCK16/SES161/SA161S10	SES105	-1.36563	11.4558	12.8215
BLOCK16/SES161/SA161S10	SES158	-1.78484	11.0366	12.8215
BLOCK16/SES161/SA161S10	SES275	-1.27467	11.5468	12.8215
BLOCK16/SES161/SA161S12	SES007	-2.09251	10.9527	13.0452
BLOCK16/SES161/SA161S12	SES105	-2.79615	10.249	13.0452
BLOCK16/SES161/SA161S12	SES158	-2.06451	10.9807	13.0452
BLOCK16/SES161/SA161S12	SES275	-1.53614	11.509	13.0452
BLOCK16/SES161/SA161S20	SES007	-1.72495	10.2622	11.9871
BLOCK16/SES161/SA161S20	SES105	-2.33708	9.65003	11.9871
BLOCK16/SES161/SA161S20	SES158	-1.78272	10.2044	11.9871
BLOCK16/SES161/SA161S20	SES275	-2.0154	9.97171	11.9871
BLOCK16/SES161/SA161S23	SES007	-2.98099	10.4376	13.4186
BLOCK16/SES161/SA161S23	SES105	-1.66895	11.7496	13.4186
BLOCK16/SES161/SA161S23	SES148	-2.18962	11.2289	13.4186
BLOCK16/SES161/SA161S23	SES158	-2.43388	10.9847	13.4186
BLOCK16/SES161/SA161S28	SES007	-2.92173	11.0041	13.9258
BLOCK16/SES161/SA161S28	SES105	-2.97118	10.9546	13.9258
BLOCK16/SES161/SA161S28	SES158	-1.71486	12.211	13.9258
BLOCK16/SES161/SA161S28	SES206	-1.97602	11.9498	13.9258
BLOCK16/SES164/SA164S11	SES104	-2.18976	13.0623	15.2521
BLOCK16/SES164/SA164S11	SES125	-1.45904	13.793	15.2521
BLOCK16/SES164/SA164S11	SES158	-0.988883	14.2632	15.2521
BLOCK16/SES164/SA164S11	SES206	-2.59019	12.6619	15.2521
BLOCK16/SES164/SA164S13	SES099	-2.17617	11.8114	13.9875
BLOCK16/SES164/SA164S13	SES104	-2.25472	11.7328	13.9875
BLOCK16/SES164/SA164S13	SES125	-2.00598	11.9816	13.9875
BLOCK16/SES164/SA164S13	SES206	-2.19762	11.7899	13.9875
BLOCK16/SES164/SA164S24	SES002	-0.497993	14.1334	14.6314
BLOCK16/SES164/SA164S24	SES099	-1.87091	12.7605	14.6314
BLOCK16/SES164/SA164S24	SES125	-2.72974	11.9017	14.6314
BLOCK16/SES164/SA164S24	SES226	-0.641497	13.9899	14.6314
BLOCK16/SES164/SA164S27	SES087	-1.50545	12.739	14.2444
BLOCK16/SES164/SA164S27	SES125	-1.90741	12.337	14.2444
BLOCK16/SES164/SA164S27	SES206	-2.23826	12.0062	14.2444
BLOCK16/SES164/SA164S27	SES226	-1.69895	12.5455	14.2444
BLOCK16/SES164/SA164S29	SES002	-0.190839	13.6802	13.871
BLOCK16/SES164/SA164S29	SES019	-2.15267	11.7184	13.871
BLOCK16/SES164/SA164S29	SES125	-1.64671	12.2243	13.871
BLOCK16/SES164/SA164S29	SES226	-2.34627	11.5247	13.871
BLOCK16/SES169/SA169S13	SES117	-1.46128	13.0071	14.4683
BLOCK16/SES169/SA169S13	SES144	-1.29939	13.1689	14.4683
BLOCK16/SES169/SA169S13	SES146	-1.48857	12.9798	14.4683
BLOCK16/SES169/SA169S13	SES162	-0.986969	13.4814	14.4683
BLOCK16/SES169/SA169S14	SES144	-2.15507	13.4613	15.6163
BLOCK16/SES169/SA169S14	SES148	-1.82259	13.7937	15.6163
BLOCK16/SES169/SA169S14	SES177	-1.14139	14.4749	15.6163
BLOCK16/SES169/SA169S14	SES180	-2.02582	13.5905	15.6163
BLOCK16/SES169/SA169S24	SES117	-1.46419	12.1903	13.6544
BLOCK16/SES169/SA169S24	SES144	-0.729175	12.9253	13.6544
BLOCK16/SES169/SA169S24	SES146	-0.837762	12.8167	13.6544
BLOCK16/SES169/SA169S24	SES162	-0.686669	12.9678	13.6544
BLOCK16/SES169/SA169S27	SES127	-1.2951	12.9938	14.2889
BLOCK16/SES169/SA169S27	SES129	-1.56441	12.7245	14.2889
BLOCK16/SES169/SA169S27	SES144	-1.54596	12.7429	14.2889
BLOCK16/SES169/SA169S27	SES146	-0.689064	13.5998	14.2889
BLOCK16/SES169/SA169S29	SES144	-1.11676	14.0168	15.1335
BLOCK16/SES169/SA169S29	SES162	-0.472822	14.6607	15.1335
BLOCK16/SES169/SA169S29	SES177	-1.78581	13.3477	15.1335
BLOCK16/SES169/SA169S29	SES180	-1.41862	13.7149	15.1335
BLOCK17/SES171/SA171S12	SES083	-1.75009	12.4375	14.1875
BLOCK17/SES171/SA171S12	SES148	-2.07206	12.1155	14.1875
BLOCK17/SES171/SA171S12	SES172	-1.91732	12.2702	14.1875
BLOCK17/SES171/SA171S12	SES292	-2.24288	11.9447	14.1875
BLOCK17/SES171/SA171S15	SES148	-2.19702	11.3428	13.5398
BLOCK17/SES171/SA171S15	SES177	-0.763989	12.7758	13.5398
BLOCK17/SES171/SA171S15	SES180	-2.69972	10.8401	13.5398
BLOCK17/SES171/SA171S15	SES292	-1.93677	11.603	13.5398
BLOCK17/SES171/SA171S22	SES007	-1.97479	13.3999	15.3747
BLOCK17/SES171/SA171S22	SES148	-1.72255	13.6522	15.3747
BLOCK17/SES171/SA171S22	SES177	-0.835657	14.539	15.3747
BLOCK17/SES171/SA171S22	SES180	-2.71007	12.6646	15.3747
BLOCK17/SES171/SA171S25	SES101	-1.82973	11.8199	13.6496
BLOCK17/SES171/SA171S25	SES120	-2.18757	11.4621	13.6496
BLOCK17/SES171/SA171S25	SES177	-0.745567	12.9041	13.6496
BLOCK17/SES171/SA171S25	SES180	-2.37259	11.277	13.6496
BLOCK17/SES171/SA171S27	SES177	-1.05906	13.2509	14.3099
BLOCK17/SES171/SA171S27	SES180	-2.78824	11.5217	14.3099
BLOCK17/SES171/SA171S27	SES189	-1.45258	12.8574	14.3099
BLOCK17/SES171/SA171S27	SES292	-2.20999	12.0999	14.3099
BLOCK17/SES173/SA173S13	SES162	-3.44823	10.8776	14.3259
BLOCK17/SES173/SA173S13	SES177	-1.41937	12.9065	14.3259
BLOCK17/SES173/SA173S13	SES180	-3.1891	11.1368	14.3259
BLOCK17/SES173/SA173S13	SES292	-0.955692	13.3702	14.3259
BLOCK17/SES173/SA173S14	SES007	-1.88608	11.2874	13.1735
BLOCK17/SES173/SA173S14	SES162	-2.75381	10.4197	13.1735
BLOCK17/SES173/SA173S14	SES177	-1.13748	12.036	13.1735
BLOCK17/SES173/SA173S14	SES180	-2.44411	10.7294	13.1735
BLOCK17/SES173/SA173S24	SES144	-2.3394	10.9066	13.246
BLOCK17/SES173/SA173S24	SES162	-2.67866	10.5673	13.246
BLOCK17/SES173/SA173S24	SES177	-0.771485	12.4745	13.246
BLOCK17/SES173/SA173S24	SES180	-2.59111	10.6549	13.246
BLOCK17/SES173/SA173S27	SES162	-3.74991	10.4465	14.1965
BLOCK17/SES173/SA173S27	SES177	-1.43313	12.7633	14.1965
BLOCK17/SES173/SA173S27	SES180	-2.3511	11.8454	14.1965
BLOCK17/SES173/SA173S27	SES292	-0.522329	13.6741	14.1965
BLOCK17/SES173/SA173S29	SES162	-2.23281	11.9766	14.2094
BLOCK17/SES173/SA173S29	SES175	-1.82066	12.3888	14.2094
BLOCK17/SES173/SA173S29	SES177	-1.19846	13.011	14.2094
BLOCK17/SES173/SA173S29	SES292	-2.1684	12.041	14.2094
BLOCK18/SES182/SA182S10	SES144	-1.26491	12.9137	14.1786
BLOCK18/SES182/SA182S10	SES177	-1.36925	12.8093	14.1786
BLOCK18/SES182/SA182S10	SES180	-2.86876	11.3098	14.1786
BLOCK18/SES182/SA182S10	SES275	-0.877911	13.3007	14.1786
BLOCK18/SES182/SA182S12	SES144	-0.445426	14.0012	14.4466
BLOCK18/SES182/SA182S12	SES177	-0.912619	13.534	14.4466
BLOCK18/SES182/SA182S12	SES180	-1.54491	12.9017	14.4466
BLOCK18/SES182/SA182S12	SES275	-0.526623	13.92	14.4466
BLOCK18/SES182/SA182S21	SES117	-1.57932	12.209	13.7884
BLOCK18/SES182/SA182S21	SES144	-1.46813	12.3202	13.7884
BLOCK18/SES182/SA182S21	SES162	-1.03803	12.7503	13.7884
BLOCK18/SES182/SA182S21	SES180	-2.18526	11.6031	13.7884
BLOCK18/SES182/SA182S23	SES117	-1.51981	12.9794	14.4992
BLOCK18/SES182/SA182S23	SES144	-1.82193	12.6773	14.4992
BLOCK18/SES182/SA182S23	SES180	-2.48685	12.0123	14.4992
BLOCK18/SES182/SA182S23	SES275	-1.0398	13.4594	14.4992
BLOCK18/SES182/SA182S25	SES007	0.227816	14.4936	14.2658
BLOCK18/SES182/SA182S25	SES162	-0.819252	13.4465	14.2658
BLOCK18/SES182/SA182S25	SES177	-1.06996	13.1958	14.2658
BLOCK18/SES182/SA182S25	SES180	-1.8567	12.4091	14.2658
BLOCK18/SES184/SA184S12	SES177	-1.42525	13.335	14.7602
BLOCK18/SES184/SA184S12	SES180	-1.69213	13.0681	14.7602
BLOCK18/SES184/SA184S12	SES189	-1.85967	12.9005	14.7602
BLOCK18/SES184/SA184S12	SES292	-1.79449	12.9657	14.7602
BLOCK18/SES184/SA184S13	SES101	-1.30556	13.0517	14.3572
BLOCK18/SES184/SA184S13	SES177	-1.50916	12.8481	14.3572
BLOCK18/SES184/SA184S13	SES180	-1.76857	12.5887	14.3572
BLOCK18/SES184/SA184S13	SES292	-1.98393	12.3733	14.3572
BLOCK18/SES184/SA184S22	SES177	-1.82363	14.3896	16.2132
BLOCK18/SES184/SA184S22	SES180	-1.75623	14.457	16.2132
BLOCK18/SES184/SA184S22	SES189	-2.50426	13.709	16.2132
BLOCK18/SES184/SA184S22	SES292	-1.87619	14.337	16.2132
BLOCK18/SES184/SA184S25	SES101	-1.28399	15.1858	16.4698
BLOCK18/SES184/SA184S25	SES177	-2.12931	14.3405	16.4698
BLOCK18/SES184/SA184S25	SES180	-2.12965	14.3402	16.4698
BLOCK18/SES184/SA184S25	SES292	-1.5396	14.9302	16.4698
BLOCK18/SES184/SA184S27	SES083	-1.10343	13.0793	14.1828
BLOCK18/SES184/SA184S27	SES177	-0.894952	13.2878	14.1828
BLOCK18/SES184/SA184S27	SES202	-1.33453	12.8482	14.1828
BLOCK18/SES184/SA184S27	SES292	-1.75153	12.4312	14.1828
BLOCK20/SES204/SA204S12	SES062	-1.04559	14.9614	16.007
BLOCK20/SES204/SA204S12	SES083	-2.89068	13.1163	16.007
BLOCK20/SES204/SA204S12	SES206	-1.69585	14.3112	16.007
BLOCK20/SES204/SA204S12	SES226	-3.02009	12.9869	16.007
BLOCK20/SES204/SA204S14	SES068	-1.35284	16.0056	17.3584
BLOCK20/SES204/SA204S14	SES087	-0.376984	16.9815	17.3584
BLOCK20/SES204/SA204S14	SES206	-2.28313	15.0753	17.3584
BLOCK20/SES204/SA204S14	SES226	-3.39467	13.9638	17.3584
BLOCK20/SES204/SA204S22	SES068	-1.77396	14.536	16.3099
BLOCK20/SES204/SA204S22	SES082	-3.25646	13.0535	16.3099
BLOCK20/SES204/SA204S22	SES083	-3.80737	12.5025	16.3099
BLOCK20/SES204/SA204S22	SES206	-2.39576	13.9142	16.3099
BLOCK20/SES204/SA204S25	SES062	-2.02112	14.3575	16.3786
BLOCK20/SES204/SA204S25	SES083	-3.08667	13.292	16.3786
BLOCK20/SES204/SA204S25	SES206	-1.4075	14.9711	16.3786
BLOCK20/SES204/SA204S25	SES226	-2.84095	13.5377	16.3786
BLOCK20/SES204/SA204S27	SES068	-1.4763	14.0885	15.5648
BLOCK20/SES204/SA204S27	SES082	-2.7183	12.8465	15.5648
BLOCK20/SES204/SA204S27	SES087	-1.15331	14.4115	15.5648
BLOCK20/SES204/SA204S27	SES206	-1.81337	13.7514	15.5648
BLOCK20/SES207/SA207S10	SES127	-1.43594	12.6288	14.0647
BLOCK20/SES207/SA207S10	SES183	-1.91579	12.1489	14.0647
BLOCK20/SES207/SA207S10	SES189	-1.64647	12.4183	14.0647
BLOCK20/SES207/SA207S10	SES292	-1.62032	12.4444	14.0647
BLOCK20/SES207/SA207S11	SES127	-2.00492	11.5787	13.5836
BLOCK20/SES207/SA207S11	SES183	-1.9709	11.6127	13.5836
BLOCK20/SES207/SA207S11	SES187	-2.26262	11.321	13.5836
BLOCK20/SES207/SA207S11	SES292	-1.23131	12.3523	13.5836
BLOCK20/SES207/SA207S25	SES068	-1.85567	12.193	14.0487
BLOCK20/SES207/SA207S25	SES083	-2.23675	11.812	14.0487
BLOCK20/SES207/SA207S25	SES127	-1.14537	12.9033	14.0487
BLOCK20/SES207/SA207S25	SES187	-1.39277	12.656	14.0487
BLOCK20/SES207/SA207S27	SES127	-1.98281	11.0494	13.0323
BLOCK20/SES207/SA207S27	SES183	-1.87819	11.1541	13.0323
BLOCK20/SES207/SA207S27	SES187	-1.93078	11.1015	13.0323
BLOCK20/SES207/SA207S27	SES292	-2.03028	11.002	13.0323
BLOCK20/SES207/SA207S29	SES083	-2.21333	12.4913	14.7046
BLOCK20/SES207/SA207S29	SES085	-1.67526	13.0294	14.7046
BLOCK20/SES207/SA207S29	SES172	-1.32807	13.3766	14.7046
BLOCK20/SES207/SA207S29	SES189	-2.177	12.5276	14.7046
BLOCK22/SES221/SA221S12	SES068	-0.768089	14.9807	15.7488
BLOCK22/SES221/SA221S12	SES143	-1.37673	14.3721	15.7488
BLOCK22/SES221/SA221S12	SES175	-0.861196	14.8876	15.7488
BLOCK22/SES221/SA221S12	SES202	-1.46396	14.2848	15.7488
BLOCK22/SES221/SA221S15	SES085	-0.86374	13.1614	14.0252
BLOCK22/SES221/SA221S15	SES143	-2.27833	11.7469	14.0252
BLOCK22/SES221/SA221S15	SES175	-1.01497	13.0102	14.0252
BLOCK22/SES221/SA221S15	SES187	-2.03171	11.9935	14.0252
BLOCK22/SES221/SA221S23	SES068	-1.39693	13.6018	14.9987
BLOCK22/SES221/SA221S23	SES143	-1.90352	13.0952	14.9987
BLOCK22/SES221/SA221S23	SES175	-0.378115	14.6206	14.9987
BLOCK22/SES221/SA221S23	SES189	-0.675648	14.323	14.9987
BLOCK22/SES221/SA221S27	SES085	-0.539301	14.9628	15.5021
BLOCK22/SES221/SA221S27	SES143	-1.70134	13.8007	15.5021
BLOCK22/SES221/SA221S27	SES175	-0.527979	14.9741	15.5021
BLOCK22/SES221/SA221S27	SES189	-0.68325	14.8188	15.5021
BLOCK22/SES221/SA221S29	SES085	-0.209168	13.7766	13.9857
BLOCK22/SES221/SA221S29	SES143	-0.90826	13.0775	13.9857
BLOCK22/SES221/SA221S29	SES175	-0.266749	13.719	13.9857
BLOCK22/SES221/SA221S29	SES187	-1.43671	12.549	13.9857
BLOCK22/SES223/SA223S11	SES143	-1.1357	11.7033	12.839
BLOCK22/SES223/SA223S11	SES144	-3.59507	9.24391	12.839
BLOCK22/SES223/SA223S11	SES175	-1.41414	11.4248	12.839
BLOCK22/SES223/SA223S11	SES187	-2.6769	10.1621	12.839
BLOCK22/SES223/SA223S13	SES068	-1.00299	11.7253	12.7283
BLOCK22/SES223/SA223S13	SES143	-2.53348	10.1948	12.7283
BLOCK22/SES223/SA223S13	SES146	-2.58096	10.1474	12.7283
BLOCK22/SES223/SA223S13	SES202	-2.556	10.1723	12.7283
BLOCK22/SES223/SA223S22	SES143	-1.29627	12.2762	13.5725
BLOCK22/SES223/SA223S22	SES144	-3.2655	10.307	13.5725
BLOCK22/SES223/SA223S22	SES175	-1.36813	12.2043	13.5725
BLOCK22/SES223/SA223S22	SES187	-1.53513	12.0373	13.5725
BLOCK22/SES223/SA223S25	SES068	-1.44785	12.9865	14.4344
BLOCK22/SES223/SA223S25	SES143	-2.12423	12.3101	14.4344
BLOCK22/SES223/SA223S25	SES175	-1.5359	12.8985	14.4344
BLOCK22/SES223/SA223S25	SES187	-1.94404	12.4903	14.4344
BLOCK22/SES223/SA223S27	SES143	-1.17693	11.8475	13.0244
BLOCK22/SES223/SA223S27	SES146	-1.81131	11.2131	13.0244
BLOCK22/SES223/SA223S27	SES187	-1.95117	11.0733	13.0244
BLOCK22/SES223/SA223S27	SES292	-0.921295	12.1031	13.0244
BLOCK27/SES273/SA273S12	SES099	-0.951174	16.2791	17.2303
BLOCK27/SES273/SA273S12	SES104	-1.25574	15.9745	17.2303
BLOCK27/SES273/SA273S12	SES125	-2.02098	15.2093	17.2303
BLOCK27/SES273/SA273S12	SES206	-0.984428	16.2458	17.2303
BLOCK27/SES273/SA273S13	SES099	-1.21184	16.2165	17.4283
BLOCK27/SES273/SA273S13	SES104	-1.37167	16.0566	17.4283
BLOCK27/SES273/SA273S13	SES206	-1.2973	16.131	17.4283
BLOCK27/SES273/SA273S13	SES292	-2.10486	15.3235	17.4283
BLOCK27/SES273/SA273S21	SES099	-0.367212	16.5524	16.9196
BLOCK27/SES273/SA273S21	SES148	-3.0604	13.8592	16.9196
BLOCK27/SES273/SA273S21	SES149	-1.86395	15.0556	16.9196
BLOCK27/SES273/SA273S21	SES177	-2.34447	14.5751	16.9196
BLOCK27/SES273/SA273S25	SES104	-1.56672	14.8447	16.4115
BLOCK27/SES273/SA273S25	SES125	-1.72576	14.6857	16.4115
BLOCK27/SES273/SA273S25	SES158	-0.810756	15.6007	16.4115
BLOCK27/SES273/SA273S25	SES206	-0.523866	15.8876	16.4115
BLOCK27/SES273/SA273S27	SES099	-0.84382	15.5066	16.3505
BLOCK27/SES273/SA273S27	SES104	-1.42802	14.9224	16.3505
BLOCK27/SES273/SA273S27	SES149	-1.53047	14.82	16.3505
BLOCK27/SES273/SA273S27	SES275	-2.03532	14.3151	16.3505
BLOCK27/SES274/SA274S10	SES105	-2.12495	13.5909	15.7158
BLOCK27/SES274/SA274S10	SES125	-2.98898	12.7269	15.7158
BLOCK27/SES274/SA274S10	SES129	-0.71382	15.002	15.7158
BLOCK27/SES274/SA274S10	SES158	-4.04226	11.6736	15.7158
BLOCK27/SES274/SA274S11	SES105	-1.68741	14.3741	16.0615
BLOCK27/SES274/SA274S11	SES149	-2.44217	13.6193	16.0615
BLOCK27/SES274/SA274S11	SES158	-2.93482	13.1267	16.0615
BLOCK27/SES274/SA274S11	SES275	-1.0967	14.9648	16.0615
BLOCK27/SES274/SA274S21	SES105	-2.04407	13.7453	15.7893
BLOCK27/SES274/SA274S21	SES129	-1.0851	14.7042	15.7893
BLOCK27/SES274/SA274S21	SES149	-2.11463	13.6747	15.7893
BLOCK27/SES274/SA274S21	SES158	-4.76919	11.0202	15.7893
BLOCK27/SES274/SA274S24	SES105	-1.82644	14.8237	16.6501
BLOCK27/SES274/SA274S24	SES129	-0.783838	15.8663	16.6501
BLOCK27/SES274/SA274S24	SES149	-2.41497	14.2352	16.6501
BLOCK27/SES274/SA274S24	SES158	-4.96159	11.6885	16.6501
BLOCK27/SES274/SA274S29	SES105	-2.14007	13.1834	15.3235
BLOCK27/SES274/SA274S29	SES106	-3.44491	11.8786	15.3235
BLOCK27/SES274/SA274S29	SES120	-1.61224	13.7112	15.3235
BLOCK27/SES274/SA274S29	SES275	-1.43831	13.8852	15.3235
BLOCK27/SES276/SA276S16	SES148	-2.06961	12.7054	14.7751
BLOCK27/SES276/SA276S16	SES172	-1.29852	13.4765	14.7751
BLOCK27/SES276/SA276S16	SES180	-2.29528	12.4798	14.7751
BLOCK27/SES276/SA276S16	SES292	-1.71692	13.0581	14.7751
BLOCK27/SES276/SA276S17	SES101	-1.31101	14.0089	15.3199
BLOCK27/SES276/SA276S17	SES177	-2.01719	13.3027	15.3199
BLOCK27/SES276/SA276S17	SES180	-1.56438	13.7556	15.3199
BLOCK27/SES276/SA276S17	SES292	-1.68402	13.6359	15.3199
BLOCK27/SES276/SA276S24	SES101	-1.14672	14.8363	15.983
BLOCK27/SES276/SA276S24	SES177	-1.23164	14.7513	15.983
BLOCK27/SES276/SA276S24	SES180	-2.23188	13.7511	15.983
BLOCK27/SES276/SA276S24	SES292	-2.63858	13.3444	15.983
BLOCK27/SES276/SA276S26	SES101	-2.09748	14.4674	16.5648
BLOCK27/SES276/SA276S26	SES177	-0.794761	15.7701	16.5648
BLOCK27/SES276/SA276S26	SES180	-0.666405	15.8984	16.5648
BLOCK27/SES276/SA276S26	SES292	-0.626571	15.9383	16.5648
BLOCK27/SES276/SA276S28	SES101	-1.37631	14.2461	15.6224
BLOCK27/SES276/SA276S28	SES177	-1.61124	14.0111	15.6224
BLOCK27/SES276/SA276S28	SES180	-0.878721	14.7437	15.6224
BLOCK27/SES276/SA276S28	SES292	-1.10165	14.5207	15.6224
BLOCK27/SES277/SA277S12	SES101	-1.04473	12.2195	13.2643
BLOCK27/SES277/SA277S12	SES177	-1.92938	11.3349	13.2643
BLOCK27/SES277/SA277S12	SES180	-2.5643	10.7	13.2643
BLOCK27/SES277/SA277S12	SES292	-2.67713	10.5871	13.2643
BLOCK27/SES277/SA277S14	SES177	-0.781166	12.0894	12.8705
BLOCK27/SES277/SA277S14	SES180	-2.33994	10.5306	12.8705
BLOCK27/SES277/SA277S14	SES189	-0.629925	12.2406	12.8705
BLOCK27/SES277/SA277S14	SES292	-2.51764	10.3529	12.8705
BLOCK27/SES277/SA277S21	SES177	-0.785315	13.8939	14.6792
BLOCK27/SES277/SA277S21	SES180	-2.34161	12.3376	14.6792
BLOCK27/SES277/SA277S21	SES189	-0.967319	13.7118	14.6792
BLOCK27/SES277/SA277S21	SES292	-2.59304	12.0861	14.6792
BLOCK27/SES277/SA277S24	SES144	-1.88342	10.932	12.8155
BLOCK27/SES277/SA277S24	SES177	-1.02244	11.793	12.8155
BLOCK27/SES277/SA277S24	SES180	-2.6769	10.1386	12.8155
BLOCK27/SES277/SA277S24	SES189	-0.970962	11.8445	12.8155
BLOCK27/SES277/SA277S29	SES177	-1.228	14.4076	15.6356
BLOCK27/SES277/SA277S29	SES180	-2.60867	13.0269	15.6356
BLOCK27/SES277/SA277S29	SES202	-1.64874	13.9868	15.6356
BLOCK27/SES277/SA277S29	SES292	-2.70822	12.9273	15.6356
BLOCK27/SES279/SA279S09	SES120	-2.34842	13.0593	15.4077
BLOCK27/SES279/SA279S09	SES146	-2.31946	13.0882	15.4077
BLOCK27/SES279/SA279S09	SES206	-1.95791	13.4498	15.4077
BLOCK27/SES279/SA279S09	SES226	-3.27035	12.1373	15.4077
BLOCK27/SES279/SA279S10	SES099	-0.662835	14.951	15.6138
BLOCK27/SES279/SA279S10	SES206	-0.817717	14.7961	15.6138
BLOCK27/SES279/SA279S10	SES226	-2.48812	13.1257	15.6138
BLOCK27/SES279/SA279S10	SES292	-0.763834	14.85	15.6138
BLOCK27/SES279/SA279S20	SES099	-1.95224	13.5653	15.5175
BLOCK27/SES279/SA279S20	SES206	-0.68348	14.8341	15.5175
BLOCK27/SES279/SA279S20	SES226	-2.59543	12.9221	15.5175
BLOCK27/SES279/SA279S20	SES292	-0.44707	15.0705	15.5175
BLOCK27/SES279/SA279S26	SES099	-0.780514	14.4887	15.2692
BLOCK27/SES279/SA279S26	SES206	-0.5061	14.7631	15.2692
BLOCK27/SES279/SA279S26	SES226	-2.46524	12.804	15.2692
BLOCK27/SES279/SA279S26	SES292	-0.147899	15.1213	15.2692
BLOCK27/SES279/SA279S28	SES099	-1.31912	15.8925	17.2116
BLOCK27/SES279/SA279S28	SES120	-1.36016	15.8514	17.2116
BLOCK27/SES279/SA279S28	SES177	-1.89466	15.3169	17.2116
BLOCK27/SES279/SA279S28	SES206	-1.53372	15.6779	17.2116
BLOCK29/SES290/SA290S12	SES162	-0.955201	13.8881	14.8433
BLOCK29/SES290/SA290S12	SES177	-0.846018	13.9973	14.8433
BLOCK29/SES290/SA290S12	SES180	-1.93665	12.9067	14.8433
BLOCK29/SES290/SA290S12	SES292	-1.52549	13.3178	14.8433
BLOCK29/SES290/SA290S13	SES007	-1.31568	13.6609	14.9766
BLOCK29/SES290/SA290S13	SES162	-2.55601	12.4206	14.9766
BLOCK29/SES290/SA290S13	SES177	-0.805633	14.1709	14.9766
BLOCK29/SES290/SA290S13	SES180	-1.4535	13.5231	14.9766
BLOCK29/SES290/SA290S22	SES177	-0.998382	13.3208	14.3192
BLOCK29/SES290/SA290S22	SES180	-1.6242	12.695	14.3192
BLOCK29/SES290/SA290S22	SES202	-1.31393	13.0053	14.3192
BLOCK29/SES290/SA290S22	SES292	-1.64755	12.6716	14.3192
BLOCK29/SES290/SA290S25	SES162	-1.30071	14.379	15.6797
BLOCK29/SES290/SA290S25	SES177	-1.13427	14.5454	15.6797
BLOCK29/SES290/SA290S25	SES180	-1.47153	14.2082	15.6797
BLOCK29/SES290/SA290S25	SES292	-1.14966	14.5301	15.6797
BLOCK29/SES290/SA290S29	SES177	-0.444	14.1773	14.6213
BLOCK29/SES290/SA290S29	SES180	-0.812792	13.8085	14.6213
BLOCK29/SES290/SA290S29	SES275	-1.29385	13.3274	14.6213
BLOCK29/SES290/SA290S29	SES292	-1.02088	13.6004	14.6213
BLOCK29/SES291/SA291S11	SES105	-2.9868	10.9235	13.9103
BLOCK29/SES291/SA291S11	SES125	-1.56534	12.345	13.9103
BLOCK29/SES291/SA291S11	SES158	-1.34137	12.5689	13.9103
BLOCK29/SES291/SA291S11	SES275	-2.79967	11.1106	13.9103
BLOCK29/SES291/SA291S12	SES158	0.103061	14.2093	14.1062
BLOCK29/SES291/SA291S12	SES226	-2.10227	12.0039	14.1062
BLOCK29/SES291/SA291S12	SES270	0.246617	14.3528	14.1062
BLOCK29/SES291/SA291S12	SES275	-4.02855	10.0776	14.1062
BLOCK29/SES291/SA291S22	SES082	-1.49022	13.351	14.8412
BLOCK29/SES291/SA291S22	SES158	-1.3089	13.5324	14.8412
BLOCK29/SES291/SA291S22	SES259	-2.08657	12.7547	14.8412
BLOCK29/SES291/SA291S22	SES275	-3.10726	11.734	14.8412
BLOCK29/SES291/SA291S24	SES104	-0.352978	15.9216	16.2746
BLOCK29/SES291/SA291S24	SES125	-1.24993	15.0247	16.2746
BLOCK29/SES291/SA291S24	SES158	-0.814453	15.4602	16.2746
BLOCK29/SES291/SA291S24	SES275	-3.45269	12.8219	16.2746
BLOCK29/SES291/SA291S27	SES158	-0.172805	15.3977	15.5705
BLOCK29/SES291/SA291S27	SES172	-3.87437	11.6961	15.5705
BLOCK29/SES291/SA291S27	SES275	-3.74319	11.8273	15.5705
BLOCK29/SES291/SA291S27	SES292	-1.97818	13.5923	15.5705
Threshold search:
THR	-4.96159929274	9	0(0)	1(1000)
THR	-4.8686717998126	8.982	0(0)	0.998(998)
THR	-4.7757443068852	8.982	0(0)	0.998(998)
THR	-4.6828168139578	8.973	0(0)	0.997(997)
THR	-4.5898893210304	8.955	0(0)	0.995(995)
THR	-4.496961828103	8.937	0(0)	0.993(993)
THR	-4.4040343351756	8.937	0(0)	0.993(993)
THR	-4.3111068422482	8.928	0(0)	0.992(992)
THR	-4.2181793493208	8.919	0(0)	0.991(991)
THR	-4.1252518563934	8.91	0(0)	0.99(990)
THR	-4.032324363466	8.901	0(0)	0.989(989)
THR	-3.9393968705386	8.874	0(0)	0.986(986)
THR	-3.8464693776112	8.856	0(0)	0.984(984)
THR	-3.7535418846838	8.82	0(0)	0.98(980)
THR	-3.6606143917564	8.775	0(0)	0.975(975)
THR	-3.567686898829	8.739	0(0)	0.971(971)
THR	-3.4747594059016	8.694	0(0)	0.966(966)
THR	-3.3818319129742	8.622	0(0)	0.958(958)
THR	-3.2889044200468	8.568	0(0)	0.952(952)
THR	-3.1959769271194	8.505	0(0)	0.945(945)
THR	-3.103049434192	8.379	0(0)	0.931(931)
THR	-3.0101219412646	8.271	0(0)	0.919(919)
THR	-2.9171944483372	8.145	0(0)	0.905(905)
THR	-2.8242669554098	8.001	0(0)	0.889(889)
THR	-2.7313394624824	7.884	0(0)	0.876(876)
THR	-2.638411969555	7.695	0(0)	0.855(855)
THR	-2.5454844766276	7.479	0(0)	0.831(831)
THR	-2.4525569837002	7.299	0(0)	0.811(811)
THR	-2.3596294907728	7.083	0(0)	0.787(787)
THR	-2.2667019978454	6.813	0(0)	0.757(757)
THR	-2.173774504918	6.489	0(0)	0.721(721)
THR	-2.0808470119906	6.147	0(0)	0.683(683)
THR	-1.9879195190632	5.76	0(0)	0.64(640)
THR	-1.8949920261358	5.373	0(0)	0.597(597)
THR	-1.8020645332084	4.878	0(0)	0.542(542)
THR	-1.709137040281	4.545	0(0)	0.505(505)
THR	-1.6162095473536	4.158	0(0)	0.462(462)
THR	-1.5232820544262	3.771	0(0)	0.419(419)
THR	-1.4303545614988	3.348	0(0)	0.372(372)
THR	-1.3374270685714	2.907	0(0)	0.323(323)
THR	-1.244499575644	2.484	0(0)	0.276(276)
THR	-1.1515720827166	2.205	0(0)	0.245(245)
THR	-1.0586445897892	1.836	0(0)	0.204(204)
THR	-0.965717096861798	1.422	0(0)	0.158(158)
THR	-0.872789603934398	1.152	0(0)	0.128(128)
THR	-0.779862111006998	0.936	0(0)	0.104(104)
THR	-0.686934618079598	0.702	0(0)	0.078(78)
THR	-0.594007125152198	0.54	0(0)	0.06(60)
THR	-0.501079632224798	0.396	0(0)	0.044(44)
THR	-0.408152139297398	0.279	0(0)	0.031(31)
THR	-0.315224646369998	0.198	0(0)	0.022(22)
THR	-0.222297153442598	0.157	0.004(1)	0.017(17)
THR	-0.129369660515198	0.107	0.008(2)	0.011(11)
THR	-0.0364421675877979	0.084	0.012(3)	0.008(8)
THR	0.0564853253396021	0.075	0.012(3)	0.007(7)
THR	0.149412818267002	0.056	0.02(5)	0.004(4)
THR	0.242340311194402	0.05	0.032(8)	0.002(2)
THR	0.335267804121802	0.049	0.04(10)	0.001(1)
THR	0.428195297049202	0.073	0.064(16)	0.001(1)
THR	0.521122789976602	0.093	0.084(21)	0.001(1)
THR	0.614050282904002	0.141	0.132(33)	0.001(1)
THR	0.706977775831402	0.176	0.176(44)	0(0)
THR	0.799905268758802	0.208	0.208(52)	0(0)
THR	0.892832761686202	0.236	0.236(59)	0(0)
THR	0.985760254613602	0.256	0.256(64)	0(0)
THR	1.078687747541	0.304	0.304(76)	0(0)
THR	1.1716152404684	0.352	0.352(88)	0(0)
THR	1.2645427333958	0.396	0.396(99)	0(0)
THR	1.3574702263232	0.436	0.436(109)	0(0)
THR	1.4503977192506	0.476	0.476(119)	0(0)
THR	1.543325212178	0.536	0.536(134)	0(0)
THR	1.6362527051054	0.58	0.58(145)	0(0)
THR	1.7291801980328	0.616	0.616(154)	0(0)
THR	1.8221076909602	0.66	0.66(165)	0(0)
THR	1.9150351838876	0.68	0.68(170)	0(0)
THR	2.007962676815	0.752	0.752(188)	0(0)
THR	2.1008901697424	0.78	0.78(195)	0(0)
THR	2.1938176626698	0.828	0.828(207)	0(0)
THR	2.2867451555972	0.848	0.848(212)	0(0)
THR	2.3796726485246	0.876	0.876(219)	0(0)
THR	2.472600141452	0.892	0.892(223)	0(0)
THR	2.5655276343794	0.904	0.904(226)	0(0)
THR	2.6584551273068	0.92	0.92(230)	0(0)
THR	2.7513826202342	0.94	0.94(235)	0(0)
THR	2.8443101131616	0.944	0.944(236)	0(0)
THR	2.937237606089	0.956	0.956(239)	0(0)
THR	3.0301650990164	0.968	0.968(242)	0(0)
THR	3.1230925919438	0.968	0.968(242)	0(0)
THR	3.21602008487121	0.972	0.972(243)	0(0)
THR	3.30894757779861	0.976	0.976(244)	0(0)
THR	3.40187507072601	0.98	0.98(245)	0(0)
THR	3.49480256365341	0.98	0.98(245)	0(0)
THR	3.58773005658081	0.98	0.98(245)	0(0)
THR	3.68065754950821	0.984	0.984(246)	0(0)
THR	3.77358504243561	0.984	0.984(246)	0(0)
THR	3.86651253536301	0.984	0.984(246)	0(0)
THR	3.95944002829041	0.988	0.988(247)	0(0)
THR	4.05236752121781	0.996	0.996(249)	0(0)
THR	4.14529501414521	0.996	0.996(249)	0(0)
THR	4.23822250707261	0.996	0.996(249)	0(0)
THR	4.33115000000001	1	1(250)	0(0)


==============================================
THR: 0.335267804121802
Missed:     10/250=0.0400
FalseAlarm: 1/1000=0.0010
----------------------------------------------
==> CostDetection: 4.9
==============================================
