BLOCK00/SES002/SA002S12	SES002	-3.50031	-13.7068	-10.2064
BLOCK00/SES002/SA002S13	SES002	-2.29059	-13.7786	-11.488
BLOCK00/SES002/SA002S23	SES002	-1.97416	-12.4063	-10.4321
BLOCK00/SES002/SA002S26	SES002	-2.9414	-14.8238	-11.8824
BLOCK00/SES002/SA002S28	SES002	-2.13391	-12.4524	-10.3185
BLOCK00/SES007/SA007S14	SES007	-4.07307	-13.5538	-9.48075
BLOCK00/SES007/SA007S15	SES007	-3.44026	-13.5855	-10.1453
BLOCK00/SES007/SA007S24	SES007	-3.46482	-13.0978	-9.63302
BLOCK00/SES007/SA007S27	SES007	-3.44776	-14.8041	-11.3564
BLOCK00/SES007/SA007S29	SES007	-3.28833	-12.5001	-9.21173
BLOCK00/SES008/SA008S11	SES008	-1.22838	-9.99971	-8.77133
BLOCK00/SES008/SA008S12	SES008	-1.80759	-10.6839	-8.87629
BLOCK00/SES008/SA008S19	SES008	-1.25923	-10.5722	-9.313
BLOCK00/SES008/SA008S22	SES008	-1.31341	-10.9178	-9.60434
BLOCK00/SES008/SA008S29	SES008	-1.84555	-10.8188	-8.97326
BLOCK01/SES014/SA014S10	SES014	-3.27089	-13.5917	-10.3208
BLOCK01/SES014/SA014S12	SES014	-1.67092	-12.1983	-10.5273
BLOCK01/SES014/SA014S24	SES014	-1.78453	-12.7005	-10.9159
BLOCK01/SES014/SA014S26	SES014	-2.43301	-13.2466	-10.8136
BLOCK01/SES014/SA014S28	SES014	-1.95545	-12.0069	-10.0515
BLOCK01/SES016/SA016S12	SES016	-1.54867	-13.4241	-11.8754
BLOCK01/SES016/SA016S13	SES016	-2.37563	-13.0607	-10.6851
BLOCK01/SES016/SA016S22	SES016	-2.19955	-12.4019	-10.2024
BLOCK01/SES016/SA016S25	SES016	-4.00576	-13.0748	-9.06901
BLOCK01/SES016/SA016S27	SES016	-3.77049	-14.2834	-10.5129
BLOCK01/SES019/SA019S13	SES019	-1.91848	-12.9591	-11.0406
BLOCK01/SES019/SA019S14	SES019	-1.95655	-13.0535	-11.0969
BLOCK01/SES019/SA019S22	SES019	-1.64955	-12.5515	-10.902
BLOCK01/SES019/SA019S25	SES019	-2.34147	-13.4935	-11.1521
BLOCK01/SES019/SA019S29	SES019	-0.909	-13.2379	-12.3289
BLOCK02/SES029/SA029S11	SES029	-2.21358	-11.7042	-9.49058
BLOCK02/SES029/SA029S12	SES029	-2.50616	-12.1239	-9.61773
BLOCK02/SES029/SA029S20	SES029	-2.85289	-12.2253	-9.3724
BLOCK02/SES029/SA029S25	SES029	-3.04268	-12.9881	-9.94542
BLOCK02/SES029/SA029S28	SES029	-4.45494	-14.1548	-9.69989
BLOCK04/SES042/SA042S12	SES042	-3.4506	-13.5435	-10.0929
BLOCK04/SES042/SA042S15	SES042	-3.34307	-13.2305	-9.88747
BLOCK04/SES042/SA042S22	SES042	-1.54919	-14.051	-12.5018
BLOCK04/SES042/SA042S25	SES042	-1.91666	-13.9693	-12.0526
BLOCK04/SES042/SA042S27	SES042	-1.48515	-13.5036	-12.0185
BLOCK04/SES048/SA048S11	SES048	-2.8464	-12.4157	-9.56935
BLOCK04/SES048/SA048S12	SES048	-3.134	-13.3571	-10.2231
BLOCK04/SES048/SA048S20	SES048	-3.43073	-13.7457	-10.3149
BLOCK04/SES048/SA048S23	SES048	-2.21196	-12.0915	-9.87955
BLOCK04/SES048/SA048S27	SES048	-3.1816	-13.2134	-10.0318
BLOCK06/SES060/SA060S11	SES060	-2.05168	-12.7658	-10.7141
BLOCK06/SES060/SA060S12	SES060	-2.2456	-13.3419	-11.0963
BLOCK06/SES060/SA060S22	SES060	-2.77143	-13.455	-10.6836
BLOCK06/SES060/SA060S24	SES060	-3.60253	-12.7166	-9.11406
BLOCK06/SES060/SA060S28	SES060	-3.08901	-12.1852	-9.09622
BLOCK06/SES062/SA062S10	SES062	-1.98767	-12.1169	-10.1293
BLOCK06/SES062/SA062S11	SES062	-1.96617	-12.2949	-10.3287
BLOCK06/SES062/SA062S21	SES062	-3.10283	-11.9573	-8.85443
BLOCK06/SES062/SA062S26	SES062	-2.61761	-12.3784	-9.76077
BLOCK06/SES062/SA062S29	SES062	-3.33652	-12.7432	-9.40665
BLOCK06/SES068/SA068S14	SES068	-2.61069	-12.6878	-10.0771
BLOCK06/SES068/SA068S15	SES068	-2.83364	-12.915	-10.0814
BLOCK06/SES068/SA068S23	SES068	-2.8229	-12.731	-9.90808
BLOCK06/SES068/SA068S27	SES068	-2.5056	-12.654	-10.1484
BLOCK06/SES068/SA068S29	SES068	-3.35804	-13.2852	-9.92717
BLOCK08/SES082/SA082S12	SES082	-3.15023	-12.8551	-9.70492
BLOCK08/SES082/SA082S14	SES082	-1.94284	-12.2201	-10.2772
BLOCK08/SES082/SA082S21	SES082	-2.30964	-11.8788	-9.56921
BLOCK08/SES082/SA082S24	SES082	-2.52785	-12.376	-9.84815
BLOCK08/SES082/SA082S28	SES082	-2.29422	-12.49	-10.1958
BLOCK08/SES083/SA083S14	SES083	-2.44156	-12.7567	-10.3152
BLOCK08/SES083/SA083S15	SES083	-2.76144	-12.4581	-9.69671
BLOCK08/SES083/SA083S24	SES083	-2.98216	-12.7727	-9.79058
BLOCK08/SES083/SA083S26	SES083	-2.73976	-13.3458	-10.606
BLOCK08/SES083/SA083S29	SES083	-2.87628	-12.9668	-10.0905
BLOCK08/SES085/SA085S10	SES085	-2.49927	-11.6961	-9.19683
BLOCK08/SES085/SA085S13	SES085	-1.95692	-12.025	-10.0681
BLOCK08/SES085/SA085S22	SES085	-2.33049	-12.2383	-9.90778
BLOCK08/SES085/SA085S26	SES085	-2.95817	-13.5672	-10.609
BLOCK08/SES085/SA085S28	SES085	-2.81574	-12.2956	-9.47986
BLOCK08/SES087/SA087S15	SES087	-1.23118	-12.0348	-10.8036
BLOCK08/SES087/SA087S16	SES087	-0.29917	-11.7868	-11.4876
BLOCK08/SES087/SA087S24	SES087	-1.4766	-12.6571	-11.1805
BLOCK08/SES087/SA087S26	SES087	-1.48509	-11.6808	-10.1957
BLOCK08/SES087/SA087S29	SES087	-1.79066	-11.9996	-10.2089
BLOCK09/SES099/SA099S15	SES099	-2.56626	-13.9922	-11.426
BLOCK09/SES099/SA099S16	SES099	-1.93715	-12.2059	-10.2688
BLOCK09/SES099/SA099S24	SES099	-2.22359	-12.7756	-10.552
BLOCK09/SES099/SA099S26	SES099	-2.65244	-13.5606	-10.9082
BLOCK09/SES099/SA099S29	SES099	-2.18122	-12.8602	-10.679
BLOCK10/SES101/SA101S11	SES101	-2.94154	-12.3061	-9.36457
BLOCK10/SES101/SA101S13	SES101	-3.08228	-12.2569	-9.17466
BLOCK10/SES101/SA101S22	SES101	-1.35463	-12.2264	-10.8718
BLOCK10/SES101/SA101S24	SES101	-1.60494	-11.6361	-10.0312
BLOCK10/SES101/SA101S28	SES101	-1.74041	-11.9359	-10.1955
BLOCK10/SES104/SA104S11	SES104	-2.95408	-12.5399	-9.58581
BLOCK10/SES104/SA104S12	SES104	-1.92027	-12.0063	-10.086
BLOCK10/SES104/SA104S21	SES104	-2.28162	-13.0609	-10.7793
BLOCK10/SES104/SA104S24	SES104	-2.8369	-13.3207	-10.4838
BLOCK10/SES104/SA104S28	SES104	-1.8271	-12.4893	-10.6622
BLOCK10/SES105/SA105S12	SES105	-1.90583	-12.1955	-10.2897
BLOCK10/SES105/SA105S13	SES105	-2.99924	-13.0738	-10.0745
BLOCK10/SES105/SA105S22	SES105	-2.5016	-13.0932	-10.5916
BLOCK10/SES105/SA105S26	SES105	-2.19057	-13.1555	-10.9649
BLOCK10/SES105/SA105S29	SES105	-2.762	-12.5886	-9.82657
BLOCK10/SES106/SA106S09	SES106	-2.53598	-13.353	-10.817
BLOCK10/SES106/SA106S11	SES106	-2.62284	-12.7559	-10.1331
BLOCK10/SES106/SA106S22	SES106	-2.14625	-13.4502	-11.3039
BLOCK10/SES106/SA106S27	SES106	-2.6875	-12.4631	-9.77564
BLOCK10/SES106/SA106S29	SES106	-3.57287	-12.555	-8.98209
BLOCK11/SES117/SA117S12	SES117	-2.9472	-13.4317	-10.4845
BLOCK11/SES117/SA117S13	SES117	-3.01746	-13.0717	-10.0542
BLOCK11/SES117/SA117S23	SES117	-2.29275	-13.399	-11.1063
BLOCK11/SES117/SA117S25	SES117	-3.19988	-13.4818	-10.2819
BLOCK11/SES117/SA117S28	SES117	-3.3938	-13.9342	-10.5404
BLOCK12/SES120/SA120S08	SES120	-2.7636	-13.6596	-10.8959
BLOCK12/SES120/SA120S11	SES120	-2.15079	-16.2516	-14.1008
BLOCK12/SES120/SA120S22	SES120	-4.16233	-13.6625	-9.50018
BLOCK12/SES120/SA120S24	SES120	-3.26076	-14.0477	-10.787
BLOCK12/SES120/SA120S28	SES120	-3.43449	-13.9503	-10.5158
BLOCK12/SES125/SA125S13	SES125	-2.76357	-13.012	-10.2484
BLOCK12/SES125/SA125S14	SES125	-2.37159	-12.9138	-10.5422
BLOCK12/SES125/SA125S25	SES125	-1.76644	-12.6206	-10.8541
BLOCK12/SES125/SA125S27	SES125	-2.31356	-12.1811	-9.86755
BLOCK12/SES125/SA125S29	SES125	-2.53481	-12.2788	-9.74399
BLOCK12/SES127/SA127S11	SES127	-1.87126	-11.6441	-9.77282
BLOCK12/SES127/SA127S12	SES127	-2.69908	-11.1862	-8.4871
BLOCK12/SES127/SA127S23	SES127	-2.12826	-11.0262	-8.89793
BLOCK12/SES127/SA127S25	SES127	-2.9271	-11.901	-8.97389
BLOCK12/SES127/SA127S27	SES127	-1.02969	-10.3519	-9.32224
BLOCK12/SES129/SA129S11	SES129	-1.24382	-10.2767	-9.03286
BLOCK12/SES129/SA129S12	SES129	-1.72347	-10.7051	-8.98167
BLOCK12/SES129/SA129S22	SES129	-1.43437	-11.2131	-9.77868
BLOCK12/SES129/SA129S27	SES129	-1.29848	-10.6028	-9.30432
BLOCK12/SES129/SA129S29	SES129	-3.51429	-13.7913	-10.277
BLOCK14/SES142/SA142S11	SES142	-3.73048	-12.7326	-9.00216
BLOCK14/SES142/SA142S12	SES142	-3.33044	-12.8139	-9.48343
BLOCK14/SES142/SA142S24	SES142	-3.67067	-12.9886	-9.31789
BLOCK14/SES142/SA142S27	SES142	-4.05356	-13.2814	-9.22783
BLOCK14/SES142/SA142S29	SES142	-3.45793	-12.6299	-9.172
BLOCK14/SES143/SA143S12	SES143	-1.91145	-12.1008	-10.1894
BLOCK14/SES143/SA143S13	SES143	-1.93375	-11.8097	-9.87592
BLOCK14/SES143/SA143S23	SES143	-1.36838	-11.4267	-10.0583
BLOCK14/SES143/SA143S25	SES143	-2.44755	-12.9737	-10.5262
BLOCK14/SES143/SA143S28	SES143	-2.76647	-13.0977	-10.3312
BLOCK14/SES144/SA144S09	SES144	-1.80079	-11.6544	-9.8536
BLOCK14/SES144/SA144S11	SES144	-2.53262	-12.3107	-9.77812
BLOCK14/SES144/SA144S21	SES144	-3.15449	-12.9664	-9.8119
BLOCK14/SES144/SA144S25	SES144	-2.3138	-11.7813	-9.46754
BLOCK14/SES144/SA144S29	SES144	-3.34509	-13.7618	-10.4167
BLOCK14/SES146/SA146S14	SES146	-3.2908	-13.7902	-10.4994
BLOCK14/SES146/SA146S15	SES146	-3.85377	-14.5875	-10.7337
BLOCK14/SES146/SA146S24	SES146	-3.77232	-14.1381	-10.3658
BLOCK14/SES146/SA146S26	SES146	-3.56028	-13.8933	-10.333
BLOCK14/SES146/SA146S29	SES146	-2.80666	-13.7384	-10.9318
BLOCK14/SES147/SA147S11	SES147	-3.19626	-13.3217	-10.1254
BLOCK14/SES147/SA147S13	SES147	-2.23797	-11.7951	-9.55713
BLOCK14/SES147/SA147S23	SES147	-1.79776	-11.5747	-9.77694
BLOCK14/SES147/SA147S26	SES147	-1.70507	-11.6152	-9.91014
BLOCK14/SES147/SA147S28	SES147	-3.04412	-12.1864	-9.14223
BLOCK14/SES148/SA148S10	SES148	-2.35159	-11.3728	-9.02121
BLOCK14/SES148/SA148S12	SES148	-1.29563	-11.433	-10.1374
BLOCK14/SES148/SA148S22	SES148	-1.77599	-11.1975	-9.4215
BLOCK14/SES148/SA148S26	SES148	-2.06628	-10.8056	-8.73933
BLOCK14/SES148/SA148S29	SES148	-2.29968	-12.2605	-9.96077
BLOCK14/SES149/SA149S13	SES149	-4.28719	-13.9586	-9.67137
BLOCK14/SES149/SA149S14	SES149	-3.17085	-13.0498	-9.8789
BLOCK14/SES149/SA149S24	SES149	-2.70573	-12.6598	-9.95409
BLOCK14/SES149/SA149S26	SES149	-3.43174	-13.158	-9.72625
BLOCK14/SES149/SA149S28	SES149	-2.3595	-11.6909	-9.33138
BLOCK15/SES158/SA158S13	SES158	-3.28977	-14.1659	-10.8761
BLOCK15/SES158/SA158S14	SES158	-3.13553	-14.4965	-11.3609
BLOCK15/SES158/SA158S23	SES158	-3.86411	-13.6639	-9.79978
BLOCK15/SES158/SA158S26	SES158	-3.08054	-13.7656	-10.6851
BLOCK15/SES158/SA158S28	SES158	-3.04304	-13.5295	-10.4865
BLOCK16/SES162/SA162S10	SES162	-2.77996	-12.9565	-10.1765
BLOCK16/SES162/SA162S11	SES162	-2.86564	-12.2669	-9.40125
BLOCK16/SES162/SA162S21	SES162	-2.66214	-12.1374	-9.47529
BLOCK16/SES162/SA162S24	SES162	-2.34102	-11.9311	-9.59009
BLOCK16/SES162/SA162S27	SES162	-2.21026	-12.7966	-10.5863
BLOCK16/SES167/SA167S14	SES167	-2.55698	-11.3255	-8.76853
BLOCK16/SES167/SA167S15	SES167	-1.97709	-10.5235	-8.5464
BLOCK16/SES167/SA167S21	SES167	-2.82327	-11.1823	-8.35907
BLOCK16/SES167/SA167S25	SES167	-1.53025	-10.5041	-8.97388
BLOCK16/SES167/SA167S29	SES167	-2.5465	-10.8713	-8.32481
BLOCK17/SES172/SA172S12	SES172	-1.52195	-12.0461	-10.5242
BLOCK17/SES172/SA172S13	SES172	-2.30224	-12.7579	-10.4556
BLOCK17/SES172/SA172S23	SES172	-1.67439	-11.1526	-9.47821
BLOCK17/SES172/SA172S27	SES172	-1.55021	-12.5123	-10.9621
BLOCK17/SES172/SA172S29	SES172	-0.949537	-11.1098	-10.1603
BLOCK17/SES175/SA175S11	SES175	-2.92778	-13.4304	-10.5026
BLOCK17/SES175/SA175S13	SES175	-4.06182	-12.5371	-8.47529
BLOCK17/SES175/SA175S23	SES175	-2.1728	-11.5496	-9.37679
BLOCK17/SES175/SA175S25	SES175	-3.26388	-13.6366	-10.3727
BLOCK17/SES175/SA175S28	SES175	-2.71325	-12.4196	-9.70637
BLOCK17/SES177/SA177S15	SES177	-3.14319	-13.6201	-10.4769
BLOCK17/SES177/SA177S17	SES177	-2.71921	-13.3191	-10.5999
BLOCK17/SES177/SA177S23	SES177	-2.54598	-12.7237	-10.1778
BLOCK17/SES177/SA177S26	SES177	-3.6461	-13.0057	-9.35961
BLOCK17/SES177/SA177S28	SES177	-2.78619	-13.0981	-10.3119
BLOCK18/SES180/SA180S13	SES180	-3.16975	-13.9624	-10.7926
BLOCK18/SES180/SA180S15	SES180	-2.47212	-11.9821	-9.50998
BLOCK18/SES180/SA180S24	SES180	-2.40472	-11.6573	-9.25261
BLOCK18/SES180/SA180S26	SES180	-3.69757	-13.1419	-9.4443
BLOCK18/SES180/SA180S29	SES180	-3.46117	-13.4996	-10.0385
BLOCK18/SES183/SA183S13	SES183	-1.68496	-11.5155	-9.83053
BLOCK18/SES183/SA183S14	SES183	-2.686	-12.8548	-10.1688
BLOCK18/SES183/SA183S24	SES183	-1.88748	-12.5813	-10.6938
BLOCK18/SES183/SA183S27	SES183	-1.43521	-11.9739	-10.5387
BLOCK18/SES183/SA183S29	SES183	-1.53706	-11.688	-10.1509
BLOCK18/SES187/SA187S13	SES187	-3.21907	-14.0366	-10.8176
BLOCK18/SES187/SA187S14	SES187	-3.22814	-14.4131	-11.1849
BLOCK18/SES187/SA187S24	SES187	-2.24104	-12.6475	-10.4064
BLOCK18/SES187/SA187S27	SES187	-2.04413	-12.6862	-10.6421
BLOCK18/SES187/SA187S29	SES187	-3.73617	-16.063	-12.3268
BLOCK18/SES189/SA189S10	SES189	-2.55186	-13.2782	-10.7264
BLOCK18/SES189/SA189S13	SES189	-2.34673	-14.6353	-12.2885
BLOCK18/SES189/SA189S24	SES189	-2.89714	-13.2426	-10.3454
BLOCK18/SES189/SA189S26	SES189	-3.75231	-14.1616	-10.4093
BLOCK18/SES189/SA189S29	SES189	-3.48939	-13.989	-10.4996
BLOCK20/SES202/SA202S12	SES202	-2.61855	-12.537	-9.91848
BLOCK20/SES202/SA202S14	SES202	-3.37002	-13.4546	-10.0846
BLOCK20/SES202/SA202S24	SES202	-2.61553	-12.8808	-10.2652
BLOCK20/SES202/SA202S27	SES202	-2.66228	-12.2085	-9.54626
BLOCK20/SES202/SA202S29	SES202	-2.87665	-12.775	-9.89838
BLOCK20/SES206/SA206S15	SES206	-3.42171	-12.7609	-9.33919
BLOCK20/SES206/SA206S17	SES206	-3.39956	-14.5612	-11.1617
BLOCK20/SES206/SA206S24	SES206	-3.02033	-13.0535	-10.0331
BLOCK20/SES206/SA206S27	SES206	-2.69217	-14.1628	-11.4706
BLOCK20/SES206/SA206S29	SES206	-3.31896	-14.9257	-11.6067
BLOCK22/SES226/SA226S12	SES226	-1.96177	-12.5062	-10.5445
BLOCK22/SES226/SA226S13	SES226	-3.26945	-14.0546	-10.7852
BLOCK22/SES226/SA226S20	SES226	-3.3738	-14.0503	-10.6765
BLOCK22/SES226/SA226S23	SES226	-2.68552	-12.9098	-10.2243
BLOCK22/SES226/SA226S28	SES226	-2.58722	-12.7327	-10.1455
BLOCK25/SES259/SA259S13	SES259	-3.58647	-14.3747	-10.7883
BLOCK25/SES259/SA259S14	SES259	-3.49753	-13.5374	-10.0399
BLOCK25/SES259/SA259S22	SES259	-2.16229	-12.6572	-10.4949
BLOCK25/SES259/SA259S24	SES259	-2.65545	-13.4039	-10.7484
BLOCK25/SES259/SA259S28	SES259	-2.13833	-12.4556	-10.3172
BLOCK27/SES270/SA270S14	SES270	-1.00739	-11.891	-10.8837
BLOCK27/SES270/SA270S16	SES270	-1.16867	-10.7483	-9.57967
BLOCK27/SES270/SA270S22	SES270	-0.75029	-11.359	-10.6087
BLOCK27/SES270/SA270S26	SES270	-0.876021	-10.9548	-10.0788
BLOCK27/SES270/SA270S28	SES270	-0.721733	-10.7608	-10.0391
BLOCK27/SES275/SA275S17	SES275	-2.83526	-12.483	-9.64778
BLOCK27/SES275/SA275S18	SES275	-2.85209	-12.7351	-9.88301
BLOCK27/SES275/SA275S24	SES275	-2.38033	-12.3522	-9.97191
BLOCK27/SES275/SA275S26	SES275	-2.06621	-11.8736	-9.80738
BLOCK27/SES275/SA275S28	SES275	-2.82052	-12.7212	-9.90064
BLOCK29/SES292/SA292S10	SES292	-3.14481	-12.6254	-9.48055
BLOCK29/SES292/SA292S12	SES292	-1.95889	-13.4035	-11.4446
BLOCK29/SES292/SA292S22	SES292	-2.67126	-12.9909	-10.3196
BLOCK29/SES292/SA292S24	SES292	-2.40398	-12.8155	-10.4116
BLOCK29/SES292/SA292S27	SES292	-3.24139	-12.9162	-9.67482
BLOCK00/SES001/SA001S14	SES062	-2.58372	-13.035	-10.4513
BLOCK00/SES001/SA001S14	SES082	-2.12898	-12.5803	-10.4513
BLOCK00/SES001/SA001S14	SES106	-2.17772	-12.629	-10.4513
BLOCK00/SES001/SA001S14	SES206	-2.30151	-12.7528	-10.4513
BLOCK00/SES001/SA001S15	SES062	-2.0621	-11.3852	-9.32311
BLOCK00/SES001/SA001S15	SES104	-2.19884	-11.522	-9.32311
BLOCK00/SES001/SA001S15	SES106	-1.91412	-11.2372	-9.32311
BLOCK00/SES001/SA001S15	SES206	-2.53411	-11.8572	-9.32311
BLOCK00/SES001/SA001S24	SES062	-1.49242	-11.2356	-9.74317
BLOCK00/SES001/SA001S24	SES082	-1.51112	-11.2543	-9.74317
BLOCK00/SES001/SA001S24	SES087	-2.00331	-11.7465	-9.74317
BLOCK00/SES001/SA001S24	SES206	-1.80194	-11.5451	-9.74317
BLOCK00/SES001/SA001S27	SES062	-3.43261	-11.6625	-8.22992
BLOCK00/SES001/SA001S27	SES082	-3.22783	-11.4578	-8.22992
BLOCK00/SES001/SA001S27	SES087	-2.98606	-11.216	-8.22992
BLOCK00/SES001/SA001S27	SES206	-3.84155	-12.0715	-8.22992
BLOCK00/SES001/SA001S29	SES062	-2.28674	-12.2334	-9.94663
BLOCK00/SES001/SA001S29	SES082	-2.05448	-12.0011	-9.94663
BLOCK00/SES001/SA001S29	SES158	-2.47413	-12.4208	-9.94663
BLOCK00/SES001/SA001S29	SES206	-2.40293	-12.3496	-9.94663
BLOCK00/SES003/SA003S11	SES002	-2.28701	-11.8579	-9.57091
BLOCK00/SES003/SA003S11	SES019	-2.92683	-12.4977	-9.57091
BLOCK00/SES003/SA003S11	SES082	-2.21155	-11.7825	-9.57091
BLOCK00/SES003/SA003S11	SES125	-2.27534	-11.8462	-9.57091
BLOCK00/SES003/SA003S15	SES016	-3.40209	-12.9837	-9.58163
BLOCK00/SES003/SA003S15	SES019	-3.86796	-13.4496	-9.58163
BLOCK00/SES003/SA003S15	SES062	-2.63863	-12.2203	-9.58163
BLOCK00/SES003/SA003S15	SES206	-3.12939	-12.711	-9.58163
BLOCK00/SES003/SA003S22	SES002	-1.81903	-11.6181	-9.79905
BLOCK00/SES003/SA003S22	SES062	-1.50077	-11.2998	-9.79905
BLOCK00/SES003/SA003S22	SES082	-1.73537	-11.5344	-9.79905
BLOCK00/SES003/SA003S22	SES087	-1.77431	-11.5734	-9.79905
BLOCK00/SES003/SA003S25	SES062	-0.68508	-12.0374	-11.3524
BLOCK00/SES003/SA003S25	SES082	-1.41261	-12.765	-11.3524
BLOCK00/SES003/SA003S25	SES087	-1.18617	-12.5385	-11.3524
BLOCK00/SES003/SA003S25	SES206	-2.36854	-13.7209	-11.3524
BLOCK00/SES003/SA003S29	SES002	-2.26975	-12.0655	-9.7958
BLOCK00/SES003/SA003S29	SES062	-1.93836	-11.7342	-9.7958
BLOCK00/SES003/SA003S29	SES082	-2.05362	-11.8494	-9.7958
BLOCK00/SES003/SA003S29	SES087	-1.99812	-11.7939	-9.7958
BLOCK00/SES004/SA004S12	SES083	-2.54445	-11.6447	-9.10022
BLOCK00/SES004/SA004S12	SES148	-2.42238	-11.5226	-9.10022
BLOCK00/SES004/SA004S12	SES172	-2.36346	-11.4637	-9.10022
BLOCK00/SES004/SA004S12	SES292	-2.6788	-11.779	-9.10022
BLOCK00/SES004/SA004S17	SES083	-3.04499	-12.2407	-9.19573
BLOCK00/SES004/SA004S17	SES162	-3.12715	-12.3229	-9.19573
BLOCK00/SES004/SA004S17	SES172	-2.94268	-12.1384	-9.19573
BLOCK00/SES004/SA004S17	SES292	-3.1582	-12.3539	-9.19573
BLOCK00/SES004/SA004S24	SES083	-2.89482	-12.156	-9.26119
BLOCK00/SES004/SA004S24	SES148	-3.58979	-12.851	-9.26119
BLOCK00/SES004/SA004S24	SES172	-2.86308	-12.1243	-9.26119
BLOCK00/SES004/SA004S24	SES292	-3.03554	-12.2967	-9.26119
BLOCK00/SES004/SA004S26	SES083	-2.10596	-11.9161	-9.81009
BLOCK00/SES004/SA004S26	SES127	-1.75707	-11.5672	-9.81009
BLOCK00/SES004/SA004S26	SES148	-2.96746	-12.7776	-9.81009
BLOCK00/SES004/SA004S26	SES292	-2.55225	-12.3623	-9.81009
BLOCK00/SES004/SA004S28	SES083	-2.7929	-12.0138	-9.22087
BLOCK00/SES004/SA004S28	SES127	-1.889	-11.1099	-9.22087
BLOCK00/SES004/SA004S28	SES187	-2.48197	-11.7028	-9.22087
BLOCK00/SES004/SA004S28	SES292	-2.65524	-11.8761	-9.22087
BLOCK00/SES006/SA006S10	SES014	-1.25469	-12.617	-11.3623
BLOCK00/SES006/SA006S10	SES158	-1.25128	-12.6136	-11.3623
BLOCK00/SES006/SA006S10	SES226	-1.14179	-12.5041	-11.3623
BLOCK00/SES006/SA006S10	SES270	-0.98701	-12.3493	-11.3623
BLOCK00/SES006/SA006S11	SES158	-1.49424	-12.7025	-11.2082
BLOCK00/SES006/SA006S11	SES226	-1.08934	-12.2976	-11.2082
BLOCK00/SES006/SA006S11	SES270	-0.863951	-12.0722	-11.2082
BLOCK00/SES006/SA006S11	SES275	-1.44696	-12.6552	-11.2082
BLOCK00/SES006/SA006S23	SES062	-2.83163	-14.5136	-11.682
BLOCK00/SES006/SA006S23	SES105	-3.04314	-14.7251	-11.682
BLOCK00/SES006/SA006S23	SES158	-2.26517	-13.9471	-11.682
BLOCK00/SES006/SA006S23	SES275	-2.62158	-14.3035	-11.682
BLOCK00/SES006/SA006S26	SES104	-1.51783	-12.659	-11.1411
BLOCK00/SES006/SA006S26	SES158	-1.55174	-12.6929	-11.1411
BLOCK00/SES006/SA006S26	SES270	-1.35743	-12.4986	-11.1411
BLOCK00/SES006/SA006S26	SES275	-1.63978	-12.7809	-11.1411
BLOCK00/SES006/SA006S28	SES007	-2.02264	-13.4295	-11.4069
BLOCK00/SES006/SA006S28	SES105	-1.736	-13.1429	-11.4069
BLOCK00/SES006/SA006S28	SES158	-1.64901	-13.0559	-11.4069
BLOCK00/SES006/SA006S28	SES275	-1.70901	-13.1159	-11.4069
BLOCK00/SES009/SA009S12	SES083	-3.91518	-14.4375	-10.5223
BLOCK00/SES009/SA009S12	SES148	-6.20272	-16.7251	-10.5223
BLOCK00/SES009/SA009S12	SES177	-3.35565	-13.878	-10.5223
BLOCK00/SES009/SA009S12	SES292	-3.89274	-14.4151	-10.5223
BLOCK00/SES009/SA009S15	SES007	-3.20731	-13.0145	-9.80715
BLOCK00/SES009/SA009S15	SES099	-4.54904	-14.3562	-9.80715
BLOCK00/SES009/SA009S15	SES148	-5.78209	-15.5892	-9.80715
BLOCK00/SES009/SA009S15	SES172	-3.78473	-13.5919	-9.80715
BLOCK00/SES009/SA009S24	SES146	-2.80343	-13.2775	-10.4741
BLOCK00/SES009/SA009S24	SES148	-5.11776	-15.5918	-10.4741
BLOCK00/SES009/SA009S24	SES177	-2.89363	-13.3677	-10.4741
BLOCK00/SES009/SA009S24	SES292	-3.30028	-13.7743	-10.4741
BLOCK00/SES009/SA009S26	SES083	-3.36142	-13.219	-9.85762
BLOCK00/SES009/SA009S26	SES101	-3.57279	-13.4304	-9.85762
BLOCK00/SES009/SA009S26	SES120	-3.39419	-13.2518	-9.85762
BLOCK00/SES009/SA009S26	SES177	-3.18567	-13.0433	-9.85762
BLOCK00/SES009/SA009S29	SES083	-3.3683	-13.1626	-9.79429
BLOCK00/SES009/SA009S29	SES101	-3.51129	-13.3056	-9.79429
BLOCK00/SES009/SA009S29	SES177	-3.18099	-12.9753	-9.79429
BLOCK00/SES009/SA009S29	SES292	-3.31954	-13.1138	-9.79429
BLOCK01/SES011/SA011S10	SES019	-5.04706	-17.0439	-11.9968
BLOCK01/SES011/SA011S10	SES042	-2.94348	-14.9403	-11.9968
BLOCK01/SES011/SA011S10	SES082	-5.19921	-17.196	-11.9968
BLOCK01/SES011/SA011S10	SES206	-3.95773	-15.9545	-11.9968
BLOCK01/SES011/SA011S11	SES019	-3.51385	-13.7167	-10.2028
BLOCK01/SES011/SA011S11	SES042	-2.63973	-12.8425	-10.2028
BLOCK01/SES011/SA011S11	SES082	-3.24989	-13.4527	-10.2028
BLOCK01/SES011/SA011S11	SES206	-3.07837	-13.2812	-10.2028
BLOCK01/SES011/SA011S22	SES019	-3.19382	-14.3147	-11.1208
BLOCK01/SES011/SA011S22	SES042	-2.49486	-13.6157	-11.1208
BLOCK01/SES011/SA011S22	SES082	-3.4505	-14.5713	-11.1208
BLOCK01/SES011/SA011S22	SES206	-3.06092	-14.1818	-11.1208
BLOCK01/SES011/SA011S24	SES019	-4.57741	-15.1357	-10.5583
BLOCK01/SES011/SA011S24	SES042	-2.98127	-13.5396	-10.5583
BLOCK01/SES011/SA011S24	SES104	-3.92087	-14.4792	-10.5583
BLOCK01/SES011/SA011S24	SES206	-3.40077	-13.9591	-10.5583
BLOCK01/SES011/SA011S27	SES082	-2.45457	-12.567	-10.1124
BLOCK01/SES011/SA011S27	SES087	-3.38228	-13.4947	-10.1124
BLOCK01/SES011/SA011S27	SES125	-2.44202	-12.5544	-10.1124
BLOCK01/SES011/SA011S27	SES206	-2.72196	-12.8344	-10.1124
BLOCK01/SES012/SA012S11	SES007	-3.69683	-13.1664	-9.46953
BLOCK01/SES012/SA012S11	SES082	-3.58656	-13.0561	-9.46953
BLOCK01/SES012/SA012S11	SES083	-4.01411	-13.4836	-9.46953
BLOCK01/SES012/SA012S11	SES206	-3.52165	-12.9912	-9.46953
BLOCK01/SES012/SA012S14	SES082	-3.90756	-14.7754	-10.8678
BLOCK01/SES012/SA012S14	SES087	-5.62688	-16.4947	-10.8678
BLOCK01/SES012/SA012S14	SES206	-3.43095	-14.2988	-10.8678
BLOCK01/SES012/SA012S14	SES292	-4.49541	-15.3632	-10.8678
BLOCK01/SES012/SA012S24	SES082	-2.63869	-13.5876	-10.9489
BLOCK01/SES012/SA012S24	SES087	-3.77701	-14.7259	-10.9489
BLOCK01/SES012/SA012S24	SES120	-2.86355	-13.8124	-10.9489
BLOCK01/SES012/SA012S24	SES206	-2.51411	-13.463	-10.9489
BLOCK01/SES012/SA012S26	SES019	-4.87543	-17.1494	-12.274
BLOCK01/SES012/SA012S26	SES082	-3.72444	-15.9984	-12.274
BLOCK01/SES012/SA012S26	SES206	-2.84971	-15.1237	-12.274
BLOCK01/SES012/SA012S26	SES292	-4.31983	-16.5938	-12.274
BLOCK01/SES012/SA012S29	SES062	-3.2998	-12.5616	-9.26176
BLOCK01/SES012/SA012S29	SES082	-3.01251	-12.2743	-9.26176
BLOCK01/SES012/SA012S29	SES083	-3.43349	-12.6952	-9.26176
BLOCK01/SES012/SA012S29	SES206	-3.12127	-12.383	-9.26176
BLOCK01/SES013/SA013S16	SES062	-3.48723	-15.2376	-11.7504
BLOCK01/SES013/SA013S16	SES106	-3.02222	-14.7726	-11.7504
BLOCK01/SES013/SA013S16	SES206	-3.44302	-15.1934	-11.7504
BLOCK01/SES013/SA013S16	SES226	-3.13008	-14.8804	-11.7504
BLOCK01/SES013/SA013S17	SES062	-2.71938	-13.0767	-10.3573
BLOCK01/SES013/SA013S17	SES106	-2.4149	-12.7722	-10.3573
BLOCK01/SES013/SA013S17	SES206	-3.33946	-13.6968	-10.3573
BLOCK01/SES013/SA013S17	SES226	-2.44853	-12.8059	-10.3573
BLOCK01/SES013/SA013S23	SES104	-3.69728	-15.1621	-11.4649
BLOCK01/SES013/SA013S23	SES106	-3.4604	-14.9253	-11.4649
BLOCK01/SES013/SA013S23	SES206	-3.91537	-15.3802	-11.4649
BLOCK01/SES013/SA013S23	SES270	-4.93603	-16.4009	-11.4649
BLOCK01/SES013/SA013S25	SES042	-3.67214	-14.3293	-10.6571
BLOCK01/SES013/SA013S25	SES104	-2.06837	-12.7255	-10.6571
BLOCK01/SES013/SA013S25	SES106	-1.8832	-12.5403	-10.6571
BLOCK01/SES013/SA013S25	SES206	-2.97975	-13.6369	-10.6571
BLOCK01/SES013/SA013S29	SES062	-2.30605	-13.2464	-10.9404
BLOCK01/SES013/SA013S29	SES104	-2.1978	-13.1382	-10.9404
BLOCK01/SES013/SA013S29	SES106	-1.75827	-12.6986	-10.9404
BLOCK01/SES013/SA013S29	SES206	-2.92478	-13.8651	-10.9404
BLOCK02/SES021/SA021S13	SES016	-3.14521	-13.531	-10.3858
BLOCK02/SES021/SA021S13	SES029	-3.43111	-13.8169	-10.3858
BLOCK02/SES021/SA021S13	SES087	-5.41797	-15.8038	-10.3858
BLOCK02/SES021/SA021S13	SES206	-3.49906	-13.8849	-10.3858
BLOCK02/SES021/SA021S15	SES087	-4.74841	-14.576	-9.82758
BLOCK02/SES021/SA021S15	SES125	-3.38859	-13.2162	-9.82758
BLOCK02/SES021/SA021S15	SES206	-3.52156	-13.3491	-9.82758
BLOCK02/SES021/SA021S15	SES226	-3.81381	-13.6414	-9.82758
BLOCK02/SES021/SA021S23	SES062	-3.56352	-14.6907	-11.1272
BLOCK02/SES021/SA021S23	SES087	-3.62671	-14.7539	-11.1272
BLOCK02/SES021/SA021S23	SES206	-2.89472	-14.0219	-11.1272
BLOCK02/SES021/SA021S23	SES226	-3.19553	-14.3227	-11.1272
BLOCK02/SES021/SA021S27	SES002	-3.23622	-13.4334	-10.1972
BLOCK02/SES021/SA021S27	SES016	-4.35613	-14.5534	-10.1972
BLOCK02/SES021/SA021S27	SES019	-3.82565	-14.0229	-10.1972
BLOCK02/SES021/SA021S27	SES062	-3.2616	-13.4588	-10.1972
BLOCK02/SES021/SA021S29	SES087	-3.92728	-15.6545	-11.7272
BLOCK02/SES021/SA021S29	SES125	-2.90629	-14.6335	-11.7272
BLOCK02/SES021/SA021S29	SES206	-2.70641	-14.4336	-11.7272
BLOCK02/SES021/SA021S29	SES226	-3.37915	-15.1064	-11.7272
BLOCK04/SES043/SA043S09	SES083	-1.68361	-12.1721	-10.4885
BLOCK04/SES043/SA043S09	SES101	-1.85541	-12.3439	-10.4885
BLOCK04/SES043/SA043S09	SES144	-1.69904	-12.1876	-10.4885
BLOCK04/SES043/SA043S09	SES172	-1.88316	-12.3717	-10.4885
BLOCK04/SES043/SA043S11	SES083	-2.01949	-11.5144	-9.49496
BLOCK04/SES043/SA043S11	SES101	-1.90549	-11.4004	-9.49496
BLOCK04/SES043/SA043S11	SES144	-1.69226	-11.1872	-9.49496
BLOCK04/SES043/SA043S11	SES172	-2.05622	-11.5512	-9.49496
BLOCK04/SES043/SA043S23	SES083	-2.25446	-12.0603	-9.80585
BLOCK04/SES043/SA043S23	SES144	-2.00021	-11.8061	-9.80585
BLOCK04/SES043/SA043S23	SES177	-2.55521	-12.3611	-9.80585
BLOCK04/SES043/SA043S23	SES275	-2.2304	-12.0363	-9.80585
BLOCK04/SES043/SA043S26	SES083	-1.59674	-12.3477	-10.751
BLOCK04/SES043/SA043S26	SES101	-1.74805	-12.4991	-10.751
BLOCK04/SES043/SA043S26	SES144	-1.63086	-12.3819	-10.751
BLOCK04/SES043/SA043S26	SES177	-1.86016	-12.6112	-10.751
BLOCK04/SES043/SA043S28	SES016	-3.21279	-13.122	-9.90923
BLOCK04/SES043/SA043S28	SES083	-3.00538	-12.9146	-9.90923
BLOCK04/SES043/SA043S28	SES101	-3.2454	-13.1546	-9.90923
BLOCK04/SES043/SA043S28	SES144	-3.22482	-13.134	-9.90923
BLOCK04/SES044/SA044S10	SES127	-1.25829	-12.1731	-10.9148
BLOCK04/SES044/SA044S10	SES144	-0.814569	-11.7294	-10.9148
BLOCK04/SES044/SA044S10	SES147	-1.30955	-12.2244	-10.9148
BLOCK04/SES044/SA044S10	SES148	-0.993536	-11.9083	-10.9148
BLOCK04/SES044/SA044S11	SES101	-2.09192	-12.2108	-10.1189
BLOCK04/SES044/SA044S11	SES144	-2.10456	-12.2234	-10.1189
BLOCK04/SES044/SA044S11	SES147	-2.37687	-12.4957	-10.1189
BLOCK04/SES044/SA044S11	SES177	-2.5473	-12.6662	-10.1189
BLOCK04/SES044/SA044S24	SES007	-2.67568	-12.943	-10.2674
BLOCK04/SES044/SA044S24	SES101	-2.05694	-12.3243	-10.2674
BLOCK04/SES044/SA044S24	SES147	-2.28465	-12.552	-10.2674
BLOCK04/SES044/SA044S24	SES177	-2.38942	-12.6568	-10.2674
BLOCK04/SES044/SA044S26	SES007	-2.90684	-12.6517	-9.74487
BLOCK04/SES044/SA044S26	SES016	-2.78936	-12.5342	-9.74487
BLOCK04/SES044/SA044S26	SES101	-2.06121	-11.8061	-9.74487
BLOCK04/SES044/SA044S26	SES147	-2.15153	-11.8964	-9.74487
BLOCK04/SES044/SA044S29	SES007	-3.62248	-13.5803	-9.95786
BLOCK04/SES044/SA044S29	SES101	-3.17143	-13.1293	-9.95786
BLOCK04/SES044/SA044S29	SES147	-3.27157	-13.2294	-9.95786
BLOCK04/SES044/SA044S29	SES177	-3.40886	-13.3667	-9.95786
BLOCK04/SES046/SA046S13	SES101	-1.57811	-12.3833	-10.8052
BLOCK04/SES046/SA046S13	SES144	-1.53929	-12.3445	-10.8052
BLOCK04/SES046/SA046S13	SES147	-1.75735	-12.5625	-10.8052
BLOCK04/SES046/SA046S13	SES177	-1.82868	-12.6339	-10.8052
BLOCK04/SES046/SA046S15	SES048	-2.79661	-12.3977	-9.60113
BLOCK04/SES046/SA046S15	SES083	-2.42822	-12.0294	-9.60113
BLOCK04/SES046/SA046S15	SES120	-3.27363	-12.8748	-9.60113
BLOCK04/SES046/SA046S15	SES148	-2.78193	-12.3831	-9.60113
BLOCK04/SES046/SA046S22	SES101	-1.29992	-11.7578	-10.4579
BLOCK04/SES046/SA046S22	SES144	-1.19412	-11.652	-10.4579
BLOCK04/SES046/SA046S22	SES147	-1.38531	-11.8432	-10.4579
BLOCK04/SES046/SA046S22	SES172	-1.49207	-11.95	-10.4579
BLOCK04/SES046/SA046S25	SES083	-1.96611	-11.345	-9.37891
BLOCK04/SES046/SA046S25	SES127	-2.19279	-11.5717	-9.37891
BLOCK04/SES046/SA046S25	SES144	-1.41535	-10.7943	-9.37891
BLOCK04/SES046/SA046S25	SES148	-1.50045	-10.8794	-9.37891
BLOCK04/SES046/SA046S28	SES007	-2.71515	-12.2667	-9.55154
BLOCK04/SES046/SA046S28	SES105	-2.16878	-11.7203	-9.55154
BLOCK04/SES046/SA046S28	SES147	-2.15543	-11.707	-9.55154
BLOCK04/SES046/SA046S28	SES148	-2.45783	-12.0094	-9.55154
BLOCK04/SES049/SA049S16	SES104	-1.876	-13.6697	-11.7937
BLOCK04/SES049/SA049S16	SES106	-1.67164	-13.4653	-11.7937
BLOCK04/SES049/SA049S16	SES120	-2.60713	-14.4008	-11.7937
BLOCK04/SES049/SA049S16	SES206	-2.62262	-14.4163	-11.7937
BLOCK04/SES049/SA049S18	SES099	-1.68131	-12.5031	-10.8218
BLOCK04/SES049/SA049S18	SES104	-1.74849	-12.5703	-10.8218
BLOCK04/SES049/SA049S18	SES125	-1.57252	-12.3943	-10.8218
BLOCK04/SES049/SA049S18	SES206	-2.05256	-12.8743	-10.8218
BLOCK04/SES049/SA049S25	SES087	-2.38137	-14.4087	-12.0273
BLOCK04/SES049/SA049S25	SES104	-1.92687	-13.9542	-12.0273
BLOCK04/SES049/SA049S25	SES125	-2.0768	-14.1041	-12.0273
BLOCK04/SES049/SA049S25	SES206	-2.5335	-14.5608	-12.0273
BLOCK04/SES049/SA049S27	SES099	-4.30786	-14.3666	-10.0587
BLOCK04/SES049/SA049S27	SES104	-3.02766	-13.0864	-10.0587
BLOCK04/SES049/SA049S27	SES125	-3.40606	-13.4648	-10.0587
BLOCK04/SES049/SA049S27	SES206	-4.06012	-14.1189	-10.0587
BLOCK04/SES049/SA049S29	SES099	-3.99027	-13.9901	-9.99979
BLOCK04/SES049/SA049S29	SES104	-2.44538	-12.4452	-9.99979
BLOCK04/SES049/SA049S29	SES125	-2.73044	-12.7302	-9.99979
BLOCK04/SES049/SA049S29	SES206	-3.64523	-13.645	-9.99979
BLOCK06/SES063/SA063S09	SES068	-2.51675	-13.5582	-11.0414
BLOCK06/SES063/SA063S09	SES083	-2.34074	-13.3822	-11.0414
BLOCK06/SES063/SA063S09	SES177	-2.36714	-13.4086	-11.0414
BLOCK06/SES063/SA063S09	SES187	-2.29041	-13.3318	-11.0414
BLOCK06/SES063/SA063S10	SES068	-2.42973	-12.9621	-10.5324
BLOCK06/SES063/SA063S10	SES083	-2.54943	-13.0818	-10.5324
BLOCK06/SES063/SA063S10	SES172	-2.48172	-13.0141	-10.5324
BLOCK06/SES063/SA063S10	SES187	-2.56511	-13.0975	-10.5324
BLOCK06/SES063/SA063S20	SES068	-1.99253	-13.1873	-11.1948
BLOCK06/SES063/SA063S20	SES083	-1.81498	-13.0098	-11.1948
BLOCK06/SES063/SA063S20	SES172	-1.84817	-13.043	-11.1948
BLOCK06/SES063/SA063S20	SES187	-1.99565	-13.1905	-11.1948
BLOCK06/SES063/SA063S24	SES029	-2.27223	-13.4168	-11.1446
BLOCK06/SES063/SA063S24	SES083	-1.71205	-12.8567	-11.1446
BLOCK06/SES063/SA063S24	SES177	-1.96453	-13.1091	-11.1446
BLOCK06/SES063/SA063S24	SES189	-1.93625	-13.0809	-11.1446
BLOCK06/SES063/SA063S27	SES083	-1.41757	-12.2114	-10.7938
BLOCK06/SES063/SA063S27	SES172	-1.56133	-12.3551	-10.7938
BLOCK06/SES063/SA063S27	SES187	-1.70059	-12.4944	-10.7938
BLOCK06/SES063/SA063S27	SES292	-1.84434	-12.6381	-10.7938
BLOCK06/SES067/SA067S12	SES083	-2.58275	-11.6933	-9.11055
BLOCK06/SES067/SA067S12	SES172	-2.46436	-11.5749	-9.11055
BLOCK06/SES067/SA067S12	SES202	-2.572	-11.6825	-9.11055
BLOCK06/SES067/SA067S12	SES292	-2.60028	-11.7108	-9.11055
BLOCK06/SES067/SA067S14	SES085	-2.85353	-10.8352	-7.98164
BLOCK06/SES067/SA067S14	SES177	-3.40854	-11.3902	-7.98164
BLOCK06/SES067/SA067S14	SES183	-2.66427	-10.6459	-7.98164
BLOCK06/SES067/SA067S14	SES202	-2.9222	-10.9038	-7.98164
BLOCK06/SES067/SA067S21	SES144	-3.45401	-13.8959	-10.4419
BLOCK06/SES067/SA067S21	SES177	-2.91537	-13.3573	-10.4419
BLOCK06/SES067/SA067S21	SES183	-3.35802	-13.8	-10.4419
BLOCK06/SES067/SA067S21	SES189	-2.92279	-13.3647	-10.4419
BLOCK06/SES067/SA067S25	SES085	-4.17705	-14.0276	-9.8505
BLOCK06/SES067/SA067S25	SES177	-3.45854	-13.309	-9.8505
BLOCK06/SES067/SA067S25	SES183	-3.78366	-13.6342	-9.8505
BLOCK06/SES067/SA067S25	SES202	-3.81982	-13.6703	-9.8505
BLOCK06/SES067/SA067S29	SES085	-2.53987	-12.5561	-10.0163
BLOCK06/SES067/SA067S29	SES177	-2.50804	-12.5243	-10.0163
BLOCK06/SES067/SA067S29	SES183	-2.4173	-12.4336	-10.0163
BLOCK06/SES067/SA067S29	SES202	-2.30219	-12.3185	-10.0163
BLOCK06/SES069/SA069S12	SES029	-2.89036	-13.001	-10.1107
BLOCK06/SES069/SA069S12	SES082	-2.58978	-12.7005	-10.1107
BLOCK06/SES069/SA069S12	SES087	-2.88008	-12.9908	-10.1107
BLOCK06/SES069/SA069S12	SES206	-2.99957	-13.1102	-10.1107
BLOCK06/SES069/SA069S13	SES029	-2.55298	-12.5502	-9.99723
BLOCK06/SES069/SA069S13	SES087	-2.16665	-12.1639	-9.99723
BLOCK06/SES069/SA069S13	SES206	-3.12946	-13.1267	-9.99723
BLOCK06/SES069/SA069S13	SES226	-2.0486	-12.0458	-9.99723
BLOCK06/SES069/SA069S23	SES029	-2.56344	-11.5486	-8.98512
BLOCK06/SES069/SA069S23	SES087	-1.77595	-10.7611	-8.98512
BLOCK06/SES069/SA069S23	SES206	-3.07246	-12.0576	-8.98512
BLOCK06/SES069/SA069S23	SES226	-2.07479	-11.0599	-8.98512
BLOCK06/SES069/SA069S25	SES087	-2.95331	-12.7333	-9.77998
BLOCK06/SES069/SA069S25	SES206	-3.18708	-12.9671	-9.77998
BLOCK06/SES069/SA069S25	SES226	-2.01939	-11.7994	-9.77998
BLOCK06/SES069/SA069S25	SES270	-2.51596	-12.2959	-9.77998
BLOCK06/SES069/SA069S27	SES087	-2.94915	-13.5798	-10.6306
BLOCK06/SES069/SA069S27	SES206	-2.53841	-13.169	-10.6306
BLOCK06/SES069/SA069S27	SES226	-2.21716	-12.8478	-10.6306
BLOCK06/SES069/SA069S27	SES270	-3.26132	-13.8919	-10.6306
BLOCK08/SES081/SA081S11	SES060	-3.31482	-13.6384	-10.3236
BLOCK08/SES081/SA081S11	SES062	-2.55292	-12.8765	-10.3236
BLOCK08/SES081/SA081S11	SES117	-3.3896	-13.7132	-10.3236
BLOCK08/SES081/SA081S11	SES162	-3.10949	-13.4331	-10.3236
BLOCK08/SES081/SA081S13	SES016	-3.62417	-12.9162	-9.29207
BLOCK08/SES081/SA081S13	SES060	-3.49199	-12.7841	-9.29207
BLOCK08/SES081/SA081S13	SES068	-3.33199	-12.6241	-9.29207
BLOCK08/SES081/SA081S13	SES129	-4.11334	-13.4054	-9.29207
BLOCK08/SES081/SA081S24	SES060	-3.747	-13.595	-9.84799
BLOCK08/SES081/SA081S24	SES068	-3.68193	-13.5299	-9.84799
BLOCK08/SES081/SA081S24	SES117	-3.85634	-13.7043	-9.84799
BLOCK08/SES081/SA081S24	SES275	-3.94403	-13.792	-9.84799
BLOCK08/SES081/SA081S27	SES007	-3.42996	-15.1988	-11.7688
BLOCK08/SES081/SA081S27	SES060	-3.43774	-15.2065	-11.7688
BLOCK08/SES081/SA081S27	SES117	-3.9648	-15.7336	-11.7688
BLOCK08/SES081/SA081S27	SES275	-5.12324	-16.892	-11.7688
BLOCK08/SES081/SA081S29	SES007	-3.63733	-15.0763	-11.439
BLOCK08/SES081/SA081S29	SES060	-3.24629	-14.6853	-11.439
BLOCK08/SES081/SA081S29	SES117	-3.73497	-15.174	-11.439
BLOCK08/SES081/SA081S29	SES275	-5.84149	-17.2805	-11.439
BLOCK08/SES086/SA086S11	SES029	-2.22962	-14.2738	-12.0442
BLOCK08/SES086/SA086S11	SES082	-1.47199	-13.5162	-12.0442
BLOCK08/SES086/SA086S11	SES087	-1.03621	-13.0804	-12.0442
BLOCK08/SES086/SA086S11	SES206	-1.50289	-13.5471	-12.0442
BLOCK08/SES086/SA086S12	SES029	-2.71664	-14.1945	-11.4779
BLOCK08/SES086/SA086S12	SES082	-2.01777	-13.4957	-11.4779
BLOCK08/SES086/SA086S12	SES087	-1.69188	-13.1698	-11.4779
BLOCK08/SES086/SA086S12	SES206	-1.83961	-13.3175	-11.4779
BLOCK08/SES086/SA086S20	SES029	-2.92709	-13.969	-11.0419
BLOCK08/SES086/SA086S20	SES082	-2.25426	-13.2962	-11.0419
BLOCK08/SES086/SA086S20	SES087	-2.09183	-13.1338	-11.0419
BLOCK08/SES086/SA086S20	SES206	-2.16645	-13.2084	-11.0419
BLOCK08/SES086/SA086S24	SES087	-2.38647	-14.7052	-12.3187
BLOCK08/SES086/SA086S24	SES104	-2.24195	-14.5606	-12.3187
BLOCK08/SES086/SA086S24	SES120	-2.41028	-14.729	-12.3187
BLOCK08/SES086/SA086S24	SES206	-1.77004	-14.0887	-12.3187
BLOCK08/SES086/SA086S28	SES029	-3.3041	-13.822	-10.5179
BLOCK08/SES086/SA086S28	SES082	-2.63243	-13.1504	-10.5179
BLOCK08/SES086/SA086S28	SES087	-1.65312	-12.1711	-10.5179
BLOCK08/SES086/SA086S28	SES206	-2.65816	-13.1761	-10.5179
BLOCK08/SES089/SA089S13	SES087	-0.896032	-12.1425	-11.2465
BLOCK08/SES089/SA089S13	SES206	-1.60944	-12.8559	-11.2465
BLOCK08/SES089/SA089S13	SES226	-0.791707	-12.0382	-11.2465
BLOCK08/SES089/SA089S13	SES270	-1.14049	-12.387	-11.2465
BLOCK08/SES089/SA089S14	SES062	-2.73612	-12.8034	-10.0673
BLOCK08/SES089/SA089S14	SES087	-1.91166	-11.979	-10.0673
BLOCK08/SES089/SA089S14	SES206	-2.67865	-12.746	-10.0673
BLOCK08/SES089/SA089S14	SES226	-2.41997	-12.4873	-10.0673
BLOCK08/SES089/SA089S23	SES087	-0.727515	-12.8448	-12.1172
BLOCK08/SES089/SA089S23	SES206	-1.56237	-13.6796	-12.1172
BLOCK08/SES089/SA089S23	SES226	-0.705529	-12.8228	-12.1172
BLOCK08/SES089/SA089S23	SES270	-1.0226	-13.1398	-12.1172
BLOCK08/SES089/SA089S25	SES062	-1.48589	-12.2375	-10.7516
BLOCK08/SES089/SA089S25	SES087	-1.19289	-11.9445	-10.7516
BLOCK08/SES089/SA089S25	SES206	-2.05265	-12.8042	-10.7516
BLOCK08/SES089/SA089S25	SES226	-1.16671	-11.9183	-10.7516
BLOCK08/SES089/SA089S28	SES062	-1.80437	-12.8896	-11.0852
BLOCK08/SES089/SA089S28	SES087	-1.12113	-12.2063	-11.0852
BLOCK08/SES089/SA089S28	SES206	-2.34325	-13.4285	-11.0852
BLOCK08/SES089/SA089S28	SES226	-1.28309	-12.3683	-11.0852
BLOCK09/SES097/SA097S11	SES099	-3.3585	-14.2712	-10.9127
BLOCK09/SES097/SA097S11	SES125	-2.17866	-13.0914	-10.9127
BLOCK09/SES097/SA097S11	SES206	-3.10116	-14.0139	-10.9127
BLOCK09/SES097/SA097S11	SES226	-1.24766	-12.1604	-10.9127
BLOCK09/SES097/SA097S14	SES062	-2.61588	-13.1741	-10.5583
BLOCK09/SES097/SA097S14	SES099	-3.88502	-14.4433	-10.5583
BLOCK09/SES097/SA097S14	SES104	-2.59557	-13.1538	-10.5583
BLOCK09/SES097/SA097S14	SES206	-3.56575	-14.124	-10.5583
BLOCK09/SES097/SA097S22	SES099	-3.18485	-13.9445	-10.7597
BLOCK09/SES097/SA097S22	SES206	-2.82729	-13.587	-10.7597
BLOCK09/SES097/SA097S22	SES226	-1.77288	-12.5325	-10.7597
BLOCK09/SES097/SA097S22	SES270	-2.52619	-13.2859	-10.7597
BLOCK09/SES097/SA097S26	SES099	-2.84998	-14.6569	-11.8069
BLOCK09/SES097/SA097S26	SES120	-2.54094	-14.3478	-11.8069
BLOCK09/SES097/SA097S26	SES206	-2.54826	-14.3551	-11.8069
BLOCK09/SES097/SA097S26	SES226	-1.30818	-13.1151	-11.8069
BLOCK09/SES097/SA097S28	SES099	-2.87185	-12.8781	-10.0063
BLOCK09/SES097/SA097S28	SES120	-3.4738	-13.4801	-10.0063
BLOCK09/SES097/SA097S28	SES206	-2.88448	-12.8908	-10.0063
BLOCK09/SES097/SA097S28	SES226	-1.95109	-11.9574	-10.0063
BLOCK09/SES098/SA098S11	SES127	-3.79295	-13.4871	-9.69414
BLOCK09/SES098/SA098S11	SES144	-3.85665	-13.5508	-9.69414
BLOCK09/SES098/SA098S11	SES147	-3.44272	-13.1369	-9.69414
BLOCK09/SES098/SA098S11	SES148	-5.63745	-15.3316	-9.69414
BLOCK09/SES098/SA098S12	SES127	-4.71741	-16.1884	-11.471
BLOCK09/SES098/SA098S12	SES144	-5.19253	-16.6635	-11.471
BLOCK09/SES098/SA098S12	SES147	-4.2983	-15.7693	-11.471
BLOCK09/SES098/SA098S12	SES189	-4.09674	-15.5677	-11.471
BLOCK09/SES098/SA098S20	SES127	-7.47881	-18.8523	-11.3735
BLOCK09/SES098/SA098S20	SES147	-6.4559	-17.8294	-11.3735
BLOCK09/SES098/SA098S20	SES148	-10.7685	-22.1419	-11.3735
BLOCK09/SES098/SA098S20	SES292	-5.9686	-17.3421	-11.3735
BLOCK09/SES098/SA098S23	SES127	-4.64028	-15.0515	-10.4112
BLOCK09/SES098/SA098S23	SES147	-4.17648	-14.5877	-10.4112
BLOCK09/SES098/SA098S23	SES187	-3.87297	-14.2842	-10.4112
BLOCK09/SES098/SA098S23	SES292	-4.26846	-14.6796	-10.4112
BLOCK09/SES098/SA098S27	SES127	-4.0342	-14.7747	-10.7405
BLOCK09/SES098/SA098S27	SES147	-3.62006	-14.3606	-10.7405
BLOCK09/SES098/SA098S27	SES148	-5.2356	-15.9761	-10.7405
BLOCK09/SES098/SA098S27	SES292	-3.2659	-14.0064	-10.7405
BLOCK10/SES102/SA102S13	SES101	-3.22792	-14.6607	-11.4328
BLOCK10/SES102/SA102S13	SES105	-2.71702	-14.1498	-11.4328
BLOCK10/SES102/SA102S13	SES120	-2.82348	-14.2563	-11.4328
BLOCK10/SES102/SA102S13	SES158	-2.405	-13.8378	-11.4328
BLOCK10/SES102/SA102S14	SES007	-4.39546	-13.9993	-9.60387
BLOCK10/SES102/SA102S14	SES101	-5.10177	-14.7056	-9.60387
BLOCK10/SES102/SA102S14	SES105	-5.76159	-15.3655	-9.60387
BLOCK10/SES102/SA102S14	SES147	-4.92457	-14.5284	-9.60387
BLOCK10/SES102/SA102S22	SES007	-3.56697	-13.3844	-9.81739
BLOCK10/SES102/SA102S22	SES101	-3.79254	-13.6099	-9.81739
BLOCK10/SES102/SA102S22	SES105	-3.4775	-13.2949	-9.81739
BLOCK10/SES102/SA102S22	SES158	-3.64643	-13.4638	-9.81739
BLOCK10/SES102/SA102S25	SES007	-2.99205	-13.0749	-10.0828
BLOCK10/SES102/SA102S25	SES101	-3.04887	-13.1317	-10.0828
BLOCK10/SES102/SA102S25	SES105	-3.38897	-13.4718	-10.0828
BLOCK10/SES102/SA102S25	SES147	-3.1202	-13.203	-10.0828
BLOCK10/SES102/SA102S27	SES007	-3.28151	-13.2712	-9.98968
BLOCK10/SES102/SA102S27	SES101	-2.79633	-12.786	-9.98968
BLOCK10/SES102/SA102S27	SES105	-3.35707	-13.3467	-9.98968
BLOCK10/SES102/SA102S27	SES147	-3.06506	-13.0547	-9.98968
BLOCK10/SES103/SA103S14	SES105	-3.46643	-15.0301	-11.5637
BLOCK10/SES103/SA103S14	SES106	-3.38802	-14.9517	-11.5637
BLOCK10/SES103/SA103S14	SES120	-2.9384	-14.5021	-11.5637
BLOCK10/SES103/SA103S14	SES206	-2.76136	-14.3251	-11.5637
BLOCK10/SES103/SA103S15	SES099	-1.67284	-13.3893	-11.7165
BLOCK10/SES103/SA103S15	SES101	-1.65889	-13.3754	-11.7165
BLOCK10/SES103/SA103S15	SES104	-1.64233	-13.3588	-11.7165
BLOCK10/SES103/SA103S15	SES125	-1.38353	-13.1	-11.7165
BLOCK10/SES103/SA103S24	SES104	-2.24435	-13.5901	-11.3458
BLOCK10/SES103/SA103S24	SES125	-2.16903	-13.5148	-11.3458
BLOCK10/SES103/SA103S24	SES148	-2.38103	-13.7268	-11.3458
BLOCK10/SES103/SA103S24	SES158	-2.28266	-13.6284	-11.3458
BLOCK10/SES103/SA103S26	SES104	-2.2902	-13.1018	-10.8116
BLOCK10/SES103/SA103S26	SES106	-2.09093	-12.9025	-10.8116
BLOCK10/SES103/SA103S26	SES125	-2.1431	-12.9547	-10.8116
BLOCK10/SES103/SA103S26	SES148	-2.4278	-13.2394	-10.8116
BLOCK10/SES103/SA103S28	SES104	-2.22335	-13.751	-11.5276
BLOCK10/SES103/SA103S28	SES106	-2.09584	-13.6235	-11.5276
BLOCK10/SES103/SA103S28	SES125	-2.28067	-13.8083	-11.5276
BLOCK10/SES103/SA103S28	SES206	-2.47246	-14.0001	-11.5276
BLOCK12/SES121/SA121S12	SES042	-3.69162	-14.4677	-10.7761
BLOCK12/SES121/SA121S12	SES087	-1.43663	-12.2127	-10.7761
BLOCK12/SES121/SA121S12	SES105	-1.67271	-12.4488	-10.7761
BLOCK12/SES121/SA121S12	SES206	-2.19704	-12.9731	-10.7761
BLOCK12/SES121/SA121S14	SES007	-1.40977	-15.5754	-14.1656
BLOCK12/SES121/SA121S14	SES105	-2.31155	-16.4771	-14.1656
BLOCK12/SES121/SA121S14	SES106	-2.60182	-16.7674	-14.1656
BLOCK12/SES121/SA121S14	SES206	-0.784008	-14.9496	-14.1656
BLOCK12/SES121/SA121S23	SES105	-1.87792	-15.8235	-13.9456
BLOCK12/SES121/SA121S23	SES106	-2.21102	-16.1566	-13.9456
BLOCK12/SES121/SA121S23	SES120	-1.91133	-15.8569	-13.9456
BLOCK12/SES121/SA121S23	SES206	-0.977293	-14.9229	-13.9456
BLOCK12/SES121/SA121S25	SES007	-2.24709	-16.2429	-13.9958
BLOCK12/SES121/SA121S25	SES105	-3.50846	-17.5043	-13.9958
BLOCK12/SES121/SA121S25	SES106	-3.8653	-17.8611	-13.9958
BLOCK12/SES121/SA121S25	SES206	-1.5301	-15.5259	-13.9958
BLOCK12/SES121/SA121S27	SES087	-2.63274	-15.9812	-13.3484
BLOCK12/SES121/SA121S27	SES105	-2.9433	-16.2917	-13.3484
BLOCK12/SES121/SA121S27	SES120	-1.9831	-15.3315	-13.3484
BLOCK12/SES121/SA121S27	SES206	-1.5233	-14.8717	-13.3484
BLOCK12/SES124/SA124S16	SES042	-3.37068	-11.9959	-8.62523
BLOCK12/SES124/SA124S16	SES082	-2.75016	-11.3754	-8.62523
BLOCK12/SES124/SA124S16	SES183	-2.92007	-11.5453	-8.62523
BLOCK12/SES124/SA124S16	SES206	-3.08859	-11.7138	-8.62523
BLOCK12/SES124/SA124S17	SES105	-3.38325	-13.4078	-10.0245
BLOCK12/SES124/SA124S17	SES149	-3.26903	-13.2935	-10.0245
BLOCK12/SES124/SA124S17	SES158	-2.92685	-12.9514	-10.0245
BLOCK12/SES124/SA124S17	SES275	-3.5309	-13.5554	-10.0245
BLOCK12/SES124/SA124S23	SES105	-2.96768	-11.8751	-8.90743
BLOCK12/SES124/SA124S23	SES125	-2.68967	-11.5971	-8.90743
BLOCK12/SES124/SA124S23	SES129	-2.98685	-11.8943	-8.90743
BLOCK12/SES124/SA124S23	SES158	-3.58958	-12.497	-8.90743
BLOCK12/SES124/SA124S26	SES105	-2.47202	-11.878	-9.406
BLOCK12/SES124/SA124S26	SES125	-2.04322	-11.4492	-9.406
BLOCK12/SES124/SA124S26	SES129	-2.26549	-11.6715	-9.406
BLOCK12/SES124/SA124S26	SES158	-2.50185	-11.9078	-9.406
BLOCK12/SES124/SA124S28	SES104	-2.32665	-11.5131	-9.18644
BLOCK12/SES124/SA124S28	SES106	-2.21279	-11.3992	-9.18644
BLOCK12/SES124/SA124S28	SES125	-2.27807	-11.4645	-9.18644
BLOCK12/SES124/SA124S28	SES275	-2.41082	-11.5973	-9.18644
BLOCK12/SES126/SA126S13	SES007	-2.93659	-13.4016	-10.4651
BLOCK12/SES126/SA126S13	SES162	-3.34449	-13.8095	-10.4651
BLOCK12/SES126/SA126S13	SES177	-2.93848	-13.4035	-10.4651
BLOCK12/SES126/SA126S13	SES180	-3.76352	-14.2286	-10.4651
BLOCK12/SES126/SA126S14	SES144	-2.68401	-12.4383	-9.75427
BLOCK12/SES126/SA126S14	SES148	-3.60124	-13.3555	-9.75427
BLOCK12/SES126/SA126S14	SES177	-2.6025	-12.3568	-9.75427
BLOCK12/SES126/SA126S14	SES180	-2.66711	-12.4214	-9.75427
BLOCK12/SES126/SA126S20	SES007	-3.40244	-12.2234	-8.82095
BLOCK12/SES126/SA126S20	SES162	-3.32827	-12.1492	-8.82095
BLOCK12/SES126/SA126S20	SES172	-2.91482	-11.7358	-8.82095
BLOCK12/SES126/SA126S20	SES180	-3.11293	-11.9339	-8.82095
BLOCK12/SES126/SA126S24	SES120	-3.5829	-13.0577	-9.47483
BLOCK12/SES126/SA126S24	SES162	-3.77504	-13.2499	-9.47483
BLOCK12/SES126/SA126S24	SES177	-3.50129	-12.9761	-9.47483
BLOCK12/SES126/SA126S24	SES180	-4.00315	-13.478	-9.47483
BLOCK12/SES126/SA126S26	SES120	-2.80248	-12.8241	-10.0217
BLOCK12/SES126/SA126S26	SES177	-2.69349	-12.7152	-10.0217
BLOCK12/SES126/SA126S26	SES180	-2.32008	-12.3417	-10.0217
BLOCK12/SES126/SA126S26	SES202	-2.30537	-12.327	-10.0217
BLOCK12/SES128/SA128S10	SES087	-3.61669	-14.5613	-10.9446
BLOCK12/SES128/SA128S10	SES206	-2.83114	-13.7758	-10.9446
BLOCK12/SES128/SA128S10	SES226	-2.69424	-13.6389	-10.9446
BLOCK12/SES128/SA128S10	SES270	-3.58057	-14.5252	-10.9446
BLOCK12/SES128/SA128S12	SES120	-3.67735	-14.496	-10.8186
BLOCK12/SES128/SA128S12	SES158	-3.70893	-14.5276	-10.8186
BLOCK12/SES128/SA128S12	SES206	-3.66796	-14.4866	-10.8186
BLOCK12/SES128/SA128S12	SES226	-5.42365	-16.2423	-10.8186
BLOCK12/SES128/SA128S21	SES106	-2.28672	-13.0577	-10.771
BLOCK12/SES128/SA128S21	SES120	-2.83605	-13.607	-10.771
BLOCK12/SES128/SA128S21	SES206	-2.80454	-13.5755	-10.771
BLOCK12/SES128/SA128S21	SES226	-2.1703	-12.9413	-10.771
BLOCK12/SES128/SA128S24	SES087	-2.42614	-13.7537	-11.3275
BLOCK12/SES128/SA128S24	SES120	-2.5639	-13.8914	-11.3275
BLOCK12/SES128/SA128S24	SES206	-2.32993	-13.6574	-11.3275
BLOCK12/SES128/SA128S24	SES226	-2.38266	-13.7102	-11.3275
BLOCK12/SES128/SA128S27	SES099	-2.53645	-13.4751	-10.9386
BLOCK12/SES128/SA128S27	SES120	-2.62663	-13.5653	-10.9386
BLOCK12/SES128/SA128S27	SES206	-2.41815	-13.3568	-10.9386
BLOCK12/SES128/SA128S27	SES226	-2.70636	-13.645	-10.9386
BLOCK13/SES130/SA130S13	SES143	-0.829112	-11.6903	-10.8612
BLOCK13/SES130/SA130S13	SES144	-1.09099	-11.9522	-10.8612
BLOCK13/SES130/SA130S13	SES146	-2.09707	-12.9582	-10.8612
BLOCK13/SES130/SA130S13	SES275	-2.37344	-13.2346	-10.8612
BLOCK13/SES130/SA130S15	SES143	-2.73005	-12.3897	-9.65962
BLOCK13/SES130/SA130S15	SES144	-2.59907	-12.2587	-9.65962
BLOCK13/SES130/SA130S15	SES146	-2.84886	-12.5085	-9.65962
BLOCK13/SES130/SA130S15	SES275	-3.02676	-12.6864	-9.65962
BLOCK13/SES130/SA130S23	SES127	-1.62966	-11.9111	-10.2815
BLOCK13/SES130/SA130S23	SES144	-1.50926	-11.7907	-10.2815
BLOCK13/SES130/SA130S23	SES146	-2.28725	-12.5687	-10.2815
BLOCK13/SES130/SA130S23	SES162	-1.84829	-12.1298	-10.2815
BLOCK13/SES130/SA130S25	SES127	-2.37754	-11.7017	-9.32417
BLOCK13/SES130/SA130S25	SES144	-2.1925	-11.5167	-9.32417
BLOCK13/SES130/SA130S25	SES146	-2.72148	-12.0456	-9.32417
BLOCK13/SES130/SA130S25	SES275	-2.57912	-11.9033	-9.32417
BLOCK13/SES130/SA130S28	SES127	-2.81982	-12.8737	-10.0539
BLOCK13/SES130/SA130S28	SES144	-2.35553	-12.4094	-10.0539
BLOCK13/SES130/SA130S28	SES146	-2.61539	-12.6692	-10.0539
BLOCK13/SES130/SA130S28	SES275	-2.35338	-12.4072	-10.0539
BLOCK13/SES131/SA131S13	SES002	-2.02619	-12.4156	-10.3894
BLOCK13/SES131/SA131S13	SES007	-2.4284	-12.8178	-10.3894
BLOCK13/SES131/SA131S13	SES099	-1.67756	-12.067	-10.3894
BLOCK13/SES131/SA131S13	SES105	-1.66337	-12.0528	-10.3894
BLOCK13/SES131/SA131S14	SES104	-2.56629	-11.3401	-8.77385
BLOCK13/SES131/SA131S14	SES106	-2.19214	-10.966	-8.77385
BLOCK13/SES131/SA131S14	SES125	-2.55284	-11.3267	-8.77385
BLOCK13/SES131/SA131S14	SES148	-1.47851	-10.2524	-8.77385
BLOCK13/SES131/SA131S20	SES104	-1.76174	-12.9183	-11.1565
BLOCK13/SES131/SA131S20	SES106	-1.56599	-12.7225	-11.1565
BLOCK13/SES131/SA131S20	SES125	-1.79704	-12.9536	-11.1565
BLOCK13/SES131/SA131S20	SES148	-1.82192	-12.9784	-11.1565
BLOCK13/SES131/SA131S22	SES099	-2.11307	-11.8454	-9.7323
BLOCK13/SES131/SA131S22	SES104	-1.98629	-11.7186	-9.7323
BLOCK13/SES131/SA131S22	SES125	-1.86734	-11.5996	-9.7323
BLOCK13/SES131/SA131S22	SES206	-2.30541	-12.0377	-9.7323
BLOCK13/SES131/SA131S29	SES087	-2.30347	-13.7846	-11.4812
BLOCK13/SES131/SA131S29	SES104	-1.64517	-13.1263	-11.4812
BLOCK13/SES131/SA131S29	SES125	-1.57748	-13.0587	-11.4812
BLOCK13/SES131/SA131S29	SES206	-1.70125	-13.1824	-11.4812
BLOCK13/SES132/SA132S11	SES083	-3.94315	-14.3181	-10.3749
BLOCK13/SES132/SA132S11	SES120	-3.07279	-13.4477	-10.3749
BLOCK13/SES132/SA132S11	SES127	-4.95522	-15.3302	-10.3749
BLOCK13/SES132/SA132S11	SES275	-4.62862	-15.0036	-10.3749
BLOCK13/SES132/SA132S12	SES083	-3.1503	-12.8058	-9.65548
BLOCK13/SES132/SA132S12	SES143	-3.88892	-13.5444	-9.65548
BLOCK13/SES132/SA132S12	SES144	-3.46854	-13.124	-9.65548
BLOCK13/SES132/SA132S12	SES148	-4.3426	-13.9981	-9.65548
BLOCK13/SES132/SA132S22	SES062	-4.3752	-14.9625	-10.5873
BLOCK13/SES132/SA132S22	SES083	-4.13733	-14.7246	-10.5873
BLOCK13/SES132/SA132S22	SES127	-5.34959	-15.9369	-10.5873
BLOCK13/SES132/SA132S22	SES275	-4.48853	-15.0758	-10.5873
BLOCK13/SES132/SA132S24	SES007	-3.73514	-13.6119	-9.87674
BLOCK13/SES132/SA132S24	SES083	-4.214	-14.0907	-9.87674
BLOCK13/SES132/SA132S24	SES127	-5.39642	-15.2732	-9.87674
BLOCK13/SES132/SA132S24	SES275	-4.59843	-14.4752	-9.87674
BLOCK13/SES132/SA132S27	SES083	-5.31238	-16.6384	-11.3261
BLOCK13/SES132/SA132S27	SES120	-3.48398	-14.81	-11.3261
BLOCK13/SES132/SA132S27	SES127	-7.28735	-18.6134	-11.3261
BLOCK13/SES132/SA132S27	SES275	-5.66125	-16.9873	-11.3261
BLOCK14/SES141/SA141S09	SES143	-3.21681	-11.9831	-8.76632
BLOCK14/SES141/SA141S09	SES144	-2.83093	-11.5973	-8.76632
BLOCK14/SES141/SA141S09	SES162	-3.01344	-11.7798	-8.76632
BLOCK14/SES141/SA141S09	SES180	-3.09613	-11.8624	-8.76632
BLOCK14/SES141/SA141S15	SES127	-3.23395	-12.6791	-9.44515
BLOCK14/SES141/SA141S15	SES144	-2.81998	-12.2651	-9.44515
BLOCK14/SES141/SA141S15	SES162	-2.94818	-12.3933	-9.44515
BLOCK14/SES141/SA141S15	SES180	-2.93679	-12.3819	-9.44515
BLOCK14/SES141/SA141S24	SES127	-3.96629	-13.8662	-9.89992
BLOCK14/SES141/SA141S24	SES144	-3.76795	-13.6679	-9.89992
BLOCK14/SES141/SA141S24	SES162	-3.18141	-13.0813	-9.89992
BLOCK14/SES141/SA141S24	SES183	-3.75109	-13.651	-9.89992
BLOCK14/SES141/SA141S26	SES142	-1.75871	-12.1402	-10.3815
BLOCK14/SES141/SA141S26	SES144	-2.41787	-12.7994	-10.3815
BLOCK14/SES141/SA141S26	SES172	-2.18931	-12.5708	-10.3815
BLOCK14/SES141/SA141S26	SES180	-2.29067	-12.6722	-10.3815
BLOCK14/SES141/SA141S29	SES127	-3.05443	-12.4434	-9.38892
BLOCK14/SES141/SA141S29	SES142	-2.97257	-12.3615	-9.38892
BLOCK14/SES141/SA141S29	SES144	-2.95434	-12.3433	-9.38892
BLOCK14/SES141/SA141S29	SES180	-2.93239	-12.3213	-9.38892
BLOCK15/SES157/SA157S08	SES083	-3.15361	-12.1966	-9.04302
BLOCK15/SES157/SA157S08	SES127	-3.22118	-12.2642	-9.04302
BLOCK15/SES157/SA157S08	SES148	-3.33348	-12.3765	-9.04302
BLOCK15/SES157/SA157S08	SES292	-3.19523	-12.2383	-9.04302
BLOCK15/SES157/SA157S11	SES083	-2.77991	-12.6046	-9.82465
BLOCK15/SES157/SA157S11	SES127	-3.28073	-13.1054	-9.82465
BLOCK15/SES157/SA157S11	SES148	-3.09127	-12.9159	-9.82465
BLOCK15/SES157/SA157S11	SES292	-2.8237	-12.6484	-9.82465
BLOCK15/SES157/SA157S21	SES127	-2.11662	-11.1829	-9.06632
BLOCK15/SES157/SA157S21	SES148	-1.88212	-10.9484	-9.06632
BLOCK15/SES157/SA157S21	SES158	-3.31765	-12.384	-9.06632
BLOCK15/SES157/SA157S21	SES292	-2.37395	-11.4403	-9.06632
BLOCK15/SES157/SA157S24	SES127	-2.3056	-11.9908	-9.6852
BLOCK15/SES157/SA157S24	SES148	-2.62586	-12.3111	-9.6852
BLOCK15/SES157/SA157S24	SES183	-2.51175	-12.1969	-9.6852
BLOCK15/SES157/SA157S24	SES292	-2.33147	-12.0167	-9.6852
BLOCK15/SES157/SA157S26	SES007	-2.66111	-11.8161	-9.15494
BLOCK15/SES157/SA157S26	SES127	-2.02863	-11.1836	-9.15494
BLOCK15/SES157/SA157S26	SES147	-2.0096	-11.1645	-9.15494
BLOCK15/SES157/SA157S26	SES148	-2.45088	-11.6058	-9.15494
BLOCK16/SES161/SA161S10	SES007	-2.64349	-12.7902	-10.1467
BLOCK16/SES161/SA161S10	SES105	-2.04217	-12.1888	-10.1467
BLOCK16/SES161/SA161S10	SES158	-2.49131	-12.638	-10.1467
BLOCK16/SES161/SA161S10	SES275	-2.21485	-12.3615	-10.1467
BLOCK16/SES161/SA161S12	SES007	-2.05011	-15.3774	-13.3273
BLOCK16/SES161/SA161S12	SES105	-2.71465	-16.0419	-13.3273
BLOCK16/SES161/SA161S12	SES158	-1.72328	-15.0505	-13.3273
BLOCK16/SES161/SA161S12	SES275	-3.13436	-16.4616	-13.3273
BLOCK16/SES161/SA161S20	SES007	-2.19504	-14.192	-11.997
BLOCK16/SES161/SA161S20	SES105	-2.92539	-14.9224	-11.997
BLOCK16/SES161/SA161S20	SES158	-1.91447	-13.9115	-11.997
BLOCK16/SES161/SA161S20	SES275	-3.43292	-15.4299	-11.997
BLOCK16/SES161/SA161S23	SES007	-1.31362	-13.8482	-12.5346
BLOCK16/SES161/SA161S23	SES105	-1.12618	-13.6608	-12.5346
BLOCK16/SES161/SA161S23	SES148	-2.64889	-15.1835	-12.5346
BLOCK16/SES161/SA161S23	SES158	-1.2464	-13.781	-12.5346
BLOCK16/SES161/SA161S28	SES007	-2.85838	-15.1666	-12.3082
BLOCK16/SES161/SA161S28	SES105	-4.24259	-16.5508	-12.3082
BLOCK16/SES161/SA161S28	SES158	-2.50515	-14.8134	-12.3082
BLOCK16/SES161/SA161S28	SES206	-2.43035	-14.7386	-12.3082
BLOCK16/SES164/SA164S11	SES104	-2.83778	-12.9924	-10.1546
BLOCK16/SES164/SA164S11	SES125	-2.7127	-12.8673	-10.1546
BLOCK16/SES164/SA164S11	SES158	-3.08849	-13.2431	-10.1546
BLOCK16/SES164/SA164S11	SES206	-3.49875	-13.6533	-10.1546
BLOCK16/SES164/SA164S13	SES099	-4.06524	-14.6696	-10.6044
BLOCK16/SES164/SA164S13	SES104	-3.74745	-14.3518	-10.6044
BLOCK16/SES164/SA164S13	SES125	-3.47494	-14.0793	-10.6044
BLOCK16/SES164/SA164S13	SES206	-3.8704	-14.4748	-10.6044
BLOCK16/SES164/SA164S24	SES002	-1.60887	-11.4773	-9.86841
BLOCK16/SES164/SA164S24	SES099	-3.15036	-13.0188	-9.86841
BLOCK16/SES164/SA164S24	SES125	-2.04304	-11.9114	-9.86841
BLOCK16/SES164/SA164S24	SES226	-1.09541	-10.9638	-9.86841
BLOCK16/SES164/SA164S27	SES087	-2.56653	-12.6562	-10.0897
BLOCK16/SES164/SA164S27	SES125	-2.32152	-12.4112	-10.0897
BLOCK16/SES164/SA164S27	SES206	-3.33785	-13.4275	-10.0897
BLOCK16/SES164/SA164S27	SES226	-1.29771	-11.3874	-10.0897
BLOCK16/SES164/SA164S29	SES002	-2.28426	-12.331	-10.0467
BLOCK16/SES164/SA164S29	SES019	-2.51782	-12.5645	-10.0467
BLOCK16/SES164/SA164S29	SES125	-2.68029	-12.727	-10.0467
BLOCK16/SES164/SA164S29	SES226	-1.69588	-11.7426	-10.0467
BLOCK16/SES169/SA169S13	SES117	-2.95975	-13.2097	-10.2499
BLOCK16/SES169/SA169S13	SES144	-2.75094	-13.0008	-10.2499
BLOCK16/SES169/SA169S13	SES146	-2.52169	-12.7716	-10.2499
BLOCK16/SES169/SA169S13	SES162	-2.55128	-12.8012	-10.2499
BLOCK16/SES169/SA169S14	SES144	-3.03076	-11.9579	-8.92717
BLOCK16/SES169/SA169S14	SES148	-3.14122	-12.0684	-8.92717
BLOCK16/SES169/SA169S14	SES177	-3.35898	-12.2862	-8.92717
BLOCK16/SES169/SA169S14	SES180	-3.15798	-12.0852	-8.92717
BLOCK16/SES169/SA169S24	SES117	-3.05266	-13.3711	-10.3184
BLOCK16/SES169/SA169S24	SES144	-2.59256	-12.911	-10.3184
BLOCK16/SES169/SA169S24	SES146	-2.63688	-12.9553	-10.3184
BLOCK16/SES169/SA169S24	SES162	-2.47349	-12.7919	-10.3184
BLOCK16/SES169/SA169S27	SES127	-3.46873	-13.3451	-9.87634
BLOCK16/SES169/SA169S27	SES129	-3.73544	-13.6118	-9.87634
BLOCK16/SES169/SA169S27	SES144	-3.43947	-13.3158	-9.87634
BLOCK16/SES169/SA169S27	SES146	-3.0225	-12.8988	-9.87634
BLOCK16/SES169/SA169S29	SES144	-3.39805	-12.2983	-8.90023
BLOCK16/SES169/SA169S29	SES162	-3.55123	-12.4515	-8.90023
BLOCK16/SES169/SA169S29	SES177	-3.68859	-12.5888	-8.90023
BLOCK16/SES169/SA169S29	SES180	-3.63147	-12.5317	-8.90023
BLOCK17/SES171/SA171S12	SES083	-2.14842	-12.9082	-10.7597
BLOCK17/SES171/SA171S12	SES148	-2.00795	-12.7677	-10.7597
BLOCK17/SES171/SA171S12	SES172	-2.15026	-12.91	-10.7597
BLOCK17/SES171/SA171S12	SES292	-2.25504	-13.0148	-10.7597
BLOCK17/SES171/SA171S15	SES148	-2.18246	-11.8894	-9.70697
BLOCK17/SES171/SA171S15	SES177	-2.96268	-12.6697	-9.70697
BLOCK17/SES171/SA171S15	SES180	-2.64947	-12.3564	-9.70697
BLOCK17/SES171/SA171S15	SES292	-2.58712	-12.2941	-9.70697
BLOCK17/SES171/SA171S22	SES007	-3.68358	-12.127	-8.44344
BLOCK17/SES171/SA171S22	SES148	-1.87665	-10.3201	-8.44344
BLOCK17/SES171/SA171S22	SES177	-3.59669	-12.0401	-8.44344
BLOCK17/SES171/SA171S22	SES180	-3.09648	-11.5399	-8.44344
BLOCK17/SES171/SA171S25	SES101	-2.09784	-12.6623	-10.5645
BLOCK17/SES171/SA171S25	SES120	-3.00827	-13.5728	-10.5645
BLOCK17/SES171/SA171S25	SES177	-2.60194	-13.1664	-10.5645
BLOCK17/SES171/SA171S25	SES180	-2.17778	-12.7423	-10.5645
BLOCK17/SES171/SA171S27	SES177	-2.22941	-12.9016	-10.6722
BLOCK17/SES171/SA171S27	SES180	-2.25208	-12.9243	-10.6722
BLOCK17/SES171/SA171S27	SES189	-2.1468	-12.819	-10.6722
BLOCK17/SES171/SA171S27	SES292	-2.04061	-12.7128	-10.6722
BLOCK17/SES173/SA173S13	SES162	-3.81018	-14.2001	-10.39
BLOCK17/SES173/SA173S13	SES177	-3.53805	-13.928	-10.39
BLOCK17/SES173/SA173S13	SES180	-3.603	-13.993	-10.39
BLOCK17/SES173/SA173S13	SES292	-2.82584	-13.2158	-10.39
BLOCK17/SES173/SA173S14	SES007	-3.24451	-12.9873	-9.74282
BLOCK17/SES173/SA173S14	SES162	-3.65465	-13.3975	-9.74282
BLOCK17/SES173/SA173S14	SES177	-3.46383	-13.2066	-9.74282
BLOCK17/SES173/SA173S14	SES180	-3.52166	-13.2645	-9.74282
BLOCK17/SES173/SA173S24	SES144	-3.30513	-13.9517	-10.6466
BLOCK17/SES173/SA173S24	SES162	-3.26664	-13.9132	-10.6466
BLOCK17/SES173/SA173S24	SES177	-3.07567	-13.7222	-10.6466
BLOCK17/SES173/SA173S24	SES180	-3.42424	-14.0708	-10.6466
BLOCK17/SES173/SA173S27	SES162	-4.00162	-14.514	-10.5124
BLOCK17/SES173/SA173S27	SES177	-3.44607	-13.9585	-10.5124
BLOCK17/SES173/SA173S27	SES180	-3.41543	-13.9278	-10.5124
BLOCK17/SES173/SA173S27	SES292	-2.80111	-13.3135	-10.5124
BLOCK17/SES173/SA173S29	SES162	-2.62492	-12.7243	-10.0994
BLOCK17/SES173/SA173S29	SES175	-2.36709	-12.4665	-10.0994
BLOCK17/SES173/SA173S29	SES177	-2.66947	-12.7689	-10.0994
BLOCK17/SES173/SA173S29	SES292	-2.07672	-12.1761	-10.0994
BLOCK18/SES182/SA182S10	SES144	-4.6834	-14.3377	-9.65426
BLOCK18/SES182/SA182S10	SES177	-3.76589	-13.4201	-9.65426
BLOCK18/SES182/SA182S10	SES180	-4.67117	-14.3254	-9.65426
BLOCK18/SES182/SA182S10	SES275	-4.4442	-14.0985	-9.65426
BLOCK18/SES182/SA182S12	SES144	-4.64763	-14.1892	-9.54158
BLOCK18/SES182/SA182S12	SES177	-3.93915	-13.4807	-9.54158
BLOCK18/SES182/SA182S12	SES180	-4.83556	-14.3771	-9.54158
BLOCK18/SES182/SA182S12	SES275	-4.30158	-13.8432	-9.54158
BLOCK18/SES182/SA182S21	SES117	-3.55231	-14.7119	-11.1596
BLOCK18/SES182/SA182S21	SES144	-4.35003	-15.5096	-11.1596
BLOCK18/SES182/SA182S21	SES162	-3.48683	-14.6464	-11.1596
BLOCK18/SES182/SA182S21	SES180	-4.3098	-15.4694	-11.1596
BLOCK18/SES182/SA182S23	SES117	-4.11058	-16.0501	-11.9395
BLOCK18/SES182/SA182S23	SES144	-5.70531	-17.6448	-11.9395
BLOCK18/SES182/SA182S23	SES180	-5.54503	-17.4845	-11.9395
BLOCK18/SES182/SA182S23	SES275	-4.63868	-16.5782	-11.9395
BLOCK18/SES182/SA182S25	SES007	-4.19918	-14.6352	-10.436
BLOCK18/SES182/SA182S25	SES162	-4.80949	-15.2455	-10.436
BLOCK18/SES182/SA182S25	SES177	-4.28075	-14.7168	-10.436
BLOCK18/SES182/SA182S25	SES180	-6.03628	-16.4723	-10.436
BLOCK18/SES184/SA184S12	SES177	-2.49093	-12.3002	-9.80928
BLOCK18/SES184/SA184S12	SES180	-2.14948	-11.9588	-9.80928
BLOCK18/SES184/SA184S12	SES189	-2.88158	-12.6909	-9.80928
BLOCK18/SES184/SA184S12	SES292	-2.21662	-12.0259	-9.80928
BLOCK18/SES184/SA184S13	SES101	-2.41446	-12.0334	-9.61893
BLOCK18/SES184/SA184S13	SES177	-2.61757	-12.2365	-9.61893
BLOCK18/SES184/SA184S13	SES180	-2.31135	-11.9303	-9.61893
BLOCK18/SES184/SA184S13	SES292	-2.57537	-12.1943	-9.61893
BLOCK18/SES184/SA184S22	SES177	-2.51579	-12.6149	-10.0992
BLOCK18/SES184/SA184S22	SES180	-2.33892	-12.4381	-10.0992
BLOCK18/SES184/SA184S22	SES189	-3.25979	-13.3589	-10.0992
BLOCK18/SES184/SA184S22	SES292	-2.94342	-13.0426	-10.0992
BLOCK18/SES184/SA184S25	SES101	-2.62899	-12.1759	-9.54689
BLOCK18/SES184/SA184S25	SES177	-2.8657	-12.4126	-9.54689
BLOCK18/SES184/SA184S25	SES180	-2.53299	-12.0799	-9.54689
BLOCK18/SES184/SA184S25	SES292	-2.80069	-12.3476	-9.54689
BLOCK18/SES184/SA184S27	SES083	-2.41214	-11.8291	-9.41694
BLOCK18/SES184/SA184S27	SES177	-2.68407	-12.101	-9.41694
BLOCK18/SES184/SA184S27	SES202	-2.4978	-11.9147	-9.41694
BLOCK18/SES184/SA184S27	SES292	-2.41022	-11.8272	-9.41694
BLOCK20/SES204/SA204S12	SES062	-3.09062	-13.0661	-9.97544
BLOCK20/SES204/SA204S12	SES083	-3.30413	-13.2796	-9.97544
BLOCK20/SES204/SA204S12	SES206	-2.76077	-12.7362	-9.97544
BLOCK20/SES204/SA204S12	SES226	-3.08532	-13.0608	-9.97544
BLOCK20/SES204/SA204S14	SES068	-2.14579	-11.6697	-9.52388
BLOCK20/SES204/SA204S14	SES087	-1.48382	-11.0077	-9.52388
BLOCK20/SES204/SA204S14	SES206	-2.3761	-11.9	-9.52388
BLOCK20/SES204/SA204S14	SES226	-2.08418	-11.6081	-9.52388
BLOCK20/SES204/SA204S22	SES068	-2.48268	-12.3973	-9.91459
BLOCK20/SES204/SA204S22	SES082	-2.55046	-12.465	-9.91459
BLOCK20/SES204/SA204S22	SES083	-2.85997	-12.7746	-9.91459
BLOCK20/SES204/SA204S22	SES206	-2.76323	-12.6778	-9.91459
BLOCK20/SES204/SA204S25	SES062	-2.28256	-12.0636	-9.78104
BLOCK20/SES204/SA204S25	SES083	-2.43945	-12.2205	-9.78104
BLOCK20/SES204/SA204S25	SES206	-2.2992	-12.0802	-9.78104
BLOCK20/SES204/SA204S25	SES226	-2.35281	-12.1339	-9.78104
BLOCK20/SES204/SA204S27	SES068	-2.22671	-12.3523	-10.1256
BLOCK20/SES204/SA204S27	SES082	-2.02457	-12.1501	-10.1256
BLOCK20/SES204/SA204S27	SES087	-1.90763	-12.0332	-10.1256
BLOCK20/SES204/SA204S27	SES206	-2.44741	-12.573	-10.1256
BLOCK20/SES207/SA207S10	SES127	-3.1877	-12.3632	-9.17547
BLOCK20/SES207/SA207S10	SES183	-2.65121	-11.8267	-9.17547
BLOCK20/SES207/SA207S10	SES189	-3.15679	-12.3323	-9.17547
BLOCK20/SES207/SA207S10	SES292	-2.90735	-12.0828	-9.17547
BLOCK20/SES207/SA207S11	SES127	-2.60425	-12.3165	-9.71227
BLOCK20/SES207/SA207S11	SES183	-2.36156	-12.0738	-9.71227
BLOCK20/SES207/SA207S11	SES187	-2.29666	-12.0089	-9.71227
BLOCK20/SES207/SA207S11	SES292	-2.16602	-11.8783	-9.71227
BLOCK20/SES207/SA207S25	SES068	-2.51697	-12.7043	-10.1874
BLOCK20/SES207/SA207S25	SES083	-2.73869	-12.9261	-10.1874
BLOCK20/SES207/SA207S25	SES127	-2.78109	-12.9685	-10.1874
BLOCK20/SES207/SA207S25	SES187	-2.52798	-12.7154	-10.1874
BLOCK20/SES207/SA207S27	SES127	-2.45536	-12.5503	-10.0949
BLOCK20/SES207/SA207S27	SES183	-2.36161	-12.4565	-10.0949
BLOCK20/SES207/SA207S27	SES187	-2.22286	-12.3178	-10.0949
BLOCK20/SES207/SA207S27	SES292	-2.17124	-12.2661	-10.0949
BLOCK20/SES207/SA207S29	SES083	-2.71245	-12.2626	-9.55013
BLOCK20/SES207/SA207S29	SES085	-2.688	-12.2381	-9.55013
BLOCK20/SES207/SA207S29	SES172	-2.08016	-11.6303	-9.55013
BLOCK20/SES207/SA207S29	SES189	-3.19629	-12.7464	-9.55013
BLOCK22/SES221/SA221S12	SES068	-2.95415	-12.3088	-9.35462
BLOCK22/SES221/SA221S12	SES143	-3.64179	-12.9964	-9.35462
BLOCK22/SES221/SA221S12	SES175	-3.29839	-12.653	-9.35462
BLOCK22/SES221/SA221S12	SES202	-3.11703	-12.4716	-9.35462
BLOCK22/SES221/SA221S15	SES085	-2.93281	-12.416	-9.48318
BLOCK22/SES221/SA221S15	SES143	-3.33888	-12.8221	-9.48318
BLOCK22/SES221/SA221S15	SES175	-3.0182	-12.5014	-9.48318
BLOCK22/SES221/SA221S15	SES187	-2.98994	-12.4731	-9.48318
BLOCK22/SES221/SA221S23	SES068	-2.60691	-12.248	-9.64111
BLOCK22/SES221/SA221S23	SES143	-3.19343	-12.8345	-9.64111
BLOCK22/SES221/SA221S23	SES175	-2.93833	-12.5794	-9.64111
BLOCK22/SES221/SA221S23	SES189	-3.43076	-13.0719	-9.64111
BLOCK22/SES221/SA221S27	SES085	-3.09987	-12.9297	-9.82978
BLOCK22/SES221/SA221S27	SES143	-3.61514	-13.4449	-9.82978
BLOCK22/SES221/SA221S27	SES175	-3.21199	-13.0418	-9.82978
BLOCK22/SES221/SA221S27	SES189	-3.46474	-13.2945	-9.82978
BLOCK22/SES221/SA221S29	SES085	-2.82908	-12.5437	-9.71465
BLOCK22/SES221/SA221S29	SES143	-3.39617	-13.1108	-9.71465
BLOCK22/SES221/SA221S29	SES175	-3.22079	-12.9354	-9.71465
BLOCK22/SES221/SA221S29	SES187	-3.46654	-13.1812	-9.71465
BLOCK22/SES223/SA223S11	SES143	-2.64551	-12.5432	-9.89773
BLOCK22/SES223/SA223S11	SES144	-2.81897	-12.7167	-9.89773
BLOCK22/SES223/SA223S11	SES175	-2.5067	-12.4044	-9.89773
BLOCK22/SES223/SA223S11	SES187	-2.58887	-12.4866	-9.89773
BLOCK22/SES223/SA223S13	SES068	-2.58618	-12.3608	-9.77457
BLOCK22/SES223/SA223S13	SES143	-3.23231	-13.0069	-9.77457
BLOCK22/SES223/SA223S13	SES146	-2.95526	-12.7298	-9.77457
BLOCK22/SES223/SA223S13	SES202	-2.73344	-12.508	-9.77457
BLOCK22/SES223/SA223S22	SES143	-2.97507	-12.6875	-9.71248
BLOCK22/SES223/SA223S22	SES144	-2.8612	-12.5737	-9.71248
BLOCK22/SES223/SA223S22	SES175	-2.7623	-12.4748	-9.71248
BLOCK22/SES223/SA223S22	SES187	-2.74926	-12.4617	-9.71248
BLOCK22/SES223/SA223S25	SES068	-3.85606	-14.1282	-10.2721
BLOCK22/SES223/SA223S25	SES143	-4.34832	-14.6204	-10.2721
BLOCK22/SES223/SA223S25	SES175	-3.77019	-14.0423	-10.2721
BLOCK22/SES223/SA223S25	SES187	-3.97602	-14.2481	-10.2721
BLOCK22/SES223/SA223S27	SES143	-2.50944	-13.2198	-10.7104
BLOCK22/SES223/SA223S27	SES146	-3.47534	-14.1857	-10.7104
BLOCK22/SES223/SA223S27	SES187	-2.70338	-13.4137	-10.7104
BLOCK22/SES223/SA223S27	SES292	-2.65936	-13.3697	-10.7104
BLOCK27/SES273/SA273S12	SES099	-2.75906	-13.2673	-10.5083
BLOCK27/SES273/SA273S12	SES104	-2.87991	-13.3882	-10.5083
BLOCK27/SES273/SA273S12	SES125	-2.91966	-13.4279	-10.5083
BLOCK27/SES273/SA273S12	SES206	-2.6685	-13.1768	-10.5083
BLOCK27/SES273/SA273S13	SES099	-4.43319	-13.8456	-9.41241
BLOCK27/SES273/SA273S13	SES104	-3.56999	-12.9824	-9.41241
BLOCK27/SES273/SA273S13	SES206	-4.09366	-13.5061	-9.41241
BLOCK27/SES273/SA273S13	SES292	-3.68192	-13.0943	-9.41241
BLOCK27/SES273/SA273S21	SES099	-2.81689	-12.637	-9.82008
BLOCK27/SES273/SA273S21	SES148	-3.62033	-13.4404	-9.82008
BLOCK27/SES273/SA273S21	SES149	-2.8539	-12.674	-9.82008
BLOCK27/SES273/SA273S21	SES177	-2.95688	-12.777	-9.82008
BLOCK27/SES273/SA273S25	SES104	-4.61177	-15.5829	-10.9711
BLOCK27/SES273/SA273S25	SES125	-4.63795	-15.609	-10.9711
BLOCK27/SES273/SA273S25	SES158	-3.89446	-14.8655	-10.9711
BLOCK27/SES273/SA273S25	SES206	-3.9231	-14.8942	-10.9711
BLOCK27/SES273/SA273S27	SES099	-4.13218	-13.0322	-8.90002
BLOCK27/SES273/SA273S27	SES104	-3.75672	-12.6567	-8.90002
BLOCK27/SES273/SA273S27	SES149	-3.94252	-12.8425	-8.90002
BLOCK27/SES273/SA273S27	SES275	-3.72618	-12.6262	-8.90002
BLOCK27/SES274/SA274S10	SES105	-2.48969	-11.4064	-8.91666
BLOCK27/SES274/SA274S10	SES125	-2.34232	-11.259	-8.91666
BLOCK27/SES274/SA274S10	SES129	-1.06155	-9.97821	-8.91666
BLOCK27/SES274/SA274S10	SES158	-2.96632	-11.883	-8.91666
BLOCK27/SES274/SA274S11	SES105	-3.21251	-12.1811	-8.96863
BLOCK27/SES274/SA274S11	SES149	-3.22924	-12.1979	-8.96863
BLOCK27/SES274/SA274S11	SES158	-3.46093	-12.4296	-8.96863
BLOCK27/SES274/SA274S11	SES275	-3.05194	-12.0206	-8.96863
BLOCK27/SES274/SA274S21	SES105	-2.52975	-11.8867	-9.35699
BLOCK27/SES274/SA274S21	SES129	-2.41962	-11.7766	-9.35699
BLOCK27/SES274/SA274S21	SES149	-2.54968	-11.9067	-9.35699
BLOCK27/SES274/SA274S21	SES158	-3.09074	-12.4477	-9.35699
BLOCK27/SES274/SA274S24	SES105	-2.25041	-12.1937	-9.94327
BLOCK27/SES274/SA274S24	SES129	-1.95655	-11.8998	-9.94327
BLOCK27/SES274/SA274S24	SES149	-2.34741	-12.2907	-9.94327
BLOCK27/SES274/SA274S24	SES158	-2.67261	-12.6159	-9.94327
BLOCK27/SES274/SA274S29	SES105	-3.23574	-12.9386	-9.70285
BLOCK27/SES274/SA274S29	SES106	-3.18217	-12.885	-9.70285
BLOCK27/SES274/SA274S29	SES120	-3.77867	-13.4815	-9.70285
BLOCK27/SES274/SA274S29	SES275	-3.07059	-12.7734	-9.70285
BLOCK27/SES276/SA276S16	SES148	-2.69785	-12.2143	-9.51649
BLOCK27/SES276/SA276S16	SES172	-1.86458	-11.3811	-9.51649
BLOCK27/SES276/SA276S16	SES180	-1.70648	-11.223	-9.51649
BLOCK27/SES276/SA276S16	SES292	-2.13559	-11.6521	-9.51649
BLOCK27/SES276/SA276S17	SES101	-1.53775	-11.4221	-9.88434
BLOCK27/SES276/SA276S17	SES177	-2.21761	-12.1019	-9.88434
BLOCK27/SES276/SA276S17	SES180	-1.74036	-11.6247	-9.88434
BLOCK27/SES276/SA276S17	SES292	-1.9243	-11.8086	-9.88434
BLOCK27/SES276/SA276S24	SES101	-2.68429	-11.9352	-9.25095
BLOCK27/SES276/SA276S24	SES177	-2.85275	-12.1037	-9.25095
BLOCK27/SES276/SA276S24	SES180	-2.8211	-12.072	-9.25095
BLOCK27/SES276/SA276S24	SES292	-3.1241	-12.375	-9.25095
BLOCK27/SES276/SA276S26	SES101	-2.34687	-11.3693	-9.02243
BLOCK27/SES276/SA276S26	SES177	-3.2688	-12.2912	-9.02243
BLOCK27/SES276/SA276S26	SES180	-2.65381	-11.6762	-9.02243
BLOCK27/SES276/SA276S26	SES292	-2.59581	-11.6182	-9.02243
BLOCK27/SES276/SA276S28	SES101	-1.87905	-10.9247	-9.04567
BLOCK27/SES276/SA276S28	SES177	-2.79576	-11.8414	-9.04567
BLOCK27/SES276/SA276S28	SES180	-1.92643	-10.9721	-9.04567
BLOCK27/SES276/SA276S28	SES292	-2.19947	-11.2451	-9.04567
BLOCK27/SES277/SA277S12	SES101	-0.953492	-11.8177	-10.8642
BLOCK27/SES277/SA277S12	SES177	-1.48357	-12.3478	-10.8642
BLOCK27/SES277/SA277S12	SES180	-1.15398	-12.0182	-10.8642
BLOCK27/SES277/SA277S12	SES292	-1.2334	-12.0976	-10.8642
BLOCK27/SES277/SA277S14	SES177	-2.05756	-13.0071	-10.9495
BLOCK27/SES277/SA277S14	SES180	-1.97469	-12.9242	-10.9495
BLOCK27/SES277/SA277S14	SES189	-1.97377	-12.9233	-10.9495
BLOCK27/SES277/SA277S14	SES292	-1.83115	-12.7807	-10.9495
BLOCK27/SES277/SA277S21	SES177	-2.04895	-12.4139	-10.3649
BLOCK27/SES277/SA277S21	SES180	-1.70008	-12.065	-10.3649
BLOCK27/SES277/SA277S21	SES189	-2.16817	-12.5331	-10.3649
BLOCK27/SES277/SA277S21	SES292	-1.81669	-12.1816	-10.3649
BLOCK27/SES277/SA277S24	SES144	-1.10055	-12.1922	-11.0917
BLOCK27/SES277/SA277S24	SES177	-1.54632	-12.638	-11.0917
BLOCK27/SES277/SA277S24	SES180	-1.6074	-12.6991	-11.0917
BLOCK27/SES277/SA277S24	SES189	-1.63699	-12.7286	-11.0917
BLOCK27/SES277/SA277S29	SES177	-2.96224	-11.8127	-8.85048
BLOCK27/SES277/SA277S29	SES180	-2.4084	-11.2589	-8.85048
BLOCK27/SES277/SA277S29	SES202	-2.68869	-11.5392	-8.85048
BLOCK27/SES277/SA277S29	SES292	-2.88459	-11.7351	-8.85048
BLOCK27/SES279/SA279S09	SES120	-3.85946	-13.6331	-9.77362
BLOCK27/SES279/SA279S09	SES146	-3.50014	-13.2738	-9.77362
BLOCK27/SES279/SA279S09	SES206	-3.16131	-12.9349	-9.77362
BLOCK27/SES279/SA279S09	SES226	-3.40563	-13.1792	-9.77362
BLOCK27/SES279/SA279S10	SES099	-2.45309	-12.7716	-10.3185
BLOCK27/SES279/SA279S10	SES206	-2.61163	-12.9301	-10.3185
BLOCK27/SES279/SA279S10	SES226	-2.98226	-13.3007	-10.3185
BLOCK27/SES279/SA279S10	SES292	-2.78517	-13.1037	-10.3185
BLOCK27/SES279/SA279S20	SES099	-3.05032	-13.7598	-10.7094
BLOCK27/SES279/SA279S20	SES206	-3.01884	-13.7283	-10.7094
BLOCK27/SES279/SA279S20	SES226	-3.39396	-14.1034	-10.7094
BLOCK27/SES279/SA279S20	SES292	-3.41331	-14.1227	-10.7094
BLOCK27/SES279/SA279S26	SES099	-1.40603	-13.0932	-11.6871
BLOCK27/SES279/SA279S26	SES206	-1.57023	-13.2574	-11.6871
BLOCK27/SES279/SA279S26	SES226	-2.12912	-13.8163	-11.6871
BLOCK27/SES279/SA279S26	SES292	-1.91423	-13.6014	-11.6871
BLOCK27/SES279/SA279S28	SES099	-2.8061	-12.1595	-9.35337
BLOCK27/SES279/SA279S28	SES120	-3.7797	-13.1331	-9.35337
BLOCK27/SES279/SA279S28	SES177	-3.42045	-12.7738	-9.35337
BLOCK27/SES279/SA279S28	SES206	-2.97058	-12.324	-9.35337
BLOCK29/SES290/SA290S12	SES162	-2.74835	-11.7575	-9.00913
BLOCK29/SES290/SA290S12	SES177	-2.95774	-11.9669	-9.00913
BLOCK29/SES290/SA290S12	SES180	-2.90255	-11.9117	-9.00913
BLOCK29/SES290/SA290S12	SES292	-3.25829	-12.2674	-9.00913
BLOCK29/SES290/SA290S13	SES007	-2.73975	-11.9867	-9.24693
BLOCK29/SES290/SA290S13	SES162	-2.62612	-11.8731	-9.24693
BLOCK29/SES290/SA290S13	SES177	-2.63424	-11.8812	-9.24693
BLOCK29/SES290/SA290S13	SES180	-2.54478	-11.7917	-9.24693
BLOCK29/SES290/SA290S22	SES177	-3.09844	-12.0996	-9.00115
BLOCK29/SES290/SA290S22	SES180	-2.78217	-11.7833	-9.00115
BLOCK29/SES290/SA290S22	SES202	-2.85519	-11.8563	-9.00115
BLOCK29/SES290/SA290S22	SES292	-3.01552	-12.0167	-9.00115
BLOCK29/SES290/SA290S25	SES162	-3.01598	-12.6231	-9.60711
BLOCK29/SES290/SA290S25	SES177	-2.9246	-12.5317	-9.60711
BLOCK29/SES290/SA290S25	SES180	-2.96925	-12.5764	-9.60711
BLOCK29/SES290/SA290S25	SES292	-3.17856	-12.7857	-9.60711
BLOCK29/SES290/SA290S29	SES177	-3.96926	-12.7364	-8.76715
BLOCK29/SES290/SA290S29	SES180	-4.03238	-12.7995	-8.76715
BLOCK29/SES290/SA290S29	SES275	-3.53295	-12.3001	-8.76715
BLOCK29/SES290/SA290S29	SES292	-3.86709	-12.6342	-8.76715
BLOCK29/SES291/SA291S11	SES105	-2.83224	-13.49	-10.6578
BLOCK29/SES291/SA291S11	SES125	-2.62974	-13.2875	-10.6578
BLOCK29/SES291/SA291S11	SES158	-2.66762	-13.3254	-10.6578
BLOCK29/SES291/SA291S11	SES275	-2.9338	-13.5916	-10.6578
BLOCK29/SES291/SA291S12	SES158	-2.37742	-13.4672	-11.0898
BLOCK29/SES291/SA291S12	SES226	-3.64508	-14.7348	-11.0898
BLOCK29/SES291/SA291S12	SES270	-4.87356	-15.9633	-11.0898
BLOCK29/SES291/SA291S12	SES275	-3.49712	-14.5869	-11.0898
BLOCK29/SES291/SA291S22	SES082	-3.76422	-13.7656	-10.0013
BLOCK29/SES291/SA291S22	SES158	-3.71309	-13.7144	-10.0013
BLOCK29/SES291/SA291S22	SES259	-3.95786	-13.9592	-10.0013
BLOCK29/SES291/SA291S22	SES275	-4.14293	-14.1443	-10.0013
BLOCK29/SES291/SA291S24	SES104	-2.46115	-12.4511	-9.98997
BLOCK29/SES291/SA291S24	SES125	-2.63727	-12.6272	-9.98997
BLOCK29/SES291/SA291S24	SES158	-2.78317	-12.7731	-9.98997
BLOCK29/SES291/SA291S24	SES275	-2.98904	-12.979	-9.98997
BLOCK29/SES291/SA291S27	SES158	-3.02929	-12.853	-9.82372
BLOCK29/SES291/SA291S27	SES172	-3.14455	-12.9683	-9.82372
BLOCK29/SES291/SA291S27	SES275	-2.85114	-12.6749	-9.82372
BLOCK29/SES291/SA291S27	SES292	-2.9913	-12.815	-9.82372
Threshold search:
THR	-10.76851046933	9	0(0)	1(1000)
THR	-10.6638170646367	8.991	0(0)	0.999(999)
THR	-10.5591236599434	8.991	0(0)	0.999(999)
THR	-10.4544302552501	8.991	0(0)	0.999(999)
THR	-10.3497368505568	8.991	0(0)	0.999(999)
THR	-10.2450434458635	8.991	0(0)	0.999(999)
THR	-10.1403500411702	8.991	0(0)	0.999(999)
THR	-10.0356566364769	8.991	0(0)	0.999(999)
THR	-9.9309632317836	8.991	0(0)	0.999(999)
THR	-9.8262698270903	8.991	0(0)	0.999(999)
THR	-9.721576422397	8.991	0(0)	0.999(999)
THR	-9.6168830177037	8.991	0(0)	0.999(999)
THR	-9.5121896130104	8.991	0(0)	0.999(999)
THR	-9.4074962083171	8.991	0(0)	0.999(999)
THR	-9.30280280362379	8.991	0(0)	0.999(999)
THR	-9.19810939893049	8.991	0(0)	0.999(999)
THR	-9.09341599423719	8.991	0(0)	0.999(999)
THR	-8.98872258954389	8.991	0(0)	0.999(999)
THR	-8.88402918485059	8.991	0(0)	0.999(999)
THR	-8.77933578015729	8.991	0(0)	0.999(999)
THR	-8.67464237546399	8.991	0(0)	0.999(999)
THR	-8.56994897077069	8.991	0(0)	0.999(999)
THR	-8.46525556607739	8.991	0(0)	0.999(999)
THR	-8.36056216138409	8.991	0(0)	0.999(999)
THR	-8.25586875669079	8.991	0(0)	0.999(999)
THR	-8.15117535199749	8.991	0(0)	0.999(999)
THR	-8.04648194730419	8.991	0(0)	0.999(999)
THR	-7.94178854261089	8.991	0(0)	0.999(999)
THR	-7.83709513791759	8.991	0(0)	0.999(999)
THR	-7.73240173322429	8.991	0(0)	0.999(999)
THR	-7.62770832853099	8.991	0(0)	0.999(999)
THR	-7.52301492383769	8.991	0(0)	0.999(999)
THR	-7.41832151914439	8.982	0(0)	0.998(998)
THR	-7.31362811445109	8.982	0(0)	0.998(998)
THR	-7.20893470975779	8.973	0(0)	0.997(997)
THR	-7.10424130506449	8.973	0(0)	0.997(997)
THR	-6.99954790037119	8.973	0(0)	0.997(997)
THR	-6.89485449567789	8.973	0(0)	0.997(997)
THR	-6.79016109098459	8.973	0(0)	0.997(997)
THR	-6.68546768629129	8.973	0(0)	0.997(997)
THR	-6.58077428159799	8.973	0(0)	0.997(997)
THR	-6.47608087690469	8.973	0(0)	0.997(997)
THR	-6.37138747221139	8.964	0(0)	0.996(996)
THR	-6.26669406751808	8.964	0(0)	0.996(996)
THR	-6.16200066282478	8.955	0(0)	0.995(995)
THR	-6.05730725813148	8.955	0(0)	0.995(995)
THR	-5.95261385343818	8.937	0(0)	0.993(993)
THR	-5.84792044874488	8.937	0(0)	0.993(993)
THR	-5.74322704405158	8.91	0(0)	0.99(990)
THR	-5.63853363935828	8.892	0(0)	0.988(988)
THR	-5.53384023466498	8.865	0(0)	0.985(985)
THR	-5.42914682997168	8.865	0(0)	0.985(985)
THR	-5.32445342527838	8.829	0(0)	0.981(981)
THR	-5.21976002058508	8.811	0(0)	0.979(979)
THR	-5.11506661589178	8.775	0(0)	0.975(975)
THR	-5.01037321119848	8.757	0(0)	0.973(973)
THR	-4.90567980650518	8.73	0(0)	0.97(970)
THR	-4.80098640181188	8.694	0(0)	0.966(966)
THR	-4.69629299711858	8.676	0(0)	0.964(964)
THR	-4.59159959242528	8.595	0(0)	0.955(955)
THR	-4.48690618773198	8.559	0(0)	0.951(951)
THR	-4.38221278303868	8.536	0.004(1)	0.948(948)
THR	-4.27751937834538	8.441	0.008(2)	0.937(937)
THR	-4.17282597365208	8.387	0.008(2)	0.931(931)
THR	-4.06813256895878	8.332	0.016(4)	0.924(924)
THR	-3.96343916426548	8.236	0.028(7)	0.912(912)
THR	-3.85874575957218	8.042	0.032(8)	0.89(890)
THR	-3.75405235487888	7.856	0.044(11)	0.868(868)
THR	-3.64935895018558	7.687	0.064(16)	0.847(847)
THR	-3.54466554549228	7.455	0.084(21)	0.819(819)
THR	-3.43997214079898	7.171	0.124(31)	0.783(783)
THR	-3.33527873610568	6.832	0.172(43)	0.74(740)
THR	-3.23058533141238	6.584	0.212(53)	0.708(708)
THR	-3.12589192671908	6.276	0.264(66)	0.668(668)
THR	-3.02119852202578	5.962	0.292(73)	0.63(630)
THR	-2.91650511733248	5.484	0.336(84)	0.572(572)
THR	-2.81181171263918	5.126	0.392(98)	0.526(526)
THR	-2.70711830794588	4.805	0.44(110)	0.485(485)
THR	-2.60242490325258	4.365	0.504(126)	0.429(429)
THR	-2.49773149855928	3.899	0.56(140)	0.371(371)
THR	-2.39303809386598	3.527	0.584(146)	0.327(327)
THR	-2.28834468917268	3.19	0.652(163)	0.282(282)
THR	-2.18365128447938	2.825	0.692(173)	0.237(237)
THR	-2.07895787978608	2.542	0.724(181)	0.202(202)
THR	-1.97426447509278	2.233	0.748(187)	0.165(165)
THR	-1.86957107039948	2.076	0.816(204)	0.14(140)
THR	-1.76487766570618	1.923	0.852(213)	0.119(119)
THR	-1.66018426101288	1.695	0.876(219)	0.091(91)
THR	-1.55549085631958	1.523	0.884(221)	0.071(71)
THR	-1.45079745162628	1.379	0.92(230)	0.051(51)
THR	-1.34610404693298	1.305	0.936(234)	0.041(41)
THR	-1.24141064223968	1.226	0.956(239)	0.03(30)
THR	-1.13671723754638	1.166	0.968(242)	0.022(22)
THR	-1.03202383285308	1.094	0.968(242)	0.014(14)
THR	-0.92733042815978	1.061	0.98(245)	0.009(9)
THR	-0.82263702346648	1.042	0.988(247)	0.006(6)
THR	-0.71794361877318	1.014	0.996(249)	0.002(2)
THR	-0.61325021407988	0.996	0.996(249)	0(0)
THR	-0.50855680938658	0.996	0.996(249)	0(0)
THR	-0.40386340469328	0.996	0.996(249)	0(0)
THR	-0.29916999999998	1	1(250)	0(0)


==============================================
THR: -0.61325021407988
Missed:     249/250=0.9960
FalseAlarm: 0/1000=0.0000
----------------------------------------------
==> CostDetection: 99.6
==============================================
